[  1%] Built target drone_c__cpp
[ 12%] Built target drone_c__rosidl_generator_c
[ 12%] Built target ament_cmake_python_copy_drone_c
[ 23%] Built target drone_c__rosidl_typesupport_cpp
[ 34%] Built target drone_c__rosidl_typesupport_fastrtps_cpp
[ 45%] Built target drone_c__rosidl_typesupport_introspection_cpp
[ 56%] Built target drone_c__rosidl_typesupport_introspection_c
[ 67%] Built target drone_c__rosidl_typesupport_fastrtps_c
[ 78%] Built target drone_c__rosidl_typesupport_c
[ 78%] Built target drone_c
[ 80%] Built target drone_c__py
[ 89%] Built target drone_c__rosidl_generator_py
[ 92%] Built target drone_c__rosidl_typesupport_fastrtps_c__pyext
[ 96%] Built target drone_c__rosidl_typesupport_c__pyext
[100%] Built target drone_c__rosidl_typesupport_introspection_c__pyext
running egg_info
writing drone_c.egg-info/PKG-INFO
writing dependency_links to drone_c.egg-info/dependency_links.txt
writing top-level names to drone_c.egg-info/top_level.txt
reading manifest file 'drone_c.egg-info/SOURCES.txt'
writing manifest file 'drone_c.egg-info/SOURCES.txt'
[100%] Built target ament_cmake_python_build_drone_c_egg
-- Install configuration: ""
-- Installing: /home/naor/Desktop/naor/study/Thesis/install/drone_c/share/ament_index/resource_index/rosidl_interfaces/drone_c
-- Installing: /home/naor/Desktop/naor/study/Thesis/install/drone_c/include/drone_c/drone_c
-- Installing: /home/naor/Desktop/naor/study/Thesis/install/drone_c/include/drone_c/drone_c/msg
-- Installing: /home/naor/Desktop/naor/study/Thesis/install/drone_c/include/drone_c/drone_c/msg/motors.h
-- Installing: /home/naor/Desktop/naor/study/Thesis/install/drone_c/include/drone_c/drone_c/msg/imu_filter.h
-- Installing: /home/naor/Desktop/naor/study/Thesis/install/drone_c/include/drone_c/drone_c/msg/euler_angles.h
-- Installing: /home/naor/Desktop/naor/study/Thesis/install/drone_c/include/drone_c/drone_c/msg/pid.h
-- Installing: /home/naor/Desktop/naor/study/Thesis/install/drone_c/include/drone_c/drone_c/msg/rosidl_generator_c__visibility_control.h
-- Installing: /home/naor/Desktop/naor/study/Thesis/install/drone_c/include/drone_c/drone_c/msg/detail
-- Installing: /home/naor/Desktop/naor/study/Thesis/install/drone_c/include/drone_c/drone_c/msg/detail/imu_filter__functions.c
-- Installing: /home/naor/Desktop/naor/study/Thesis/install/drone_c/include/drone_c/drone_c/msg/detail/pid__struct.h
-- Installing: /home/naor/Desktop/naor/study/Thesis/install/drone_c/include/drone_c/drone_c/msg/detail/motors__struct.h
-- Installing: /home/naor/Desktop/naor/study/Thesis/install/drone_c/include/drone_c/drone_c/msg/detail/pid__functions.h
-- Installing: /home/naor/Desktop/naor/study/Thesis/install/drone_c/include/drone_c/drone_c/msg/detail/imu_filter__type_support.h
-- Installing: /home/naor/Desktop/naor/study/Thesis/install/drone_c/include/drone_c/drone_c/msg/detail/euler_angles__functions.h
-- Installing: /home/naor/Desktop/naor/study/Thesis/install/drone_c/include/drone_c/drone_c/msg/detail/pid__type_support.h
-- Installing: /home/naor/Desktop/naor/study/Thesis/install/drone_c/include/drone_c/drone_c/msg/detail/motors__functions.h
-- Installing: /home/naor/Desktop/naor/study/Thesis/install/drone_c/include/drone_c/drone_c/msg/detail/motors__type_support.h
-- Installing: /home/naor/Desktop/naor/study/Thesis/install/drone_c/include/drone_c/drone_c/msg/detail/euler_angles__type_support.h
-- Installing: /home/naor/Desktop/naor/study/Thesis/install/drone_c/include/drone_c/drone_c/msg/detail/motors__functions.c
-- Installing: /home/naor/Desktop/naor/study/Thesis/install/drone_c/include/drone_c/drone_c/msg/detail/imu_filter__functions.h
-- Installing: /home/naor/Desktop/naor/study/Thesis/install/drone_c/include/drone_c/drone_c/msg/detail/euler_angles__functions.c
-- Installing: /home/naor/Desktop/naor/study/Thesis/install/drone_c/include/drone_c/drone_c/msg/detail/pid__functions.c
-- Installing: /home/naor/Desktop/naor/study/Thesis/install/drone_c/include/drone_c/drone_c/msg/detail/euler_angles__struct.h
-- Installing: /home/naor/Desktop/naor/study/Thesis/install/drone_c/include/drone_c/drone_c/msg/detail/imu_filter__struct.h
-- Installing: /home/naor/Desktop/naor/study/Thesis/install/drone_c/share/drone_c/environment/library_path.sh
-- Installing: /home/naor/Desktop/naor/study/Thesis/install/drone_c/share/drone_c/environment/library_path.dsv
-- Installing: /home/naor/Desktop/naor/study/Thesis/install/drone_c/lib/libdrone_c__rosidl_generator_c.so
-- Set runtime path of "/home/naor/Desktop/naor/study/Thesis/install/drone_c/lib/libdrone_c__rosidl_generator_c.so" to ""
-- Up-to-date: /home/naor/Desktop/naor/study/Thesis/install/drone_c/include/drone_c/drone_c
-- Up-to-date: /home/naor/Desktop/naor/study/Thesis/install/drone_c/include/drone_c/drone_c/msg
-- Installing: /home/naor/Desktop/naor/study/Thesis/install/drone_c/include/drone_c/drone_c/msg/rosidl_typesupport_fastrtps_c__visibility_control.h
-- Up-to-date: /home/naor/Desktop/naor/study/Thesis/install/drone_c/include/drone_c/drone_c/msg/detail
-- Installing: /home/naor/Desktop/naor/study/Thesis/install/drone_c/include/drone_c/drone_c/msg/detail/euler_angles__rosidl_typesupport_fastrtps_c.h
-- Installing: /home/naor/Desktop/naor/study/Thesis/install/drone_c/include/drone_c/drone_c/msg/detail/imu_filter__rosidl_typesupport_fastrtps_c.h
-- Installing: /home/naor/Desktop/naor/study/Thesis/install/drone_c/include/drone_c/drone_c/msg/detail/pid__rosidl_typesupport_fastrtps_c.h
-- Installing: /home/naor/Desktop/naor/study/Thesis/install/drone_c/include/drone_c/drone_c/msg/detail/motors__rosidl_typesupport_fastrtps_c.h
-- Installing: /home/naor/Desktop/naor/study/Thesis/install/drone_c/lib/libdrone_c__rosidl_typesupport_fastrtps_c.so
-- Set runtime path of "/home/naor/Desktop/naor/study/Thesis/install/drone_c/lib/libdrone_c__rosidl_typesupport_fastrtps_c.so" to ""
-- Up-to-date: /home/naor/Desktop/naor/study/Thesis/install/drone_c/include/drone_c/drone_c
-- Up-to-date: /home/naor/Desktop/naor/study/Thesis/install/drone_c/include/drone_c/drone_c/msg
-- Installing: /home/naor/Desktop/naor/study/Thesis/install/drone_c/include/drone_c/drone_c/msg/pid.hpp
-- Installing: /home/naor/Desktop/naor/study/Thesis/install/drone_c/include/drone_c/drone_c/msg/motors.hpp
-- Installing: /home/naor/Desktop/naor/study/Thesis/install/drone_c/include/drone_c/drone_c/msg/rosidl_generator_cpp__visibility_control.hpp
-- Installing: /home/naor/Desktop/naor/study/Thesis/install/drone_c/include/drone_c/drone_c/msg/euler_angles.hpp
-- Installing: /home/naor/Desktop/naor/study/Thesis/install/drone_c/include/drone_c/drone_c/msg/imu_filter.hpp
-- Up-to-date: /home/naor/Desktop/naor/study/Thesis/install/drone_c/include/drone_c/drone_c/msg/detail
-- Installing: /home/naor/Desktop/naor/study/Thesis/install/drone_c/include/drone_c/drone_c/msg/detail/motors__traits.hpp
-- Installing: /home/naor/Desktop/naor/study/Thesis/install/drone_c/include/drone_c/drone_c/msg/detail/imu_filter__struct.hpp
-- Installing: /home/naor/Desktop/naor/study/Thesis/install/drone_c/include/drone_c/drone_c/msg/detail/pid__type_support.hpp
-- Installing: /home/naor/Desktop/naor/study/Thesis/install/drone_c/include/drone_c/drone_c/msg/detail/euler_angles__struct.hpp
-- Installing: /home/naor/Desktop/naor/study/Thesis/install/drone_c/include/drone_c/drone_c/msg/detail/euler_angles__traits.hpp
-- Installing: /home/naor/Desktop/naor/study/Thesis/install/drone_c/include/drone_c/drone_c/msg/detail/motors__builder.hpp
-- Installing: /home/naor/Desktop/naor/study/Thesis/install/drone_c/include/drone_c/drone_c/msg/detail/motors__struct.hpp
-- Installing: /home/naor/Desktop/naor/study/Thesis/install/drone_c/include/drone_c/drone_c/msg/detail/imu_filter__builder.hpp
-- Installing: /home/naor/Desktop/naor/study/Thesis/install/drone_c/include/drone_c/drone_c/msg/detail/pid__struct.hpp
-- Installing: /home/naor/Desktop/naor/study/Thesis/install/drone_c/include/drone_c/drone_c/msg/detail/euler_angles__type_support.hpp
-- Installing: /home/naor/Desktop/naor/study/Thesis/install/drone_c/include/drone_c/drone_c/msg/detail/imu_filter__traits.hpp
-- Installing: /home/naor/Desktop/naor/study/Thesis/install/drone_c/include/drone_c/drone_c/msg/detail/motors__type_support.hpp
-- Installing: /home/naor/Desktop/naor/study/Thesis/install/drone_c/include/drone_c/drone_c/msg/detail/pid__builder.hpp
-- Installing: /home/naor/Desktop/naor/study/Thesis/install/drone_c/include/drone_c/drone_c/msg/detail/pid__traits.hpp
-- Installing: /home/naor/Desktop/naor/study/Thesis/install/drone_c/include/drone_c/drone_c/msg/detail/imu_filter__type_support.hpp
-- Installing: /home/naor/Desktop/naor/study/Thesis/install/drone_c/include/drone_c/drone_c/msg/detail/euler_angles__builder.hpp
-- Up-to-date: /home/naor/Desktop/naor/study/Thesis/install/drone_c/include/drone_c/drone_c
-- Up-to-date: /home/naor/Desktop/naor/study/Thesis/install/drone_c/include/drone_c/drone_c/msg
-- Installing: /home/naor/Desktop/naor/study/Thesis/install/drone_c/include/drone_c/drone_c/msg/rosidl_typesupport_fastrtps_cpp__visibility_control.h
-- Up-to-date: /home/naor/Desktop/naor/study/Thesis/install/drone_c/include/drone_c/drone_c/msg/detail
-- Installing: /home/naor/Desktop/naor/study/Thesis/install/drone_c/include/drone_c/drone_c/msg/detail/euler_angles__rosidl_typesupport_fastrtps_cpp.hpp
-- Installing: /home/naor/Desktop/naor/study/Thesis/install/drone_c/include/drone_c/drone_c/msg/detail/imu_filter__rosidl_typesupport_fastrtps_cpp.hpp
-- Installing: /home/naor/Desktop/naor/study/Thesis/install/drone_c/include/drone_c/drone_c/msg/detail/dds_fastrtps
-- Installing: /home/naor/Desktop/naor/study/Thesis/install/drone_c/include/drone_c/drone_c/msg/detail/motors__rosidl_typesupport_fastrtps_cpp.hpp
-- Installing: /home/naor/Desktop/naor/study/Thesis/install/drone_c/include/drone_c/drone_c/msg/detail/pid__rosidl_typesupport_fastrtps_cpp.hpp
-- Installing: /home/naor/Desktop/naor/study/Thesis/install/drone_c/lib/libdrone_c__rosidl_typesupport_fastrtps_cpp.so
-- Set runtime path of "/home/naor/Desktop/naor/study/Thesis/install/drone_c/lib/libdrone_c__rosidl_typesupport_fastrtps_cpp.so" to ""
-- Up-to-date: /home/naor/Desktop/naor/study/Thesis/install/drone_c/include/drone_c/drone_c
-- Up-to-date: /home/naor/Desktop/naor/study/Thesis/install/drone_c/include/drone_c/drone_c/msg
-- Installing: /home/naor/Desktop/naor/study/Thesis/install/drone_c/include/drone_c/drone_c/msg/rosidl_typesupport_introspection_c__visibility_control.h
-- Up-to-date: /home/naor/Desktop/naor/study/Thesis/install/drone_c/include/drone_c/drone_c/msg/detail
-- Installing: /home/naor/Desktop/naor/study/Thesis/install/drone_c/include/drone_c/drone_c/msg/detail/pid__rosidl_typesupport_introspection_c.h
-- Installing: /home/naor/Desktop/naor/study/Thesis/install/drone_c/include/drone_c/drone_c/msg/detail/motors__type_support.c
-- Installing: /home/naor/Desktop/naor/study/Thesis/install/drone_c/include/drone_c/drone_c/msg/detail/euler_angles__type_support.c
-- Installing: /home/naor/Desktop/naor/study/Thesis/install/drone_c/include/drone_c/drone_c/msg/detail/motors__rosidl_typesupport_introspection_c.h
-- Installing: /home/naor/Desktop/naor/study/Thesis/install/drone_c/include/drone_c/drone_c/msg/detail/pid__type_support.c
-- Installing: /home/naor/Desktop/naor/study/Thesis/install/drone_c/include/drone_c/drone_c/msg/detail/imu_filter__rosidl_typesupport_introspection_c.h
-- Installing: /home/naor/Desktop/naor/study/Thesis/install/drone_c/include/drone_c/drone_c/msg/detail/imu_filter__type_support.c
-- Installing: /home/naor/Desktop/naor/study/Thesis/install/drone_c/include/drone_c/drone_c/msg/detail/euler_angles__rosidl_typesupport_introspection_c.h
-- Installing: /home/naor/Desktop/naor/study/Thesis/install/drone_c/lib/libdrone_c__rosidl_typesupport_introspection_c.so
-- Set runtime path of "/home/naor/Desktop/naor/study/Thesis/install/drone_c/lib/libdrone_c__rosidl_typesupport_introspection_c.so" to ""
-- Installing: /home/naor/Desktop/naor/study/Thesis/install/drone_c/lib/libdrone_c__rosidl_typesupport_c.so
-- Set runtime path of "/home/naor/Desktop/naor/study/Thesis/install/drone_c/lib/libdrone_c__rosidl_typesupport_c.so" to ""
-- Up-to-date: /home/naor/Desktop/naor/study/Thesis/install/drone_c/include/drone_c/drone_c
-- Up-to-date: /home/naor/Desktop/naor/study/Thesis/install/drone_c/include/drone_c/drone_c/msg
-- Up-to-date: /home/naor/Desktop/naor/study/Thesis/install/drone_c/include/drone_c/drone_c/msg/detail
-- Installing: /home/naor/Desktop/naor/study/Thesis/install/drone_c/include/drone_c/drone_c/msg/detail/motors__type_support.cpp
-- Installing: /home/naor/Desktop/naor/study/Thesis/install/drone_c/include/drone_c/drone_c/msg/detail/imu_filter__rosidl_typesupport_introspection_cpp.hpp
-- Installing: /home/naor/Desktop/naor/study/Thesis/install/drone_c/include/drone_c/drone_c/msg/detail/pid__type_support.cpp
-- Installing: /home/naor/Desktop/naor/study/Thesis/install/drone_c/include/drone_c/drone_c/msg/detail/euler_angles__rosidl_typesupport_introspection_cpp.hpp
-- Installing: /home/naor/Desktop/naor/study/Thesis/install/drone_c/include/drone_c/drone_c/msg/detail/imu_filter__type_support.cpp
-- Installing: /home/naor/Desktop/naor/study/Thesis/install/drone_c/include/drone_c/drone_c/msg/detail/euler_angles__type_support.cpp
-- Installing: /home/naor/Desktop/naor/study/Thesis/install/drone_c/include/drone_c/drone_c/msg/detail/pid__rosidl_typesupport_introspection_cpp.hpp
-- Installing: /home/naor/Desktop/naor/study/Thesis/install/drone_c/include/drone_c/drone_c/msg/detail/motors__rosidl_typesupport_introspection_cpp.hpp
-- Installing: /home/naor/Desktop/naor/study/Thesis/install/drone_c/lib/libdrone_c__rosidl_typesupport_introspection_cpp.so
-- Set runtime path of "/home/naor/Desktop/naor/study/Thesis/install/drone_c/lib/libdrone_c__rosidl_typesupport_introspection_cpp.so" to ""
-- Installing: /home/naor/Desktop/naor/study/Thesis/install/drone_c/lib/libdrone_c__rosidl_typesupport_cpp.so
-- Set runtime path of "/home/naor/Desktop/naor/study/Thesis/install/drone_c/lib/libdrone_c__rosidl_typesupport_cpp.so" to ""
-- Installing: /home/naor/Desktop/naor/study/Thesis/install/drone_c/share/drone_c/environment/pythonpath.sh
-- Installing: /home/naor/Desktop/naor/study/Thesis/install/drone_c/share/drone_c/environment/pythonpath.dsv
-- Installing: /home/naor/Desktop/naor/study/Thesis/install/drone_c/local/lib/python3.10/dist-packages/drone_c-0.0.1-py3.10.egg-info
-- Installing: /home/naor/Desktop/naor/study/Thesis/install/drone_c/local/lib/python3.10/dist-packages/drone_c-0.0.1-py3.10.egg-info/SOURCES.txt
-- Installing: /home/naor/Desktop/naor/study/Thesis/install/drone_c/local/lib/python3.10/dist-packages/drone_c-0.0.1-py3.10.egg-info/PKG-INFO
-- Installing: /home/naor/Desktop/naor/study/Thesis/install/drone_c/local/lib/python3.10/dist-packages/drone_c-0.0.1-py3.10.egg-info/dependency_links.txt
-- Installing: /home/naor/Desktop/naor/study/Thesis/install/drone_c/local/lib/python3.10/dist-packages/drone_c-0.0.1-py3.10.egg-info/top_level.txt
-- Installing: /home/naor/Desktop/naor/study/Thesis/install/drone_c/local/lib/python3.10/dist-packages/drone_c
-- Installing: /home/naor/Desktop/naor/study/Thesis/install/drone_c/local/lib/python3.10/dist-packages/drone_c/drone_c_s__rosidl_typesupport_fastrtps_c.cpython-310-x86_64-linux-gnu.so
-- Installing: /home/naor/Desktop/naor/study/Thesis/install/drone_c/local/lib/python3.10/dist-packages/drone_c/__init__.py
-- Installing: /home/naor/Desktop/naor/study/Thesis/install/drone_c/local/lib/python3.10/dist-packages/drone_c/msg
-- Installing: /home/naor/Desktop/naor/study/Thesis/install/drone_c/local/lib/python3.10/dist-packages/drone_c/msg/_motors_s.c
-- Installing: /home/naor/Desktop/naor/study/Thesis/install/drone_c/local/lib/python3.10/dist-packages/drone_c/msg/__init__.py
-- Installing: /home/naor/Desktop/naor/study/Thesis/install/drone_c/local/lib/python3.10/dist-packages/drone_c/msg/_pid.py
-- Installing: /home/naor/Desktop/naor/study/Thesis/install/drone_c/local/lib/python3.10/dist-packages/drone_c/msg/_euler_angles_s.c
-- Installing: /home/naor/Desktop/naor/study/Thesis/install/drone_c/local/lib/python3.10/dist-packages/drone_c/msg/_imu_filter.py
-- Installing: /home/naor/Desktop/naor/study/Thesis/install/drone_c/local/lib/python3.10/dist-packages/drone_c/msg/_euler_angles.py
-- Installing: /home/naor/Desktop/naor/study/Thesis/install/drone_c/local/lib/python3.10/dist-packages/drone_c/msg/_pid_s.c
-- Installing: /home/naor/Desktop/naor/study/Thesis/install/drone_c/local/lib/python3.10/dist-packages/drone_c/msg/_imu_filter_s.c
-- Installing: /home/naor/Desktop/naor/study/Thesis/install/drone_c/local/lib/python3.10/dist-packages/drone_c/msg/_motors.py
-- Installing: /home/naor/Desktop/naor/study/Thesis/install/drone_c/local/lib/python3.10/dist-packages/drone_c/_drone_c_s.ep.rosidl_typesupport_c.c
-- Installing: /home/naor/Desktop/naor/study/Thesis/install/drone_c/local/lib/python3.10/dist-packages/drone_c/_drone_c_s.ep.rosidl_typesupport_fastrtps_c.c
-- Installing: /home/naor/Desktop/naor/study/Thesis/install/drone_c/local/lib/python3.10/dist-packages/drone_c/libdrone_c__rosidl_generator_py.so
-- Installing: /home/naor/Desktop/naor/study/Thesis/install/drone_c/local/lib/python3.10/dist-packages/drone_c/drone_c_s__rosidl_typesupport_c.cpython-310-x86_64-linux-gnu.so
-- Installing: /home/naor/Desktop/naor/study/Thesis/install/drone_c/local/lib/python3.10/dist-packages/drone_c/drone_c_s__rosidl_typesupport_introspection_c.cpython-310-x86_64-linux-gnu.so
-- Installing: /home/naor/Desktop/naor/study/Thesis/install/drone_c/local/lib/python3.10/dist-packages/drone_c/_drone_c_s.ep.rosidl_typesupport_introspection_c.c
Listing '/home/naor/Desktop/naor/study/Thesis/install/drone_c/local/lib/python3.10/dist-packages/drone_c'...
Compiling '/home/naor/Desktop/naor/study/Thesis/install/drone_c/local/lib/python3.10/dist-packages/drone_c/__init__.py'...
Listing '/home/naor/Desktop/naor/study/Thesis/install/drone_c/local/lib/python3.10/dist-packages/drone_c/msg'...
Compiling '/home/naor/Desktop/naor/study/Thesis/install/drone_c/local/lib/python3.10/dist-packages/drone_c/msg/__init__.py'...
Compiling '/home/naor/Desktop/naor/study/Thesis/install/drone_c/local/lib/python3.10/dist-packages/drone_c/msg/_euler_angles.py'...
Compiling '/home/naor/Desktop/naor/study/Thesis/install/drone_c/local/lib/python3.10/dist-packages/drone_c/msg/_imu_filter.py'...
Compiling '/home/naor/Desktop/naor/study/Thesis/install/drone_c/local/lib/python3.10/dist-packages/drone_c/msg/_motors.py'...
Compiling '/home/naor/Desktop/naor/study/Thesis/install/drone_c/local/lib/python3.10/dist-packages/drone_c/msg/_pid.py'...
-- Installing: /home/naor/Desktop/naor/study/Thesis/install/drone_c/local/lib/python3.10/dist-packages/drone_c/drone_c_s__rosidl_typesupport_fastrtps_c.cpython-310-x86_64-linux-gnu.so
-- Set runtime path of "/home/naor/Desktop/naor/study/Thesis/install/drone_c/local/lib/python3.10/dist-packages/drone_c/drone_c_s__rosidl_typesupport_fastrtps_c.cpython-310-x86_64-linux-gnu.so" to ""
-- Installing: /home/naor/Desktop/naor/study/Thesis/install/drone_c/local/lib/python3.10/dist-packages/drone_c/drone_c_s__rosidl_typesupport_introspection_c.cpython-310-x86_64-linux-gnu.so
-- Set runtime path of "/home/naor/Desktop/naor/study/Thesis/install/drone_c/local/lib/python3.10/dist-packages/drone_c/drone_c_s__rosidl_typesupport_introspection_c.cpython-310-x86_64-linux-gnu.so" to ""
-- Installing: /home/naor/Desktop/naor/study/Thesis/install/drone_c/local/lib/python3.10/dist-packages/drone_c/drone_c_s__rosidl_typesupport_c.cpython-310-x86_64-linux-gnu.so
-- Set runtime path of "/home/naor/Desktop/naor/study/Thesis/install/drone_c/local/lib/python3.10/dist-packages/drone_c/drone_c_s__rosidl_typesupport_c.cpython-310-x86_64-linux-gnu.so" to ""
-- Installing: /home/naor/Desktop/naor/study/Thesis/install/drone_c/lib/libdrone_c__rosidl_generator_py.so
-- Set runtime path of "/home/naor/Desktop/naor/study/Thesis/install/drone_c/lib/libdrone_c__rosidl_generator_py.so" to ""
-- Installing: /home/naor/Desktop/naor/study/Thesis/install/drone_c/share/drone_c/msg/Pid.idl
-- Installing: /home/naor/Desktop/naor/study/Thesis/install/drone_c/share/drone_c/msg/EulerAngles.idl
-- Installing: /home/naor/Desktop/naor/study/Thesis/install/drone_c/share/drone_c/msg/Motors.idl
-- Installing: /home/naor/Desktop/naor/study/Thesis/install/drone_c/share/drone_c/msg/ImuFilter.idl
-- Installing: /home/naor/Desktop/naor/study/Thesis/install/drone_c/share/drone_c/msg/Pid.msg
-- Installing: /home/naor/Desktop/naor/study/Thesis/install/drone_c/share/drone_c/msg/EulerAngles.msg
-- Installing: /home/naor/Desktop/naor/study/Thesis/install/drone_c/share/drone_c/msg/Motors.msg
-- Installing: /home/naor/Desktop/naor/study/Thesis/install/drone_c/share/drone_c/msg/ImuFilter.msg
-- Installing: /home/naor/Desktop/naor/study/Thesis/install/drone_c/lib/drone_c/rtcom_teensy_ros.py
-- Installing: /home/naor/Desktop/naor/study/Thesis/install/drone_c/share/ament_index/resource_index/package_run_dependencies/drone_c
-- Installing: /home/naor/Desktop/naor/study/Thesis/install/drone_c/share/ament_index/resource_index/parent_prefix_path/drone_c
-- Installing: /home/naor/Desktop/naor/study/Thesis/install/drone_c/share/drone_c/environment/ament_prefix_path.sh
-- Installing: /home/naor/Desktop/naor/study/Thesis/install/drone_c/share/drone_c/environment/ament_prefix_path.dsv
-- Installing: /home/naor/Desktop/naor/study/Thesis/install/drone_c/share/drone_c/environment/path.sh
-- Installing: /home/naor/Desktop/naor/study/Thesis/install/drone_c/share/drone_c/environment/path.dsv
-- Installing: /home/naor/Desktop/naor/study/Thesis/install/drone_c/share/drone_c/local_setup.bash
-- Installing: /home/naor/Desktop/naor/study/Thesis/install/drone_c/share/drone_c/local_setup.sh
-- Installing: /home/naor/Desktop/naor/study/Thesis/install/drone_c/share/drone_c/local_setup.zsh
-- Installing: /home/naor/Desktop/naor/study/Thesis/install/drone_c/share/drone_c/local_setup.dsv
-- Installing: /home/naor/Desktop/naor/study/Thesis/install/drone_c/share/drone_c/package.dsv
-- Installing: /home/naor/Desktop/naor/study/Thesis/install/drone_c/share/ament_index/resource_index/packages/drone_c
-- Installing: /home/naor/Desktop/naor/study/Thesis/install/drone_c/share/drone_c/cmake/export_drone_c__rosidl_generator_cExport.cmake
-- Installing: /home/naor/Desktop/naor/study/Thesis/install/drone_c/share/drone_c/cmake/export_drone_c__rosidl_generator_cExport-noconfig.cmake
-- Installing: /home/naor/Desktop/naor/study/Thesis/install/drone_c/share/drone_c/cmake/export_drone_c__rosidl_typesupport_fastrtps_cExport.cmake
-- Installing: /home/naor/Desktop/naor/study/Thesis/install/drone_c/share/drone_c/cmake/export_drone_c__rosidl_typesupport_fastrtps_cExport-noconfig.cmake
-- Installing: /home/naor/Desktop/naor/study/Thesis/install/drone_c/share/drone_c/cmake/export_drone_c__rosidl_generator_cppExport.cmake
-- Installing: /home/naor/Desktop/naor/study/Thesis/install/drone_c/share/drone_c/cmake/export_drone_c__rosidl_typesupport_fastrtps_cppExport.cmake
-- Installing: /home/naor/Desktop/naor/study/Thesis/install/drone_c/share/drone_c/cmake/export_drone_c__rosidl_typesupport_fastrtps_cppExport-noconfig.cmake
-- Installing: /home/naor/Desktop/naor/study/Thesis/install/drone_c/share/drone_c/cmake/drone_c__rosidl_typesupport_introspection_cExport.cmake
-- Installing: /home/naor/Desktop/naor/study/Thesis/install/drone_c/share/drone_c/cmake/drone_c__rosidl_typesupport_introspection_cExport-noconfig.cmake
-- Installing: /home/naor/Desktop/naor/study/Thesis/install/drone_c/share/drone_c/cmake/drone_c__rosidl_typesupport_cExport.cmake
-- Installing: /home/naor/Desktop/naor/study/Thesis/install/drone_c/share/drone_c/cmake/drone_c__rosidl_typesupport_cExport-noconfig.cmake
-- Installing: /home/naor/Desktop/naor/study/Thesis/install/drone_c/share/drone_c/cmake/drone_c__rosidl_typesupport_introspection_cppExport.cmake
-- Installing: /home/naor/Desktop/naor/study/Thesis/install/drone_c/share/drone_c/cmake/drone_c__rosidl_typesupport_introspection_cppExport-noconfig.cmake
-- Installing: /home/naor/Desktop/naor/study/Thesis/install/drone_c/share/drone_c/cmake/drone_c__rosidl_typesupport_cppExport.cmake
-- Installing: /home/naor/Desktop/naor/study/Thesis/install/drone_c/share/drone_c/cmake/drone_c__rosidl_typesupport_cppExport-noconfig.cmake
-- Installing: /home/naor/Desktop/naor/study/Thesis/install/drone_c/share/drone_c/cmake/export_drone_c__rosidl_generator_pyExport.cmake
-- Installing: /home/naor/Desktop/naor/study/Thesis/install/drone_c/share/drone_c/cmake/export_drone_c__rosidl_generator_pyExport-noconfig.cmake
-- Installing: /home/naor/Desktop/naor/study/Thesis/install/drone_c/share/drone_c/cmake/rosidl_cmake-extras.cmake
-- Installing: /home/naor/Desktop/naor/study/Thesis/install/drone_c/share/drone_c/cmake/ament_cmake_export_dependencies-extras.cmake
-- Installing: /home/naor/Desktop/naor/study/Thesis/install/drone_c/share/drone_c/cmake/ament_cmake_export_include_directories-extras.cmake
-- Installing: /home/naor/Desktop/naor/study/Thesis/install/drone_c/share/drone_c/cmake/ament_cmake_export_libraries-extras.cmake
-- Installing: /home/naor/Desktop/naor/study/Thesis/install/drone_c/share/drone_c/cmake/ament_cmake_export_targets-extras.cmake
-- Installing: /home/naor/Desktop/naor/study/Thesis/install/drone_c/share/drone_c/cmake/rosidl_cmake_export_typesupport_targets-extras.cmake
-- Installing: /home/naor/Desktop/naor/study/Thesis/install/drone_c/share/drone_c/cmake/rosidl_cmake_export_typesupport_libraries-extras.cmake
-- Installing: /home/naor/Desktop/naor/study/Thesis/install/drone_c/share/drone_c/cmake/drone_cConfig.cmake
-- Installing: /home/naor/Desktop/naor/study/Thesis/install/drone_c/share/drone_c/cmake/drone_cConfig-version.cmake
-- Installing: /home/naor/Desktop/naor/study/Thesis/install/drone_c/share/drone_c/package.xml
