[0.314s] Invoking command in '/home/naor/Desktop/naor/study/Thesis/build/robot_description': CMAKE_PREFIX_PATH=${CMAKE_PREFIX_PATH}:/home/naor/Desktop/naor/study/Thesis/install/roller:/home/naor/Desktop/naor/study/Thesis/install/camera_nav:/home/naor/Desktop/naor/study/Thesis/install/controller:/home/naor/Desktop/naor/work/capsule_repo/install/teensy_ers:/home/naor/Desktop/naor/work/capsule_repo/install/elers_bridge:/opt/ros/humble /usr/bin/cmake /home/naor/Desktop/naor/study/Thesis/src/robot_description -DCMAKE_INSTALL_PREFIX=/home/naor/Desktop/naor/study/Thesis/install/robot_description
[0.362s] -- The C compiler identification is GNU 11.4.0
[0.403s] -- The CXX compiler identification is GNU 11.4.0
[0.409s] -- Detecting C compiler ABI info
[0.455s] -- Detecting C compiler ABI info - done
[0.463s] -- Check for working C compiler: /usr/bin/cc - skipped
[0.464s] -- Detecting C compile features
[0.464s] -- Detecting C compile features - done
[0.467s] -- Detecting CXX compiler ABI info
[0.522s] -- Detecting CXX compiler ABI info - done
[0.529s] -- Check for working CXX compiler: /usr/bin/c++ - skipped
[0.530s] -- Detecting CXX compile features
[0.530s] -- Detecting CXX compile features - done
[0.532s] -- Found ament_cmake: 1.3.11 (/opt/ros/humble/share/ament_cmake/cmake)
[0.826s] -- Found Python3: /usr/bin/python3 (found version "3.10.12") found components: Interpreter 
[0.923s] -- Found urdf: 2.6.1 (/opt/ros/humble/share/urdf/cmake)
[1.057s] -- Configuring done
[1.061s] -- Generating done
[1.063s] -- Build files have been written to: /home/naor/Desktop/naor/study/Thesis/build/robot_description
[1.069s] Invoked command in '/home/naor/Desktop/naor/study/Thesis/build/robot_description' returned '0': CMAKE_PREFIX_PATH=${CMAKE_PREFIX_PATH}:/home/naor/Desktop/naor/study/Thesis/install/roller:/home/naor/Desktop/naor/study/Thesis/install/camera_nav:/home/naor/Desktop/naor/study/Thesis/install/controller:/home/naor/Desktop/naor/work/capsule_repo/install/teensy_ers:/home/naor/Desktop/naor/work/capsule_repo/install/elers_bridge:/opt/ros/humble /usr/bin/cmake /home/naor/Desktop/naor/study/Thesis/src/robot_description -DCMAKE_INSTALL_PREFIX=/home/naor/Desktop/naor/study/Thesis/install/robot_description
[1.070s] Invoking command in '/home/naor/Desktop/naor/study/Thesis/build/robot_description': CMAKE_PREFIX_PATH=${CMAKE_PREFIX_PATH}:/home/naor/Desktop/naor/study/Thesis/install/roller:/home/naor/Desktop/naor/study/Thesis/install/camera_nav:/home/naor/Desktop/naor/study/Thesis/install/controller:/home/naor/Desktop/naor/work/capsule_repo/install/teensy_ers:/home/naor/Desktop/naor/work/capsule_repo/install/elers_bridge:/opt/ros/humble /usr/bin/cmake --build /home/naor/Desktop/naor/study/Thesis/build/robot_description -- -j16 -l16
[1.096s] Invoked command in '/home/naor/Desktop/naor/study/Thesis/build/robot_description' returned '0': CMAKE_PREFIX_PATH=${CMAKE_PREFIX_PATH}:/home/naor/Desktop/naor/study/Thesis/install/roller:/home/naor/Desktop/naor/study/Thesis/install/camera_nav:/home/naor/Desktop/naor/study/Thesis/install/controller:/home/naor/Desktop/naor/work/capsule_repo/install/teensy_ers:/home/naor/Desktop/naor/work/capsule_repo/install/elers_bridge:/opt/ros/humble /usr/bin/cmake --build /home/naor/Desktop/naor/study/Thesis/build/robot_description -- -j16 -l16
[1.104s] Invoking command in '/home/naor/Desktop/naor/study/Thesis/build/robot_description': CMAKE_PREFIX_PATH=${CMAKE_PREFIX_PATH}:/home/naor/Desktop/naor/study/Thesis/install/roller:/home/naor/Desktop/naor/study/Thesis/install/camera_nav:/home/naor/Desktop/naor/study/Thesis/install/controller:/home/naor/Desktop/naor/work/capsule_repo/install/teensy_ers:/home/naor/Desktop/naor/work/capsule_repo/install/elers_bridge:/opt/ros/humble /usr/bin/cmake --install /home/naor/Desktop/naor/study/Thesis/build/robot_description
[1.108s] -- Install configuration: ""
[1.108s] -- Installing: /home/naor/Desktop/naor/study/Thesis/install/robot_description/share/robot_description/launch
[1.108s] -- Installing: /home/naor/Desktop/naor/study/Thesis/install/robot_description/share/robot_description/launch/display.launch.py
[1.108s] -- Installing: /home/naor/Desktop/naor/study/Thesis/install/robot_description/share/robot_description/launch/controller.launch.py
[1.108s] -- Installing: /home/naor/Desktop/naor/study/Thesis/install/robot_description/share/robot_description/launch/gazebo_bot.launch.py
[1.108s] -- Installing: /home/naor/Desktop/naor/study/Thesis/install/robot_description/share/robot_description/config
[1.108s] -- Installing: /home/naor/Desktop/naor/study/Thesis/install/robot_description/share/robot_description/config/robot_controllers.yaml
[1.109s] -- Installing: /home/naor/Desktop/naor/study/Thesis/install/robot_description/share/ament_index/resource_index/package_run_dependencies/robot_description
[1.109s] -- Installing: /home/naor/Desktop/naor/study/Thesis/install/robot_description/share/ament_index/resource_index/parent_prefix_path/robot_description
[1.109s] -- Installing: /home/naor/Desktop/naor/study/Thesis/install/robot_description/share/robot_description/environment/ament_prefix_path.sh
[1.110s] -- Installing: /home/naor/Desktop/naor/study/Thesis/install/robot_description/share/robot_description/environment/ament_prefix_path.dsv
[1.110s] -- Installing: /home/naor/Desktop/naor/study/Thesis/install/robot_description/share/robot_description/environment/path.sh
[1.110s] -- Installing: /home/naor/Desktop/naor/study/Thesis/install/robot_description/share/robot_description/environment/path.dsv
[1.110s] -- Installing: /home/naor/Desktop/naor/study/Thesis/install/robot_description/share/robot_description/local_setup.bash
[1.110s] -- Installing: /home/naor/Desktop/naor/study/Thesis/install/robot_description/share/robot_description/local_setup.sh
[1.110s] -- Installing: /home/naor/Desktop/naor/study/Thesis/install/robot_description/share/robot_description/local_setup.zsh
[1.111s] -- Installing: /home/naor/Desktop/naor/study/Thesis/install/robot_description/share/robot_description/local_setup.dsv
[1.111s] -- Installing: /home/naor/Desktop/naor/study/Thesis/install/robot_description/share/robot_description/package.dsv
[1.111s] -- Installing: /home/naor/Desktop/naor/study/Thesis/install/robot_description/share/ament_index/resource_index/packages/robot_description
[1.111s] -- Installing: /home/naor/Desktop/naor/study/Thesis/install/robot_description/share/robot_description/cmake/robot_descriptionConfig.cmake
[1.111s] -- Installing: /home/naor/Desktop/naor/study/Thesis/install/robot_description/share/robot_description/cmake/robot_descriptionConfig-version.cmake
[1.112s] -- Installing: /home/naor/Desktop/naor/study/Thesis/install/robot_description/share/robot_description/package.xml
[1.114s] Invoked command in '/home/naor/Desktop/naor/study/Thesis/build/robot_description' returned '0': CMAKE_PREFIX_PATH=${CMAKE_PREFIX_PATH}:/home/naor/Desktop/naor/study/Thesis/install/roller:/home/naor/Desktop/naor/study/Thesis/install/camera_nav:/home/naor/Desktop/naor/study/Thesis/install/controller:/home/naor/Desktop/naor/work/capsule_repo/install/teensy_ers:/home/naor/Desktop/naor/work/capsule_repo/install/elers_bridge:/opt/ros/humble /usr/bin/cmake --install /home/naor/Desktop/naor/study/Thesis/build/robot_description
