[0.181s] Invoking command in '/home/naor/Desktop/naor/study/Thesis/build/hamma_bot': CMAKE_PREFIX_PATH=${CMAKE_PREFIX_PATH}:/home/naor/Desktop/naor/study/Thesis/install/camera_nav:/home/naor/Desktop/naor/study/Thesis/install/controller:/home/naor/Desktop/naor/work/capsule_repo/install/teensy_ers:/home/naor/Desktop/naor/work/capsule_repo/install/elers_bridge:/opt/ros/humble /usr/bin/cmake --build /home/naor/Desktop/naor/study/Thesis/build/hamma_bot -- -j16 -l16
[0.346s] [  9%] Built target hamma_bot__rosidl_generator_c
[0.350s] [ 11%] Built target hamma_bot__cpp
[0.364s] [ 16%] Built target twist_to_twiststamped_node
[0.374s] [ 20%] Built target joy_twist_node
[0.420s] [ 20%] Built target ament_cmake_python_copy_hamma_bot
[0.667s] [ 30%] Built target hamma_bot__rosidl_typesupport_introspection_cpp
[0.672s] [ 39%] Built target hamma_bot__rosidl_typesupport_introspection_c
[0.674s] [ 48%] Built target hamma_bot__rosidl_typesupport_fastrtps_cpp
[0.682s] [ 58%] Built target hamma_bot__rosidl_typesupport_fastrtps_c
[0.689s] [ 67%] Built target hamma_bot__rosidl_typesupport_c
[0.700s] [ 76%] Built target hamma_bot__rosidl_typesupport_cpp
[0.734s] [ 76%] Built target hamma_bot
[0.776s] [ 79%] Built target hamma_bot__py
[0.817s] [ 86%] Built target hamma_bot__rosidl_generator_py
[0.873s] running egg_info
[0.890s] writing hamma_bot.egg-info/PKG-INFO
[0.891s] writing dependency_links to hamma_bot.egg-info/dependency_links.txt
[0.891s] writing top-level names to hamma_bot.egg-info/top_level.txt
[0.897s] [ 90%] Built target hamma_bot__rosidl_typesupport_fastrtps_c__pyext
[0.905s] [ 95%] Built target hamma_bot__rosidl_typesupport_introspection_c__pyext
[0.908s] [100%] Built target hamma_bot__rosidl_typesupport_c__pyext
[0.945s] reading manifest file 'hamma_bot.egg-info/SOURCES.txt'
[0.946s] writing manifest file 'hamma_bot.egg-info/SOURCES.txt'
[0.993s] [100%] Built target ament_cmake_python_build_hamma_bot_egg
[1.007s] Invoked command in '/home/naor/Desktop/naor/study/Thesis/build/hamma_bot' returned '0': CMAKE_PREFIX_PATH=${CMAKE_PREFIX_PATH}:/home/naor/Desktop/naor/study/Thesis/install/camera_nav:/home/naor/Desktop/naor/study/Thesis/install/controller:/home/naor/Desktop/naor/work/capsule_repo/install/teensy_ers:/home/naor/Desktop/naor/work/capsule_repo/install/elers_bridge:/opt/ros/humble /usr/bin/cmake --build /home/naor/Desktop/naor/study/Thesis/build/hamma_bot -- -j16 -l16
[1.009s] Invoking command in '/home/naor/Desktop/naor/study/Thesis/build/hamma_bot': CMAKE_PREFIX_PATH=${CMAKE_PREFIX_PATH}:/home/naor/Desktop/naor/study/Thesis/install/camera_nav:/home/naor/Desktop/naor/study/Thesis/install/controller:/home/naor/Desktop/naor/work/capsule_repo/install/teensy_ers:/home/naor/Desktop/naor/work/capsule_repo/install/elers_bridge:/opt/ros/humble /usr/bin/cmake --install /home/naor/Desktop/naor/study/Thesis/build/hamma_bot
[1.022s] -- Install configuration: ""
[1.022s] -- Up-to-date: /home/naor/Desktop/naor/study/Thesis/install/hamma_bot/share/ament_index/resource_index/rosidl_interfaces/hamma_bot
[1.022s] -- Up-to-date: /home/naor/Desktop/naor/study/Thesis/install/hamma_bot/include/hamma_bot/hamma_bot
[1.022s] -- Up-to-date: /home/naor/Desktop/naor/study/Thesis/install/hamma_bot/include/hamma_bot/hamma_bot/msg
[1.023s] -- Up-to-date: /home/naor/Desktop/naor/study/Thesis/install/hamma_bot/include/hamma_bot/hamma_bot/msg/motor_data.h
[1.023s] -- Up-to-date: /home/naor/Desktop/naor/study/Thesis/install/hamma_bot/include/hamma_bot/hamma_bot/msg/pwm.h
[1.023s] -- Up-to-date: /home/naor/Desktop/naor/study/Thesis/install/hamma_bot/include/hamma_bot/hamma_bot/msg/rosidl_generator_c__visibility_control.h
[1.023s] -- Up-to-date: /home/naor/Desktop/naor/study/Thesis/install/hamma_bot/include/hamma_bot/hamma_bot/msg/detail
[1.023s] -- Up-to-date: /home/naor/Desktop/naor/study/Thesis/install/hamma_bot/include/hamma_bot/hamma_bot/msg/detail/pwm__functions.c
[1.023s] -- Up-to-date: /home/naor/Desktop/naor/study/Thesis/install/hamma_bot/include/hamma_bot/hamma_bot/msg/detail/pwm__type_support.h
[1.023s] -- Up-to-date: /home/naor/Desktop/naor/study/Thesis/install/hamma_bot/include/hamma_bot/hamma_bot/msg/detail/motor_data__functions.c
[1.023s] -- Up-to-date: /home/naor/Desktop/naor/study/Thesis/install/hamma_bot/include/hamma_bot/hamma_bot/msg/detail/motor_data__type_support.h
[1.023s] -- Up-to-date: /home/naor/Desktop/naor/study/Thesis/install/hamma_bot/include/hamma_bot/hamma_bot/msg/detail/pwm__functions.h
[1.023s] -- Up-to-date: /home/naor/Desktop/naor/study/Thesis/install/hamma_bot/include/hamma_bot/hamma_bot/msg/detail/motor_data__struct.h
[1.023s] -- Up-to-date: /home/naor/Desktop/naor/study/Thesis/install/hamma_bot/include/hamma_bot/hamma_bot/msg/detail/motor_data__functions.h
[1.023s] -- Up-to-date: /home/naor/Desktop/naor/study/Thesis/install/hamma_bot/include/hamma_bot/hamma_bot/msg/detail/pwm__struct.h
[1.023s] -- Up-to-date: /home/naor/Desktop/naor/study/Thesis/install/hamma_bot/share/hamma_bot/environment/library_path.sh
[1.023s] -- Up-to-date: /home/naor/Desktop/naor/study/Thesis/install/hamma_bot/share/hamma_bot/environment/library_path.dsv
[1.023s] -- Up-to-date: /home/naor/Desktop/naor/study/Thesis/install/hamma_bot/lib/libhamma_bot__rosidl_generator_c.so
[1.024s] -- Up-to-date: /home/naor/Desktop/naor/study/Thesis/install/hamma_bot/include/hamma_bot/hamma_bot
[1.024s] -- Up-to-date: /home/naor/Desktop/naor/study/Thesis/install/hamma_bot/include/hamma_bot/hamma_bot/msg
[1.024s] -- Up-to-date: /home/naor/Desktop/naor/study/Thesis/install/hamma_bot/include/hamma_bot/hamma_bot/msg/rosidl_typesupport_fastrtps_c__visibility_control.h
[1.024s] -- Up-to-date: /home/naor/Desktop/naor/study/Thesis/install/hamma_bot/include/hamma_bot/hamma_bot/msg/detail
[1.024s] -- Up-to-date: /home/naor/Desktop/naor/study/Thesis/install/hamma_bot/include/hamma_bot/hamma_bot/msg/detail/motor_data__rosidl_typesupport_fastrtps_c.h
[1.024s] -- Up-to-date: /home/naor/Desktop/naor/study/Thesis/install/hamma_bot/include/hamma_bot/hamma_bot/msg/detail/pwm__rosidl_typesupport_fastrtps_c.h
[1.024s] -- Up-to-date: /home/naor/Desktop/naor/study/Thesis/install/hamma_bot/lib/libhamma_bot__rosidl_typesupport_fastrtps_c.so
[1.024s] -- Up-to-date: /home/naor/Desktop/naor/study/Thesis/install/hamma_bot/include/hamma_bot/hamma_bot
[1.024s] -- Up-to-date: /home/naor/Desktop/naor/study/Thesis/install/hamma_bot/include/hamma_bot/hamma_bot/msg
[1.024s] -- Up-to-date: /home/naor/Desktop/naor/study/Thesis/install/hamma_bot/include/hamma_bot/hamma_bot/msg/rosidl_generator_cpp__visibility_control.hpp
[1.024s] -- Up-to-date: /home/naor/Desktop/naor/study/Thesis/install/hamma_bot/include/hamma_bot/hamma_bot/msg/motor_data.hpp
[1.025s] -- Up-to-date: /home/naor/Desktop/naor/study/Thesis/install/hamma_bot/include/hamma_bot/hamma_bot/msg/pwm.hpp
[1.025s] -- Up-to-date: /home/naor/Desktop/naor/study/Thesis/install/hamma_bot/include/hamma_bot/hamma_bot/msg/detail
[1.025s] -- Up-to-date: /home/naor/Desktop/naor/study/Thesis/install/hamma_bot/include/hamma_bot/hamma_bot/msg/detail/motor_data__builder.hpp
[1.026s] -- Up-to-date: /home/naor/Desktop/naor/study/Thesis/install/hamma_bot/include/hamma_bot/hamma_bot/msg/detail/motor_data__struct.hpp
[1.026s] -- Up-to-date: /home/naor/Desktop/naor/study/Thesis/install/hamma_bot/include/hamma_bot/hamma_bot/msg/detail/pwm__builder.hpp
[1.026s] -- Up-to-date: /home/naor/Desktop/naor/study/Thesis/install/hamma_bot/include/hamma_bot/hamma_bot/msg/detail/pwm__struct.hpp
[1.026s] -- Up-to-date: /home/naor/Desktop/naor/study/Thesis/install/hamma_bot/include/hamma_bot/hamma_bot/msg/detail/motor_data__traits.hpp
[1.026s] -- Up-to-date: /home/naor/Desktop/naor/study/Thesis/install/hamma_bot/include/hamma_bot/hamma_bot/msg/detail/pwm__traits.hpp
[1.026s] -- Up-to-date: /home/naor/Desktop/naor/study/Thesis/install/hamma_bot/include/hamma_bot/hamma_bot/msg/detail/pwm__type_support.hpp
[1.027s] -- Up-to-date: /home/naor/Desktop/naor/study/Thesis/install/hamma_bot/include/hamma_bot/hamma_bot/msg/detail/motor_data__type_support.hpp
[1.027s] -- Up-to-date: /home/naor/Desktop/naor/study/Thesis/install/hamma_bot/include/hamma_bot/hamma_bot
[1.027s] -- Up-to-date: /home/naor/Desktop/naor/study/Thesis/install/hamma_bot/include/hamma_bot/hamma_bot/msg
[1.027s] -- Up-to-date: /home/naor/Desktop/naor/study/Thesis/install/hamma_bot/include/hamma_bot/hamma_bot/msg/rosidl_typesupport_fastrtps_cpp__visibility_control.h
[1.027s] -- Up-to-date: /home/naor/Desktop/naor/study/Thesis/install/hamma_bot/include/hamma_bot/hamma_bot/msg/detail
[1.027s] -- Up-to-date: /home/naor/Desktop/naor/study/Thesis/install/hamma_bot/include/hamma_bot/hamma_bot/msg/detail/pwm__rosidl_typesupport_fastrtps_cpp.hpp
[1.027s] -- Up-to-date: /home/naor/Desktop/naor/study/Thesis/install/hamma_bot/include/hamma_bot/hamma_bot/msg/detail/dds_fastrtps
[1.027s] -- Up-to-date: /home/naor/Desktop/naor/study/Thesis/install/hamma_bot/include/hamma_bot/hamma_bot/msg/detail/motor_data__rosidl_typesupport_fastrtps_cpp.hpp
[1.027s] -- Up-to-date: /home/naor/Desktop/naor/study/Thesis/install/hamma_bot/lib/libhamma_bot__rosidl_typesupport_fastrtps_cpp.so
[1.029s] -- Up-to-date: /home/naor/Desktop/naor/study/Thesis/install/hamma_bot/include/hamma_bot/hamma_bot
[1.030s] -- Up-to-date: /home/naor/Desktop/naor/study/Thesis/install/hamma_bot/include/hamma_bot/hamma_bot/msg
[1.030s] -- Up-to-date: /home/naor/Desktop/naor/study/Thesis/install/hamma_bot/include/hamma_bot/hamma_bot/msg/rosidl_typesupport_introspection_c__visibility_control.h
[1.030s] -- Up-to-date: /home/naor/Desktop/naor/study/Thesis/install/hamma_bot/include/hamma_bot/hamma_bot/msg/detail
[1.030s] -- Up-to-date: /home/naor/Desktop/naor/study/Thesis/install/hamma_bot/include/hamma_bot/hamma_bot/msg/detail/motor_data__type_support.c
[1.030s] -- Up-to-date: /home/naor/Desktop/naor/study/Thesis/install/hamma_bot/include/hamma_bot/hamma_bot/msg/detail/motor_data__rosidl_typesupport_introspection_c.h
[1.030s] -- Up-to-date: /home/naor/Desktop/naor/study/Thesis/install/hamma_bot/include/hamma_bot/hamma_bot/msg/detail/pwm__rosidl_typesupport_introspection_c.h
[1.030s] -- Up-to-date: /home/naor/Desktop/naor/study/Thesis/install/hamma_bot/include/hamma_bot/hamma_bot/msg/detail/pwm__type_support.c
[1.030s] -- Up-to-date: /home/naor/Desktop/naor/study/Thesis/install/hamma_bot/lib/libhamma_bot__rosidl_typesupport_introspection_c.so
[1.030s] -- Up-to-date: /home/naor/Desktop/naor/study/Thesis/install/hamma_bot/lib/libhamma_bot__rosidl_typesupport_c.so
[1.030s] -- Up-to-date: /home/naor/Desktop/naor/study/Thesis/install/hamma_bot/include/hamma_bot/hamma_bot
[1.030s] -- Up-to-date: /home/naor/Desktop/naor/study/Thesis/install/hamma_bot/include/hamma_bot/hamma_bot/msg
[1.030s] -- Up-to-date: /home/naor/Desktop/naor/study/Thesis/install/hamma_bot/include/hamma_bot/hamma_bot/msg/detail
[1.030s] -- Up-to-date: /home/naor/Desktop/naor/study/Thesis/install/hamma_bot/include/hamma_bot/hamma_bot/msg/detail/pwm__rosidl_typesupport_introspection_cpp.hpp
[1.030s] -- Up-to-date: /home/naor/Desktop/naor/study/Thesis/install/hamma_bot/include/hamma_bot/hamma_bot/msg/detail/motor_data__rosidl_typesupport_introspection_cpp.hpp
[1.030s] -- Up-to-date: /home/naor/Desktop/naor/study/Thesis/install/hamma_bot/include/hamma_bot/hamma_bot/msg/detail/pwm__type_support.cpp
[1.030s] -- Up-to-date: /home/naor/Desktop/naor/study/Thesis/install/hamma_bot/include/hamma_bot/hamma_bot/msg/detail/motor_data__type_support.cpp
[1.032s] -- Up-to-date: /home/naor/Desktop/naor/study/Thesis/install/hamma_bot/lib/libhamma_bot__rosidl_typesupport_introspection_cpp.so
[1.032s] -- Up-to-date: /home/naor/Desktop/naor/study/Thesis/install/hamma_bot/lib/libhamma_bot__rosidl_typesupport_cpp.so
[1.032s] -- Up-to-date: /home/naor/Desktop/naor/study/Thesis/install/hamma_bot/share/hamma_bot/environment/pythonpath.sh
[1.032s] -- Up-to-date: /home/naor/Desktop/naor/study/Thesis/install/hamma_bot/share/hamma_bot/environment/pythonpath.dsv
[1.032s] -- Up-to-date: /home/naor/Desktop/naor/study/Thesis/install/hamma_bot/local/lib/python3.10/dist-packages/hamma_bot-0.0.1-py3.10.egg-info
[1.032s] -- Installing: /home/naor/Desktop/naor/study/Thesis/install/hamma_bot/local/lib/python3.10/dist-packages/hamma_bot-0.0.1-py3.10.egg-info/SOURCES.txt
[1.032s] -- Installing: /home/naor/Desktop/naor/study/Thesis/install/hamma_bot/local/lib/python3.10/dist-packages/hamma_bot-0.0.1-py3.10.egg-info/PKG-INFO
[1.033s] -- Installing: /home/naor/Desktop/naor/study/Thesis/install/hamma_bot/local/lib/python3.10/dist-packages/hamma_bot-0.0.1-py3.10.egg-info/dependency_links.txt
[1.033s] -- Installing: /home/naor/Desktop/naor/study/Thesis/install/hamma_bot/local/lib/python3.10/dist-packages/hamma_bot-0.0.1-py3.10.egg-info/top_level.txt
[1.033s] -- Up-to-date: /home/naor/Desktop/naor/study/Thesis/install/hamma_bot/local/lib/python3.10/dist-packages/hamma_bot
[1.033s] -- Up-to-date: /home/naor/Desktop/naor/study/Thesis/install/hamma_bot/local/lib/python3.10/dist-packages/hamma_bot/__init__.py
[1.033s] -- Up-to-date: /home/naor/Desktop/naor/study/Thesis/install/hamma_bot/local/lib/python3.10/dist-packages/hamma_bot/msg
[1.033s] -- Up-to-date: /home/naor/Desktop/naor/study/Thesis/install/hamma_bot/local/lib/python3.10/dist-packages/hamma_bot/msg/__init__.py
[1.033s] -- Up-to-date: /home/naor/Desktop/naor/study/Thesis/install/hamma_bot/local/lib/python3.10/dist-packages/hamma_bot/msg/_motor_data_s.c
[1.033s] -- Up-to-date: /home/naor/Desktop/naor/study/Thesis/install/hamma_bot/local/lib/python3.10/dist-packages/hamma_bot/msg/_pwm_s.c
[1.033s] -- Up-to-date: /home/naor/Desktop/naor/study/Thesis/install/hamma_bot/local/lib/python3.10/dist-packages/hamma_bot/msg/_pwm.py
[1.033s] -- Up-to-date: /home/naor/Desktop/naor/study/Thesis/install/hamma_bot/local/lib/python3.10/dist-packages/hamma_bot/msg/_motor_data.py
[1.034s] -- Up-to-date: /home/naor/Desktop/naor/study/Thesis/install/hamma_bot/local/lib/python3.10/dist-packages/hamma_bot/hamma_bot_s__rosidl_typesupport_fastrtps_c.cpython-310-x86_64-linux-gnu.so
[1.034s] -- Up-to-date: /home/naor/Desktop/naor/study/Thesis/install/hamma_bot/local/lib/python3.10/dist-packages/hamma_bot/_hamma_bot_s.ep.rosidl_typesupport_fastrtps_c.c
[1.034s] -- Up-to-date: /home/naor/Desktop/naor/study/Thesis/install/hamma_bot/local/lib/python3.10/dist-packages/hamma_bot/_hamma_bot_s.ep.rosidl_typesupport_c.c
[1.034s] -- Up-to-date: /home/naor/Desktop/naor/study/Thesis/install/hamma_bot/local/lib/python3.10/dist-packages/hamma_bot/_hamma_bot_s.ep.rosidl_typesupport_introspection_c.c
[1.034s] -- Up-to-date: /home/naor/Desktop/naor/study/Thesis/install/hamma_bot/local/lib/python3.10/dist-packages/hamma_bot/hamma_bot_s__rosidl_typesupport_introspection_c.cpython-310-x86_64-linux-gnu.so
[1.034s] -- Up-to-date: /home/naor/Desktop/naor/study/Thesis/install/hamma_bot/local/lib/python3.10/dist-packages/hamma_bot/libhamma_bot__rosidl_generator_py.so
[1.034s] -- Up-to-date: /home/naor/Desktop/naor/study/Thesis/install/hamma_bot/local/lib/python3.10/dist-packages/hamma_bot/hamma_bot_s__rosidl_typesupport_c.cpython-310-x86_64-linux-gnu.so
[1.062s] Listing '/home/naor/Desktop/naor/study/Thesis/install/hamma_bot/local/lib/python3.10/dist-packages/hamma_bot'...
[1.063s] Listing '/home/naor/Desktop/naor/study/Thesis/install/hamma_bot/local/lib/python3.10/dist-packages/hamma_bot/msg'...
[1.066s] -- Up-to-date: /home/naor/Desktop/naor/study/Thesis/install/hamma_bot/local/lib/python3.10/dist-packages/hamma_bot/hamma_bot_s__rosidl_typesupport_fastrtps_c.cpython-310-x86_64-linux-gnu.so
[1.067s] -- Up-to-date: /home/naor/Desktop/naor/study/Thesis/install/hamma_bot/local/lib/python3.10/dist-packages/hamma_bot/hamma_bot_s__rosidl_typesupport_introspection_c.cpython-310-x86_64-linux-gnu.so
[1.067s] -- Up-to-date: /home/naor/Desktop/naor/study/Thesis/install/hamma_bot/local/lib/python3.10/dist-packages/hamma_bot/hamma_bot_s__rosidl_typesupport_c.cpython-310-x86_64-linux-gnu.so
[1.067s] -- Up-to-date: /home/naor/Desktop/naor/study/Thesis/install/hamma_bot/lib/libhamma_bot__rosidl_generator_py.so
[1.067s] -- Up-to-date: /home/naor/Desktop/naor/study/Thesis/install/hamma_bot/share/hamma_bot/msg/Pwm.idl
[1.067s] -- Up-to-date: /home/naor/Desktop/naor/study/Thesis/install/hamma_bot/share/hamma_bot/msg/MotorData.idl
[1.067s] -- Up-to-date: /home/naor/Desktop/naor/study/Thesis/install/hamma_bot/share/hamma_bot/msg/Pwm.msg
[1.068s] -- Up-to-date: /home/naor/Desktop/naor/study/Thesis/install/hamma_bot/share/hamma_bot/msg/MotorData.msg
[1.068s] -- Up-to-date: /home/naor/Desktop/naor/study/Thesis/install/hamma_bot/lib/hamma_bot/twist_to_twiststamped_node
[1.068s] -- Up-to-date: /home/naor/Desktop/naor/study/Thesis/install/hamma_bot/lib/hamma_bot/joy_twist_node
[1.068s] -- Up-to-date: /home/naor/Desktop/naor/study/Thesis/install/hamma_bot/share/hamma_bot/launch
[1.069s] -- Up-to-date: /home/naor/Desktop/naor/study/Thesis/install/hamma_bot/share/hamma_bot/launch/simple_joy_control.launch.py
[1.069s] -- Up-to-date: /home/naor/Desktop/naor/study/Thesis/install/hamma_bot/share/hamma_bot/launch/navigation_launch.launch.py
[1.069s] -- Up-to-date: /home/naor/Desktop/naor/study/Thesis/install/hamma_bot/share/hamma_bot/launch/ackermann_drive_example.launch.py
[1.069s] -- Up-to-date: /home/naor/Desktop/naor/study/Thesis/install/hamma_bot/share/hamma_bot/launch/hamma_bot.launch.py
[1.069s] -- Up-to-date: /home/naor/Desktop/naor/study/Thesis/install/hamma_bot/share/hamma_bot/config
[1.069s] -- Up-to-date: /home/naor/Desktop/naor/study/Thesis/install/hamma_bot/share/hamma_bot/config/costmap_params.yaml
[1.069s] -- Up-to-date: /home/naor/Desktop/naor/study/Thesis/install/hamma_bot/share/hamma_bot/config/ackermann_controller.yaml
[1.069s] -- Up-to-date: /home/naor/Desktop/naor/study/Thesis/install/hamma_bot/share/hamma_bot/config/mapper_params_online_async.yaml
[1.069s] -- Up-to-date: /home/naor/Desktop/naor/study/Thesis/install/hamma_bot/share/hamma_bot/config/slam_toolbox_params.yaml
[1.069s] -- Up-to-date: /home/naor/Desktop/naor/study/Thesis/install/hamma_bot/share/hamma_bot/config/nav2_params.yaml
[1.069s] -- Up-to-date: /home/naor/Desktop/naor/study/Thesis/install/hamma_bot/share/hamma_bot/config/ekf.yaml
[1.069s] -- Up-to-date: /home/naor/Desktop/naor/study/Thesis/install/hamma_bot/share/hamma_bot/urdf
[1.069s] -- Up-to-date: /home/naor/Desktop/naor/study/Thesis/install/hamma_bot/share/hamma_bot/urdf/robot_description.urdf
[1.070s] -- Up-to-date: /home/naor/Desktop/naor/study/Thesis/install/hamma_bot/share/hamma_bot/worlds
[1.070s] -- Up-to-date: /home/naor/Desktop/naor/study/Thesis/install/hamma_bot/share/hamma_bot/worlds/empty.sdf
[1.070s] -- Up-to-date: /home/naor/Desktop/naor/study/Thesis/install/hamma_bot/share/hamma_bot/worlds/bookstore.sdf
[1.070s] -- Up-to-date: /home/naor/Desktop/naor/study/Thesis/install/hamma_bot/share/hamma_bot/rviz
[1.070s] -- Up-to-date: /home/naor/Desktop/naor/study/Thesis/install/hamma_bot/share/hamma_bot/rviz/urdf_config.rviz
[1.070s] -- Up-to-date: /home/naor/Desktop/naor/study/Thesis/install/hamma_bot/share/hamma_bot/rviz/navigation_config.rviz
[1.070s] -- Up-to-date: /home/naor/Desktop/naor/study/Thesis/install/hamma_bot/lib/hamma_bot/hamma_bot_rtcom.py
[1.071s] -- Up-to-date: /home/naor/Desktop/naor/study/Thesis/install/hamma_bot/share/ament_index/resource_index/package_run_dependencies/hamma_bot
[1.071s] -- Up-to-date: /home/naor/Desktop/naor/study/Thesis/install/hamma_bot/share/ament_index/resource_index/parent_prefix_path/hamma_bot
[1.071s] -- Up-to-date: /home/naor/Desktop/naor/study/Thesis/install/hamma_bot/share/hamma_bot/environment/ament_prefix_path.sh
[1.071s] -- Up-to-date: /home/naor/Desktop/naor/study/Thesis/install/hamma_bot/share/hamma_bot/environment/ament_prefix_path.dsv
[1.071s] -- Up-to-date: /home/naor/Desktop/naor/study/Thesis/install/hamma_bot/share/hamma_bot/environment/path.sh
[1.071s] -- Up-to-date: /home/naor/Desktop/naor/study/Thesis/install/hamma_bot/share/hamma_bot/environment/path.dsv
[1.071s] -- Up-to-date: /home/naor/Desktop/naor/study/Thesis/install/hamma_bot/share/hamma_bot/local_setup.bash
[1.071s] -- Up-to-date: /home/naor/Desktop/naor/study/Thesis/install/hamma_bot/share/hamma_bot/local_setup.sh
[1.071s] -- Up-to-date: /home/naor/Desktop/naor/study/Thesis/install/hamma_bot/share/hamma_bot/local_setup.zsh
[1.071s] -- Up-to-date: /home/naor/Desktop/naor/study/Thesis/install/hamma_bot/share/hamma_bot/local_setup.dsv
[1.071s] -- Installing: /home/naor/Desktop/naor/study/Thesis/install/hamma_bot/share/hamma_bot/package.dsv
[1.071s] -- Up-to-date: /home/naor/Desktop/naor/study/Thesis/install/hamma_bot/share/ament_index/resource_index/packages/hamma_bot
[1.072s] -- Up-to-date: /home/naor/Desktop/naor/study/Thesis/install/hamma_bot/share/hamma_bot/cmake/export_hamma_bot__rosidl_generator_cExport.cmake
[1.072s] -- Up-to-date: /home/naor/Desktop/naor/study/Thesis/install/hamma_bot/share/hamma_bot/cmake/export_hamma_bot__rosidl_generator_cExport-noconfig.cmake
[1.072s] -- Up-to-date: /home/naor/Desktop/naor/study/Thesis/install/hamma_bot/share/hamma_bot/cmake/export_hamma_bot__rosidl_typesupport_fastrtps_cExport.cmake
[1.072s] -- Up-to-date: /home/naor/Desktop/naor/study/Thesis/install/hamma_bot/share/hamma_bot/cmake/export_hamma_bot__rosidl_typesupport_fastrtps_cExport-noconfig.cmake
[1.072s] -- Up-to-date: /home/naor/Desktop/naor/study/Thesis/install/hamma_bot/share/hamma_bot/cmake/export_hamma_bot__rosidl_generator_cppExport.cmake
[1.072s] -- Up-to-date: /home/naor/Desktop/naor/study/Thesis/install/hamma_bot/share/hamma_bot/cmake/export_hamma_bot__rosidl_typesupport_fastrtps_cppExport.cmake
[1.072s] -- Up-to-date: /home/naor/Desktop/naor/study/Thesis/install/hamma_bot/share/hamma_bot/cmake/export_hamma_bot__rosidl_typesupport_fastrtps_cppExport-noconfig.cmake
[1.072s] -- Up-to-date: /home/naor/Desktop/naor/study/Thesis/install/hamma_bot/share/hamma_bot/cmake/hamma_bot__rosidl_typesupport_introspection_cExport.cmake
[1.072s] -- Up-to-date: /home/naor/Desktop/naor/study/Thesis/install/hamma_bot/share/hamma_bot/cmake/hamma_bot__rosidl_typesupport_introspection_cExport-noconfig.cmake
[1.073s] -- Up-to-date: /home/naor/Desktop/naor/study/Thesis/install/hamma_bot/share/hamma_bot/cmake/hamma_bot__rosidl_typesupport_cExport.cmake
[1.073s] -- Up-to-date: /home/naor/Desktop/naor/study/Thesis/install/hamma_bot/share/hamma_bot/cmake/hamma_bot__rosidl_typesupport_cExport-noconfig.cmake
[1.073s] -- Up-to-date: /home/naor/Desktop/naor/study/Thesis/install/hamma_bot/share/hamma_bot/cmake/hamma_bot__rosidl_typesupport_introspection_cppExport.cmake
[1.073s] -- Up-to-date: /home/naor/Desktop/naor/study/Thesis/install/hamma_bot/share/hamma_bot/cmake/hamma_bot__rosidl_typesupport_introspection_cppExport-noconfig.cmake
[1.073s] -- Up-to-date: /home/naor/Desktop/naor/study/Thesis/install/hamma_bot/share/hamma_bot/cmake/hamma_bot__rosidl_typesupport_cppExport.cmake
[1.073s] -- Up-to-date: /home/naor/Desktop/naor/study/Thesis/install/hamma_bot/share/hamma_bot/cmake/hamma_bot__rosidl_typesupport_cppExport-noconfig.cmake
[1.073s] -- Up-to-date: /home/naor/Desktop/naor/study/Thesis/install/hamma_bot/share/hamma_bot/cmake/export_hamma_bot__rosidl_generator_pyExport.cmake
[1.073s] -- Up-to-date: /home/naor/Desktop/naor/study/Thesis/install/hamma_bot/share/hamma_bot/cmake/export_hamma_bot__rosidl_generator_pyExport-noconfig.cmake
[1.073s] -- Up-to-date: /home/naor/Desktop/naor/study/Thesis/install/hamma_bot/share/hamma_bot/cmake/rosidl_cmake-extras.cmake
[1.073s] -- Up-to-date: /home/naor/Desktop/naor/study/Thesis/install/hamma_bot/share/hamma_bot/cmake/ament_cmake_export_dependencies-extras.cmake
[1.075s] -- Up-to-date: /home/naor/Desktop/naor/study/Thesis/install/hamma_bot/share/hamma_bot/cmake/ament_cmake_export_include_directories-extras.cmake
[1.075s] -- Up-to-date: /home/naor/Desktop/naor/study/Thesis/install/hamma_bot/share/hamma_bot/cmake/ament_cmake_export_libraries-extras.cmake
[1.075s] -- Up-to-date: /home/naor/Desktop/naor/study/Thesis/install/hamma_bot/share/hamma_bot/cmake/ament_cmake_export_targets-extras.cmake
[1.075s] -- Up-to-date: /home/naor/Desktop/naor/study/Thesis/install/hamma_bot/share/hamma_bot/cmake/rosidl_cmake_export_typesupport_targets-extras.cmake
[1.075s] -- Up-to-date: /home/naor/Desktop/naor/study/Thesis/install/hamma_bot/share/hamma_bot/cmake/rosidl_cmake_export_typesupport_libraries-extras.cmake
[1.075s] -- Up-to-date: /home/naor/Desktop/naor/study/Thesis/install/hamma_bot/share/hamma_bot/cmake/hamma_botConfig.cmake
[1.075s] -- Up-to-date: /home/naor/Desktop/naor/study/Thesis/install/hamma_bot/share/hamma_bot/cmake/hamma_botConfig-version.cmake
[1.075s] -- Up-to-date: /home/naor/Desktop/naor/study/Thesis/install/hamma_bot/share/hamma_bot/package.xml
[1.079s] Invoked command in '/home/naor/Desktop/naor/study/Thesis/build/hamma_bot' returned '0': CMAKE_PREFIX_PATH=${CMAKE_PREFIX_PATH}:/home/naor/Desktop/naor/study/Thesis/install/camera_nav:/home/naor/Desktop/naor/study/Thesis/install/controller:/home/naor/Desktop/naor/work/capsule_repo/install/teensy_ers:/home/naor/Desktop/naor/work/capsule_repo/install/elers_bridge:/opt/ros/humble /usr/bin/cmake --install /home/naor/Desktop/naor/study/Thesis/build/hamma_bot
