[0.582s] Invoking command in '/home/naor/Desktop/naor/study/Thesis/src/camera_nav': AMENT_PREFIX_PATH=/home/naor/Desktop/naor/study/Thesis/install/pointcloud_to_laserscan:${AMENT_PREFIX_PATH} CMAKE_PREFIX_PATH=/home/naor/Desktop/naor/study/Thesis/install/pointcloud_to_laserscan LD_LIBRARY_PATH=/home/naor/Desktop/naor/study/Thesis/install/pointcloud_to_laserscan/lib:${LD_LIBRARY_PATH} PYTHONPATH=/home/naor/Desktop/naor/study/Thesis/build/camera_nav/prefix_override:/usr/lib/python3/dist-packages/colcon_core/task/python/colcon_distutils_commands:/home/naor/Desktop/naor/study/Thesis/install/camera_nav/lib/python3.10/site-packages:${PYTHONPATH} /usr/bin/python3 -W ignore:setup.py install is deprecated -W ignore:easy_install command is deprecated setup.py egg_info --egg-base ../../build/camera_nav build --build-base /home/naor/Desktop/naor/study/Thesis/build/camera_nav/build install --record /home/naor/Desktop/naor/study/Thesis/build/camera_nav/install.log --single-version-externally-managed install_data
[0.769s] running egg_info
[0.780s] writing ../../build/camera_nav/camera_nav.egg-info/PKG-INFO
[0.781s] writing dependency_links to ../../build/camera_nav/camera_nav.egg-info/dependency_links.txt
[0.781s] writing requirements to ../../build/camera_nav/camera_nav.egg-info/requires.txt
[0.781s] writing top-level names to ../../build/camera_nav/camera_nav.egg-info/top_level.txt
[0.806s] reading manifest file '../../build/camera_nav/camera_nav.egg-info/SOURCES.txt'
[0.807s] writing manifest file '../../build/camera_nav/camera_nav.egg-info/SOURCES.txt'
[0.807s] running build
[0.807s] running build_py
[0.808s] copying camera_nav/__init__.py -> /home/naor/Desktop/naor/study/Thesis/build/camera_nav/build/lib/camera_nav
[0.808s] running install
[0.811s] running install_lib
[0.823s] running install_data
[0.823s] copying resource/camera_nav -> /home/naor/Desktop/naor/study/Thesis/install/camera_nav/share/ament_index/resource_index/packages
[0.823s] copying package.xml -> /home/naor/Desktop/naor/study/Thesis/install/camera_nav/share/camera_nav
[0.823s] copying config/costmap_params.yaml -> /home/naor/Desktop/naor/study/Thesis/install/camera_nav/share/camera_nav/config
[0.824s] copying launch/camera_nav_launch.py -> /home/naor/Desktop/naor/study/Thesis/install/camera_nav/share/camera_nav/launch
[0.824s] running install_egg_info
[0.837s] removing '/home/naor/Desktop/naor/study/Thesis/install/camera_nav/lib/python3.10/site-packages/camera_nav-0.0.0-py3.10.egg-info' (and everything under it)
[0.837s] Copying ../../build/camera_nav/camera_nav.egg-info to /home/naor/Desktop/naor/study/Thesis/install/camera_nav/lib/python3.10/site-packages/camera_nav-0.0.0-py3.10.egg-info
[0.838s] running install_scripts
[0.936s] writing list of installed files to '/home/naor/Desktop/naor/study/Thesis/build/camera_nav/install.log'
[0.954s] Invoked command in '/home/naor/Desktop/naor/study/Thesis/src/camera_nav' returned '0': AMENT_PREFIX_PATH=/home/naor/Desktop/naor/study/Thesis/install/pointcloud_to_laserscan:${AMENT_PREFIX_PATH} CMAKE_PREFIX_PATH=/home/naor/Desktop/naor/study/Thesis/install/pointcloud_to_laserscan LD_LIBRARY_PATH=/home/naor/Desktop/naor/study/Thesis/install/pointcloud_to_laserscan/lib:${LD_LIBRARY_PATH} PYTHONPATH=/home/naor/Desktop/naor/study/Thesis/build/camera_nav/prefix_override:/usr/lib/python3/dist-packages/colcon_core/task/python/colcon_distutils_commands:/home/naor/Desktop/naor/study/Thesis/install/camera_nav/lib/python3.10/site-packages:${PYTHONPATH} /usr/bin/python3 -W ignore:setup.py install is deprecated -W ignore:easy_install command is deprecated setup.py egg_info --egg-base ../../build/camera_nav build --build-base /home/naor/Desktop/naor/study/Thesis/build/camera_nav/build install --record /home/naor/Desktop/naor/study/Thesis/build/camera_nav/install.log --single-version-externally-managed install_data
