[0.178s] Invoking command in '/home/naor/Desktop/naor/study/Thesis/build/ground_bot': CMAKE_PREFIX_PATH=/home/naor/Desktop/naor/work/capsule_repo/install/teensy_ers:/home/naor/Desktop/naor/work/capsule_repo/install/elers_bridge:/opt/ros/humble /usr/bin/cmake --build /home/naor/Desktop/naor/study/Thesis/build/ground_bot -- -j16 -l16
[0.203s] -- Found ament_cmake: 1.3.11 (/opt/ros/humble/share/ament_cmake/cmake)
[0.360s] -- Found rclcpp: 16.0.12 (/opt/ros/humble/share/rclcpp/cmake)
[0.384s] -- Found rosidl_generator_c: 3.1.6 (/opt/ros/humble/share/rosidl_generator_c/cmake)
[0.385s] -- Found rosidl_adapter: 3.1.6 (/opt/ros/humble/share/rosidl_adapter/cmake)
[0.389s] -- Found rosidl_generator_cpp: 3.1.6 (/opt/ros/humble/share/rosidl_generator_cpp/cmake)
[0.395s] -- Using all available rosidl_typesupport_c: rosidl_typesupport_fastrtps_c;rosidl_typesupport_introspection_c
[0.403s] -- Using all available rosidl_typesupport_cpp: rosidl_typesupport_fastrtps_cpp;rosidl_typesupport_introspection_cpp
[0.429s] -- Found rmw_implementation_cmake: 6.1.2 (/opt/ros/humble/share/rmw_implementation_cmake/cmake)
[0.430s] -- Found rmw_fastrtps_cpp: 6.2.7 (/opt/ros/humble/share/rmw_fastrtps_cpp/cmake)
[0.528s] -- Using RMW implementation 'rmw_fastrtps_cpp' as default
[0.560s] -- Found sensor_msgs: 4.8.0 (/opt/ros/humble/share/sensor_msgs/cmake)
[0.579s] -- Found rosidl_default_generators: 1.2.0 (/opt/ros/humble/share/rosidl_default_generators/cmake)
[0.583s] -- Found xacro: 2.0.13 (/opt/ros/humble/share/xacro/cmake)
[0.583s] -- Found cv_bridge: 3.2.1 (/opt/ros/humble/share/cv_bridge/cmake)
[0.769s] [31mCMake Error at /opt/ros/humble/share/rosidl_cmake/cmake/rosidl_generate_interfaces.cmake:229 (message):
[0.769s]   Packages installing interfaces must include
[0.769s]   '<member_of_group>rosidl_interface_packages</member_of_group>' in their
[0.769s]   package.xml
[0.769s] Call Stack (most recent call first):
[0.769s]   CMakeLists.txt:32 (rosidl_generate_interfaces)
[0.769s] 
[0.769s] [0m
[0.769s] -- Configuring incomplete, errors occurred!
[0.769s] See also "/home/naor/Desktop/naor/study/Thesis/build/ground_bot/CMakeFiles/CMakeOutput.log".
[0.776s] gmake: *** [Makefile:226: cmake_check_build_system] Error 1
[0.777s] Invoked command in '/home/naor/Desktop/naor/study/Thesis/build/ground_bot' returned '2': CMAKE_PREFIX_PATH=/home/naor/Desktop/naor/work/capsule_repo/install/teensy_ers:/home/naor/Desktop/naor/work/capsule_repo/install/elers_bridge:/opt/ros/humble /usr/bin/cmake --build /home/naor/Desktop/naor/study/Thesis/build/ground_bot -- -j16 -l16
