[  2%] Built target ground_bot__cpp
[ 10%] Built target joy_twist
[ 16%] Built target ground_bot__rosidl_generator_c
[ 16%] Built target ament_cmake_python_copy_ground_bot
[ 26%] Built target ground_bot__rosidl_typesupport_cpp
[ 36%] Built target ground_bot__rosidl_typesupport_fastrtps_c
[ 46%] Built target ground_bot__rosidl_typesupport_fastrtps_cpp
[ 57%] Built target ground_bot__rosidl_typesupport_c
[ 67%] Built target ground_bot__rosidl_typesupport_introspection_c
[ 77%] Built target ground_bot__rosidl_typesupport_introspection_cpp
[ 77%] Built target ground_bot
[ 79%] Built target ground_bot__py
[ 87%] Built target ground_bot__rosidl_generator_py
[ 91%] Built target ground_bot__rosidl_typesupport_introspection_c__pyext
[ 95%] Built target ground_bot__rosidl_typesupport_fastrtps_c__pyext
[100%] Built target ground_bot__rosidl_typesupport_c__pyext
running egg_info
writing ground_bot.egg-info/PKG-INFO
writing dependency_links to ground_bot.egg-info/dependency_links.txt
writing top-level names to ground_bot.egg-info/top_level.txt
reading manifest file 'ground_bot.egg-info/SOURCES.txt'
writing manifest file 'ground_bot.egg-info/SOURCES.txt'
[100%] Built target ament_cmake_python_build_ground_bot_egg
