[0.164s] Invoking command in '/home/naor/Desktop/naor/study/Thesis/build/drone_c': CMAKE_PREFIX_PATH=${CMAKE_PREFIX_PATH}:/home/naor/Desktop/naor/study/Thesis/install/roller:/home/naor/Desktop/naor/study/Thesis/install/camera_nav:/home/naor/Desktop/naor/study/Thesis/install/controller:/home/naor/Desktop/naor/work/capsule_repo/install/teensy_ers:/home/naor/Desktop/naor/work/capsule_repo/install/elers_bridge:/opt/ros/humble /usr/bin/cmake /home/naor/Desktop/naor/study/Thesis/src/drone_c -DCMAKE_INSTALL_PREFIX=/home/naor/Desktop/naor/study/Thesis/install/drone_c
[0.207s] -- The C compiler identification is GNU 11.4.0
[0.250s] -- The CXX compiler identification is GNU 11.4.0
[0.257s] -- Detecting C compiler ABI info
[0.308s] -- Detecting C compiler ABI info - done
[0.314s] -- Check for working C compiler: /usr/bin/cc - skipped
[0.314s] -- Detecting C compile features
[0.314s] -- Detecting C compile features - done
[0.316s] -- Detecting CXX compiler ABI info
[0.372s] -- Detecting CXX compiler ABI info - done
[0.379s] -- Check for working CXX compiler: /usr/bin/c++ - skipped
[0.379s] -- Detecting CXX compile features
[0.379s] -- Detecting CXX compile features - done
[0.381s] -- Found ament_cmake: 1.3.11 (/opt/ros/humble/share/ament_cmake/cmake)
[0.690s] -- Found Python3: /usr/bin/python3 (found version "3.10.12") found components: Interpreter 
[0.764s] -- Found rclcpp: 16.0.12 (/opt/ros/humble/share/rclcpp/cmake)
[0.800s] -- Found rosidl_generator_c: 3.1.6 (/opt/ros/humble/share/rosidl_generator_c/cmake)
[0.805s] -- Found rosidl_adapter: 3.1.6 (/opt/ros/humble/share/rosidl_adapter/cmake)
[0.812s] -- Found rosidl_generator_cpp: 3.1.6 (/opt/ros/humble/share/rosidl_generator_cpp/cmake)
[0.821s] -- Using all available rosidl_typesupport_c: rosidl_typesupport_fastrtps_c;rosidl_typesupport_introspection_c
[0.833s] -- Using all available rosidl_typesupport_cpp: rosidl_typesupport_fastrtps_cpp;rosidl_typesupport_introspection_cpp
[0.870s] -- Found rmw_implementation_cmake: 6.1.2 (/opt/ros/humble/share/rmw_implementation_cmake/cmake)
[0.873s] -- Found rmw_fastrtps_cpp: 6.2.7 (/opt/ros/humble/share/rmw_fastrtps_cpp/cmake)
[0.947s] -- Found OpenSSL: /usr/lib/x86_64-linux-gnu/libcrypto.so (found version "3.0.2")  
[0.970s] -- Found FastRTPS: /opt/ros/humble/include  
[1.010s] -- Using RMW implementation 'rmw_fastrtps_cpp' as default
[1.020s] -- Looking for pthread.h
[1.078s] -- Looking for pthread.h - found
[1.079s] -- Performing Test CMAKE_HAVE_LIBC_PTHREAD
[1.130s] -- Performing Test CMAKE_HAVE_LIBC_PTHREAD - Success
[1.131s] -- Found Threads: TRUE  
[1.173s] -- Found rosidl_default_generators: 1.2.0 (/opt/ros/humble/share/rosidl_default_generators/cmake)
[1.411s] -- Found ament_cmake_ros: 0.10.0 (/opt/ros/humble/share/ament_cmake_ros/cmake)
[1.752s] -- Using all available rosidl_typesupport_c: rosidl_typesupport_fastrtps_c;rosidl_typesupport_introspection_c
[1.914s] -- Using all available rosidl_typesupport_cpp: rosidl_typesupport_fastrtps_cpp;rosidl_typesupport_introspection_cpp
[1.943s] -- Found PythonInterp: /usr/bin/python3 (found suitable version "3.10.12", minimum required is "3.6") 
[1.946s] -- Found python_cmake_module: 0.10.0 (/opt/ros/humble/share/python_cmake_module/cmake)
[1.978s] -- Found PythonLibs: /usr/lib/x86_64-linux-gnu/libpython3.10.so (found suitable version "3.10.12", minimum required is "3.5") 
[1.978s] -- Using PYTHON_EXECUTABLE: /usr/bin/python3
[1.978s] -- Using PYTHON_INCLUDE_DIRS: /usr/include/python3.10
[1.978s] -- Using PYTHON_LIBRARIES: /usr/lib/x86_64-linux-gnu/libpython3.10.so
[2.005s] -- Found PythonExtra: .so  
[2.048s] -- Found ament_lint_auto: 0.12.12 (/opt/ros/humble/share/ament_lint_auto/cmake)
[2.063s] -- Added test 'copyright' to check source files copyright and LICENSE
[2.064s] -- Added test 'flake8' to check Python code syntax and style conventions
[2.065s] -- Added test 'lint_cmake' to check CMake code style
[2.066s] -- Added test 'pep257' to check Python code against some of the docstring style conventions in PEP 257
[2.070s] -- Added test 'uncrustify' to check C / C++ code style
[2.070s] -- Configured uncrustify additional arguments: 
[2.071s] -- Added test 'xmllint' to check XML markup files
[2.073s] -- Configuring done
[2.100s] -- Generating done
[2.110s] -- Build files have been written to: /home/naor/Desktop/naor/study/Thesis/build/drone_c
[2.119s] Invoked command in '/home/naor/Desktop/naor/study/Thesis/build/drone_c' returned '0': CMAKE_PREFIX_PATH=${CMAKE_PREFIX_PATH}:/home/naor/Desktop/naor/study/Thesis/install/roller:/home/naor/Desktop/naor/study/Thesis/install/camera_nav:/home/naor/Desktop/naor/study/Thesis/install/controller:/home/naor/Desktop/naor/work/capsule_repo/install/teensy_ers:/home/naor/Desktop/naor/work/capsule_repo/install/elers_bridge:/opt/ros/humble /usr/bin/cmake /home/naor/Desktop/naor/study/Thesis/src/drone_c -DCMAKE_INSTALL_PREFIX=/home/naor/Desktop/naor/study/Thesis/install/drone_c
[2.121s] Invoking command in '/home/naor/Desktop/naor/study/Thesis/build/drone_c': CMAKE_PREFIX_PATH=${CMAKE_PREFIX_PATH}:/home/naor/Desktop/naor/study/Thesis/install/roller:/home/naor/Desktop/naor/study/Thesis/install/camera_nav:/home/naor/Desktop/naor/study/Thesis/install/controller:/home/naor/Desktop/naor/work/capsule_repo/install/teensy_ers:/home/naor/Desktop/naor/work/capsule_repo/install/elers_bridge:/opt/ros/humble /usr/bin/cmake --build /home/naor/Desktop/naor/study/Thesis/build/drone_c -- -j16 -l16
[2.152s] [  1%] [34m[1mGenerating C code for ROS interfaces[0m
[2.161s] [  3%] [34m[1mGenerating C++ code for ROS interfaces[0m
[2.174s] [  3%] Built target ament_cmake_python_copy_drone_c
[2.403s] running egg_info
[2.420s] creating drone_c.egg-info
[2.421s] writing drone_c.egg-info/PKG-INFO
[2.421s] writing dependency_links to drone_c.egg-info/dependency_links.txt
[2.421s] writing top-level names to drone_c.egg-info/top_level.txt
[2.421s] writing manifest file 'drone_c.egg-info/SOURCES.txt'
[2.484s] reading manifest file 'drone_c.egg-info/SOURCES.txt'
[2.484s] writing manifest file 'drone_c.egg-info/SOURCES.txt'
[2.527s] [  3%] Built target ament_cmake_python_build_drone_c_egg
[2.557s] [  3%] Built target drone_c__cpp
[2.568s] [  7%] [34m[1mGenerating C++ type support dispatch for ROS interfaces[0m
[2.568s] [  7%] [34m[1mGenerating C++ introspection for ROS interfaces[0m
[2.568s] [  9%] [34m[1mGenerating C++ type support for eProsima Fast-RTPS[0m
[2.720s] [ 10%] [32mBuilding C object CMakeFiles/drone_c__rosidl_generator_c.dir/rosidl_generator_c/drone_c/msg/detail/pid__functions.c.o[0m
[2.722s] [ 12%] [32mBuilding C object CMakeFiles/drone_c__rosidl_generator_c.dir/rosidl_generator_c/drone_c/msg/detail/euler_angles__functions.c.o[0m
[2.729s] [ 14%] [32mBuilding C object CMakeFiles/drone_c__rosidl_generator_c.dir/rosidl_generator_c/drone_c/msg/detail/imu_filter__functions.c.o[0m
[2.730s] [ 16%] [32mBuilding C object CMakeFiles/drone_c__rosidl_generator_c.dir/rosidl_generator_c/drone_c/msg/detail/motors__functions.c.o[0m
[2.832s] [ 18%] [32m[1mLinking C shared library libdrone_c__rosidl_generator_c.so[0m
[2.892s] [ 18%] Built target drone_c__rosidl_generator_c
[2.919s] [ 20%] [34m[1mGenerating C type support dispatch for ROS interfaces[0m
[2.922s] [ 21%] [34m[1mGenerating C introspection for ROS interfaces[0m
[2.923s] [ 23%] [34m[1mGenerating C type support for eProsima Fast-RTPS[0m
[2.991s] [ 25%] [32mBuilding CXX object CMakeFiles/drone_c__rosidl_typesupport_cpp.dir/rosidl_typesupport_cpp/drone_c/msg/pid__type_support.cpp.o[0m
[3.004s] [ 27%] [32mBuilding CXX object CMakeFiles/drone_c__rosidl_typesupport_cpp.dir/rosidl_typesupport_cpp/drone_c/msg/euler_angles__type_support.cpp.o[0m
[3.004s] [ 29%] [32mBuilding CXX object CMakeFiles/drone_c__rosidl_typesupport_cpp.dir/rosidl_typesupport_cpp/drone_c/msg/motors__type_support.cpp.o[0m
[3.010s] [ 30%] [32mBuilding CXX object CMakeFiles/drone_c__rosidl_typesupport_cpp.dir/rosidl_typesupport_cpp/drone_c/msg/imu_filter__type_support.cpp.o[0m
[3.292s] [ 32%] [32mBuilding CXX object CMakeFiles/drone_c__rosidl_typesupport_fastrtps_cpp.dir/rosidl_typesupport_fastrtps_cpp/drone_c/msg/detail/dds_fastrtps/euler_angles__type_support.cpp.o[0m
[3.292s] [ 34%] [32mBuilding CXX object CMakeFiles/drone_c__rosidl_typesupport_fastrtps_cpp.dir/rosidl_typesupport_fastrtps_cpp/drone_c/msg/detail/dds_fastrtps/pid__type_support.cpp.o[0m
[3.295s] [ 36%] [32mBuilding CXX object CMakeFiles/drone_c__rosidl_typesupport_fastrtps_cpp.dir/rosidl_typesupport_fastrtps_cpp/drone_c/msg/detail/dds_fastrtps/motors__type_support.cpp.o[0m
[3.301s] [ 38%] [32mBuilding CXX object CMakeFiles/drone_c__rosidl_typesupport_fastrtps_cpp.dir/rosidl_typesupport_fastrtps_cpp/drone_c/msg/detail/dds_fastrtps/imu_filter__type_support.cpp.o[0m
[3.350s] [ 40%] [32mBuilding CXX object CMakeFiles/drone_c__rosidl_typesupport_introspection_cpp.dir/rosidl_typesupport_introspection_cpp/drone_c/msg/detail/pid__type_support.cpp.o[0m
[3.353s] [ 41%] [32mBuilding CXX object CMakeFiles/drone_c__rosidl_typesupport_introspection_cpp.dir/rosidl_typesupport_introspection_cpp/drone_c/msg/detail/euler_angles__type_support.cpp.o[0m
[3.362s] [ 43%] [32mBuilding CXX object CMakeFiles/drone_c__rosidl_typesupport_introspection_cpp.dir/rosidl_typesupport_introspection_cpp/drone_c/msg/detail/imu_filter__type_support.cpp.o[0m
[3.366s] [ 45%] [32mBuilding CXX object CMakeFiles/drone_c__rosidl_typesupport_introspection_cpp.dir/rosidl_typesupport_introspection_cpp/drone_c/msg/detail/motors__type_support.cpp.o[0m
[3.562s] [ 47%] [32m[1mLinking CXX shared library libdrone_c__rosidl_typesupport_cpp.so[0m
[3.615s] [ 49%] [32mBuilding C object CMakeFiles/drone_c__rosidl_typesupport_introspection_c.dir/rosidl_typesupport_introspection_c/drone_c/msg/detail/pid__type_support.c.o[0m
[3.622s] [ 50%] [32mBuilding C object CMakeFiles/drone_c__rosidl_typesupport_introspection_c.dir/rosidl_typesupport_introspection_c/drone_c/msg/detail/motors__type_support.c.o[0m
[3.627s] [ 52%] [32mBuilding C object CMakeFiles/drone_c__rosidl_typesupport_introspection_c.dir/rosidl_typesupport_introspection_c/drone_c/msg/detail/euler_angles__type_support.c.o[0m
[3.635s] [ 52%] Built target drone_c__rosidl_typesupport_cpp
[3.646s] [ 54%] [32mBuilding C object CMakeFiles/drone_c__rosidl_typesupport_introspection_c.dir/rosidl_typesupport_introspection_c/drone_c/msg/detail/imu_filter__type_support.c.o[0m
[3.681s] [ 56%] [32mBuilding CXX object CMakeFiles/drone_c__rosidl_typesupport_c.dir/rosidl_typesupport_c/drone_c/msg/pid__type_support.cpp.o[0m
[3.686s] [ 58%] [32mBuilding CXX object CMakeFiles/drone_c__rosidl_typesupport_c.dir/rosidl_typesupport_c/drone_c/msg/euler_angles__type_support.cpp.o[0m
[3.686s] [ 60%] [32mBuilding CXX object CMakeFiles/drone_c__rosidl_typesupport_c.dir/rosidl_typesupport_c/drone_c/msg/motors__type_support.cpp.o[0m
[3.700s] [ 61%] [32mBuilding CXX object CMakeFiles/drone_c__rosidl_typesupport_c.dir/rosidl_typesupport_c/drone_c/msg/imu_filter__type_support.cpp.o[0m
[3.722s] [ 63%] [32m[1mLinking C shared library libdrone_c__rosidl_typesupport_introspection_c.so[0m
[3.743s] [ 65%] [32m[1mLinking CXX shared library libdrone_c__rosidl_typesupport_c.so[0m
[3.774s] [ 65%] Built target drone_c__rosidl_typesupport_introspection_c
[3.796s] [ 65%] Built target drone_c__rosidl_typesupport_c
[3.820s] [ 67%] [32mBuilding CXX object CMakeFiles/drone_c__rosidl_typesupport_fastrtps_c.dir/rosidl_typesupport_fastrtps_c/drone_c/msg/detail/euler_angles__type_support_c.cpp.o[0m
[3.820s] [ 69%] [32mBuilding CXX object CMakeFiles/drone_c__rosidl_typesupport_fastrtps_c.dir/rosidl_typesupport_fastrtps_c/drone_c/msg/detail/pid__type_support_c.cpp.o[0m
[3.820s] [ 70%] [32mBuilding CXX object CMakeFiles/drone_c__rosidl_typesupport_fastrtps_c.dir/rosidl_typesupport_fastrtps_c/drone_c/msg/detail/motors__type_support_c.cpp.o[0m
[3.830s] [ 72%] [32mBuilding CXX object CMakeFiles/drone_c__rosidl_typesupport_fastrtps_c.dir/rosidl_typesupport_fastrtps_c/drone_c/msg/detail/imu_filter__type_support_c.cpp.o[0m
[4.003s] [ 74%] [32m[1mLinking CXX shared library libdrone_c__rosidl_typesupport_introspection_cpp.so[0m
[4.025s] [ 76%] [32m[1mLinking CXX shared library libdrone_c__rosidl_typesupport_fastrtps_cpp.so[0m
[4.057s] [ 76%] Built target drone_c__rosidl_typesupport_introspection_cpp
[4.108s] [ 76%] Built target drone_c__rosidl_typesupport_fastrtps_cpp
[4.195s] [ 78%] [32m[1mLinking CXX shared library libdrone_c__rosidl_typesupport_fastrtps_c.so[0m
[4.256s] [ 78%] Built target drone_c__rosidl_typesupport_fastrtps_c
[4.273s] [ 78%] Built target drone_c
[4.291s] [ 80%] [34m[1mGenerating Python code for ROS interfaces[0m
[4.734s] [ 80%] Built target drone_c__py
[4.749s] [ 85%] [32mBuilding C object CMakeFiles/drone_c__rosidl_generator_py.dir/rosidl_generator_py/drone_c/msg/_euler_angles_s.c.o[0m
[4.749s] [ 85%] [32mBuilding C object CMakeFiles/drone_c__rosidl_generator_py.dir/rosidl_generator_py/drone_c/msg/_motors_s.c.o[0m
[4.749s] [ 85%] [32mBuilding C object CMakeFiles/drone_c__rosidl_generator_py.dir/rosidl_generator_py/drone_c/msg/_imu_filter_s.c.o[0m
[4.752s] [ 87%] [32mBuilding C object CMakeFiles/drone_c__rosidl_generator_py.dir/rosidl_generator_py/drone_c/msg/_pid_s.c.o[0m
[4.844s] [ 89%] [32m[1mLinking C shared library rosidl_generator_py/drone_c/libdrone_c__rosidl_generator_py.so[0m
[4.878s] [ 89%] Built target drone_c__rosidl_generator_py
[4.892s] [ 90%] [32mBuilding C object CMakeFiles/drone_c__rosidl_typesupport_introspection_c__pyext.dir/rosidl_generator_py/drone_c/_drone_c_s.ep.rosidl_typesupport_introspection_c.c.o[0m
[4.893s] [ 92%] [32mBuilding C object CMakeFiles/drone_c__rosidl_typesupport_c__pyext.dir/rosidl_generator_py/drone_c/_drone_c_s.ep.rosidl_typesupport_c.c.o[0m
[4.893s] [ 94%] [32mBuilding C object CMakeFiles/drone_c__rosidl_typesupport_fastrtps_c__pyext.dir/rosidl_generator_py/drone_c/_drone_c_s.ep.rosidl_typesupport_fastrtps_c.c.o[0m
[4.957s] [ 98%] [32m[1mLinking C shared library rosidl_generator_py/drone_c/drone_c_s__rosidl_typesupport_c.cpython-310-x86_64-linux-gnu.so[0m
[4.957s] [ 98%] [32m[1mLinking C shared library rosidl_generator_py/drone_c/drone_c_s__rosidl_typesupport_introspection_c.cpython-310-x86_64-linux-gnu.so[0m
[4.960s] [100%] [32m[1mLinking C shared library rosidl_generator_py/drone_c/drone_c_s__rosidl_typesupport_fastrtps_c.cpython-310-x86_64-linux-gnu.so[0m
[4.981s] [100%] Built target drone_c__rosidl_typesupport_introspection_c__pyext
[4.982s] [100%] Built target drone_c__rosidl_typesupport_c__pyext
[4.996s] [100%] Built target drone_c__rosidl_typesupport_fastrtps_c__pyext
[5.006s] Invoked command in '/home/naor/Desktop/naor/study/Thesis/build/drone_c' returned '0': CMAKE_PREFIX_PATH=${CMAKE_PREFIX_PATH}:/home/naor/Desktop/naor/study/Thesis/install/roller:/home/naor/Desktop/naor/study/Thesis/install/camera_nav:/home/naor/Desktop/naor/study/Thesis/install/controller:/home/naor/Desktop/naor/work/capsule_repo/install/teensy_ers:/home/naor/Desktop/naor/work/capsule_repo/install/elers_bridge:/opt/ros/humble /usr/bin/cmake --build /home/naor/Desktop/naor/study/Thesis/build/drone_c -- -j16 -l16
[5.007s] Invoking command in '/home/naor/Desktop/naor/study/Thesis/build/drone_c': CMAKE_PREFIX_PATH=${CMAKE_PREFIX_PATH}:/home/naor/Desktop/naor/study/Thesis/install/roller:/home/naor/Desktop/naor/study/Thesis/install/camera_nav:/home/naor/Desktop/naor/study/Thesis/install/controller:/home/naor/Desktop/naor/work/capsule_repo/install/teensy_ers:/home/naor/Desktop/naor/work/capsule_repo/install/elers_bridge:/opt/ros/humble /usr/bin/cmake --install /home/naor/Desktop/naor/study/Thesis/build/drone_c
[5.015s] -- Install configuration: ""
[5.015s] -- Installing: /home/naor/Desktop/naor/study/Thesis/install/drone_c/share/ament_index/resource_index/rosidl_interfaces/drone_c
[5.015s] -- Installing: /home/naor/Desktop/naor/study/Thesis/install/drone_c/include/drone_c/drone_c
[5.015s] -- Installing: /home/naor/Desktop/naor/study/Thesis/install/drone_c/include/drone_c/drone_c/msg
[5.015s] -- Installing: /home/naor/Desktop/naor/study/Thesis/install/drone_c/include/drone_c/drone_c/msg/motors.h
[5.015s] -- Installing: /home/naor/Desktop/naor/study/Thesis/install/drone_c/include/drone_c/drone_c/msg/imu_filter.h
[5.015s] -- Installing: /home/naor/Desktop/naor/study/Thesis/install/drone_c/include/drone_c/drone_c/msg/euler_angles.h
[5.015s] -- Installing: /home/naor/Desktop/naor/study/Thesis/install/drone_c/include/drone_c/drone_c/msg/pid.h
[5.015s] -- Installing: /home/naor/Desktop/naor/study/Thesis/install/drone_c/include/drone_c/drone_c/msg/rosidl_generator_c__visibility_control.h
[5.016s] -- Installing: /home/naor/Desktop/naor/study/Thesis/install/drone_c/include/drone_c/drone_c/msg/detail
[5.016s] -- Installing: /home/naor/Desktop/naor/study/Thesis/install/drone_c/include/drone_c/drone_c/msg/detail/imu_filter__functions.c
[5.016s] -- Installing: /home/naor/Desktop/naor/study/Thesis/install/drone_c/include/drone_c/drone_c/msg/detail/pid__struct.h
[5.016s] -- Installing: /home/naor/Desktop/naor/study/Thesis/install/drone_c/include/drone_c/drone_c/msg/detail/motors__struct.h
[5.016s] -- Installing: /home/naor/Desktop/naor/study/Thesis/install/drone_c/include/drone_c/drone_c/msg/detail/pid__functions.h
[5.016s] -- Installing: /home/naor/Desktop/naor/study/Thesis/install/drone_c/include/drone_c/drone_c/msg/detail/imu_filter__type_support.h
[5.016s] -- Installing: /home/naor/Desktop/naor/study/Thesis/install/drone_c/include/drone_c/drone_c/msg/detail/euler_angles__functions.h
[5.016s] -- Installing: /home/naor/Desktop/naor/study/Thesis/install/drone_c/include/drone_c/drone_c/msg/detail/pid__type_support.h
[5.016s] -- Installing: /home/naor/Desktop/naor/study/Thesis/install/drone_c/include/drone_c/drone_c/msg/detail/motors__functions.h
[5.016s] -- Installing: /home/naor/Desktop/naor/study/Thesis/install/drone_c/include/drone_c/drone_c/msg/detail/motors__type_support.h
[5.016s] -- Installing: /home/naor/Desktop/naor/study/Thesis/install/drone_c/include/drone_c/drone_c/msg/detail/euler_angles__type_support.h
[5.016s] -- Installing: /home/naor/Desktop/naor/study/Thesis/install/drone_c/include/drone_c/drone_c/msg/detail/motors__functions.c
[5.016s] -- Installing: /home/naor/Desktop/naor/study/Thesis/install/drone_c/include/drone_c/drone_c/msg/detail/imu_filter__functions.h
[5.016s] -- Installing: /home/naor/Desktop/naor/study/Thesis/install/drone_c/include/drone_c/drone_c/msg/detail/euler_angles__functions.c
[5.016s] -- Installing: /home/naor/Desktop/naor/study/Thesis/install/drone_c/include/drone_c/drone_c/msg/detail/pid__functions.c
[5.016s] -- Installing: /home/naor/Desktop/naor/study/Thesis/install/drone_c/include/drone_c/drone_c/msg/detail/euler_angles__struct.h
[5.016s] -- Installing: /home/naor/Desktop/naor/study/Thesis/install/drone_c/include/drone_c/drone_c/msg/detail/imu_filter__struct.h
[5.016s] -- Installing: /home/naor/Desktop/naor/study/Thesis/install/drone_c/share/drone_c/environment/library_path.sh
[5.016s] -- Installing: /home/naor/Desktop/naor/study/Thesis/install/drone_c/share/drone_c/environment/library_path.dsv
[5.017s] -- Installing: /home/naor/Desktop/naor/study/Thesis/install/drone_c/lib/libdrone_c__rosidl_generator_c.so
[5.017s] -- Set runtime path of "/home/naor/Desktop/naor/study/Thesis/install/drone_c/lib/libdrone_c__rosidl_generator_c.so" to ""
[5.017s] -- Up-to-date: /home/naor/Desktop/naor/study/Thesis/install/drone_c/include/drone_c/drone_c
[5.017s] -- Up-to-date: /home/naor/Desktop/naor/study/Thesis/install/drone_c/include/drone_c/drone_c/msg
[5.017s] -- Installing: /home/naor/Desktop/naor/study/Thesis/install/drone_c/include/drone_c/drone_c/msg/rosidl_typesupport_fastrtps_c__visibility_control.h
[5.017s] -- Up-to-date: /home/naor/Desktop/naor/study/Thesis/install/drone_c/include/drone_c/drone_c/msg/detail
[5.017s] -- Installing: /home/naor/Desktop/naor/study/Thesis/install/drone_c/include/drone_c/drone_c/msg/detail/euler_angles__rosidl_typesupport_fastrtps_c.h
[5.017s] -- Installing: /home/naor/Desktop/naor/study/Thesis/install/drone_c/include/drone_c/drone_c/msg/detail/imu_filter__rosidl_typesupport_fastrtps_c.h
[5.017s] -- Installing: /home/naor/Desktop/naor/study/Thesis/install/drone_c/include/drone_c/drone_c/msg/detail/pid__rosidl_typesupport_fastrtps_c.h
[5.017s] -- Installing: /home/naor/Desktop/naor/study/Thesis/install/drone_c/include/drone_c/drone_c/msg/detail/motors__rosidl_typesupport_fastrtps_c.h
[5.017s] -- Installing: /home/naor/Desktop/naor/study/Thesis/install/drone_c/lib/libdrone_c__rosidl_typesupport_fastrtps_c.so
[5.017s] -- Set runtime path of "/home/naor/Desktop/naor/study/Thesis/install/drone_c/lib/libdrone_c__rosidl_typesupport_fastrtps_c.so" to ""
[5.017s] -- Up-to-date: /home/naor/Desktop/naor/study/Thesis/install/drone_c/include/drone_c/drone_c
[5.018s] -- Up-to-date: /home/naor/Desktop/naor/study/Thesis/install/drone_c/include/drone_c/drone_c/msg
[5.018s] -- Installing: /home/naor/Desktop/naor/study/Thesis/install/drone_c/include/drone_c/drone_c/msg/pid.hpp
[5.018s] -- Installing: /home/naor/Desktop/naor/study/Thesis/install/drone_c/include/drone_c/drone_c/msg/motors.hpp
[5.018s] -- Installing: /home/naor/Desktop/naor/study/Thesis/install/drone_c/include/drone_c/drone_c/msg/rosidl_generator_cpp__visibility_control.hpp
[5.018s] -- Installing: /home/naor/Desktop/naor/study/Thesis/install/drone_c/include/drone_c/drone_c/msg/euler_angles.hpp
[5.018s] -- Installing: /home/naor/Desktop/naor/study/Thesis/install/drone_c/include/drone_c/drone_c/msg/imu_filter.hpp
[5.018s] -- Up-to-date: /home/naor/Desktop/naor/study/Thesis/install/drone_c/include/drone_c/drone_c/msg/detail
[5.018s] -- Installing: /home/naor/Desktop/naor/study/Thesis/install/drone_c/include/drone_c/drone_c/msg/detail/motors__traits.hpp
[5.018s] -- Installing: /home/naor/Desktop/naor/study/Thesis/install/drone_c/include/drone_c/drone_c/msg/detail/imu_filter__struct.hpp
[5.018s] -- Installing: /home/naor/Desktop/naor/study/Thesis/install/drone_c/include/drone_c/drone_c/msg/detail/pid__type_support.hpp
[5.018s] -- Installing: /home/naor/Desktop/naor/study/Thesis/install/drone_c/include/drone_c/drone_c/msg/detail/euler_angles__struct.hpp
[5.018s] -- Installing: /home/naor/Desktop/naor/study/Thesis/install/drone_c/include/drone_c/drone_c/msg/detail/euler_angles__traits.hpp
[5.018s] -- Installing: /home/naor/Desktop/naor/study/Thesis/install/drone_c/include/drone_c/drone_c/msg/detail/motors__builder.hpp
[5.018s] -- Installing: /home/naor/Desktop/naor/study/Thesis/install/drone_c/include/drone_c/drone_c/msg/detail/motors__struct.hpp
[5.018s] -- Installing: /home/naor/Desktop/naor/study/Thesis/install/drone_c/include/drone_c/drone_c/msg/detail/imu_filter__builder.hpp
[5.018s] -- Installing: /home/naor/Desktop/naor/study/Thesis/install/drone_c/include/drone_c/drone_c/msg/detail/pid__struct.hpp
[5.018s] -- Installing: /home/naor/Desktop/naor/study/Thesis/install/drone_c/include/drone_c/drone_c/msg/detail/euler_angles__type_support.hpp
[5.019s] -- Installing: /home/naor/Desktop/naor/study/Thesis/install/drone_c/include/drone_c/drone_c/msg/detail/imu_filter__traits.hpp
[5.019s] -- Installing: /home/naor/Desktop/naor/study/Thesis/install/drone_c/include/drone_c/drone_c/msg/detail/motors__type_support.hpp
[5.019s] -- Installing: /home/naor/Desktop/naor/study/Thesis/install/drone_c/include/drone_c/drone_c/msg/detail/pid__builder.hpp
[5.019s] -- Installing: /home/naor/Desktop/naor/study/Thesis/install/drone_c/include/drone_c/drone_c/msg/detail/pid__traits.hpp
[5.019s] -- Installing: /home/naor/Desktop/naor/study/Thesis/install/drone_c/include/drone_c/drone_c/msg/detail/imu_filter__type_support.hpp
[5.019s] -- Installing: /home/naor/Desktop/naor/study/Thesis/install/drone_c/include/drone_c/drone_c/msg/detail/euler_angles__builder.hpp
[5.019s] -- Up-to-date: /home/naor/Desktop/naor/study/Thesis/install/drone_c/include/drone_c/drone_c
[5.019s] -- Up-to-date: /home/naor/Desktop/naor/study/Thesis/install/drone_c/include/drone_c/drone_c/msg
[5.019s] -- Installing: /home/naor/Desktop/naor/study/Thesis/install/drone_c/include/drone_c/drone_c/msg/rosidl_typesupport_fastrtps_cpp__visibility_control.h
[5.019s] -- Up-to-date: /home/naor/Desktop/naor/study/Thesis/install/drone_c/include/drone_c/drone_c/msg/detail
[5.019s] -- Installing: /home/naor/Desktop/naor/study/Thesis/install/drone_c/include/drone_c/drone_c/msg/detail/euler_angles__rosidl_typesupport_fastrtps_cpp.hpp
[5.019s] -- Installing: /home/naor/Desktop/naor/study/Thesis/install/drone_c/include/drone_c/drone_c/msg/detail/imu_filter__rosidl_typesupport_fastrtps_cpp.hpp
[5.019s] -- Installing: /home/naor/Desktop/naor/study/Thesis/install/drone_c/include/drone_c/drone_c/msg/detail/dds_fastrtps
[5.019s] -- Installing: /home/naor/Desktop/naor/study/Thesis/install/drone_c/include/drone_c/drone_c/msg/detail/motors__rosidl_typesupport_fastrtps_cpp.hpp
[5.019s] -- Installing: /home/naor/Desktop/naor/study/Thesis/install/drone_c/include/drone_c/drone_c/msg/detail/pid__rosidl_typesupport_fastrtps_cpp.hpp
[5.019s] -- Installing: /home/naor/Desktop/naor/study/Thesis/install/drone_c/lib/libdrone_c__rosidl_typesupport_fastrtps_cpp.so
[5.020s] -- Set runtime path of "/home/naor/Desktop/naor/study/Thesis/install/drone_c/lib/libdrone_c__rosidl_typesupport_fastrtps_cpp.so" to ""
[5.020s] -- Up-to-date: /home/naor/Desktop/naor/study/Thesis/install/drone_c/include/drone_c/drone_c
[5.020s] -- Up-to-date: /home/naor/Desktop/naor/study/Thesis/install/drone_c/include/drone_c/drone_c/msg
[5.020s] -- Installing: /home/naor/Desktop/naor/study/Thesis/install/drone_c/include/drone_c/drone_c/msg/rosidl_typesupport_introspection_c__visibility_control.h
[5.020s] -- Up-to-date: /home/naor/Desktop/naor/study/Thesis/install/drone_c/include/drone_c/drone_c/msg/detail
[5.020s] -- Installing: /home/naor/Desktop/naor/study/Thesis/install/drone_c/include/drone_c/drone_c/msg/detail/pid__rosidl_typesupport_introspection_c.h
[5.020s] -- Installing: /home/naor/Desktop/naor/study/Thesis/install/drone_c/include/drone_c/drone_c/msg/detail/motors__type_support.c
[5.020s] -- Installing: /home/naor/Desktop/naor/study/Thesis/install/drone_c/include/drone_c/drone_c/msg/detail/euler_angles__type_support.c
[5.020s] -- Installing: /home/naor/Desktop/naor/study/Thesis/install/drone_c/include/drone_c/drone_c/msg/detail/motors__rosidl_typesupport_introspection_c.h
[5.020s] -- Installing: /home/naor/Desktop/naor/study/Thesis/install/drone_c/include/drone_c/drone_c/msg/detail/pid__type_support.c
[5.021s] -- Installing: /home/naor/Desktop/naor/study/Thesis/install/drone_c/include/drone_c/drone_c/msg/detail/imu_filter__rosidl_typesupport_introspection_c.h
[5.021s] -- Installing: /home/naor/Desktop/naor/study/Thesis/install/drone_c/include/drone_c/drone_c/msg/detail/imu_filter__type_support.c
[5.021s] -- Installing: /home/naor/Desktop/naor/study/Thesis/install/drone_c/include/drone_c/drone_c/msg/detail/euler_angles__rosidl_typesupport_introspection_c.h
[5.021s] -- Installing: /home/naor/Desktop/naor/study/Thesis/install/drone_c/lib/libdrone_c__rosidl_typesupport_introspection_c.so
[5.021s] -- Set runtime path of "/home/naor/Desktop/naor/study/Thesis/install/drone_c/lib/libdrone_c__rosidl_typesupport_introspection_c.so" to ""
[5.021s] -- Installing: /home/naor/Desktop/naor/study/Thesis/install/drone_c/lib/libdrone_c__rosidl_typesupport_c.so
[5.021s] -- Set runtime path of "/home/naor/Desktop/naor/study/Thesis/install/drone_c/lib/libdrone_c__rosidl_typesupport_c.so" to ""
[5.021s] -- Up-to-date: /home/naor/Desktop/naor/study/Thesis/install/drone_c/include/drone_c/drone_c
[5.021s] -- Up-to-date: /home/naor/Desktop/naor/study/Thesis/install/drone_c/include/drone_c/drone_c/msg
[5.021s] -- Up-to-date: /home/naor/Desktop/naor/study/Thesis/install/drone_c/include/drone_c/drone_c/msg/detail
[5.022s] -- Installing: /home/naor/Desktop/naor/study/Thesis/install/drone_c/include/drone_c/drone_c/msg/detail/motors__type_support.cpp
[5.022s] -- Installing: /home/naor/Desktop/naor/study/Thesis/install/drone_c/include/drone_c/drone_c/msg/detail/imu_filter__rosidl_typesupport_introspection_cpp.hpp
[5.022s] -- Installing: /home/naor/Desktop/naor/study/Thesis/install/drone_c/include/drone_c/drone_c/msg/detail/pid__type_support.cpp
[5.022s] -- Installing: /home/naor/Desktop/naor/study/Thesis/install/drone_c/include/drone_c/drone_c/msg/detail/euler_angles__rosidl_typesupport_introspection_cpp.hpp
[5.022s] -- Installing: /home/naor/Desktop/naor/study/Thesis/install/drone_c/include/drone_c/drone_c/msg/detail/imu_filter__type_support.cpp
[5.022s] -- Installing: /home/naor/Desktop/naor/study/Thesis/install/drone_c/include/drone_c/drone_c/msg/detail/euler_angles__type_support.cpp
[5.022s] -- Installing: /home/naor/Desktop/naor/study/Thesis/install/drone_c/include/drone_c/drone_c/msg/detail/pid__rosidl_typesupport_introspection_cpp.hpp
[5.022s] -- Installing: /home/naor/Desktop/naor/study/Thesis/install/drone_c/include/drone_c/drone_c/msg/detail/motors__rosidl_typesupport_introspection_cpp.hpp
[5.022s] -- Installing: /home/naor/Desktop/naor/study/Thesis/install/drone_c/lib/libdrone_c__rosidl_typesupport_introspection_cpp.so
[5.022s] -- Set runtime path of "/home/naor/Desktop/naor/study/Thesis/install/drone_c/lib/libdrone_c__rosidl_typesupport_introspection_cpp.so" to ""
[5.023s] -- Installing: /home/naor/Desktop/naor/study/Thesis/install/drone_c/lib/libdrone_c__rosidl_typesupport_cpp.so
[5.023s] -- Set runtime path of "/home/naor/Desktop/naor/study/Thesis/install/drone_c/lib/libdrone_c__rosidl_typesupport_cpp.so" to ""
[5.023s] -- Installing: /home/naor/Desktop/naor/study/Thesis/install/drone_c/share/drone_c/environment/pythonpath.sh
[5.023s] -- Installing: /home/naor/Desktop/naor/study/Thesis/install/drone_c/share/drone_c/environment/pythonpath.dsv
[5.023s] -- Installing: /home/naor/Desktop/naor/study/Thesis/install/drone_c/local/lib/python3.10/dist-packages/drone_c-0.0.1-py3.10.egg-info
[5.023s] -- Installing: /home/naor/Desktop/naor/study/Thesis/install/drone_c/local/lib/python3.10/dist-packages/drone_c-0.0.1-py3.10.egg-info/SOURCES.txt
[5.023s] -- Installing: /home/naor/Desktop/naor/study/Thesis/install/drone_c/local/lib/python3.10/dist-packages/drone_c-0.0.1-py3.10.egg-info/PKG-INFO
[5.023s] -- Installing: /home/naor/Desktop/naor/study/Thesis/install/drone_c/local/lib/python3.10/dist-packages/drone_c-0.0.1-py3.10.egg-info/dependency_links.txt
[5.023s] -- Installing: /home/naor/Desktop/naor/study/Thesis/install/drone_c/local/lib/python3.10/dist-packages/drone_c-0.0.1-py3.10.egg-info/top_level.txt
[5.023s] -- Installing: /home/naor/Desktop/naor/study/Thesis/install/drone_c/local/lib/python3.10/dist-packages/drone_c
[5.023s] -- Installing: /home/naor/Desktop/naor/study/Thesis/install/drone_c/local/lib/python3.10/dist-packages/drone_c/drone_c_s__rosidl_typesupport_fastrtps_c.cpython-310-x86_64-linux-gnu.so
[5.024s] -- Installing: /home/naor/Desktop/naor/study/Thesis/install/drone_c/local/lib/python3.10/dist-packages/drone_c/__init__.py
[5.024s] -- Installing: /home/naor/Desktop/naor/study/Thesis/install/drone_c/local/lib/python3.10/dist-packages/drone_c/msg
[5.024s] -- Installing: /home/naor/Desktop/naor/study/Thesis/install/drone_c/local/lib/python3.10/dist-packages/drone_c/msg/_motors_s.c
[5.024s] -- Installing: /home/naor/Desktop/naor/study/Thesis/install/drone_c/local/lib/python3.10/dist-packages/drone_c/msg/__init__.py
[5.024s] -- Installing: /home/naor/Desktop/naor/study/Thesis/install/drone_c/local/lib/python3.10/dist-packages/drone_c/msg/_pid.py
[5.024s] -- Installing: /home/naor/Desktop/naor/study/Thesis/install/drone_c/local/lib/python3.10/dist-packages/drone_c/msg/_euler_angles_s.c
[5.024s] -- Installing: /home/naor/Desktop/naor/study/Thesis/install/drone_c/local/lib/python3.10/dist-packages/drone_c/msg/_imu_filter.py
[5.024s] -- Installing: /home/naor/Desktop/naor/study/Thesis/install/drone_c/local/lib/python3.10/dist-packages/drone_c/msg/_euler_angles.py
[5.024s] -- Installing: /home/naor/Desktop/naor/study/Thesis/install/drone_c/local/lib/python3.10/dist-packages/drone_c/msg/_pid_s.c
[5.024s] -- Installing: /home/naor/Desktop/naor/study/Thesis/install/drone_c/local/lib/python3.10/dist-packages/drone_c/msg/_imu_filter_s.c
[5.024s] -- Installing: /home/naor/Desktop/naor/study/Thesis/install/drone_c/local/lib/python3.10/dist-packages/drone_c/msg/_motors.py
[5.024s] -- Installing: /home/naor/Desktop/naor/study/Thesis/install/drone_c/local/lib/python3.10/dist-packages/drone_c/_drone_c_s.ep.rosidl_typesupport_c.c
[5.024s] -- Installing: /home/naor/Desktop/naor/study/Thesis/install/drone_c/local/lib/python3.10/dist-packages/drone_c/_drone_c_s.ep.rosidl_typesupport_fastrtps_c.c
[5.025s] -- Installing: /home/naor/Desktop/naor/study/Thesis/install/drone_c/local/lib/python3.10/dist-packages/drone_c/libdrone_c__rosidl_generator_py.so
[5.025s] -- Installing: /home/naor/Desktop/naor/study/Thesis/install/drone_c/local/lib/python3.10/dist-packages/drone_c/drone_c_s__rosidl_typesupport_c.cpython-310-x86_64-linux-gnu.so
[5.025s] -- Installing: /home/naor/Desktop/naor/study/Thesis/install/drone_c/local/lib/python3.10/dist-packages/drone_c/drone_c_s__rosidl_typesupport_introspection_c.cpython-310-x86_64-linux-gnu.so
[5.025s] -- Installing: /home/naor/Desktop/naor/study/Thesis/install/drone_c/local/lib/python3.10/dist-packages/drone_c/_drone_c_s.ep.rosidl_typesupport_introspection_c.c
[5.055s] Listing '/home/naor/Desktop/naor/study/Thesis/install/drone_c/local/lib/python3.10/dist-packages/drone_c'...
[5.055s] Compiling '/home/naor/Desktop/naor/study/Thesis/install/drone_c/local/lib/python3.10/dist-packages/drone_c/__init__.py'...
[5.055s] Listing '/home/naor/Desktop/naor/study/Thesis/install/drone_c/local/lib/python3.10/dist-packages/drone_c/msg'...
[5.055s] Compiling '/home/naor/Desktop/naor/study/Thesis/install/drone_c/local/lib/python3.10/dist-packages/drone_c/msg/__init__.py'...
[5.055s] Compiling '/home/naor/Desktop/naor/study/Thesis/install/drone_c/local/lib/python3.10/dist-packages/drone_c/msg/_euler_angles.py'...
[5.055s] Compiling '/home/naor/Desktop/naor/study/Thesis/install/drone_c/local/lib/python3.10/dist-packages/drone_c/msg/_imu_filter.py'...
[5.055s] Compiling '/home/naor/Desktop/naor/study/Thesis/install/drone_c/local/lib/python3.10/dist-packages/drone_c/msg/_motors.py'...
[5.055s] Compiling '/home/naor/Desktop/naor/study/Thesis/install/drone_c/local/lib/python3.10/dist-packages/drone_c/msg/_pid.py'...
[5.058s] -- Installing: /home/naor/Desktop/naor/study/Thesis/install/drone_c/local/lib/python3.10/dist-packages/drone_c/drone_c_s__rosidl_typesupport_fastrtps_c.cpython-310-x86_64-linux-gnu.so
[5.059s] -- Set runtime path of "/home/naor/Desktop/naor/study/Thesis/install/drone_c/local/lib/python3.10/dist-packages/drone_c/drone_c_s__rosidl_typesupport_fastrtps_c.cpython-310-x86_64-linux-gnu.so" to ""
[5.059s] -- Installing: /home/naor/Desktop/naor/study/Thesis/install/drone_c/local/lib/python3.10/dist-packages/drone_c/drone_c_s__rosidl_typesupport_introspection_c.cpython-310-x86_64-linux-gnu.so
[5.059s] -- Set runtime path of "/home/naor/Desktop/naor/study/Thesis/install/drone_c/local/lib/python3.10/dist-packages/drone_c/drone_c_s__rosidl_typesupport_introspection_c.cpython-310-x86_64-linux-gnu.so" to ""
[5.059s] -- Installing: /home/naor/Desktop/naor/study/Thesis/install/drone_c/local/lib/python3.10/dist-packages/drone_c/drone_c_s__rosidl_typesupport_c.cpython-310-x86_64-linux-gnu.so
[5.059s] -- Set runtime path of "/home/naor/Desktop/naor/study/Thesis/install/drone_c/local/lib/python3.10/dist-packages/drone_c/drone_c_s__rosidl_typesupport_c.cpython-310-x86_64-linux-gnu.so" to ""
[5.059s] -- Installing: /home/naor/Desktop/naor/study/Thesis/install/drone_c/lib/libdrone_c__rosidl_generator_py.so
[5.060s] -- Set runtime path of "/home/naor/Desktop/naor/study/Thesis/install/drone_c/lib/libdrone_c__rosidl_generator_py.so" to ""
[5.060s] -- Installing: /home/naor/Desktop/naor/study/Thesis/install/drone_c/share/drone_c/msg/Pid.idl
[5.060s] -- Installing: /home/naor/Desktop/naor/study/Thesis/install/drone_c/share/drone_c/msg/EulerAngles.idl
[5.060s] -- Installing: /home/naor/Desktop/naor/study/Thesis/install/drone_c/share/drone_c/msg/Motors.idl
[5.060s] -- Installing: /home/naor/Desktop/naor/study/Thesis/install/drone_c/share/drone_c/msg/ImuFilter.idl
[5.060s] -- Installing: /home/naor/Desktop/naor/study/Thesis/install/drone_c/share/drone_c/msg/Pid.msg
[5.060s] -- Installing: /home/naor/Desktop/naor/study/Thesis/install/drone_c/share/drone_c/msg/EulerAngles.msg
[5.060s] -- Installing: /home/naor/Desktop/naor/study/Thesis/install/drone_c/share/drone_c/msg/Motors.msg
[5.060s] -- Installing: /home/naor/Desktop/naor/study/Thesis/install/drone_c/share/drone_c/msg/ImuFilter.msg
[5.060s] -- Installing: /home/naor/Desktop/naor/study/Thesis/install/drone_c/lib/drone_c/rtcom_teensy_ros.py
[5.061s] -- Installing: /home/naor/Desktop/naor/study/Thesis/install/drone_c/share/ament_index/resource_index/package_run_dependencies/drone_c
[5.061s] -- Installing: /home/naor/Desktop/naor/study/Thesis/install/drone_c/share/ament_index/resource_index/parent_prefix_path/drone_c
[5.061s] -- Installing: /home/naor/Desktop/naor/study/Thesis/install/drone_c/share/drone_c/environment/ament_prefix_path.sh
[5.062s] -- Installing: /home/naor/Desktop/naor/study/Thesis/install/drone_c/share/drone_c/environment/ament_prefix_path.dsv
[5.062s] -- Installing: /home/naor/Desktop/naor/study/Thesis/install/drone_c/share/drone_c/environment/path.sh
[5.062s] -- Installing: /home/naor/Desktop/naor/study/Thesis/install/drone_c/share/drone_c/environment/path.dsv
[5.062s] -- Installing: /home/naor/Desktop/naor/study/Thesis/install/drone_c/share/drone_c/local_setup.bash
[5.062s] -- Installing: /home/naor/Desktop/naor/study/Thesis/install/drone_c/share/drone_c/local_setup.sh
[5.062s] -- Installing: /home/naor/Desktop/naor/study/Thesis/install/drone_c/share/drone_c/local_setup.zsh
[5.062s] -- Installing: /home/naor/Desktop/naor/study/Thesis/install/drone_c/share/drone_c/local_setup.dsv
[5.062s] -- Installing: /home/naor/Desktop/naor/study/Thesis/install/drone_c/share/drone_c/package.dsv
[5.062s] -- Installing: /home/naor/Desktop/naor/study/Thesis/install/drone_c/share/ament_index/resource_index/packages/drone_c
[5.062s] -- Installing: /home/naor/Desktop/naor/study/Thesis/install/drone_c/share/drone_c/cmake/export_drone_c__rosidl_generator_cExport.cmake
[5.062s] -- Installing: /home/naor/Desktop/naor/study/Thesis/install/drone_c/share/drone_c/cmake/export_drone_c__rosidl_generator_cExport-noconfig.cmake
[5.062s] -- Installing: /home/naor/Desktop/naor/study/Thesis/install/drone_c/share/drone_c/cmake/export_drone_c__rosidl_typesupport_fastrtps_cExport.cmake
[5.062s] -- Installing: /home/naor/Desktop/naor/study/Thesis/install/drone_c/share/drone_c/cmake/export_drone_c__rosidl_typesupport_fastrtps_cExport-noconfig.cmake
[5.062s] -- Installing: /home/naor/Desktop/naor/study/Thesis/install/drone_c/share/drone_c/cmake/export_drone_c__rosidl_generator_cppExport.cmake
[5.063s] -- Installing: /home/naor/Desktop/naor/study/Thesis/install/drone_c/share/drone_c/cmake/export_drone_c__rosidl_typesupport_fastrtps_cppExport.cmake
[5.063s] -- Installing: /home/naor/Desktop/naor/study/Thesis/install/drone_c/share/drone_c/cmake/export_drone_c__rosidl_typesupport_fastrtps_cppExport-noconfig.cmake
[5.063s] -- Installing: /home/naor/Desktop/naor/study/Thesis/install/drone_c/share/drone_c/cmake/drone_c__rosidl_typesupport_introspection_cExport.cmake
[5.063s] -- Installing: /home/naor/Desktop/naor/study/Thesis/install/drone_c/share/drone_c/cmake/drone_c__rosidl_typesupport_introspection_cExport-noconfig.cmake
[5.063s] -- Installing: /home/naor/Desktop/naor/study/Thesis/install/drone_c/share/drone_c/cmake/drone_c__rosidl_typesupport_cExport.cmake
[5.063s] -- Installing: /home/naor/Desktop/naor/study/Thesis/install/drone_c/share/drone_c/cmake/drone_c__rosidl_typesupport_cExport-noconfig.cmake
[5.063s] -- Installing: /home/naor/Desktop/naor/study/Thesis/install/drone_c/share/drone_c/cmake/drone_c__rosidl_typesupport_introspection_cppExport.cmake
[5.063s] -- Installing: /home/naor/Desktop/naor/study/Thesis/install/drone_c/share/drone_c/cmake/drone_c__rosidl_typesupport_introspection_cppExport-noconfig.cmake
[5.063s] -- Installing: /home/naor/Desktop/naor/study/Thesis/install/drone_c/share/drone_c/cmake/drone_c__rosidl_typesupport_cppExport.cmake
[5.063s] -- Installing: /home/naor/Desktop/naor/study/Thesis/install/drone_c/share/drone_c/cmake/drone_c__rosidl_typesupport_cppExport-noconfig.cmake
[5.063s] -- Installing: /home/naor/Desktop/naor/study/Thesis/install/drone_c/share/drone_c/cmake/export_drone_c__rosidl_generator_pyExport.cmake
[5.063s] -- Installing: /home/naor/Desktop/naor/study/Thesis/install/drone_c/share/drone_c/cmake/export_drone_c__rosidl_generator_pyExport-noconfig.cmake
[5.063s] -- Installing: /home/naor/Desktop/naor/study/Thesis/install/drone_c/share/drone_c/cmake/rosidl_cmake-extras.cmake
[5.064s] -- Installing: /home/naor/Desktop/naor/study/Thesis/install/drone_c/share/drone_c/cmake/ament_cmake_export_dependencies-extras.cmake
[5.064s] -- Installing: /home/naor/Desktop/naor/study/Thesis/install/drone_c/share/drone_c/cmake/ament_cmake_export_include_directories-extras.cmake
[5.064s] -- Installing: /home/naor/Desktop/naor/study/Thesis/install/drone_c/share/drone_c/cmake/ament_cmake_export_libraries-extras.cmake
[5.064s] -- Installing: /home/naor/Desktop/naor/study/Thesis/install/drone_c/share/drone_c/cmake/ament_cmake_export_targets-extras.cmake
[5.064s] -- Installing: /home/naor/Desktop/naor/study/Thesis/install/drone_c/share/drone_c/cmake/rosidl_cmake_export_typesupport_targets-extras.cmake
[5.064s] -- Installing: /home/naor/Desktop/naor/study/Thesis/install/drone_c/share/drone_c/cmake/rosidl_cmake_export_typesupport_libraries-extras.cmake
[5.064s] -- Installing: /home/naor/Desktop/naor/study/Thesis/install/drone_c/share/drone_c/cmake/drone_cConfig.cmake
[5.064s] -- Installing: /home/naor/Desktop/naor/study/Thesis/install/drone_c/share/drone_c/cmake/drone_cConfig-version.cmake
[5.064s] -- Installing: /home/naor/Desktop/naor/study/Thesis/install/drone_c/share/drone_c/package.xml
[5.066s] Invoked command in '/home/naor/Desktop/naor/study/Thesis/build/drone_c' returned '0': CMAKE_PREFIX_PATH=${CMAKE_PREFIX_PATH}:/home/naor/Desktop/naor/study/Thesis/install/roller:/home/naor/Desktop/naor/study/Thesis/install/camera_nav:/home/naor/Desktop/naor/study/Thesis/install/controller:/home/naor/Desktop/naor/work/capsule_repo/install/teensy_ers:/home/naor/Desktop/naor/work/capsule_repo/install/elers_bridge:/opt/ros/humble /usr/bin/cmake --install /home/naor/Desktop/naor/study/Thesis/build/drone_c
