[0.077s] DEBUG:colcon:Command line arguments: ['/usr/bin/colcon', 'build']
[0.077s] DEBUG:colcon:Parsed command line arguments: Namespace(log_base=None, log_level=None, verb_name='build', build_base='build', install_base='install', merge_install=False, symlink_install=False, test_result_base=None, continue_on_error=False, executor='parallel', parallel_workers=16, event_handlers=None, ignore_user_meta=False, metas=['./colcon.meta'], base_paths=['.'], packages_ignore=None, packages_ignore_regex=None, paths=None, packages_up_to=None, packages_up_to_regex=None, packages_above=None, packages_above_and_dependencies=None, packages_above_depth=None, packages_select_by_dep=None, packages_skip_by_dep=None, packages_skip_up_to=None, packages_select_build_failed=False, packages_skip_build_finished=False, packages_select_test_failures=False, packages_skip_test_passed=False, packages_select=None, packages_skip=None, packages_select_regex=None, packages_skip_regex=None, packages_start=None, packages_end=None, allow_overriding=[], cmake_args=None, cmake_target=None, cmake_target_skip_unavailable=False, cmake_clean_cache=False, cmake_clean_first=False, cmake_force_configure=False, ament_cmake_args=None, catkin_cmake_args=None, catkin_skip_building_tests=False, mixin_files=None, mixin=None, verb_parser=<colcon_mixin.mixin.mixin_argument.MixinArgumentDecorator object at 0x70beebc103d0>, verb_extension=<colcon_core.verb.build.BuildVerb object at 0x70beebddbd90>, main=<bound method BuildVerb.main of <colcon_core.verb.build.BuildVerb object at 0x70beebddbd90>>, mixin_verb=('build',))
[0.102s] Level 1:colcon.colcon_core.package_discovery:discover_packages(colcon_meta) check parameters
[0.103s] Level 1:colcon.colcon_core.package_discovery:discover_packages(recursive) check parameters
[0.103s] Level 1:colcon.colcon_core.package_discovery:discover_packages(ignore) check parameters
[0.103s] Level 1:colcon.colcon_core.package_discovery:discover_packages(path) check parameters
[0.103s] Level 1:colcon.colcon_core.package_discovery:discover_packages(colcon_meta) discover
[0.103s] Level 1:colcon.colcon_core.package_discovery:discover_packages(recursive) discover
[0.103s] INFO:colcon.colcon_core.package_discovery:Crawling recursively for packages in '/home/naor/Desktop/naor/study/Thesis'
[0.103s] Level 1:colcon.colcon_core.package_identification:_identify(.) by extensions ['ignore', 'ignore_ament_install']
[0.103s] Level 1:colcon.colcon_core.package_identification:_identify(.) by extension 'ignore'
[0.103s] Level 1:colcon.colcon_core.package_identification:_identify(.) by extension 'ignore_ament_install'
[0.103s] Level 1:colcon.colcon_core.package_identification:_identify(.) by extensions ['colcon_pkg']
[0.103s] Level 1:colcon.colcon_core.package_identification:_identify(.) by extension 'colcon_pkg'
[0.103s] Level 1:colcon.colcon_core.package_identification:_identify(.) by extensions ['colcon_meta']
[0.103s] Level 1:colcon.colcon_core.package_identification:_identify(.) by extension 'colcon_meta'
[0.103s] Level 1:colcon.colcon_core.package_identification:_identify(.) by extensions ['ros']
[0.103s] Level 1:colcon.colcon_core.package_identification:_identify(.) by extension 'ros'
[0.113s] Level 1:colcon.colcon_core.package_identification:_identify(.) by extensions ['cmake', 'python']
[0.113s] Level 1:colcon.colcon_core.package_identification:_identify(.) by extension 'cmake'
[0.113s] Level 1:colcon.colcon_core.package_identification:_identify(.) by extension 'python'
[0.113s] Level 1:colcon.colcon_core.package_identification:_identify(.) by extensions ['python_setup_py']
[0.113s] Level 1:colcon.colcon_core.package_identification:_identify(.) by extension 'python_setup_py'
[0.113s] Level 1:colcon.colcon_core.package_identification:_identify(build) by extensions ['ignore', 'ignore_ament_install']
[0.113s] Level 1:colcon.colcon_core.package_identification:_identify(build) by extension 'ignore'
[0.113s] Level 1:colcon.colcon_core.package_identification:_identify(build) ignored
[0.113s] Level 1:colcon.colcon_core.package_identification:_identify(install) by extensions ['ignore', 'ignore_ament_install']
[0.113s] Level 1:colcon.colcon_core.package_identification:_identify(install) by extension 'ignore'
[0.113s] Level 1:colcon.colcon_core.package_identification:_identify(install) ignored
[0.113s] Level 1:colcon.colcon_core.package_identification:_identify(log) by extensions ['ignore', 'ignore_ament_install']
[0.113s] Level 1:colcon.colcon_core.package_identification:_identify(log) by extension 'ignore'
[0.113s] Level 1:colcon.colcon_core.package_identification:_identify(log) ignored
[0.113s] Level 1:colcon.colcon_core.package_identification:_identify(src) by extensions ['ignore', 'ignore_ament_install']
[0.113s] Level 1:colcon.colcon_core.package_identification:_identify(src) by extension 'ignore'
[0.113s] Level 1:colcon.colcon_core.package_identification:_identify(src) by extension 'ignore_ament_install'
[0.113s] Level 1:colcon.colcon_core.package_identification:_identify(src) by extensions ['colcon_pkg']
[0.113s] Level 1:colcon.colcon_core.package_identification:_identify(src) by extension 'colcon_pkg'
[0.113s] Level 1:colcon.colcon_core.package_identification:_identify(src) by extensions ['colcon_meta']
[0.113s] Level 1:colcon.colcon_core.package_identification:_identify(src) by extension 'colcon_meta'
[0.114s] Level 1:colcon.colcon_core.package_identification:_identify(src) by extensions ['ros']
[0.114s] Level 1:colcon.colcon_core.package_identification:_identify(src) by extension 'ros'
[0.114s] Level 1:colcon.colcon_core.package_identification:_identify(src) by extensions ['cmake', 'python']
[0.114s] Level 1:colcon.colcon_core.package_identification:_identify(src) by extension 'cmake'
[0.114s] Level 1:colcon.colcon_core.package_identification:_identify(src) by extension 'python'
[0.114s] Level 1:colcon.colcon_core.package_identification:_identify(src) by extensions ['python_setup_py']
[0.114s] Level 1:colcon.colcon_core.package_identification:_identify(src) by extension 'python_setup_py'
[0.114s] Level 1:colcon.colcon_core.package_identification:_identify(src/camera_nav) by extensions ['ignore', 'ignore_ament_install']
[0.114s] Level 1:colcon.colcon_core.package_identification:_identify(src/camera_nav) by extension 'ignore'
[0.114s] Level 1:colcon.colcon_core.package_identification:_identify(src/camera_nav) by extension 'ignore_ament_install'
[0.114s] Level 1:colcon.colcon_core.package_identification:_identify(src/camera_nav) by extensions ['colcon_pkg']
[0.114s] Level 1:colcon.colcon_core.package_identification:_identify(src/camera_nav) by extension 'colcon_pkg'
[0.114s] Level 1:colcon.colcon_core.package_identification:_identify(src/camera_nav) by extensions ['colcon_meta']
[0.114s] Level 1:colcon.colcon_core.package_identification:_identify(src/camera_nav) by extension 'colcon_meta'
[0.114s] Level 1:colcon.colcon_core.package_identification:_identify(src/camera_nav) by extensions ['ros']
[0.114s] Level 1:colcon.colcon_core.package_identification:_identify(src/camera_nav) by extension 'ros'
[0.116s] DEBUG:colcon.colcon_core.package_identification:Package 'src/camera_nav' with type 'ros.ament_python' and name 'camera_nav'
[0.116s] Level 1:colcon.colcon_core.package_identification:_identify(src/controller) by extensions ['ignore', 'ignore_ament_install']
[0.116s] Level 1:colcon.colcon_core.package_identification:_identify(src/controller) by extension 'ignore'
[0.116s] Level 1:colcon.colcon_core.package_identification:_identify(src/controller) by extension 'ignore_ament_install'
[0.116s] Level 1:colcon.colcon_core.package_identification:_identify(src/controller) by extensions ['colcon_pkg']
[0.116s] Level 1:colcon.colcon_core.package_identification:_identify(src/controller) by extension 'colcon_pkg'
[0.116s] Level 1:colcon.colcon_core.package_identification:_identify(src/controller) by extensions ['colcon_meta']
[0.116s] Level 1:colcon.colcon_core.package_identification:_identify(src/controller) by extension 'colcon_meta'
[0.116s] Level 1:colcon.colcon_core.package_identification:_identify(src/controller) by extensions ['ros']
[0.116s] Level 1:colcon.colcon_core.package_identification:_identify(src/controller) by extension 'ros'
[0.116s] DEBUG:colcon.colcon_core.package_identification:Package 'src/controller' with type 'ros.ament_python' and name 'controller'
[0.117s] Level 1:colcon.colcon_core.package_identification:_identify(src/drone_c) by extensions ['ignore', 'ignore_ament_install']
[0.117s] Level 1:colcon.colcon_core.package_identification:_identify(src/drone_c) by extension 'ignore'
[0.117s] Level 1:colcon.colcon_core.package_identification:_identify(src/drone_c) by extension 'ignore_ament_install'
[0.117s] Level 1:colcon.colcon_core.package_identification:_identify(src/drone_c) by extensions ['colcon_pkg']
[0.117s] Level 1:colcon.colcon_core.package_identification:_identify(src/drone_c) by extension 'colcon_pkg'
[0.117s] Level 1:colcon.colcon_core.package_identification:_identify(src/drone_c) by extensions ['colcon_meta']
[0.117s] Level 1:colcon.colcon_core.package_identification:_identify(src/drone_c) by extension 'colcon_meta'
[0.117s] Level 1:colcon.colcon_core.package_identification:_identify(src/drone_c) by extensions ['ros']
[0.117s] Level 1:colcon.colcon_core.package_identification:_identify(src/drone_c) by extension 'ros'
[0.117s] DEBUG:colcon.colcon_core.package_identification:Package 'src/drone_c' with type 'ros.ament_cmake' and name 'drone_c'
[0.117s] Level 1:colcon.colcon_core.package_identification:_identify(src/ground_bot) by extensions ['ignore', 'ignore_ament_install']
[0.117s] Level 1:colcon.colcon_core.package_identification:_identify(src/ground_bot) by extension 'ignore'
[0.117s] Level 1:colcon.colcon_core.package_identification:_identify(src/ground_bot) by extension 'ignore_ament_install'
[0.117s] Level 1:colcon.colcon_core.package_identification:_identify(src/ground_bot) by extensions ['colcon_pkg']
[0.117s] Level 1:colcon.colcon_core.package_identification:_identify(src/ground_bot) by extension 'colcon_pkg'
[0.117s] Level 1:colcon.colcon_core.package_identification:_identify(src/ground_bot) by extensions ['colcon_meta']
[0.117s] Level 1:colcon.colcon_core.package_identification:_identify(src/ground_bot) by extension 'colcon_meta'
[0.117s] Level 1:colcon.colcon_core.package_identification:_identify(src/ground_bot) by extensions ['ros']
[0.117s] Level 1:colcon.colcon_core.package_identification:_identify(src/ground_bot) by extension 'ros'
[0.118s] DEBUG:colcon.colcon_core.package_identification:Package 'src/ground_bot' with type 'ros.ament_cmake' and name 'ground_bot'
[0.118s] Level 1:colcon.colcon_core.package_identification:_identify(src/pointcloud_to_laserscan) by extensions ['ignore', 'ignore_ament_install']
[0.118s] Level 1:colcon.colcon_core.package_identification:_identify(src/pointcloud_to_laserscan) by extension 'ignore'
[0.118s] Level 1:colcon.colcon_core.package_identification:_identify(src/pointcloud_to_laserscan) by extension 'ignore_ament_install'
[0.118s] Level 1:colcon.colcon_core.package_identification:_identify(src/pointcloud_to_laserscan) by extensions ['colcon_pkg']
[0.118s] Level 1:colcon.colcon_core.package_identification:_identify(src/pointcloud_to_laserscan) by extension 'colcon_pkg'
[0.118s] Level 1:colcon.colcon_core.package_identification:_identify(src/pointcloud_to_laserscan) by extensions ['colcon_meta']
[0.118s] Level 1:colcon.colcon_core.package_identification:_identify(src/pointcloud_to_laserscan) by extension 'colcon_meta'
[0.118s] Level 1:colcon.colcon_core.package_identification:_identify(src/pointcloud_to_laserscan) by extensions ['ros']
[0.118s] Level 1:colcon.colcon_core.package_identification:_identify(src/pointcloud_to_laserscan) by extension 'ros'
[0.119s] DEBUG:colcon.colcon_core.package_identification:Package 'src/pointcloud_to_laserscan' with type 'ros.ament_cmake' and name 'pointcloud_to_laserscan'
[0.119s] Level 1:colcon.colcon_core.package_identification:_identify(src/robot_description) by extensions ['ignore', 'ignore_ament_install']
[0.119s] Level 1:colcon.colcon_core.package_identification:_identify(src/robot_description) by extension 'ignore'
[0.119s] Level 1:colcon.colcon_core.package_identification:_identify(src/robot_description) by extension 'ignore_ament_install'
[0.119s] Level 1:colcon.colcon_core.package_identification:_identify(src/robot_description) by extensions ['colcon_pkg']
[0.119s] Level 1:colcon.colcon_core.package_identification:_identify(src/robot_description) by extension 'colcon_pkg'
[0.119s] Level 1:colcon.colcon_core.package_identification:_identify(src/robot_description) by extensions ['colcon_meta']
[0.119s] Level 1:colcon.colcon_core.package_identification:_identify(src/robot_description) by extension 'colcon_meta'
[0.119s] Level 1:colcon.colcon_core.package_identification:_identify(src/robot_description) by extensions ['ros']
[0.119s] Level 1:colcon.colcon_core.package_identification:_identify(src/robot_description) by extension 'ros'
[0.120s] DEBUG:colcon.colcon_core.package_identification:Package 'src/robot_description' with type 'ros.ament_cmake' and name 'robot_description'
[0.120s] Level 1:colcon.colcon_core.package_discovery:discover_packages(recursive) using defaults
[0.120s] Level 1:colcon.colcon_core.package_discovery:discover_packages(ignore) discover
[0.120s] Level 1:colcon.colcon_core.package_discovery:discover_packages(ignore) using defaults
[0.120s] Level 1:colcon.colcon_core.package_discovery:discover_packages(path) discover
[0.120s] Level 1:colcon.colcon_core.package_discovery:discover_packages(path) using defaults
[0.134s] Level 1:colcon.colcon_core.package_discovery:discover_packages(prefix_path) check parameters
[0.134s] Level 1:colcon.colcon_core.package_discovery:discover_packages(prefix_path) discover
[0.136s] DEBUG:colcon.colcon_installed_package_information.package_discovery:Found 7 installed packages in /home/naor/Desktop/naor/study/Thesis/install
[0.136s] DEBUG:colcon.colcon_installed_package_information.package_discovery:Found 2 installed packages in /home/naor/Desktop/naor/work/capsule_repo/install
[0.137s] DEBUG:colcon.colcon_installed_package_information.package_discovery:Found 417 installed packages in /opt/ros/humble
[0.138s] Level 1:colcon.colcon_core.package_discovery:discover_packages(prefix_path) using defaults
[0.172s] Level 5:colcon.colcon_core.verb:set package 'controller' build argument 'cmake_args' from command line to 'None'
[0.172s] Level 5:colcon.colcon_core.verb:set package 'controller' build argument 'cmake_target' from command line to 'None'
[0.172s] Level 5:colcon.colcon_core.verb:set package 'controller' build argument 'cmake_target_skip_unavailable' from command line to 'False'
[0.172s] Level 5:colcon.colcon_core.verb:set package 'controller' build argument 'cmake_clean_cache' from command line to 'False'
[0.172s] Level 5:colcon.colcon_core.verb:set package 'controller' build argument 'cmake_clean_first' from command line to 'False'
[0.172s] Level 5:colcon.colcon_core.verb:set package 'controller' build argument 'cmake_force_configure' from command line to 'False'
[0.172s] Level 5:colcon.colcon_core.verb:set package 'controller' build argument 'ament_cmake_args' from command line to 'None'
[0.172s] Level 5:colcon.colcon_core.verb:set package 'controller' build argument 'catkin_cmake_args' from command line to 'None'
[0.172s] Level 5:colcon.colcon_core.verb:set package 'controller' build argument 'catkin_skip_building_tests' from command line to 'False'
[0.172s] DEBUG:colcon.colcon_core.verb:Building package 'controller' with the following arguments: {'ament_cmake_args': None, 'build_base': '/home/naor/Desktop/naor/study/Thesis/build/controller', 'catkin_cmake_args': None, 'catkin_skip_building_tests': False, 'cmake_args': None, 'cmake_clean_cache': False, 'cmake_clean_first': False, 'cmake_force_configure': False, 'cmake_target': None, 'cmake_target_skip_unavailable': False, 'install_base': '/home/naor/Desktop/naor/study/Thesis/install/controller', 'merge_install': False, 'path': '/home/naor/Desktop/naor/study/Thesis/src/controller', 'symlink_install': False, 'test_result_base': None}
[0.172s] Level 5:colcon.colcon_core.verb:set package 'drone_c' build argument 'cmake_args' from command line to 'None'
[0.172s] Level 5:colcon.colcon_core.verb:set package 'drone_c' build argument 'cmake_target' from command line to 'None'
[0.172s] Level 5:colcon.colcon_core.verb:set package 'drone_c' build argument 'cmake_target_skip_unavailable' from command line to 'False'
[0.172s] Level 5:colcon.colcon_core.verb:set package 'drone_c' build argument 'cmake_clean_cache' from command line to 'False'
[0.172s] Level 5:colcon.colcon_core.verb:set package 'drone_c' build argument 'cmake_clean_first' from command line to 'False'
[0.172s] Level 5:colcon.colcon_core.verb:set package 'drone_c' build argument 'cmake_force_configure' from command line to 'False'
[0.173s] Level 5:colcon.colcon_core.verb:set package 'drone_c' build argument 'ament_cmake_args' from command line to 'None'
[0.173s] Level 5:colcon.colcon_core.verb:set package 'drone_c' build argument 'catkin_cmake_args' from command line to 'None'
[0.173s] Level 5:colcon.colcon_core.verb:set package 'drone_c' build argument 'catkin_skip_building_tests' from command line to 'False'
[0.173s] DEBUG:colcon.colcon_core.verb:Building package 'drone_c' with the following arguments: {'ament_cmake_args': None, 'build_base': '/home/naor/Desktop/naor/study/Thesis/build/drone_c', 'catkin_cmake_args': None, 'catkin_skip_building_tests': False, 'cmake_args': None, 'cmake_clean_cache': False, 'cmake_clean_first': False, 'cmake_force_configure': False, 'cmake_target': None, 'cmake_target_skip_unavailable': False, 'install_base': '/home/naor/Desktop/naor/study/Thesis/install/drone_c', 'merge_install': False, 'path': '/home/naor/Desktop/naor/study/Thesis/src/drone_c', 'symlink_install': False, 'test_result_base': None}
[0.173s] Level 5:colcon.colcon_core.verb:set package 'ground_bot' build argument 'cmake_args' from command line to 'None'
[0.173s] Level 5:colcon.colcon_core.verb:set package 'ground_bot' build argument 'cmake_target' from command line to 'None'
[0.173s] Level 5:colcon.colcon_core.verb:set package 'ground_bot' build argument 'cmake_target_skip_unavailable' from command line to 'False'
[0.173s] Level 5:colcon.colcon_core.verb:set package 'ground_bot' build argument 'cmake_clean_cache' from command line to 'False'
[0.173s] Level 5:colcon.colcon_core.verb:set package 'ground_bot' build argument 'cmake_clean_first' from command line to 'False'
[0.173s] Level 5:colcon.colcon_core.verb:set package 'ground_bot' build argument 'cmake_force_configure' from command line to 'False'
[0.173s] Level 5:colcon.colcon_core.verb:set package 'ground_bot' build argument 'ament_cmake_args' from command line to 'None'
[0.173s] Level 5:colcon.colcon_core.verb:set package 'ground_bot' build argument 'catkin_cmake_args' from command line to 'None'
[0.173s] Level 5:colcon.colcon_core.verb:set package 'ground_bot' build argument 'catkin_skip_building_tests' from command line to 'False'
[0.173s] DEBUG:colcon.colcon_core.verb:Building package 'ground_bot' with the following arguments: {'ament_cmake_args': None, 'build_base': '/home/naor/Desktop/naor/study/Thesis/build/ground_bot', 'catkin_cmake_args': None, 'catkin_skip_building_tests': False, 'cmake_args': None, 'cmake_clean_cache': False, 'cmake_clean_first': False, 'cmake_force_configure': False, 'cmake_target': None, 'cmake_target_skip_unavailable': False, 'install_base': '/home/naor/Desktop/naor/study/Thesis/install/ground_bot', 'merge_install': False, 'path': '/home/naor/Desktop/naor/study/Thesis/src/ground_bot', 'symlink_install': False, 'test_result_base': None}
[0.173s] Level 5:colcon.colcon_core.verb:set package 'pointcloud_to_laserscan' build argument 'cmake_args' from command line to 'None'
[0.173s] Level 5:colcon.colcon_core.verb:set package 'pointcloud_to_laserscan' build argument 'cmake_target' from command line to 'None'
[0.173s] Level 5:colcon.colcon_core.verb:set package 'pointcloud_to_laserscan' build argument 'cmake_target_skip_unavailable' from command line to 'False'
[0.173s] Level 5:colcon.colcon_core.verb:set package 'pointcloud_to_laserscan' build argument 'cmake_clean_cache' from command line to 'False'
[0.173s] Level 5:colcon.colcon_core.verb:set package 'pointcloud_to_laserscan' build argument 'cmake_clean_first' from command line to 'False'
[0.173s] Level 5:colcon.colcon_core.verb:set package 'pointcloud_to_laserscan' build argument 'cmake_force_configure' from command line to 'False'
[0.173s] Level 5:colcon.colcon_core.verb:set package 'pointcloud_to_laserscan' build argument 'ament_cmake_args' from command line to 'None'
[0.173s] Level 5:colcon.colcon_core.verb:set package 'pointcloud_to_laserscan' build argument 'catkin_cmake_args' from command line to 'None'
[0.173s] Level 5:colcon.colcon_core.verb:set package 'pointcloud_to_laserscan' build argument 'catkin_skip_building_tests' from command line to 'False'
[0.173s] DEBUG:colcon.colcon_core.verb:Building package 'pointcloud_to_laserscan' with the following arguments: {'ament_cmake_args': None, 'build_base': '/home/naor/Desktop/naor/study/Thesis/build/pointcloud_to_laserscan', 'catkin_cmake_args': None, 'catkin_skip_building_tests': False, 'cmake_args': None, 'cmake_clean_cache': False, 'cmake_clean_first': False, 'cmake_force_configure': False, 'cmake_target': None, 'cmake_target_skip_unavailable': False, 'install_base': '/home/naor/Desktop/naor/study/Thesis/install/pointcloud_to_laserscan', 'merge_install': False, 'path': '/home/naor/Desktop/naor/study/Thesis/src/pointcloud_to_laserscan', 'symlink_install': False, 'test_result_base': None}
[0.173s] Level 5:colcon.colcon_core.verb:set package 'robot_description' build argument 'cmake_args' from command line to 'None'
[0.173s] Level 5:colcon.colcon_core.verb:set package 'robot_description' build argument 'cmake_target' from command line to 'None'
[0.173s] Level 5:colcon.colcon_core.verb:set package 'robot_description' build argument 'cmake_target_skip_unavailable' from command line to 'False'
[0.173s] Level 5:colcon.colcon_core.verb:set package 'robot_description' build argument 'cmake_clean_cache' from command line to 'False'
[0.173s] Level 5:colcon.colcon_core.verb:set package 'robot_description' build argument 'cmake_clean_first' from command line to 'False'
[0.173s] Level 5:colcon.colcon_core.verb:set package 'robot_description' build argument 'cmake_force_configure' from command line to 'False'
[0.173s] Level 5:colcon.colcon_core.verb:set package 'robot_description' build argument 'ament_cmake_args' from command line to 'None'
[0.173s] Level 5:colcon.colcon_core.verb:set package 'robot_description' build argument 'catkin_cmake_args' from command line to 'None'
[0.173s] Level 5:colcon.colcon_core.verb:set package 'robot_description' build argument 'catkin_skip_building_tests' from command line to 'False'
[0.174s] DEBUG:colcon.colcon_core.verb:Building package 'robot_description' with the following arguments: {'ament_cmake_args': None, 'build_base': '/home/naor/Desktop/naor/study/Thesis/build/robot_description', 'catkin_cmake_args': None, 'catkin_skip_building_tests': False, 'cmake_args': None, 'cmake_clean_cache': False, 'cmake_clean_first': False, 'cmake_force_configure': False, 'cmake_target': None, 'cmake_target_skip_unavailable': False, 'install_base': '/home/naor/Desktop/naor/study/Thesis/install/robot_description', 'merge_install': False, 'path': '/home/naor/Desktop/naor/study/Thesis/src/robot_description', 'symlink_install': False, 'test_result_base': None}
[0.174s] Level 5:colcon.colcon_core.verb:set package 'camera_nav' build argument 'cmake_args' from command line to 'None'
[0.174s] Level 5:colcon.colcon_core.verb:set package 'camera_nav' build argument 'cmake_target' from command line to 'None'
[0.174s] Level 5:colcon.colcon_core.verb:set package 'camera_nav' build argument 'cmake_target_skip_unavailable' from command line to 'False'
[0.174s] Level 5:colcon.colcon_core.verb:set package 'camera_nav' build argument 'cmake_clean_cache' from command line to 'False'
[0.174s] Level 5:colcon.colcon_core.verb:set package 'camera_nav' build argument 'cmake_clean_first' from command line to 'False'
[0.174s] Level 5:colcon.colcon_core.verb:set package 'camera_nav' build argument 'cmake_force_configure' from command line to 'False'
[0.174s] Level 5:colcon.colcon_core.verb:set package 'camera_nav' build argument 'ament_cmake_args' from command line to 'None'
[0.174s] Level 5:colcon.colcon_core.verb:set package 'camera_nav' build argument 'catkin_cmake_args' from command line to 'None'
[0.174s] Level 5:colcon.colcon_core.verb:set package 'camera_nav' build argument 'catkin_skip_building_tests' from command line to 'False'
[0.174s] DEBUG:colcon.colcon_core.verb:Building package 'camera_nav' with the following arguments: {'ament_cmake_args': None, 'build_base': '/home/naor/Desktop/naor/study/Thesis/build/camera_nav', 'catkin_cmake_args': None, 'catkin_skip_building_tests': False, 'cmake_args': None, 'cmake_clean_cache': False, 'cmake_clean_first': False, 'cmake_force_configure': False, 'cmake_target': None, 'cmake_target_skip_unavailable': False, 'install_base': '/home/naor/Desktop/naor/study/Thesis/install/camera_nav', 'merge_install': False, 'path': '/home/naor/Desktop/naor/study/Thesis/src/camera_nav', 'symlink_install': False, 'test_result_base': None}
[0.174s] INFO:colcon.colcon_core.executor:Executing jobs using 'parallel' executor
[0.175s] DEBUG:colcon.colcon_parallel_executor.executor.parallel:run_until_complete
[0.175s] INFO:colcon.colcon_ros.task.ament_cmake.build:Building ROS package in '/home/naor/Desktop/naor/study/Thesis/src/pointcloud_to_laserscan' with build type 'ament_cmake'
[0.175s] INFO:colcon.colcon_cmake.task.cmake.build:Building CMake package in '/home/naor/Desktop/naor/study/Thesis/src/pointcloud_to_laserscan'
[0.176s] INFO:colcon.colcon_core.plugin_system:Skipping extension 'colcon_core.shell.bat': Not used on non-Windows systems
[0.177s] INFO:colcon.colcon_core.shell:Skip shell extension 'powershell' for command environment: Not usable outside of PowerShell
[0.177s] DEBUG:colcon.colcon_core.shell:Skip shell extension 'dsv' for command environment
[0.179s] INFO:colcon.colcon_ros.task.ament_python.build:Building ROS package in '/home/naor/Desktop/naor/study/Thesis/src/controller' with build type 'ament_python'
[0.180s] Level 1:colcon.colcon_core.shell:create_environment_hook('controller', 'ament_prefix_path')
[0.180s] INFO:colcon.colcon_core.shell:Creating environment hook '/home/naor/Desktop/naor/study/Thesis/install/controller/share/controller/hook/ament_prefix_path.ps1'
[0.180s] INFO:colcon.colcon_core.shell:Creating environment descriptor '/home/naor/Desktop/naor/study/Thesis/install/controller/share/controller/hook/ament_prefix_path.dsv'
[0.180s] INFO:colcon.colcon_core.shell:Creating environment hook '/home/naor/Desktop/naor/study/Thesis/install/controller/share/controller/hook/ament_prefix_path.sh'
[0.181s] INFO:colcon.colcon_core.shell:Skip shell extension 'powershell' for command environment: Not usable outside of PowerShell
[0.181s] DEBUG:colcon.colcon_core.shell:Skip shell extension 'dsv' for command environment
[0.183s] INFO:colcon.colcon_ros.task.ament_cmake.build:Building ROS package in '/home/naor/Desktop/naor/study/Thesis/src/drone_c' with build type 'ament_cmake'
[0.183s] INFO:colcon.colcon_cmake.task.cmake.build:Building CMake package in '/home/naor/Desktop/naor/study/Thesis/src/drone_c'
[0.184s] INFO:colcon.colcon_core.shell:Skip shell extension 'powershell' for command environment: Not usable outside of PowerShell
[0.184s] DEBUG:colcon.colcon_core.shell:Skip shell extension 'dsv' for command environment
[0.186s] INFO:colcon.colcon_ros.task.ament_cmake.build:Building ROS package in '/home/naor/Desktop/naor/study/Thesis/src/ground_bot' with build type 'ament_cmake'
[0.186s] INFO:colcon.colcon_cmake.task.cmake.build:Building CMake package in '/home/naor/Desktop/naor/study/Thesis/src/ground_bot'
[0.186s] INFO:colcon.colcon_core.shell:Skip shell extension 'powershell' for command environment: Not usable outside of PowerShell
[0.186s] DEBUG:colcon.colcon_core.shell:Skip shell extension 'dsv' for command environment
[0.189s] INFO:colcon.colcon_ros.task.ament_cmake.build:Building ROS package in '/home/naor/Desktop/naor/study/Thesis/src/robot_description' with build type 'ament_cmake'
[0.189s] INFO:colcon.colcon_cmake.task.cmake.build:Building CMake package in '/home/naor/Desktop/naor/study/Thesis/src/robot_description'
[0.189s] INFO:colcon.colcon_core.shell:Skip shell extension 'powershell' for command environment: Not usable outside of PowerShell
[0.189s] DEBUG:colcon.colcon_core.shell:Skip shell extension 'dsv' for command environment
[0.196s] DEBUG:colcon.colcon_core.event_handler.log_command:Invoking command in '/home/naor/Desktop/naor/study/Thesis/build/pointcloud_to_laserscan': CMAKE_PREFIX_PATH=${CMAKE_PREFIX_PATH}:/home/naor/Desktop/naor/study/Thesis/install/roller:/home/naor/Desktop/naor/study/Thesis/install/camera_nav:/home/naor/Desktop/naor/study/Thesis/install/controller:/home/naor/Desktop/naor/work/capsule_repo/install/teensy_ers:/home/naor/Desktop/naor/work/capsule_repo/install/elers_bridge:/opt/ros/humble /usr/bin/cmake --build /home/naor/Desktop/naor/study/Thesis/build/pointcloud_to_laserscan -- -j16 -l16
[0.358s] INFO:colcon.colcon_core.task.python.build:Building Python package in '/home/naor/Desktop/naor/study/Thesis/src/controller'
[0.359s] INFO:colcon.colcon_core.shell:Skip shell extension 'powershell' for command environment: Not usable outside of PowerShell
[0.359s] DEBUG:colcon.colcon_core.shell:Skip shell extension 'dsv' for command environment
[0.365s] DEBUG:colcon.colcon_core.event_handler.log_command:Invoking command in '/home/naor/Desktop/naor/study/Thesis/build/drone_c': CMAKE_PREFIX_PATH=${CMAKE_PREFIX_PATH}:/home/naor/Desktop/naor/study/Thesis/install/roller:/home/naor/Desktop/naor/study/Thesis/install/camera_nav:/home/naor/Desktop/naor/study/Thesis/install/controller:/home/naor/Desktop/naor/work/capsule_repo/install/teensy_ers:/home/naor/Desktop/naor/work/capsule_repo/install/elers_bridge:/opt/ros/humble /usr/bin/cmake --build /home/naor/Desktop/naor/study/Thesis/build/drone_c -- -j16 -l16
[0.367s] DEBUG:colcon.colcon_core.event_handler.log_command:Invoking command in '/home/naor/Desktop/naor/study/Thesis/build/ground_bot': CMAKE_PREFIX_PATH=${CMAKE_PREFIX_PATH}:/home/naor/Desktop/naor/study/Thesis/install/roller:/home/naor/Desktop/naor/study/Thesis/install/camera_nav:/home/naor/Desktop/naor/study/Thesis/install/controller:/home/naor/Desktop/naor/work/capsule_repo/install/teensy_ers:/home/naor/Desktop/naor/work/capsule_repo/install/elers_bridge:/opt/ros/humble /usr/bin/cmake --build /home/naor/Desktop/naor/study/Thesis/build/ground_bot -- -j16 -l16
[0.368s] DEBUG:colcon.colcon_core.event_handler.log_command:Invoking command in '/home/naor/Desktop/naor/study/Thesis/build/robot_description': CMAKE_PREFIX_PATH=${CMAKE_PREFIX_PATH}:/home/naor/Desktop/naor/study/Thesis/install/roller:/home/naor/Desktop/naor/study/Thesis/install/camera_nav:/home/naor/Desktop/naor/study/Thesis/install/controller:/home/naor/Desktop/naor/work/capsule_repo/install/teensy_ers:/home/naor/Desktop/naor/work/capsule_repo/install/elers_bridge:/opt/ros/humble /usr/bin/cmake --build /home/naor/Desktop/naor/study/Thesis/build/robot_description -- -j16 -l16
[0.368s] DEBUG:colcon.colcon_core.event_handler.log_command:Invoked command in '/home/naor/Desktop/naor/study/Thesis/build/pointcloud_to_laserscan' returned '0': CMAKE_PREFIX_PATH=${CMAKE_PREFIX_PATH}:/home/naor/Desktop/naor/study/Thesis/install/roller:/home/naor/Desktop/naor/study/Thesis/install/camera_nav:/home/naor/Desktop/naor/study/Thesis/install/controller:/home/naor/Desktop/naor/work/capsule_repo/install/teensy_ers:/home/naor/Desktop/naor/work/capsule_repo/install/elers_bridge:/opt/ros/humble /usr/bin/cmake --build /home/naor/Desktop/naor/study/Thesis/build/pointcloud_to_laserscan -- -j16 -l16
[0.377s] DEBUG:colcon.colcon_core.event_handler.log_command:Invoking command in '/home/naor/Desktop/naor/study/Thesis/build/pointcloud_to_laserscan': CMAKE_PREFIX_PATH=${CMAKE_PREFIX_PATH}:/home/naor/Desktop/naor/study/Thesis/install/roller:/home/naor/Desktop/naor/study/Thesis/install/camera_nav:/home/naor/Desktop/naor/study/Thesis/install/controller:/home/naor/Desktop/naor/work/capsule_repo/install/teensy_ers:/home/naor/Desktop/naor/work/capsule_repo/install/elers_bridge:/opt/ros/humble /usr/bin/cmake --install /home/naor/Desktop/naor/study/Thesis/build/pointcloud_to_laserscan
[0.393s] Level 1:colcon.colcon_core.environment:create_environment_scripts_only(pointcloud_to_laserscan)
[0.394s] DEBUG:colcon.colcon_core.event_handler.log_command:Invoked command in '/home/naor/Desktop/naor/study/Thesis/build/pointcloud_to_laserscan' returned '0': CMAKE_PREFIX_PATH=${CMAKE_PREFIX_PATH}:/home/naor/Desktop/naor/study/Thesis/install/roller:/home/naor/Desktop/naor/study/Thesis/install/camera_nav:/home/naor/Desktop/naor/study/Thesis/install/controller:/home/naor/Desktop/naor/work/capsule_repo/install/teensy_ers:/home/naor/Desktop/naor/work/capsule_repo/install/elers_bridge:/opt/ros/humble /usr/bin/cmake --install /home/naor/Desktop/naor/study/Thesis/build/pointcloud_to_laserscan
[0.396s] Level 1:colcon.colcon_core.environment:checking '/home/naor/Desktop/naor/study/Thesis/install/pointcloud_to_laserscan' for CMake module files
[0.396s] Level 1:colcon.colcon_core.environment:checking '/home/naor/Desktop/naor/study/Thesis/install/pointcloud_to_laserscan' for CMake config files
[0.396s] Level 1:colcon.colcon_core.shell:create_environment_hook('pointcloud_to_laserscan', 'cmake_prefix_path')
[0.397s] INFO:colcon.colcon_core.shell:Creating environment hook '/home/naor/Desktop/naor/study/Thesis/install/pointcloud_to_laserscan/share/pointcloud_to_laserscan/hook/cmake_prefix_path.ps1'
[0.397s] INFO:colcon.colcon_core.shell:Creating environment descriptor '/home/naor/Desktop/naor/study/Thesis/install/pointcloud_to_laserscan/share/pointcloud_to_laserscan/hook/cmake_prefix_path.dsv'
[0.397s] INFO:colcon.colcon_core.shell:Creating environment hook '/home/naor/Desktop/naor/study/Thesis/install/pointcloud_to_laserscan/share/pointcloud_to_laserscan/hook/cmake_prefix_path.sh'
[0.398s] Level 1:colcon.colcon_core.environment:checking '/home/naor/Desktop/naor/study/Thesis/install/pointcloud_to_laserscan/lib'
[0.398s] Level 1:colcon.colcon_core.shell:create_environment_hook('pointcloud_to_laserscan', 'ld_library_path_lib')
[0.399s] INFO:colcon.colcon_core.shell:Creating environment hook '/home/naor/Desktop/naor/study/Thesis/install/pointcloud_to_laserscan/share/pointcloud_to_laserscan/hook/ld_library_path_lib.ps1'
[0.399s] INFO:colcon.colcon_core.shell:Creating environment descriptor '/home/naor/Desktop/naor/study/Thesis/install/pointcloud_to_laserscan/share/pointcloud_to_laserscan/hook/ld_library_path_lib.dsv'
[0.399s] INFO:colcon.colcon_core.shell:Creating environment hook '/home/naor/Desktop/naor/study/Thesis/install/pointcloud_to_laserscan/share/pointcloud_to_laserscan/hook/ld_library_path_lib.sh'
[0.399s] Level 1:colcon.colcon_core.environment:checking '/home/naor/Desktop/naor/study/Thesis/install/pointcloud_to_laserscan/bin'
[0.399s] Level 1:colcon.colcon_core.environment:checking '/home/naor/Desktop/naor/study/Thesis/install/pointcloud_to_laserscan/lib/pkgconfig/pointcloud_to_laserscan.pc'
[0.400s] Level 1:colcon.colcon_core.environment:checking '/home/naor/Desktop/naor/study/Thesis/install/pointcloud_to_laserscan/lib/python3.10/site-packages'
[0.400s] Level 1:colcon.colcon_core.environment:checking '/home/naor/Desktop/naor/study/Thesis/install/pointcloud_to_laserscan/bin'
[0.400s] INFO:colcon.colcon_core.shell:Creating package script '/home/naor/Desktop/naor/study/Thesis/install/pointcloud_to_laserscan/share/pointcloud_to_laserscan/package.ps1'
[0.401s] INFO:colcon.colcon_core.shell:Creating package descriptor '/home/naor/Desktop/naor/study/Thesis/install/pointcloud_to_laserscan/share/pointcloud_to_laserscan/package.dsv'
[0.401s] INFO:colcon.colcon_core.shell:Creating package script '/home/naor/Desktop/naor/study/Thesis/install/pointcloud_to_laserscan/share/pointcloud_to_laserscan/package.sh'
[0.402s] INFO:colcon.colcon_core.shell:Creating package script '/home/naor/Desktop/naor/study/Thesis/install/pointcloud_to_laserscan/share/pointcloud_to_laserscan/package.bash'
[0.403s] INFO:colcon.colcon_core.shell:Creating package script '/home/naor/Desktop/naor/study/Thesis/install/pointcloud_to_laserscan/share/pointcloud_to_laserscan/package.zsh'
[0.403s] Level 1:colcon.colcon_core.environment:create_file_with_runtime_dependencies(/home/naor/Desktop/naor/study/Thesis/install/pointcloud_to_laserscan/share/colcon-core/packages/pointcloud_to_laserscan)
[0.404s] Level 1:colcon.colcon_core.environment:create_environment_scripts_only(pointcloud_to_laserscan)
[0.404s] Level 1:colcon.colcon_core.environment:checking '/home/naor/Desktop/naor/study/Thesis/install/pointcloud_to_laserscan' for CMake module files
[0.404s] Level 1:colcon.colcon_core.environment:checking '/home/naor/Desktop/naor/study/Thesis/install/pointcloud_to_laserscan' for CMake config files
[0.405s] Level 1:colcon.colcon_core.shell:create_environment_hook('pointcloud_to_laserscan', 'cmake_prefix_path')
[0.405s] INFO:colcon.colcon_core.shell:Creating environment hook '/home/naor/Desktop/naor/study/Thesis/install/pointcloud_to_laserscan/share/pointcloud_to_laserscan/hook/cmake_prefix_path.ps1'
[0.405s] INFO:colcon.colcon_core.shell:Creating environment descriptor '/home/naor/Desktop/naor/study/Thesis/install/pointcloud_to_laserscan/share/pointcloud_to_laserscan/hook/cmake_prefix_path.dsv'
[0.406s] INFO:colcon.colcon_core.shell:Creating environment hook '/home/naor/Desktop/naor/study/Thesis/install/pointcloud_to_laserscan/share/pointcloud_to_laserscan/hook/cmake_prefix_path.sh'
[0.406s] Level 1:colcon.colcon_core.environment:checking '/home/naor/Desktop/naor/study/Thesis/install/pointcloud_to_laserscan/lib'
[0.406s] Level 1:colcon.colcon_core.shell:create_environment_hook('pointcloud_to_laserscan', 'ld_library_path_lib')
[0.407s] INFO:colcon.colcon_core.shell:Creating environment hook '/home/naor/Desktop/naor/study/Thesis/install/pointcloud_to_laserscan/share/pointcloud_to_laserscan/hook/ld_library_path_lib.ps1'
[0.407s] INFO:colcon.colcon_core.shell:Creating environment descriptor '/home/naor/Desktop/naor/study/Thesis/install/pointcloud_to_laserscan/share/pointcloud_to_laserscan/hook/ld_library_path_lib.dsv'
[0.407s] INFO:colcon.colcon_core.shell:Creating environment hook '/home/naor/Desktop/naor/study/Thesis/install/pointcloud_to_laserscan/share/pointcloud_to_laserscan/hook/ld_library_path_lib.sh'
[0.408s] Level 1:colcon.colcon_core.environment:checking '/home/naor/Desktop/naor/study/Thesis/install/pointcloud_to_laserscan/bin'
[0.408s] Level 1:colcon.colcon_core.environment:checking '/home/naor/Desktop/naor/study/Thesis/install/pointcloud_to_laserscan/lib/pkgconfig/pointcloud_to_laserscan.pc'
[0.408s] Level 1:colcon.colcon_core.environment:checking '/home/naor/Desktop/naor/study/Thesis/install/pointcloud_to_laserscan/lib/python3.10/site-packages'
[0.408s] Level 1:colcon.colcon_core.environment:checking '/home/naor/Desktop/naor/study/Thesis/install/pointcloud_to_laserscan/bin'
[0.408s] INFO:colcon.colcon_core.shell:Creating package script '/home/naor/Desktop/naor/study/Thesis/install/pointcloud_to_laserscan/share/pointcloud_to_laserscan/package.ps1'
[0.409s] INFO:colcon.colcon_core.shell:Creating package descriptor '/home/naor/Desktop/naor/study/Thesis/install/pointcloud_to_laserscan/share/pointcloud_to_laserscan/package.dsv'
[0.409s] INFO:colcon.colcon_core.shell:Creating package script '/home/naor/Desktop/naor/study/Thesis/install/pointcloud_to_laserscan/share/pointcloud_to_laserscan/package.sh'
[0.410s] INFO:colcon.colcon_core.shell:Creating package script '/home/naor/Desktop/naor/study/Thesis/install/pointcloud_to_laserscan/share/pointcloud_to_laserscan/package.bash'
[0.410s] INFO:colcon.colcon_core.shell:Creating package script '/home/naor/Desktop/naor/study/Thesis/install/pointcloud_to_laserscan/share/pointcloud_to_laserscan/package.zsh'
[0.411s] Level 1:colcon.colcon_core.environment:create_file_with_runtime_dependencies(/home/naor/Desktop/naor/study/Thesis/install/pointcloud_to_laserscan/share/colcon-core/packages/pointcloud_to_laserscan)
[0.411s] INFO:colcon.colcon_ros.task.ament_python.build:Building ROS package in '/home/naor/Desktop/naor/study/Thesis/src/camera_nav' with build type 'ament_python'
[0.411s] Level 1:colcon.colcon_core.shell:create_environment_hook('camera_nav', 'ament_prefix_path')
[0.412s] INFO:colcon.colcon_core.shell:Creating environment hook '/home/naor/Desktop/naor/study/Thesis/install/camera_nav/share/camera_nav/hook/ament_prefix_path.ps1'
[0.413s] INFO:colcon.colcon_core.shell:Creating environment descriptor '/home/naor/Desktop/naor/study/Thesis/install/camera_nav/share/camera_nav/hook/ament_prefix_path.dsv'
[0.414s] INFO:colcon.colcon_core.shell:Creating environment hook '/home/naor/Desktop/naor/study/Thesis/install/camera_nav/share/camera_nav/hook/ament_prefix_path.sh'
[0.416s] INFO:colcon.colcon_core.shell:Skip shell extension 'powershell' for command environment: Not usable outside of PowerShell
[0.416s] DEBUG:colcon.colcon_core.shell:Skip shell extension 'dsv' for command environment
[0.470s] DEBUG:colcon.colcon_core.event_handler.log_command:Invoked command in '/home/naor/Desktop/naor/study/Thesis/build/robot_description' returned '0': CMAKE_PREFIX_PATH=${CMAKE_PREFIX_PATH}:/home/naor/Desktop/naor/study/Thesis/install/roller:/home/naor/Desktop/naor/study/Thesis/install/camera_nav:/home/naor/Desktop/naor/study/Thesis/install/controller:/home/naor/Desktop/naor/work/capsule_repo/install/teensy_ers:/home/naor/Desktop/naor/work/capsule_repo/install/elers_bridge:/opt/ros/humble /usr/bin/cmake --build /home/naor/Desktop/naor/study/Thesis/build/robot_description -- -j16 -l16
[0.472s] DEBUG:colcon.colcon_core.event_handler.log_command:Invoking command in '/home/naor/Desktop/naor/study/Thesis/build/robot_description': CMAKE_PREFIX_PATH=${CMAKE_PREFIX_PATH}:/home/naor/Desktop/naor/study/Thesis/install/roller:/home/naor/Desktop/naor/study/Thesis/install/camera_nav:/home/naor/Desktop/naor/study/Thesis/install/controller:/home/naor/Desktop/naor/work/capsule_repo/install/teensy_ers:/home/naor/Desktop/naor/work/capsule_repo/install/elers_bridge:/opt/ros/humble /usr/bin/cmake --install /home/naor/Desktop/naor/study/Thesis/build/robot_description
[0.675s] INFO:colcon.colcon_core.task.python.build:Building Python package in '/home/naor/Desktop/naor/study/Thesis/src/camera_nav'
[0.675s] INFO:colcon.colcon_core.shell:Skip shell extension 'powershell' for command environment: Not usable outside of PowerShell
[0.675s] DEBUG:colcon.colcon_core.shell:Skip shell extension 'dsv' for command environment
[0.679s] Level 1:colcon.colcon_core.environment:create_environment_scripts_only(robot_description)
[0.679s] Level 1:colcon.colcon_core.environment:checking '/home/naor/Desktop/naor/study/Thesis/install/robot_description' for CMake module files
[0.679s] DEBUG:colcon.colcon_core.event_handler.log_command:Invoked command in '/home/naor/Desktop/naor/study/Thesis/build/robot_description' returned '0': CMAKE_PREFIX_PATH=${CMAKE_PREFIX_PATH}:/home/naor/Desktop/naor/study/Thesis/install/roller:/home/naor/Desktop/naor/study/Thesis/install/camera_nav:/home/naor/Desktop/naor/study/Thesis/install/controller:/home/naor/Desktop/naor/work/capsule_repo/install/teensy_ers:/home/naor/Desktop/naor/work/capsule_repo/install/elers_bridge:/opt/ros/humble /usr/bin/cmake --install /home/naor/Desktop/naor/study/Thesis/build/robot_description
[0.679s] Level 1:colcon.colcon_core.environment:checking '/home/naor/Desktop/naor/study/Thesis/install/robot_description' for CMake config files
[0.679s] Level 1:colcon.colcon_core.shell:create_environment_hook('robot_description', 'cmake_prefix_path')
[0.679s] INFO:colcon.colcon_core.shell:Creating environment hook '/home/naor/Desktop/naor/study/Thesis/install/robot_description/share/robot_description/hook/cmake_prefix_path.ps1'
[0.680s] INFO:colcon.colcon_core.shell:Creating environment descriptor '/home/naor/Desktop/naor/study/Thesis/install/robot_description/share/robot_description/hook/cmake_prefix_path.dsv'
[0.680s] INFO:colcon.colcon_core.shell:Creating environment hook '/home/naor/Desktop/naor/study/Thesis/install/robot_description/share/robot_description/hook/cmake_prefix_path.sh'
[0.680s] Level 1:colcon.colcon_core.environment:checking '/home/naor/Desktop/naor/study/Thesis/install/robot_description/bin'
[0.680s] Level 1:colcon.colcon_core.environment:checking '/home/naor/Desktop/naor/study/Thesis/install/robot_description/lib/pkgconfig/robot_description.pc'
[0.681s] Level 1:colcon.colcon_core.environment:checking '/home/naor/Desktop/naor/study/Thesis/install/robot_description/lib/python3.10/site-packages'
[0.681s] Level 1:colcon.colcon_core.environment:checking '/home/naor/Desktop/naor/study/Thesis/install/robot_description/bin'
[0.681s] INFO:colcon.colcon_core.shell:Creating package script '/home/naor/Desktop/naor/study/Thesis/install/robot_description/share/robot_description/package.ps1'
[0.681s] INFO:colcon.colcon_core.shell:Creating package descriptor '/home/naor/Desktop/naor/study/Thesis/install/robot_description/share/robot_description/package.dsv'
[0.681s] INFO:colcon.colcon_core.shell:Creating package script '/home/naor/Desktop/naor/study/Thesis/install/robot_description/share/robot_description/package.sh'
[0.682s] INFO:colcon.colcon_core.shell:Creating package script '/home/naor/Desktop/naor/study/Thesis/install/robot_description/share/robot_description/package.bash'
[0.682s] INFO:colcon.colcon_core.shell:Creating package script '/home/naor/Desktop/naor/study/Thesis/install/robot_description/share/robot_description/package.zsh'
[0.682s] Level 1:colcon.colcon_core.environment:create_file_with_runtime_dependencies(/home/naor/Desktop/naor/study/Thesis/install/robot_description/share/colcon-core/packages/robot_description)
[0.682s] Level 1:colcon.colcon_core.environment:create_environment_scripts_only(robot_description)
[0.683s] Level 1:colcon.colcon_core.environment:checking '/home/naor/Desktop/naor/study/Thesis/install/robot_description' for CMake module files
[0.683s] Level 1:colcon.colcon_core.environment:checking '/home/naor/Desktop/naor/study/Thesis/install/robot_description' for CMake config files
[0.683s] Level 1:colcon.colcon_core.shell:create_environment_hook('robot_description', 'cmake_prefix_path')
[0.683s] INFO:colcon.colcon_core.shell:Creating environment hook '/home/naor/Desktop/naor/study/Thesis/install/robot_description/share/robot_description/hook/cmake_prefix_path.ps1'
[0.683s] INFO:colcon.colcon_core.shell:Creating environment descriptor '/home/naor/Desktop/naor/study/Thesis/install/robot_description/share/robot_description/hook/cmake_prefix_path.dsv'
[0.683s] INFO:colcon.colcon_core.shell:Creating environment hook '/home/naor/Desktop/naor/study/Thesis/install/robot_description/share/robot_description/hook/cmake_prefix_path.sh'
[0.684s] Level 1:colcon.colcon_core.environment:checking '/home/naor/Desktop/naor/study/Thesis/install/robot_description/bin'
[0.684s] Level 1:colcon.colcon_core.environment:checking '/home/naor/Desktop/naor/study/Thesis/install/robot_description/lib/pkgconfig/robot_description.pc'
[0.684s] Level 1:colcon.colcon_core.environment:checking '/home/naor/Desktop/naor/study/Thesis/install/robot_description/lib/python3.10/site-packages'
[0.684s] Level 1:colcon.colcon_core.environment:checking '/home/naor/Desktop/naor/study/Thesis/install/robot_description/bin'
[0.684s] INFO:colcon.colcon_core.shell:Creating package script '/home/naor/Desktop/naor/study/Thesis/install/robot_description/share/robot_description/package.ps1'
[0.685s] INFO:colcon.colcon_core.shell:Creating package descriptor '/home/naor/Desktop/naor/study/Thesis/install/robot_description/share/robot_description/package.dsv'
[0.685s] INFO:colcon.colcon_core.shell:Creating package script '/home/naor/Desktop/naor/study/Thesis/install/robot_description/share/robot_description/package.sh'
[0.685s] INFO:colcon.colcon_core.shell:Creating package script '/home/naor/Desktop/naor/study/Thesis/install/robot_description/share/robot_description/package.bash'
[0.685s] INFO:colcon.colcon_core.shell:Creating package script '/home/naor/Desktop/naor/study/Thesis/install/robot_description/share/robot_description/package.zsh'
[0.686s] Level 1:colcon.colcon_core.environment:create_file_with_runtime_dependencies(/home/naor/Desktop/naor/study/Thesis/install/robot_description/share/colcon-core/packages/robot_description)
[0.855s] DEBUG:colcon.colcon_core.event_handler.log_command:Invoking command in '/home/naor/Desktop/naor/study/Thesis/src/controller': PYTHONPATH=/home/naor/Desktop/naor/study/Thesis/build/controller/prefix_override:/usr/lib/python3/dist-packages/colcon_core/task/python/colcon_distutils_commands:/home/naor/Desktop/naor/study/Thesis/install/controller/lib/python3.10/site-packages:${PYTHONPATH} /usr/bin/python3 -W ignore:setup.py install is deprecated -W ignore:easy_install command is deprecated setup.py egg_info --egg-base ../../build/controller build --build-base /home/naor/Desktop/naor/study/Thesis/build/controller/build install --record /home/naor/Desktop/naor/study/Thesis/build/controller/install.log --single-version-externally-managed install_data
[0.912s] DEBUG:colcon.colcon_core.event_handler.log_command:Invoked command in '/home/naor/Desktop/naor/study/Thesis/build/drone_c' returned '0': CMAKE_PREFIX_PATH=${CMAKE_PREFIX_PATH}:/home/naor/Desktop/naor/study/Thesis/install/roller:/home/naor/Desktop/naor/study/Thesis/install/camera_nav:/home/naor/Desktop/naor/study/Thesis/install/controller:/home/naor/Desktop/naor/work/capsule_repo/install/teensy_ers:/home/naor/Desktop/naor/work/capsule_repo/install/elers_bridge:/opt/ros/humble /usr/bin/cmake --build /home/naor/Desktop/naor/study/Thesis/build/drone_c -- -j16 -l16
[0.914s] DEBUG:colcon.colcon_core.event_handler.log_command:Invoking command in '/home/naor/Desktop/naor/study/Thesis/build/drone_c': CMAKE_PREFIX_PATH=${CMAKE_PREFIX_PATH}:/home/naor/Desktop/naor/study/Thesis/install/roller:/home/naor/Desktop/naor/study/Thesis/install/camera_nav:/home/naor/Desktop/naor/study/Thesis/install/controller:/home/naor/Desktop/naor/work/capsule_repo/install/teensy_ers:/home/naor/Desktop/naor/work/capsule_repo/install/elers_bridge:/opt/ros/humble /usr/bin/cmake --install /home/naor/Desktop/naor/study/Thesis/build/drone_c
[0.918s] DEBUG:colcon.colcon_core.event_handler.log_command:Invoked command in '/home/naor/Desktop/naor/study/Thesis/build/ground_bot' returned '0': CMAKE_PREFIX_PATH=${CMAKE_PREFIX_PATH}:/home/naor/Desktop/naor/study/Thesis/install/roller:/home/naor/Desktop/naor/study/Thesis/install/camera_nav:/home/naor/Desktop/naor/study/Thesis/install/controller:/home/naor/Desktop/naor/work/capsule_repo/install/teensy_ers:/home/naor/Desktop/naor/work/capsule_repo/install/elers_bridge:/opt/ros/humble /usr/bin/cmake --build /home/naor/Desktop/naor/study/Thesis/build/ground_bot -- -j16 -l16
[0.920s] DEBUG:colcon.colcon_core.event_handler.log_command:Invoking command in '/home/naor/Desktop/naor/study/Thesis/build/ground_bot': CMAKE_PREFIX_PATH=${CMAKE_PREFIX_PATH}:/home/naor/Desktop/naor/study/Thesis/install/roller:/home/naor/Desktop/naor/study/Thesis/install/camera_nav:/home/naor/Desktop/naor/study/Thesis/install/controller:/home/naor/Desktop/naor/work/capsule_repo/install/teensy_ers:/home/naor/Desktop/naor/work/capsule_repo/install/elers_bridge:/opt/ros/humble /usr/bin/cmake --install /home/naor/Desktop/naor/study/Thesis/build/ground_bot
[0.966s] Level 1:colcon.colcon_core.environment:create_environment_scripts_only(drone_c)
[0.966s] Level 1:colcon.colcon_core.environment:checking '/home/naor/Desktop/naor/study/Thesis/install/drone_c' for CMake module files
[0.967s] DEBUG:colcon.colcon_core.event_handler.log_command:Invoked command in '/home/naor/Desktop/naor/study/Thesis/build/drone_c' returned '0': CMAKE_PREFIX_PATH=${CMAKE_PREFIX_PATH}:/home/naor/Desktop/naor/study/Thesis/install/roller:/home/naor/Desktop/naor/study/Thesis/install/camera_nav:/home/naor/Desktop/naor/study/Thesis/install/controller:/home/naor/Desktop/naor/work/capsule_repo/install/teensy_ers:/home/naor/Desktop/naor/work/capsule_repo/install/elers_bridge:/opt/ros/humble /usr/bin/cmake --install /home/naor/Desktop/naor/study/Thesis/build/drone_c
[0.967s] Level 1:colcon.colcon_core.environment:checking '/home/naor/Desktop/naor/study/Thesis/install/drone_c' for CMake config files
[0.967s] Level 1:colcon.colcon_core.shell:create_environment_hook('drone_c', 'cmake_prefix_path')
[0.968s] INFO:colcon.colcon_core.shell:Creating environment hook '/home/naor/Desktop/naor/study/Thesis/install/drone_c/share/drone_c/hook/cmake_prefix_path.ps1'
[0.968s] INFO:colcon.colcon_core.shell:Creating environment descriptor '/home/naor/Desktop/naor/study/Thesis/install/drone_c/share/drone_c/hook/cmake_prefix_path.dsv'
[0.968s] INFO:colcon.colcon_core.shell:Creating environment hook '/home/naor/Desktop/naor/study/Thesis/install/drone_c/share/drone_c/hook/cmake_prefix_path.sh'
[0.969s] Level 1:colcon.colcon_core.environment:checking '/home/naor/Desktop/naor/study/Thesis/install/drone_c/lib'
[0.969s] Level 1:colcon.colcon_core.shell:create_environment_hook('drone_c', 'ld_library_path_lib')
[0.969s] INFO:colcon.colcon_core.shell:Creating environment hook '/home/naor/Desktop/naor/study/Thesis/install/drone_c/share/drone_c/hook/ld_library_path_lib.ps1'
[0.969s] INFO:colcon.colcon_core.shell:Creating environment descriptor '/home/naor/Desktop/naor/study/Thesis/install/drone_c/share/drone_c/hook/ld_library_path_lib.dsv'
[0.970s] INFO:colcon.colcon_core.shell:Creating environment hook '/home/naor/Desktop/naor/study/Thesis/install/drone_c/share/drone_c/hook/ld_library_path_lib.sh'
[0.970s] Level 1:colcon.colcon_core.environment:checking '/home/naor/Desktop/naor/study/Thesis/install/drone_c/bin'
[0.970s] Level 1:colcon.colcon_core.environment:checking '/home/naor/Desktop/naor/study/Thesis/install/drone_c/lib/pkgconfig/drone_c.pc'
[0.970s] Level 1:colcon.colcon_core.environment:checking '/home/naor/Desktop/naor/study/Thesis/install/drone_c/lib/python3.10/site-packages'
[0.970s] Level 1:colcon.colcon_core.environment:checking '/home/naor/Desktop/naor/study/Thesis/install/drone_c/bin'
[0.971s] INFO:colcon.colcon_core.shell:Creating package script '/home/naor/Desktop/naor/study/Thesis/install/drone_c/share/drone_c/package.ps1'
[0.971s] INFO:colcon.colcon_core.shell:Creating package descriptor '/home/naor/Desktop/naor/study/Thesis/install/drone_c/share/drone_c/package.dsv'
[0.972s] INFO:colcon.colcon_core.shell:Creating package script '/home/naor/Desktop/naor/study/Thesis/install/drone_c/share/drone_c/package.sh'
[0.972s] INFO:colcon.colcon_core.shell:Creating package script '/home/naor/Desktop/naor/study/Thesis/install/drone_c/share/drone_c/package.bash'
[0.973s] INFO:colcon.colcon_core.shell:Creating package script '/home/naor/Desktop/naor/study/Thesis/install/drone_c/share/drone_c/package.zsh'
[0.973s] Level 1:colcon.colcon_core.environment:create_file_with_runtime_dependencies(/home/naor/Desktop/naor/study/Thesis/install/drone_c/share/colcon-core/packages/drone_c)
[0.974s] Level 1:colcon.colcon_core.environment:create_environment_scripts_only(drone_c)
[0.974s] Level 1:colcon.colcon_core.environment:checking '/home/naor/Desktop/naor/study/Thesis/install/drone_c' for CMake module files
[0.974s] Level 1:colcon.colcon_core.environment:checking '/home/naor/Desktop/naor/study/Thesis/install/drone_c' for CMake config files
[0.974s] Level 1:colcon.colcon_core.shell:create_environment_hook('drone_c', 'cmake_prefix_path')
[0.974s] INFO:colcon.colcon_core.shell:Creating environment hook '/home/naor/Desktop/naor/study/Thesis/install/drone_c/share/drone_c/hook/cmake_prefix_path.ps1'
[0.975s] INFO:colcon.colcon_core.shell:Creating environment descriptor '/home/naor/Desktop/naor/study/Thesis/install/drone_c/share/drone_c/hook/cmake_prefix_path.dsv'
[0.975s] INFO:colcon.colcon_core.shell:Creating environment hook '/home/naor/Desktop/naor/study/Thesis/install/drone_c/share/drone_c/hook/cmake_prefix_path.sh'
[0.975s] Level 1:colcon.colcon_core.environment:checking '/home/naor/Desktop/naor/study/Thesis/install/drone_c/lib'
[0.975s] Level 1:colcon.colcon_core.shell:create_environment_hook('drone_c', 'ld_library_path_lib')
[0.975s] INFO:colcon.colcon_core.shell:Creating environment hook '/home/naor/Desktop/naor/study/Thesis/install/drone_c/share/drone_c/hook/ld_library_path_lib.ps1'
[0.976s] INFO:colcon.colcon_core.shell:Creating environment descriptor '/home/naor/Desktop/naor/study/Thesis/install/drone_c/share/drone_c/hook/ld_library_path_lib.dsv'
[0.976s] INFO:colcon.colcon_core.shell:Creating environment hook '/home/naor/Desktop/naor/study/Thesis/install/drone_c/share/drone_c/hook/ld_library_path_lib.sh'
[0.976s] Level 1:colcon.colcon_core.environment:checking '/home/naor/Desktop/naor/study/Thesis/install/drone_c/bin'
[0.976s] Level 1:colcon.colcon_core.environment:checking '/home/naor/Desktop/naor/study/Thesis/install/drone_c/lib/pkgconfig/drone_c.pc'
[0.976s] Level 1:colcon.colcon_core.environment:checking '/home/naor/Desktop/naor/study/Thesis/install/drone_c/lib/python3.10/site-packages'
[0.976s] Level 1:colcon.colcon_core.environment:checking '/home/naor/Desktop/naor/study/Thesis/install/drone_c/bin'
[0.977s] INFO:colcon.colcon_core.shell:Creating package script '/home/naor/Desktop/naor/study/Thesis/install/drone_c/share/drone_c/package.ps1'
[0.977s] INFO:colcon.colcon_core.shell:Creating package descriptor '/home/naor/Desktop/naor/study/Thesis/install/drone_c/share/drone_c/package.dsv'
[0.977s] INFO:colcon.colcon_core.shell:Creating package script '/home/naor/Desktop/naor/study/Thesis/install/drone_c/share/drone_c/package.sh'
[0.978s] INFO:colcon.colcon_core.shell:Creating package script '/home/naor/Desktop/naor/study/Thesis/install/drone_c/share/drone_c/package.bash'
[0.978s] INFO:colcon.colcon_core.shell:Creating package script '/home/naor/Desktop/naor/study/Thesis/install/drone_c/share/drone_c/package.zsh'
[0.978s] Level 1:colcon.colcon_core.environment:create_file_with_runtime_dependencies(/home/naor/Desktop/naor/study/Thesis/install/drone_c/share/colcon-core/packages/drone_c)
[0.978s] Level 1:colcon.colcon_core.environment:create_environment_scripts_only(ground_bot)
[0.979s] Level 1:colcon.colcon_core.environment:checking '/home/naor/Desktop/naor/study/Thesis/install/ground_bot' for CMake module files
[0.979s] Level 1:colcon.colcon_core.environment:checking '/home/naor/Desktop/naor/study/Thesis/install/ground_bot' for CMake config files
[0.979s] DEBUG:colcon.colcon_core.event_handler.log_command:Invoked command in '/home/naor/Desktop/naor/study/Thesis/build/ground_bot' returned '0': CMAKE_PREFIX_PATH=${CMAKE_PREFIX_PATH}:/home/naor/Desktop/naor/study/Thesis/install/roller:/home/naor/Desktop/naor/study/Thesis/install/camera_nav:/home/naor/Desktop/naor/study/Thesis/install/controller:/home/naor/Desktop/naor/work/capsule_repo/install/teensy_ers:/home/naor/Desktop/naor/work/capsule_repo/install/elers_bridge:/opt/ros/humble /usr/bin/cmake --install /home/naor/Desktop/naor/study/Thesis/build/ground_bot
[0.979s] Level 1:colcon.colcon_core.shell:create_environment_hook('ground_bot', 'cmake_prefix_path')
[0.980s] INFO:colcon.colcon_core.shell:Creating environment hook '/home/naor/Desktop/naor/study/Thesis/install/ground_bot/share/ground_bot/hook/cmake_prefix_path.ps1'
[0.980s] INFO:colcon.colcon_core.shell:Creating environment descriptor '/home/naor/Desktop/naor/study/Thesis/install/ground_bot/share/ground_bot/hook/cmake_prefix_path.dsv'
[0.980s] INFO:colcon.colcon_core.shell:Creating environment hook '/home/naor/Desktop/naor/study/Thesis/install/ground_bot/share/ground_bot/hook/cmake_prefix_path.sh'
[0.980s] Level 1:colcon.colcon_core.environment:checking '/home/naor/Desktop/naor/study/Thesis/install/ground_bot/lib'
[0.981s] Level 1:colcon.colcon_core.shell:create_environment_hook('ground_bot', 'ld_library_path_lib')
[0.981s] INFO:colcon.colcon_core.shell:Creating environment hook '/home/naor/Desktop/naor/study/Thesis/install/ground_bot/share/ground_bot/hook/ld_library_path_lib.ps1'
[0.981s] INFO:colcon.colcon_core.shell:Creating environment descriptor '/home/naor/Desktop/naor/study/Thesis/install/ground_bot/share/ground_bot/hook/ld_library_path_lib.dsv'
[0.981s] INFO:colcon.colcon_core.shell:Creating environment hook '/home/naor/Desktop/naor/study/Thesis/install/ground_bot/share/ground_bot/hook/ld_library_path_lib.sh'
[0.981s] Level 1:colcon.colcon_core.environment:checking '/home/naor/Desktop/naor/study/Thesis/install/ground_bot/bin'
[0.981s] Level 1:colcon.colcon_core.environment:checking '/home/naor/Desktop/naor/study/Thesis/install/ground_bot/lib/pkgconfig/ground_bot.pc'
[0.982s] Level 1:colcon.colcon_core.environment:checking '/home/naor/Desktop/naor/study/Thesis/install/ground_bot/lib/python3.10/site-packages'
[0.982s] Level 1:colcon.colcon_core.environment:checking '/home/naor/Desktop/naor/study/Thesis/install/ground_bot/bin'
[0.982s] INFO:colcon.colcon_core.shell:Creating package script '/home/naor/Desktop/naor/study/Thesis/install/ground_bot/share/ground_bot/package.ps1'
[0.982s] INFO:colcon.colcon_core.shell:Creating package descriptor '/home/naor/Desktop/naor/study/Thesis/install/ground_bot/share/ground_bot/package.dsv'
[0.983s] INFO:colcon.colcon_core.shell:Creating package script '/home/naor/Desktop/naor/study/Thesis/install/ground_bot/share/ground_bot/package.sh'
[0.983s] INFO:colcon.colcon_core.shell:Creating package script '/home/naor/Desktop/naor/study/Thesis/install/ground_bot/share/ground_bot/package.bash'
[0.983s] INFO:colcon.colcon_core.shell:Creating package script '/home/naor/Desktop/naor/study/Thesis/install/ground_bot/share/ground_bot/package.zsh'
[0.983s] Level 1:colcon.colcon_core.environment:create_file_with_runtime_dependencies(/home/naor/Desktop/naor/study/Thesis/install/ground_bot/share/colcon-core/packages/ground_bot)
[0.984s] Level 1:colcon.colcon_core.environment:create_environment_scripts_only(ground_bot)
[0.984s] Level 1:colcon.colcon_core.environment:checking '/home/naor/Desktop/naor/study/Thesis/install/ground_bot' for CMake module files
[0.984s] Level 1:colcon.colcon_core.environment:checking '/home/naor/Desktop/naor/study/Thesis/install/ground_bot' for CMake config files
[0.984s] Level 1:colcon.colcon_core.shell:create_environment_hook('ground_bot', 'cmake_prefix_path')
[0.984s] INFO:colcon.colcon_core.shell:Creating environment hook '/home/naor/Desktop/naor/study/Thesis/install/ground_bot/share/ground_bot/hook/cmake_prefix_path.ps1'
[0.985s] INFO:colcon.colcon_core.shell:Creating environment descriptor '/home/naor/Desktop/naor/study/Thesis/install/ground_bot/share/ground_bot/hook/cmake_prefix_path.dsv'
[0.985s] INFO:colcon.colcon_core.shell:Creating environment hook '/home/naor/Desktop/naor/study/Thesis/install/ground_bot/share/ground_bot/hook/cmake_prefix_path.sh'
[0.986s] Level 1:colcon.colcon_core.environment:checking '/home/naor/Desktop/naor/study/Thesis/install/ground_bot/lib'
[0.986s] Level 1:colcon.colcon_core.shell:create_environment_hook('ground_bot', 'ld_library_path_lib')
[0.986s] INFO:colcon.colcon_core.shell:Creating environment hook '/home/naor/Desktop/naor/study/Thesis/install/ground_bot/share/ground_bot/hook/ld_library_path_lib.ps1'
[0.986s] INFO:colcon.colcon_core.shell:Creating environment descriptor '/home/naor/Desktop/naor/study/Thesis/install/ground_bot/share/ground_bot/hook/ld_library_path_lib.dsv'
[0.986s] INFO:colcon.colcon_core.shell:Creating environment hook '/home/naor/Desktop/naor/study/Thesis/install/ground_bot/share/ground_bot/hook/ld_library_path_lib.sh'
[0.986s] Level 1:colcon.colcon_core.environment:checking '/home/naor/Desktop/naor/study/Thesis/install/ground_bot/bin'
[0.987s] Level 1:colcon.colcon_core.environment:checking '/home/naor/Desktop/naor/study/Thesis/install/ground_bot/lib/pkgconfig/ground_bot.pc'
[0.987s] Level 1:colcon.colcon_core.environment:checking '/home/naor/Desktop/naor/study/Thesis/install/ground_bot/lib/python3.10/site-packages'
[0.987s] Level 1:colcon.colcon_core.environment:checking '/home/naor/Desktop/naor/study/Thesis/install/ground_bot/bin'
[0.987s] INFO:colcon.colcon_core.shell:Creating package script '/home/naor/Desktop/naor/study/Thesis/install/ground_bot/share/ground_bot/package.ps1'
[0.988s] INFO:colcon.colcon_core.shell:Creating package descriptor '/home/naor/Desktop/naor/study/Thesis/install/ground_bot/share/ground_bot/package.dsv'
[0.988s] INFO:colcon.colcon_core.shell:Creating package script '/home/naor/Desktop/naor/study/Thesis/install/ground_bot/share/ground_bot/package.sh'
[0.988s] INFO:colcon.colcon_core.shell:Creating package script '/home/naor/Desktop/naor/study/Thesis/install/ground_bot/share/ground_bot/package.bash'
[0.988s] INFO:colcon.colcon_core.shell:Creating package script '/home/naor/Desktop/naor/study/Thesis/install/ground_bot/share/ground_bot/package.zsh'
[0.989s] Level 1:colcon.colcon_core.environment:create_file_with_runtime_dependencies(/home/naor/Desktop/naor/study/Thesis/install/ground_bot/share/colcon-core/packages/ground_bot)
[1.094s] DEBUG:colcon.colcon_core.event_handler.log_command:Invoking command in '/home/naor/Desktop/naor/study/Thesis/src/camera_nav': CMAKE_PREFIX_PATH=/home/naor/Desktop/naor/study/Thesis/install/pointcloud_to_laserscan:/home/naor/Desktop/naor/study/Thesis/install/robot_description:/home/naor/Desktop/naor/study/Thesis/install/ground_bot:/home/naor/Desktop/naor/study/Thesis/install/drone_c PYTHONPATH=/home/naor/Desktop/naor/study/Thesis/build/camera_nav/prefix_override:/usr/lib/python3/dist-packages/colcon_core/task/python/colcon_distutils_commands:/home/naor/Desktop/naor/study/Thesis/install/camera_nav/lib/python3.10/site-packages:${PYTHONPATH} /usr/bin/python3 -W ignore:setup.py install is deprecated -W ignore:easy_install command is deprecated setup.py egg_info --egg-base ../../build/camera_nav build --build-base /home/naor/Desktop/naor/study/Thesis/build/camera_nav/build install --record /home/naor/Desktop/naor/study/Thesis/build/camera_nav/install.log --single-version-externally-managed install_data
[1.299s] Level 1:colcon.colcon_core.environment:checking '/home/naor/Desktop/naor/study/Thesis/install/controller' for CMake module files
[1.299s] DEBUG:colcon.colcon_core.event_handler.log_command:Invoked command in '/home/naor/Desktop/naor/study/Thesis/src/controller' returned '0': PYTHONPATH=/home/naor/Desktop/naor/study/Thesis/build/controller/prefix_override:/usr/lib/python3/dist-packages/colcon_core/task/python/colcon_distutils_commands:/home/naor/Desktop/naor/study/Thesis/install/controller/lib/python3.10/site-packages:${PYTHONPATH} /usr/bin/python3 -W ignore:setup.py install is deprecated -W ignore:easy_install command is deprecated setup.py egg_info --egg-base ../../build/controller build --build-base /home/naor/Desktop/naor/study/Thesis/build/controller/build install --record /home/naor/Desktop/naor/study/Thesis/build/controller/install.log --single-version-externally-managed install_data
[1.299s] Level 1:colcon.colcon_core.environment:checking '/home/naor/Desktop/naor/study/Thesis/install/controller' for CMake config files
[1.300s] Level 1:colcon.colcon_core.environment:checking '/home/naor/Desktop/naor/study/Thesis/install/controller/lib'
[1.300s] Level 1:colcon.colcon_core.environment:checking '/home/naor/Desktop/naor/study/Thesis/install/controller/bin'
[1.300s] Level 1:colcon.colcon_core.environment:checking '/home/naor/Desktop/naor/study/Thesis/install/controller/lib/pkgconfig/controller.pc'
[1.300s] Level 1:colcon.colcon_core.environment:checking '/home/naor/Desktop/naor/study/Thesis/install/controller/lib/python3.10/site-packages'
[1.300s] Level 1:colcon.colcon_core.shell:create_environment_hook('controller', 'pythonpath')
[1.301s] INFO:colcon.colcon_core.shell:Creating environment hook '/home/naor/Desktop/naor/study/Thesis/install/controller/share/controller/hook/pythonpath.ps1'
[1.301s] INFO:colcon.colcon_core.shell:Creating environment descriptor '/home/naor/Desktop/naor/study/Thesis/install/controller/share/controller/hook/pythonpath.dsv'
[1.301s] INFO:colcon.colcon_core.shell:Creating environment hook '/home/naor/Desktop/naor/study/Thesis/install/controller/share/controller/hook/pythonpath.sh'
[1.302s] Level 1:colcon.colcon_core.environment:checking '/home/naor/Desktop/naor/study/Thesis/install/controller/bin'
[1.302s] Level 1:colcon.colcon_core.environment:create_environment_scripts_only(controller)
[1.302s] INFO:colcon.colcon_core.shell:Creating package script '/home/naor/Desktop/naor/study/Thesis/install/controller/share/controller/package.ps1'
[1.302s] INFO:colcon.colcon_core.shell:Creating package descriptor '/home/naor/Desktop/naor/study/Thesis/install/controller/share/controller/package.dsv'
[1.303s] INFO:colcon.colcon_core.shell:Creating package script '/home/naor/Desktop/naor/study/Thesis/install/controller/share/controller/package.sh'
[1.303s] INFO:colcon.colcon_core.shell:Creating package script '/home/naor/Desktop/naor/study/Thesis/install/controller/share/controller/package.bash'
[1.303s] INFO:colcon.colcon_core.shell:Creating package script '/home/naor/Desktop/naor/study/Thesis/install/controller/share/controller/package.zsh'
[1.303s] Level 1:colcon.colcon_core.environment:create_file_with_runtime_dependencies(/home/naor/Desktop/naor/study/Thesis/install/controller/share/colcon-core/packages/controller)
[1.508s] Level 1:colcon.colcon_core.environment:checking '/home/naor/Desktop/naor/study/Thesis/install/camera_nav' for CMake module files
[1.508s] DEBUG:colcon.colcon_core.event_handler.log_command:Invoked command in '/home/naor/Desktop/naor/study/Thesis/src/camera_nav' returned '0': CMAKE_PREFIX_PATH=/home/naor/Desktop/naor/study/Thesis/install/pointcloud_to_laserscan:/home/naor/Desktop/naor/study/Thesis/install/robot_description:/home/naor/Desktop/naor/study/Thesis/install/ground_bot:/home/naor/Desktop/naor/study/Thesis/install/drone_c PYTHONPATH=/home/naor/Desktop/naor/study/Thesis/build/camera_nav/prefix_override:/usr/lib/python3/dist-packages/colcon_core/task/python/colcon_distutils_commands:/home/naor/Desktop/naor/study/Thesis/install/camera_nav/lib/python3.10/site-packages:${PYTHONPATH} /usr/bin/python3 -W ignore:setup.py install is deprecated -W ignore:easy_install command is deprecated setup.py egg_info --egg-base ../../build/camera_nav build --build-base /home/naor/Desktop/naor/study/Thesis/build/camera_nav/build install --record /home/naor/Desktop/naor/study/Thesis/build/camera_nav/install.log --single-version-externally-managed install_data
[1.508s] Level 1:colcon.colcon_core.environment:checking '/home/naor/Desktop/naor/study/Thesis/install/camera_nav' for CMake config files
[1.509s] Level 1:colcon.colcon_core.environment:checking '/home/naor/Desktop/naor/study/Thesis/install/camera_nav/lib'
[1.509s] Level 1:colcon.colcon_core.environment:checking '/home/naor/Desktop/naor/study/Thesis/install/camera_nav/bin'
[1.509s] Level 1:colcon.colcon_core.environment:checking '/home/naor/Desktop/naor/study/Thesis/install/camera_nav/lib/pkgconfig/camera_nav.pc'
[1.509s] Level 1:colcon.colcon_core.environment:checking '/home/naor/Desktop/naor/study/Thesis/install/camera_nav/lib/python3.10/site-packages'
[1.509s] Level 1:colcon.colcon_core.shell:create_environment_hook('camera_nav', 'pythonpath')
[1.509s] INFO:colcon.colcon_core.shell:Creating environment hook '/home/naor/Desktop/naor/study/Thesis/install/camera_nav/share/camera_nav/hook/pythonpath.ps1'
[1.510s] INFO:colcon.colcon_core.shell:Creating environment descriptor '/home/naor/Desktop/naor/study/Thesis/install/camera_nav/share/camera_nav/hook/pythonpath.dsv'
[1.510s] INFO:colcon.colcon_core.shell:Creating environment hook '/home/naor/Desktop/naor/study/Thesis/install/camera_nav/share/camera_nav/hook/pythonpath.sh'
[1.511s] Level 1:colcon.colcon_core.environment:checking '/home/naor/Desktop/naor/study/Thesis/install/camera_nav/bin'
[1.511s] Level 1:colcon.colcon_core.environment:create_environment_scripts_only(camera_nav)
[1.511s] INFO:colcon.colcon_core.shell:Creating package script '/home/naor/Desktop/naor/study/Thesis/install/camera_nav/share/camera_nav/package.ps1'
[1.511s] INFO:colcon.colcon_core.shell:Creating package descriptor '/home/naor/Desktop/naor/study/Thesis/install/camera_nav/share/camera_nav/package.dsv'
[1.511s] INFO:colcon.colcon_core.shell:Creating package script '/home/naor/Desktop/naor/study/Thesis/install/camera_nav/share/camera_nav/package.sh'
[1.512s] INFO:colcon.colcon_core.shell:Creating package script '/home/naor/Desktop/naor/study/Thesis/install/camera_nav/share/camera_nav/package.bash'
[1.512s] INFO:colcon.colcon_core.shell:Creating package script '/home/naor/Desktop/naor/study/Thesis/install/camera_nav/share/camera_nav/package.zsh'
[1.512s] Level 1:colcon.colcon_core.environment:create_file_with_runtime_dependencies(/home/naor/Desktop/naor/study/Thesis/install/camera_nav/share/colcon-core/packages/camera_nav)
[1.512s] DEBUG:colcon.colcon_parallel_executor.executor.parallel:closing loop
[1.513s] DEBUG:colcon.colcon_parallel_executor.executor.parallel:loop closed
[1.513s] DEBUG:colcon.colcon_parallel_executor.executor.parallel:run_until_complete finished with '0'
[1.513s] DEBUG:colcon.colcon_core.event_reactor:joining thread
[1.516s] INFO:colcon.colcon_core.plugin_system:Skipping extension 'colcon_notification.desktop_notification.terminal_notifier': Not used on non-Darwin systems
[1.516s] INFO:colcon.colcon_core.plugin_system:Skipping extension 'colcon_notification.desktop_notification.win32': Not used on non-Windows systems
[1.517s] INFO:colcon.colcon_notification.desktop_notification:Sending desktop notification using 'notify2'
[1.524s] DEBUG:colcon.colcon_core.event_reactor:joined thread
[1.524s] INFO:colcon.colcon_core.shell:Creating prefix script '/home/naor/Desktop/naor/study/Thesis/install/local_setup.ps1'
[1.525s] INFO:colcon.colcon_core.shell:Creating prefix util module '/home/naor/Desktop/naor/study/Thesis/install/_local_setup_util_ps1.py'
[1.526s] INFO:colcon.colcon_core.shell:Creating prefix chain script '/home/naor/Desktop/naor/study/Thesis/install/setup.ps1'
[1.527s] INFO:colcon.colcon_core.shell:Creating prefix script '/home/naor/Desktop/naor/study/Thesis/install/local_setup.sh'
[1.528s] INFO:colcon.colcon_core.shell:Creating prefix util module '/home/naor/Desktop/naor/study/Thesis/install/_local_setup_util_sh.py'
[1.529s] INFO:colcon.colcon_core.shell:Creating prefix chain script '/home/naor/Desktop/naor/study/Thesis/install/setup.sh'
[1.530s] INFO:colcon.colcon_core.shell:Creating prefix script '/home/naor/Desktop/naor/study/Thesis/install/local_setup.bash'
[1.530s] INFO:colcon.colcon_core.shell:Creating prefix chain script '/home/naor/Desktop/naor/study/Thesis/install/setup.bash'
[1.531s] INFO:colcon.colcon_core.shell:Creating prefix script '/home/naor/Desktop/naor/study/Thesis/install/local_setup.zsh'
[1.531s] INFO:colcon.colcon_core.shell:Creating prefix chain script '/home/naor/Desktop/naor/study/Thesis/install/setup.zsh'
