[0.320s] Invoking command in '/home/naor/Desktop/naor/study/Thesis/build/drone_c': CMAKE_PREFIX_PATH=${CMAKE_PREFIX_PATH}:/home/naor/Desktop/naor/study/Thesis/install/roller:/home/naor/Desktop/naor/study/Thesis/install/camera_nav:/home/naor/Desktop/naor/study/Thesis/install/controller:/home/naor/Desktop/naor/work/capsule_repo/install/teensy_ers:/home/naor/Desktop/naor/work/capsule_repo/install/elers_bridge:/opt/ros/humble /usr/bin/cmake --build /home/naor/Desktop/naor/study/Thesis/build/drone_c -- -j16 -l16
[0.342s] -- Found ament_cmake: 1.3.11 (/opt/ros/humble/share/ament_cmake/cmake)
[0.465s] -- Found rclcpp: 16.0.12 (/opt/ros/humble/share/rclcpp/cmake)
[0.493s] -- Found rosidl_generator_c: 3.1.6 (/opt/ros/humble/share/rosidl_generator_c/cmake)
[0.496s] -- Found rosidl_adapter: 3.1.6 (/opt/ros/humble/share/rosidl_adapter/cmake)
[0.502s] -- Found rosidl_generator_cpp: 3.1.6 (/opt/ros/humble/share/rosidl_generator_cpp/cmake)
[0.511s] -- Using all available rosidl_typesupport_c: rosidl_typesupport_fastrtps_c;rosidl_typesupport_introspection_c
[0.522s] -- Using all available rosidl_typesupport_cpp: rosidl_typesupport_fastrtps_cpp;rosidl_typesupport_introspection_cpp
[0.551s] -- Found rmw_implementation_cmake: 6.1.2 (/opt/ros/humble/share/rmw_implementation_cmake/cmake)
[0.553s] -- Found rmw_fastrtps_cpp: 6.2.7 (/opt/ros/humble/share/rmw_fastrtps_cpp/cmake)
[0.654s] -- Using RMW implementation 'rmw_fastrtps_cpp' as default
[0.695s] -- Found rosidl_default_generators: 1.2.0 (/opt/ros/humble/share/rosidl_default_generators/cmake)
[0.968s] -- Found ament_cmake_ros: 0.10.0 (/opt/ros/humble/share/ament_cmake_ros/cmake)
[1.333s] -- Using all available rosidl_typesupport_c: rosidl_typesupport_fastrtps_c;rosidl_typesupport_introspection_c
[1.480s] -- Using all available rosidl_typesupport_cpp: rosidl_typesupport_fastrtps_cpp;rosidl_typesupport_introspection_cpp
[1.505s] -- Found python_cmake_module: 0.10.0 (/opt/ros/humble/share/python_cmake_module/cmake)
[1.529s] -- Using PYTHON_EXECUTABLE: /usr/bin/python3
[1.529s] -- Using PYTHON_INCLUDE_DIRS: /usr/include/python3.10
[1.530s] -- Using PYTHON_LIBRARIES: /usr/lib/x86_64-linux-gnu/libpython3.10.so
[1.548s] -- Found ament_lint_auto: 0.12.12 (/opt/ros/humble/share/ament_lint_auto/cmake)
[1.553s] -- Added test 'copyright' to check source files copyright and LICENSE
[1.553s] -- Added test 'flake8' to check Python code syntax and style conventions
[1.554s] -- Added test 'lint_cmake' to check CMake code style
[1.555s] -- Added test 'pep257' to check Python code against some of the docstring style conventions in PEP 257
[1.559s] -- Added test 'uncrustify' to check C / C++ code style
[1.559s] -- Configured uncrustify additional arguments: 
[1.559s] -- Added test 'xmllint' to check XML markup files
[1.560s] -- Configuring done
[1.585s] -- Generating done
[1.593s] -- Build files have been written to: /home/naor/Desktop/naor/study/Thesis/build/drone_c
[1.618s] [35m[1mConsolidate compiler generated dependencies of target drone_c__rosidl_generator_c[0m
[1.624s] [  1%] Built target drone_c__cpp
[1.629s] [  5%] [32mBuilding C object CMakeFiles/drone_c__rosidl_generator_c.dir/rosidl_generator_c/drone_c/msg/detail/motors__functions.c.o[0m
[1.629s] [  5%] [32mBuilding C object CMakeFiles/drone_c__rosidl_generator_c.dir/rosidl_generator_c/drone_c/msg/detail/pid__functions.c.o[0m
[1.630s] [  7%] [32mBuilding C object CMakeFiles/drone_c__rosidl_generator_c.dir/rosidl_generator_c/drone_c/msg/detail/imu_filter__functions.c.o[0m
[1.630s] [  9%] Built target ament_cmake_python_copy_drone_c
[1.630s] [  9%] [32mBuilding C object CMakeFiles/drone_c__rosidl_generator_c.dir/rosidl_generator_c/drone_c/msg/detail/euler_angles__functions.c.o[0m
[1.636s] [35m[1mConsolidate compiler generated dependencies of target drone_c__rosidl_typesupport_cpp[0m
[1.636s] [35m[1mConsolidate compiler generated dependencies of target drone_c__rosidl_typesupport_fastrtps_cpp[0m
[1.636s] [35m[1mConsolidate compiler generated dependencies of target drone_c__rosidl_typesupport_introspection_cpp[0m
[1.649s] [ 10%] [32mBuilding CXX object CMakeFiles/drone_c__rosidl_typesupport_cpp.dir/rosidl_typesupport_cpp/drone_c/msg/imu_filter__type_support.cpp.o[0m
[1.649s] [ 12%] [32mBuilding CXX object CMakeFiles/drone_c__rosidl_typesupport_introspection_cpp.dir/rosidl_typesupport_introspection_cpp/drone_c/msg/detail/euler_angles__type_support.cpp.o[0m
[1.649s] [ 14%] [32mBuilding CXX object CMakeFiles/drone_c__rosidl_typesupport_fastrtps_cpp.dir/rosidl_typesupport_fastrtps_cpp/drone_c/msg/detail/dds_fastrtps/pid__type_support.cpp.o[0m
[1.649s] [ 16%] [32mBuilding CXX object CMakeFiles/drone_c__rosidl_typesupport_cpp.dir/rosidl_typesupport_cpp/drone_c/msg/euler_angles__type_support.cpp.o[0m
[1.651s] [ 18%] [32mBuilding CXX object CMakeFiles/drone_c__rosidl_typesupport_introspection_cpp.dir/rosidl_typesupport_introspection_cpp/drone_c/msg/detail/imu_filter__type_support.cpp.o[0m
[1.652s] [ 20%] [32mBuilding CXX object CMakeFiles/drone_c__rosidl_typesupport_fastrtps_cpp.dir/rosidl_typesupport_fastrtps_cpp/drone_c/msg/detail/dds_fastrtps/euler_angles__type_support.cpp.o[0m
[1.656s] [ 21%] [32mBuilding CXX object CMakeFiles/drone_c__rosidl_typesupport_fastrtps_cpp.dir/rosidl_typesupport_fastrtps_cpp/drone_c/msg/detail/dds_fastrtps/motors__type_support.cpp.o[0m
[1.656s] [ 23%] [32mBuilding CXX object CMakeFiles/drone_c__rosidl_typesupport_fastrtps_cpp.dir/rosidl_typesupport_fastrtps_cpp/drone_c/msg/detail/dds_fastrtps/imu_filter__type_support.cpp.o[0m
[1.684s] [ 25%] [32m[1mLinking C shared library libdrone_c__rosidl_generator_c.so[0m
[1.719s] [ 27%] Built target drone_c__rosidl_generator_c
[1.732s] [35m[1mConsolidate compiler generated dependencies of target drone_c__rosidl_typesupport_introspection_c[0m
[1.732s] [35m[1mConsolidate compiler generated dependencies of target drone_c__rosidl_typesupport_c[0m
[1.734s] [35m[1mConsolidate compiler generated dependencies of target drone_c__rosidl_typesupport_fastrtps_c[0m
[1.742s] [ 29%] [32mBuilding C object CMakeFiles/drone_c__rosidl_typesupport_introspection_c.dir/rosidl_typesupport_introspection_c/drone_c/msg/detail/pid__type_support.c.o[0m
[1.749s] [ 30%] [32mBuilding CXX object CMakeFiles/drone_c__rosidl_typesupport_c.dir/rosidl_typesupport_c/drone_c/msg/motors__type_support.cpp.o[0m
[1.749s] [ 32%] [32mBuilding C object CMakeFiles/drone_c__rosidl_typesupport_introspection_c.dir/rosidl_typesupport_introspection_c/drone_c/msg/detail/euler_angles__type_support.c.o[0m
[1.750s] [ 34%] [32mBuilding CXX object CMakeFiles/drone_c__rosidl_typesupport_c.dir/rosidl_typesupport_c/drone_c/msg/euler_angles__type_support.cpp.o[0m
[1.757s] [ 36%] [32mBuilding CXX object CMakeFiles/drone_c__rosidl_typesupport_c.dir/rosidl_typesupport_c/drone_c/msg/pid__type_support.cpp.o[0m
[1.759s] [ 40%] [32mBuilding C object CMakeFiles/drone_c__rosidl_typesupport_introspection_c.dir/rosidl_typesupport_introspection_c/drone_c/msg/detail/motors__type_support.c.o[0m
[1.759s] [ 40%] [32mBuilding CXX object CMakeFiles/drone_c__rosidl_typesupport_fastrtps_c.dir/rosidl_typesupport_fastrtps_c/drone_c/msg/detail/pid__type_support_c.cpp.o[0m
[1.807s] [ 41%] [32mBuilding C object CMakeFiles/drone_c__rosidl_typesupport_introspection_c.dir/rosidl_typesupport_introspection_c/drone_c/msg/detail/imu_filter__type_support.c.o[0m
[1.810s] [ 43%] [32mBuilding CXX object CMakeFiles/drone_c__rosidl_typesupport_c.dir/rosidl_typesupport_c/drone_c/msg/imu_filter__type_support.cpp.o[0m
[1.825s] [ 45%] [32mBuilding CXX object CMakeFiles/drone_c__rosidl_typesupport_fastrtps_c.dir/rosidl_typesupport_fastrtps_c/drone_c/msg/detail/motors__type_support_c.cpp.o[0m
[1.825s] [ 47%] [32mBuilding CXX object CMakeFiles/drone_c__rosidl_typesupport_fastrtps_c.dir/rosidl_typesupport_fastrtps_c/drone_c/msg/detail/euler_angles__type_support_c.cpp.o[0m
[1.827s] [ 49%] [32mBuilding CXX object CMakeFiles/drone_c__rosidl_typesupport_fastrtps_c.dir/rosidl_typesupport_fastrtps_c/drone_c/msg/detail/imu_filter__type_support_c.cpp.o[0m
[1.885s] [ 50%] [32m[1mLinking CXX shared library libdrone_c__rosidl_typesupport_c.so[0m
[1.888s] [ 52%] [32m[1mLinking C shared library libdrone_c__rosidl_typesupport_introspection_c.so[0m
[1.897s] running egg_info
[1.922s] writing drone_c.egg-info/PKG-INFO
[1.924s] writing dependency_links to drone_c.egg-info/dependency_links.txt
[1.924s] writing top-level names to drone_c.egg-info/top_level.txt
[1.966s] [ 54%] Built target drone_c__rosidl_typesupport_introspection_c
[1.977s] [ 56%] Built target drone_c__rosidl_typesupport_c
[2.024s] [ 58%] [32m[1mLinking CXX shared library libdrone_c__rosidl_typesupport_cpp.so[0m
[2.072s] reading manifest file 'drone_c.egg-info/SOURCES.txt'
[2.073s] writing manifest file 'drone_c.egg-info/SOURCES.txt'
[2.101s] [ 63%] Built target drone_c__rosidl_typesupport_cpp
[2.126s] [ 63%] Built target ament_cmake_python_build_drone_c_egg
[2.158s] [ 65%] [32m[1mLinking CXX shared library libdrone_c__rosidl_typesupport_fastrtps_cpp.so[0m
[2.229s] [ 67%] Built target drone_c__rosidl_typesupport_fastrtps_cpp
[2.236s] [ 69%] [32m[1mLinking CXX shared library libdrone_c__rosidl_typesupport_introspection_cpp.so[0m
[2.270s] [ 74%] Built target drone_c__rosidl_typesupport_introspection_cpp
[2.271s] [ 76%] [32m[1mLinking CXX shared library libdrone_c__rosidl_typesupport_fastrtps_c.so[0m
[2.328s] [ 78%] Built target drone_c__rosidl_typesupport_fastrtps_c
[2.343s] [ 78%] Built target drone_c
[2.359s] [ 80%] Built target drone_c__py
[2.367s] [35m[1mConsolidate compiler generated dependencies of target drone_c__rosidl_generator_py[0m
[2.378s] [ 81%] [32mBuilding C object CMakeFiles/drone_c__rosidl_generator_py.dir/rosidl_generator_py/drone_c/msg/_euler_angles_s.c.o[0m
[2.379s] [ 83%] [32mBuilding C object CMakeFiles/drone_c__rosidl_generator_py.dir/rosidl_generator_py/drone_c/msg/_motors_s.c.o[0m
[2.379s] [ 85%] [32mBuilding C object CMakeFiles/drone_c__rosidl_generator_py.dir/rosidl_generator_py/drone_c/msg/_pid_s.c.o[0m
[2.380s] [ 87%] [32mBuilding C object CMakeFiles/drone_c__rosidl_generator_py.dir/rosidl_generator_py/drone_c/msg/_imu_filter_s.c.o[0m
[2.465s] [ 89%] [32m[1mLinking C shared library rosidl_generator_py/drone_c/libdrone_c__rosidl_generator_py.so[0m
[2.499s] [ 89%] Built target drone_c__rosidl_generator_py
[2.509s] [35m[1mConsolidate compiler generated dependencies of target drone_c__rosidl_typesupport_c__pyext[0m
[2.509s] [35m[1mConsolidate compiler generated dependencies of target drone_c__rosidl_typesupport_fastrtps_c__pyext[0m
[2.510s] [35m[1mConsolidate compiler generated dependencies of target drone_c__rosidl_typesupport_introspection_c__pyext[0m
[2.518s] [ 90%] [32mBuilding C object CMakeFiles/drone_c__rosidl_typesupport_fastrtps_c__pyext.dir/rosidl_generator_py/drone_c/_drone_c_s.ep.rosidl_typesupport_fastrtps_c.c.o[0m
[2.518s] [ 92%] [32mBuilding C object CMakeFiles/drone_c__rosidl_typesupport_c__pyext.dir/rosidl_generator_py/drone_c/_drone_c_s.ep.rosidl_typesupport_c.c.o[0m
[2.521s] [ 94%] [32mBuilding C object CMakeFiles/drone_c__rosidl_typesupport_introspection_c__pyext.dir/rosidl_generator_py/drone_c/_drone_c_s.ep.rosidl_typesupport_introspection_c.c.o[0m
[2.582s] [ 96%] [32m[1mLinking C shared library rosidl_generator_py/drone_c/drone_c_s__rosidl_typesupport_fastrtps_c.cpython-310-x86_64-linux-gnu.so[0m
[2.584s] [ 98%] [32m[1mLinking C shared library rosidl_generator_py/drone_c/drone_c_s__rosidl_typesupport_c.cpython-310-x86_64-linux-gnu.so[0m
[2.587s] [100%] [32m[1mLinking C shared library rosidl_generator_py/drone_c/drone_c_s__rosidl_typesupport_introspection_c.cpython-310-x86_64-linux-gnu.so[0m
[2.608s] [100%] Built target drone_c__rosidl_typesupport_fastrtps_c__pyext
[2.612s] [100%] Built target drone_c__rosidl_typesupport_introspection_c__pyext
[2.613s] [100%] Built target drone_c__rosidl_typesupport_c__pyext
[2.623s] Invoked command in '/home/naor/Desktop/naor/study/Thesis/build/drone_c' returned '0': CMAKE_PREFIX_PATH=${CMAKE_PREFIX_PATH}:/home/naor/Desktop/naor/study/Thesis/install/roller:/home/naor/Desktop/naor/study/Thesis/install/camera_nav:/home/naor/Desktop/naor/study/Thesis/install/controller:/home/naor/Desktop/naor/work/capsule_repo/install/teensy_ers:/home/naor/Desktop/naor/work/capsule_repo/install/elers_bridge:/opt/ros/humble /usr/bin/cmake --build /home/naor/Desktop/naor/study/Thesis/build/drone_c -- -j16 -l16
[2.624s] Invoking command in '/home/naor/Desktop/naor/study/Thesis/build/drone_c': CMAKE_PREFIX_PATH=${CMAKE_PREFIX_PATH}:/home/naor/Desktop/naor/study/Thesis/install/roller:/home/naor/Desktop/naor/study/Thesis/install/camera_nav:/home/naor/Desktop/naor/study/Thesis/install/controller:/home/naor/Desktop/naor/work/capsule_repo/install/teensy_ers:/home/naor/Desktop/naor/work/capsule_repo/install/elers_bridge:/opt/ros/humble /usr/bin/cmake --install /home/naor/Desktop/naor/study/Thesis/build/drone_c
[2.629s] -- Install configuration: ""
[2.629s] -- Installing: /home/naor/Desktop/naor/study/Thesis/install/drone_c/share/ament_index/resource_index/rosidl_interfaces/drone_c
[2.629s] -- Up-to-date: /home/naor/Desktop/naor/study/Thesis/install/drone_c/include/drone_c/drone_c
[2.629s] -- Up-to-date: /home/naor/Desktop/naor/study/Thesis/install/drone_c/include/drone_c/drone_c/msg
[2.629s] -- Installing: /home/naor/Desktop/naor/study/Thesis/install/drone_c/include/drone_c/drone_c/msg/motors.h
[2.629s] -- Installing: /home/naor/Desktop/naor/study/Thesis/install/drone_c/include/drone_c/drone_c/msg/imu_filter.h
[2.629s] -- Installing: /home/naor/Desktop/naor/study/Thesis/install/drone_c/include/drone_c/drone_c/msg/euler_angles.h
[2.629s] -- Installing: /home/naor/Desktop/naor/study/Thesis/install/drone_c/include/drone_c/drone_c/msg/pid.h
[2.630s] -- Up-to-date: /home/naor/Desktop/naor/study/Thesis/install/drone_c/include/drone_c/drone_c/msg/rosidl_generator_c__visibility_control.h
[2.630s] -- Up-to-date: /home/naor/Desktop/naor/study/Thesis/install/drone_c/include/drone_c/drone_c/msg/detail
[2.630s] -- Installing: /home/naor/Desktop/naor/study/Thesis/install/drone_c/include/drone_c/drone_c/msg/detail/imu_filter__functions.c
[2.630s] -- Installing: /home/naor/Desktop/naor/study/Thesis/install/drone_c/include/drone_c/drone_c/msg/detail/pid__struct.h
[2.630s] -- Installing: /home/naor/Desktop/naor/study/Thesis/install/drone_c/include/drone_c/drone_c/msg/detail/motors__struct.h
[2.630s] -- Installing: /home/naor/Desktop/naor/study/Thesis/install/drone_c/include/drone_c/drone_c/msg/detail/pid__functions.h
[2.630s] -- Installing: /home/naor/Desktop/naor/study/Thesis/install/drone_c/include/drone_c/drone_c/msg/detail/imu_filter__type_support.h
[2.630s] -- Installing: /home/naor/Desktop/naor/study/Thesis/install/drone_c/include/drone_c/drone_c/msg/detail/euler_angles__functions.h
[2.630s] -- Installing: /home/naor/Desktop/naor/study/Thesis/install/drone_c/include/drone_c/drone_c/msg/detail/pid__type_support.h
[2.631s] -- Installing: /home/naor/Desktop/naor/study/Thesis/install/drone_c/include/drone_c/drone_c/msg/detail/motors__functions.h
[2.631s] -- Installing: /home/naor/Desktop/naor/study/Thesis/install/drone_c/include/drone_c/drone_c/msg/detail/motors__type_support.h
[2.631s] -- Installing: /home/naor/Desktop/naor/study/Thesis/install/drone_c/include/drone_c/drone_c/msg/detail/euler_angles__type_support.h
[2.631s] -- Installing: /home/naor/Desktop/naor/study/Thesis/install/drone_c/include/drone_c/drone_c/msg/detail/motors__functions.c
[2.631s] -- Installing: /home/naor/Desktop/naor/study/Thesis/install/drone_c/include/drone_c/drone_c/msg/detail/imu_filter__functions.h
[2.631s] -- Installing: /home/naor/Desktop/naor/study/Thesis/install/drone_c/include/drone_c/drone_c/msg/detail/euler_angles__functions.c
[2.631s] -- Installing: /home/naor/Desktop/naor/study/Thesis/install/drone_c/include/drone_c/drone_c/msg/detail/pid__functions.c
[2.631s] -- Installing: /home/naor/Desktop/naor/study/Thesis/install/drone_c/include/drone_c/drone_c/msg/detail/euler_angles__struct.h
[2.631s] -- Installing: /home/naor/Desktop/naor/study/Thesis/install/drone_c/include/drone_c/drone_c/msg/detail/imu_filter__struct.h
[2.631s] -- Installing: /home/naor/Desktop/naor/study/Thesis/install/drone_c/share/drone_c/environment/library_path.sh
[2.632s] -- Installing: /home/naor/Desktop/naor/study/Thesis/install/drone_c/share/drone_c/environment/library_path.dsv
[2.632s] -- Installing: /home/naor/Desktop/naor/study/Thesis/install/drone_c/lib/libdrone_c__rosidl_generator_c.so
[2.632s] -- Set runtime path of "/home/naor/Desktop/naor/study/Thesis/install/drone_c/lib/libdrone_c__rosidl_generator_c.so" to ""
[2.632s] -- Up-to-date: /home/naor/Desktop/naor/study/Thesis/install/drone_c/include/drone_c/drone_c
[2.632s] -- Up-to-date: /home/naor/Desktop/naor/study/Thesis/install/drone_c/include/drone_c/drone_c/msg
[2.632s] -- Up-to-date: /home/naor/Desktop/naor/study/Thesis/install/drone_c/include/drone_c/drone_c/msg/rosidl_typesupport_fastrtps_c__visibility_control.h
[2.632s] -- Up-to-date: /home/naor/Desktop/naor/study/Thesis/install/drone_c/include/drone_c/drone_c/msg/detail
[2.632s] -- Installing: /home/naor/Desktop/naor/study/Thesis/install/drone_c/include/drone_c/drone_c/msg/detail/euler_angles__rosidl_typesupport_fastrtps_c.h
[2.632s] -- Installing: /home/naor/Desktop/naor/study/Thesis/install/drone_c/include/drone_c/drone_c/msg/detail/imu_filter__rosidl_typesupport_fastrtps_c.h
[2.633s] -- Installing: /home/naor/Desktop/naor/study/Thesis/install/drone_c/include/drone_c/drone_c/msg/detail/pid__rosidl_typesupport_fastrtps_c.h
[2.633s] -- Installing: /home/naor/Desktop/naor/study/Thesis/install/drone_c/include/drone_c/drone_c/msg/detail/motors__rosidl_typesupport_fastrtps_c.h
[2.633s] -- Installing: /home/naor/Desktop/naor/study/Thesis/install/drone_c/lib/libdrone_c__rosidl_typesupport_fastrtps_c.so
[2.633s] -- Set runtime path of "/home/naor/Desktop/naor/study/Thesis/install/drone_c/lib/libdrone_c__rosidl_typesupport_fastrtps_c.so" to ""
[2.633s] -- Up-to-date: /home/naor/Desktop/naor/study/Thesis/install/drone_c/include/drone_c/drone_c
[2.633s] -- Up-to-date: /home/naor/Desktop/naor/study/Thesis/install/drone_c/include/drone_c/drone_c/msg
[2.633s] -- Installing: /home/naor/Desktop/naor/study/Thesis/install/drone_c/include/drone_c/drone_c/msg/pid.hpp
[2.633s] -- Installing: /home/naor/Desktop/naor/study/Thesis/install/drone_c/include/drone_c/drone_c/msg/motors.hpp
[2.633s] -- Up-to-date: /home/naor/Desktop/naor/study/Thesis/install/drone_c/include/drone_c/drone_c/msg/rosidl_generator_cpp__visibility_control.hpp
[2.633s] -- Installing: /home/naor/Desktop/naor/study/Thesis/install/drone_c/include/drone_c/drone_c/msg/euler_angles.hpp
[2.633s] -- Installing: /home/naor/Desktop/naor/study/Thesis/install/drone_c/include/drone_c/drone_c/msg/imu_filter.hpp
[2.633s] -- Up-to-date: /home/naor/Desktop/naor/study/Thesis/install/drone_c/include/drone_c/drone_c/msg/detail
[2.633s] -- Installing: /home/naor/Desktop/naor/study/Thesis/install/drone_c/include/drone_c/drone_c/msg/detail/motors__traits.hpp
[2.633s] -- Up-to-date: /home/naor/Desktop/naor/study/Thesis/install/drone_c/include/drone_c/drone_c/msg/detail/imu_filter__struct.hpp
[2.633s] -- Installing: /home/naor/Desktop/naor/study/Thesis/install/drone_c/include/drone_c/drone_c/msg/detail/pid__type_support.hpp
[2.633s] -- Up-to-date: /home/naor/Desktop/naor/study/Thesis/install/drone_c/include/drone_c/drone_c/msg/detail/euler_angles__struct.hpp
[2.633s] -- Up-to-date: /home/naor/Desktop/naor/study/Thesis/install/drone_c/include/drone_c/drone_c/msg/detail/euler_angles__traits.hpp
[2.633s] -- Installing: /home/naor/Desktop/naor/study/Thesis/install/drone_c/include/drone_c/drone_c/msg/detail/motors__builder.hpp
[2.634s] -- Installing: /home/naor/Desktop/naor/study/Thesis/install/drone_c/include/drone_c/drone_c/msg/detail/motors__struct.hpp
[2.634s] -- Up-to-date: /home/naor/Desktop/naor/study/Thesis/install/drone_c/include/drone_c/drone_c/msg/detail/imu_filter__builder.hpp
[2.634s] -- Installing: /home/naor/Desktop/naor/study/Thesis/install/drone_c/include/drone_c/drone_c/msg/detail/pid__struct.hpp
[2.634s] -- Up-to-date: /home/naor/Desktop/naor/study/Thesis/install/drone_c/include/drone_c/drone_c/msg/detail/euler_angles__type_support.hpp
[2.634s] -- Installing: /home/naor/Desktop/naor/study/Thesis/install/drone_c/include/drone_c/drone_c/msg/detail/imu_filter__traits.hpp
[2.634s] -- Installing: /home/naor/Desktop/naor/study/Thesis/install/drone_c/include/drone_c/drone_c/msg/detail/motors__type_support.hpp
[2.634s] -- Installing: /home/naor/Desktop/naor/study/Thesis/install/drone_c/include/drone_c/drone_c/msg/detail/pid__builder.hpp
[2.634s] -- Installing: /home/naor/Desktop/naor/study/Thesis/install/drone_c/include/drone_c/drone_c/msg/detail/pid__traits.hpp
[2.634s] -- Installing: /home/naor/Desktop/naor/study/Thesis/install/drone_c/include/drone_c/drone_c/msg/detail/imu_filter__type_support.hpp
[2.634s] -- Up-to-date: /home/naor/Desktop/naor/study/Thesis/install/drone_c/include/drone_c/drone_c/msg/detail/euler_angles__builder.hpp
[2.634s] -- Up-to-date: /home/naor/Desktop/naor/study/Thesis/install/drone_c/include/drone_c/drone_c
[2.634s] -- Up-to-date: /home/naor/Desktop/naor/study/Thesis/install/drone_c/include/drone_c/drone_c/msg
[2.634s] -- Up-to-date: /home/naor/Desktop/naor/study/Thesis/install/drone_c/include/drone_c/drone_c/msg/rosidl_typesupport_fastrtps_cpp__visibility_control.h
[2.634s] -- Up-to-date: /home/naor/Desktop/naor/study/Thesis/install/drone_c/include/drone_c/drone_c/msg/detail
[2.634s] -- Installing: /home/naor/Desktop/naor/study/Thesis/install/drone_c/include/drone_c/drone_c/msg/detail/euler_angles__rosidl_typesupport_fastrtps_cpp.hpp
[2.634s] -- Installing: /home/naor/Desktop/naor/study/Thesis/install/drone_c/include/drone_c/drone_c/msg/detail/imu_filter__rosidl_typesupport_fastrtps_cpp.hpp
[2.634s] -- Up-to-date: /home/naor/Desktop/naor/study/Thesis/install/drone_c/include/drone_c/drone_c/msg/detail/dds_fastrtps
[2.634s] -- Installing: /home/naor/Desktop/naor/study/Thesis/install/drone_c/include/drone_c/drone_c/msg/detail/motors__rosidl_typesupport_fastrtps_cpp.hpp
[2.634s] -- Installing: /home/naor/Desktop/naor/study/Thesis/install/drone_c/include/drone_c/drone_c/msg/detail/pid__rosidl_typesupport_fastrtps_cpp.hpp
[2.634s] -- Installing: /home/naor/Desktop/naor/study/Thesis/install/drone_c/lib/libdrone_c__rosidl_typesupport_fastrtps_cpp.so
[2.634s] -- Set runtime path of "/home/naor/Desktop/naor/study/Thesis/install/drone_c/lib/libdrone_c__rosidl_typesupport_fastrtps_cpp.so" to ""
[2.634s] -- Up-to-date: /home/naor/Desktop/naor/study/Thesis/install/drone_c/include/drone_c/drone_c
[2.634s] -- Up-to-date: /home/naor/Desktop/naor/study/Thesis/install/drone_c/include/drone_c/drone_c/msg
[2.634s] -- Up-to-date: /home/naor/Desktop/naor/study/Thesis/install/drone_c/include/drone_c/drone_c/msg/rosidl_typesupport_introspection_c__visibility_control.h
[2.634s] -- Up-to-date: /home/naor/Desktop/naor/study/Thesis/install/drone_c/include/drone_c/drone_c/msg/detail
[2.634s] -- Installing: /home/naor/Desktop/naor/study/Thesis/install/drone_c/include/drone_c/drone_c/msg/detail/pid__rosidl_typesupport_introspection_c.h
[2.634s] -- Installing: /home/naor/Desktop/naor/study/Thesis/install/drone_c/include/drone_c/drone_c/msg/detail/motors__type_support.c
[2.634s] -- Installing: /home/naor/Desktop/naor/study/Thesis/install/drone_c/include/drone_c/drone_c/msg/detail/euler_angles__type_support.c
[2.634s] -- Installing: /home/naor/Desktop/naor/study/Thesis/install/drone_c/include/drone_c/drone_c/msg/detail/motors__rosidl_typesupport_introspection_c.h
[2.635s] -- Installing: /home/naor/Desktop/naor/study/Thesis/install/drone_c/include/drone_c/drone_c/msg/detail/pid__type_support.c
[2.635s] -- Installing: /home/naor/Desktop/naor/study/Thesis/install/drone_c/include/drone_c/drone_c/msg/detail/imu_filter__rosidl_typesupport_introspection_c.h
[2.635s] -- Installing: /home/naor/Desktop/naor/study/Thesis/install/drone_c/include/drone_c/drone_c/msg/detail/imu_filter__type_support.c
[2.635s] -- Installing: /home/naor/Desktop/naor/study/Thesis/install/drone_c/include/drone_c/drone_c/msg/detail/euler_angles__rosidl_typesupport_introspection_c.h
[2.635s] -- Installing: /home/naor/Desktop/naor/study/Thesis/install/drone_c/lib/libdrone_c__rosidl_typesupport_introspection_c.so
[2.635s] -- Set runtime path of "/home/naor/Desktop/naor/study/Thesis/install/drone_c/lib/libdrone_c__rosidl_typesupport_introspection_c.so" to ""
[2.635s] -- Installing: /home/naor/Desktop/naor/study/Thesis/install/drone_c/lib/libdrone_c__rosidl_typesupport_c.so
[2.635s] -- Set runtime path of "/home/naor/Desktop/naor/study/Thesis/install/drone_c/lib/libdrone_c__rosidl_typesupport_c.so" to ""
[2.635s] -- Up-to-date: /home/naor/Desktop/naor/study/Thesis/install/drone_c/include/drone_c/drone_c
[2.635s] -- Up-to-date: /home/naor/Desktop/naor/study/Thesis/install/drone_c/include/drone_c/drone_c/msg
[2.635s] -- Up-to-date: /home/naor/Desktop/naor/study/Thesis/install/drone_c/include/drone_c/drone_c/msg/detail
[2.635s] -- Installing: /home/naor/Desktop/naor/study/Thesis/install/drone_c/include/drone_c/drone_c/msg/detail/motors__type_support.cpp
[2.635s] -- Installing: /home/naor/Desktop/naor/study/Thesis/install/drone_c/include/drone_c/drone_c/msg/detail/imu_filter__rosidl_typesupport_introspection_cpp.hpp
[2.635s] -- Installing: /home/naor/Desktop/naor/study/Thesis/install/drone_c/include/drone_c/drone_c/msg/detail/pid__type_support.cpp
[2.635s] -- Installing: /home/naor/Desktop/naor/study/Thesis/install/drone_c/include/drone_c/drone_c/msg/detail/euler_angles__rosidl_typesupport_introspection_cpp.hpp
[2.635s] -- Installing: /home/naor/Desktop/naor/study/Thesis/install/drone_c/include/drone_c/drone_c/msg/detail/imu_filter__type_support.cpp
[2.635s] -- Installing: /home/naor/Desktop/naor/study/Thesis/install/drone_c/include/drone_c/drone_c/msg/detail/euler_angles__type_support.cpp
[2.635s] -- Installing: /home/naor/Desktop/naor/study/Thesis/install/drone_c/include/drone_c/drone_c/msg/detail/pid__rosidl_typesupport_introspection_cpp.hpp
[2.636s] -- Installing: /home/naor/Desktop/naor/study/Thesis/install/drone_c/include/drone_c/drone_c/msg/detail/motors__rosidl_typesupport_introspection_cpp.hpp
[2.636s] -- Installing: /home/naor/Desktop/naor/study/Thesis/install/drone_c/lib/libdrone_c__rosidl_typesupport_introspection_cpp.so
[2.636s] -- Set runtime path of "/home/naor/Desktop/naor/study/Thesis/install/drone_c/lib/libdrone_c__rosidl_typesupport_introspection_cpp.so" to ""
[2.636s] -- Installing: /home/naor/Desktop/naor/study/Thesis/install/drone_c/lib/libdrone_c__rosidl_typesupport_cpp.so
[2.636s] -- Set runtime path of "/home/naor/Desktop/naor/study/Thesis/install/drone_c/lib/libdrone_c__rosidl_typesupport_cpp.so" to ""
[2.636s] -- Up-to-date: /home/naor/Desktop/naor/study/Thesis/install/drone_c/share/drone_c/environment/pythonpath.sh
[2.636s] -- Installing: /home/naor/Desktop/naor/study/Thesis/install/drone_c/share/drone_c/environment/pythonpath.dsv
[2.636s] -- Up-to-date: /home/naor/Desktop/naor/study/Thesis/install/drone_c/local/lib/python3.10/dist-packages/drone_c-0.0.1-py3.10.egg-info
[2.636s] -- Installing: /home/naor/Desktop/naor/study/Thesis/install/drone_c/local/lib/python3.10/dist-packages/drone_c-0.0.1-py3.10.egg-info/SOURCES.txt
[2.636s] -- Installing: /home/naor/Desktop/naor/study/Thesis/install/drone_c/local/lib/python3.10/dist-packages/drone_c-0.0.1-py3.10.egg-info/PKG-INFO
[2.636s] -- Installing: /home/naor/Desktop/naor/study/Thesis/install/drone_c/local/lib/python3.10/dist-packages/drone_c-0.0.1-py3.10.egg-info/dependency_links.txt
[2.637s] -- Installing: /home/naor/Desktop/naor/study/Thesis/install/drone_c/local/lib/python3.10/dist-packages/drone_c-0.0.1-py3.10.egg-info/top_level.txt
[2.637s] -- Up-to-date: /home/naor/Desktop/naor/study/Thesis/install/drone_c/local/lib/python3.10/dist-packages/drone_c
[2.637s] -- Installing: /home/naor/Desktop/naor/study/Thesis/install/drone_c/local/lib/python3.10/dist-packages/drone_c/drone_c_s__rosidl_typesupport_fastrtps_c.cpython-310-x86_64-linux-gnu.so
[2.637s] -- Installing: /home/naor/Desktop/naor/study/Thesis/install/drone_c/local/lib/python3.10/dist-packages/drone_c/__init__.py
[2.637s] -- Up-to-date: /home/naor/Desktop/naor/study/Thesis/install/drone_c/local/lib/python3.10/dist-packages/drone_c/msg
[2.637s] -- Installing: /home/naor/Desktop/naor/study/Thesis/install/drone_c/local/lib/python3.10/dist-packages/drone_c/msg/_motors_s.c
[2.637s] -- Installing: /home/naor/Desktop/naor/study/Thesis/install/drone_c/local/lib/python3.10/dist-packages/drone_c/msg/__init__.py
[2.637s] -- Installing: /home/naor/Desktop/naor/study/Thesis/install/drone_c/local/lib/python3.10/dist-packages/drone_c/msg/_pid.py
[2.637s] -- Installing: /home/naor/Desktop/naor/study/Thesis/install/drone_c/local/lib/python3.10/dist-packages/drone_c/msg/_euler_angles_s.c
[2.637s] -- Installing: /home/naor/Desktop/naor/study/Thesis/install/drone_c/local/lib/python3.10/dist-packages/drone_c/msg/_imu_filter.py
[2.637s] -- Installing: /home/naor/Desktop/naor/study/Thesis/install/drone_c/local/lib/python3.10/dist-packages/drone_c/msg/_euler_angles.py
[2.637s] -- Installing: /home/naor/Desktop/naor/study/Thesis/install/drone_c/local/lib/python3.10/dist-packages/drone_c/msg/_pid_s.c
[2.637s] -- Installing: /home/naor/Desktop/naor/study/Thesis/install/drone_c/local/lib/python3.10/dist-packages/drone_c/msg/_imu_filter_s.c
[2.637s] -- Installing: /home/naor/Desktop/naor/study/Thesis/install/drone_c/local/lib/python3.10/dist-packages/drone_c/msg/_motors.py
[2.638s] -- Installing: /home/naor/Desktop/naor/study/Thesis/install/drone_c/local/lib/python3.10/dist-packages/drone_c/_drone_c_s.ep.rosidl_typesupport_c.c
[2.638s] -- Installing: /home/naor/Desktop/naor/study/Thesis/install/drone_c/local/lib/python3.10/dist-packages/drone_c/_drone_c_s.ep.rosidl_typesupport_fastrtps_c.c
[2.638s] -- Installing: /home/naor/Desktop/naor/study/Thesis/install/drone_c/local/lib/python3.10/dist-packages/drone_c/libdrone_c__rosidl_generator_py.so
[2.638s] -- Installing: /home/naor/Desktop/naor/study/Thesis/install/drone_c/local/lib/python3.10/dist-packages/drone_c/drone_c_s__rosidl_typesupport_c.cpython-310-x86_64-linux-gnu.so
[2.638s] -- Installing: /home/naor/Desktop/naor/study/Thesis/install/drone_c/local/lib/python3.10/dist-packages/drone_c/drone_c_s__rosidl_typesupport_introspection_c.cpython-310-x86_64-linux-gnu.so
[2.638s] -- Installing: /home/naor/Desktop/naor/study/Thesis/install/drone_c/local/lib/python3.10/dist-packages/drone_c/_drone_c_s.ep.rosidl_typesupport_introspection_c.c
[2.669s] Listing '/home/naor/Desktop/naor/study/Thesis/install/drone_c/local/lib/python3.10/dist-packages/drone_c'...
[2.669s] Compiling '/home/naor/Desktop/naor/study/Thesis/install/drone_c/local/lib/python3.10/dist-packages/drone_c/__init__.py'...
[2.669s] Listing '/home/naor/Desktop/naor/study/Thesis/install/drone_c/local/lib/python3.10/dist-packages/drone_c/msg'...
[2.669s] Compiling '/home/naor/Desktop/naor/study/Thesis/install/drone_c/local/lib/python3.10/dist-packages/drone_c/msg/__init__.py'...
[2.669s] Compiling '/home/naor/Desktop/naor/study/Thesis/install/drone_c/local/lib/python3.10/dist-packages/drone_c/msg/_euler_angles.py'...
[2.669s] Compiling '/home/naor/Desktop/naor/study/Thesis/install/drone_c/local/lib/python3.10/dist-packages/drone_c/msg/_imu_filter.py'...
[2.669s] Compiling '/home/naor/Desktop/naor/study/Thesis/install/drone_c/local/lib/python3.10/dist-packages/drone_c/msg/_motors.py'...
[2.669s] Compiling '/home/naor/Desktop/naor/study/Thesis/install/drone_c/local/lib/python3.10/dist-packages/drone_c/msg/_pid.py'...
[2.672s] -- Installing: /home/naor/Desktop/naor/study/Thesis/install/drone_c/local/lib/python3.10/dist-packages/drone_c/drone_c_s__rosidl_typesupport_fastrtps_c.cpython-310-x86_64-linux-gnu.so
[2.673s] -- Set runtime path of "/home/naor/Desktop/naor/study/Thesis/install/drone_c/local/lib/python3.10/dist-packages/drone_c/drone_c_s__rosidl_typesupport_fastrtps_c.cpython-310-x86_64-linux-gnu.so" to ""
[2.673s] -- Installing: /home/naor/Desktop/naor/study/Thesis/install/drone_c/local/lib/python3.10/dist-packages/drone_c/drone_c_s__rosidl_typesupport_introspection_c.cpython-310-x86_64-linux-gnu.so
[2.673s] -- Set runtime path of "/home/naor/Desktop/naor/study/Thesis/install/drone_c/local/lib/python3.10/dist-packages/drone_c/drone_c_s__rosidl_typesupport_introspection_c.cpython-310-x86_64-linux-gnu.so" to ""
[2.673s] -- Installing: /home/naor/Desktop/naor/study/Thesis/install/drone_c/local/lib/python3.10/dist-packages/drone_c/drone_c_s__rosidl_typesupport_c.cpython-310-x86_64-linux-gnu.so
[2.673s] -- Set runtime path of "/home/naor/Desktop/naor/study/Thesis/install/drone_c/local/lib/python3.10/dist-packages/drone_c/drone_c_s__rosidl_typesupport_c.cpython-310-x86_64-linux-gnu.so" to ""
[2.673s] -- Installing: /home/naor/Desktop/naor/study/Thesis/install/drone_c/lib/libdrone_c__rosidl_generator_py.so
[2.674s] -- Set runtime path of "/home/naor/Desktop/naor/study/Thesis/install/drone_c/lib/libdrone_c__rosidl_generator_py.so" to ""
[2.674s] -- Installing: /home/naor/Desktop/naor/study/Thesis/install/drone_c/share/drone_c/msg/Pid.idl
[2.674s] -- Installing: /home/naor/Desktop/naor/study/Thesis/install/drone_c/share/drone_c/msg/EulerAngles.idl
[2.674s] -- Installing: /home/naor/Desktop/naor/study/Thesis/install/drone_c/share/drone_c/msg/Motors.idl
[2.674s] -- Installing: /home/naor/Desktop/naor/study/Thesis/install/drone_c/share/drone_c/msg/ImuFilter.idl
[2.674s] -- Installing: /home/naor/Desktop/naor/study/Thesis/install/drone_c/share/drone_c/msg/Pid.msg
[2.674s] -- Installing: /home/naor/Desktop/naor/study/Thesis/install/drone_c/share/drone_c/msg/EulerAngles.msg
[2.674s] -- Installing: /home/naor/Desktop/naor/study/Thesis/install/drone_c/share/drone_c/msg/Motors.msg
[2.674s] -- Installing: /home/naor/Desktop/naor/study/Thesis/install/drone_c/share/drone_c/msg/ImuFilter.msg
[2.674s] -- Installing: /home/naor/Desktop/naor/study/Thesis/install/drone_c/lib/drone_c/rtcom_teensy_ros.py
[2.675s] -- Installing: /home/naor/Desktop/naor/study/Thesis/install/drone_c/share/ament_index/resource_index/package_run_dependencies/drone_c
[2.675s] -- Installing: /home/naor/Desktop/naor/study/Thesis/install/drone_c/share/ament_index/resource_index/parent_prefix_path/drone_c
[2.675s] -- Installing: /home/naor/Desktop/naor/study/Thesis/install/drone_c/share/drone_c/environment/ament_prefix_path.sh
[2.675s] -- Installing: /home/naor/Desktop/naor/study/Thesis/install/drone_c/share/drone_c/environment/ament_prefix_path.dsv
[2.675s] -- Installing: /home/naor/Desktop/naor/study/Thesis/install/drone_c/share/drone_c/environment/path.sh
[2.675s] -- Installing: /home/naor/Desktop/naor/study/Thesis/install/drone_c/share/drone_c/environment/path.dsv
[2.675s] -- Up-to-date: /home/naor/Desktop/naor/study/Thesis/install/drone_c/share/drone_c/local_setup.bash
[2.675s] -- Up-to-date: /home/naor/Desktop/naor/study/Thesis/install/drone_c/share/drone_c/local_setup.sh
[2.675s] -- Up-to-date: /home/naor/Desktop/naor/study/Thesis/install/drone_c/share/drone_c/local_setup.zsh
[2.675s] -- Installing: /home/naor/Desktop/naor/study/Thesis/install/drone_c/share/drone_c/local_setup.dsv
[2.675s] -- Installing: /home/naor/Desktop/naor/study/Thesis/install/drone_c/share/drone_c/package.dsv
[2.675s] -- Installing: /home/naor/Desktop/naor/study/Thesis/install/drone_c/share/ament_index/resource_index/packages/drone_c
[2.675s] -- Installing: /home/naor/Desktop/naor/study/Thesis/install/drone_c/share/drone_c/cmake/export_drone_c__rosidl_generator_cExport.cmake
[2.676s] -- Installing: /home/naor/Desktop/naor/study/Thesis/install/drone_c/share/drone_c/cmake/export_drone_c__rosidl_generator_cExport-noconfig.cmake
[2.676s] -- Installing: /home/naor/Desktop/naor/study/Thesis/install/drone_c/share/drone_c/cmake/export_drone_c__rosidl_typesupport_fastrtps_cExport.cmake
[2.676s] -- Installing: /home/naor/Desktop/naor/study/Thesis/install/drone_c/share/drone_c/cmake/export_drone_c__rosidl_typesupport_fastrtps_cExport-noconfig.cmake
[2.676s] -- Installing: /home/naor/Desktop/naor/study/Thesis/install/drone_c/share/drone_c/cmake/export_drone_c__rosidl_generator_cppExport.cmake
[2.676s] -- Installing: /home/naor/Desktop/naor/study/Thesis/install/drone_c/share/drone_c/cmake/export_drone_c__rosidl_typesupport_fastrtps_cppExport.cmake
[2.676s] -- Installing: /home/naor/Desktop/naor/study/Thesis/install/drone_c/share/drone_c/cmake/export_drone_c__rosidl_typesupport_fastrtps_cppExport-noconfig.cmake
[2.676s] -- Installing: /home/naor/Desktop/naor/study/Thesis/install/drone_c/share/drone_c/cmake/drone_c__rosidl_typesupport_introspection_cExport.cmake
[2.676s] -- Installing: /home/naor/Desktop/naor/study/Thesis/install/drone_c/share/drone_c/cmake/drone_c__rosidl_typesupport_introspection_cExport-noconfig.cmake
[2.677s] -- Installing: /home/naor/Desktop/naor/study/Thesis/install/drone_c/share/drone_c/cmake/drone_c__rosidl_typesupport_cExport.cmake
[2.677s] -- Installing: /home/naor/Desktop/naor/study/Thesis/install/drone_c/share/drone_c/cmake/drone_c__rosidl_typesupport_cExport-noconfig.cmake
[2.677s] -- Installing: /home/naor/Desktop/naor/study/Thesis/install/drone_c/share/drone_c/cmake/drone_c__rosidl_typesupport_introspection_cppExport.cmake
[2.677s] -- Installing: /home/naor/Desktop/naor/study/Thesis/install/drone_c/share/drone_c/cmake/drone_c__rosidl_typesupport_introspection_cppExport-noconfig.cmake
[2.677s] -- Installing: /home/naor/Desktop/naor/study/Thesis/install/drone_c/share/drone_c/cmake/drone_c__rosidl_typesupport_cppExport.cmake
[2.677s] -- Installing: /home/naor/Desktop/naor/study/Thesis/install/drone_c/share/drone_c/cmake/drone_c__rosidl_typesupport_cppExport-noconfig.cmake
[2.677s] -- Installing: /home/naor/Desktop/naor/study/Thesis/install/drone_c/share/drone_c/cmake/export_drone_c__rosidl_generator_pyExport.cmake
[2.678s] -- Installing: /home/naor/Desktop/naor/study/Thesis/install/drone_c/share/drone_c/cmake/export_drone_c__rosidl_generator_pyExport-noconfig.cmake
[2.678s] -- Up-to-date: /home/naor/Desktop/naor/study/Thesis/install/drone_c/share/drone_c/cmake/rosidl_cmake-extras.cmake
[2.678s] -- Up-to-date: /home/naor/Desktop/naor/study/Thesis/install/drone_c/share/drone_c/cmake/ament_cmake_export_dependencies-extras.cmake
[2.678s] -- Up-to-date: /home/naor/Desktop/naor/study/Thesis/install/drone_c/share/drone_c/cmake/ament_cmake_export_include_directories-extras.cmake
[2.678s] -- Up-to-date: /home/naor/Desktop/naor/study/Thesis/install/drone_c/share/drone_c/cmake/ament_cmake_export_libraries-extras.cmake
[2.678s] -- Up-to-date: /home/naor/Desktop/naor/study/Thesis/install/drone_c/share/drone_c/cmake/ament_cmake_export_targets-extras.cmake
[2.678s] -- Up-to-date: /home/naor/Desktop/naor/study/Thesis/install/drone_c/share/drone_c/cmake/rosidl_cmake_export_typesupport_targets-extras.cmake
[2.678s] -- Up-to-date: /home/naor/Desktop/naor/study/Thesis/install/drone_c/share/drone_c/cmake/rosidl_cmake_export_typesupport_libraries-extras.cmake
[2.678s] -- Up-to-date: /home/naor/Desktop/naor/study/Thesis/install/drone_c/share/drone_c/cmake/drone_cConfig.cmake
[2.678s] -- Up-to-date: /home/naor/Desktop/naor/study/Thesis/install/drone_c/share/drone_c/cmake/drone_cConfig-version.cmake
[2.678s] -- Installing: /home/naor/Desktop/naor/study/Thesis/install/drone_c/share/drone_c/package.xml
[2.680s] Invoked command in '/home/naor/Desktop/naor/study/Thesis/build/drone_c' returned '0': CMAKE_PREFIX_PATH=${CMAKE_PREFIX_PATH}:/home/naor/Desktop/naor/study/Thesis/install/roller:/home/naor/Desktop/naor/study/Thesis/install/camera_nav:/home/naor/Desktop/naor/study/Thesis/install/controller:/home/naor/Desktop/naor/work/capsule_repo/install/teensy_ers:/home/naor/Desktop/naor/work/capsule_repo/install/elers_bridge:/opt/ros/humble /usr/bin/cmake --install /home/naor/Desktop/naor/study/Thesis/build/drone_c
