[35m[1mConsolidate compiler generated dependencies of target joy_twist[0m
[  2%] Built target ground_bot__cpp
[ 12%] Built target ground_bot__rosidl_generator_c
[ 14%] [32mBuilding CXX object CMakeFiles/joy_twist.dir/src/joy_twist.cpp.o[0m
[ 14%] Built target ament_cmake_python_copy_ground_bot
[ 24%] Built target ground_bot__rosidl_typesupport_cpp
[ 34%] Built target ground_bot__rosidl_typesupport_fastrtps_cpp
[ 43%] Built target ground_bot__rosidl_typesupport_introspection_cpp
[ 53%] Built target ground_bot__rosidl_typesupport_fastrtps_c
[ 63%] Built target ground_bot__rosidl_typesupport_introspection_c
[ 73%] Built target ground_bot__rosidl_typesupport_c
[ 73%] Built target ground_bot
[ 75%] Built target ground_bot__py
[ 82%] Built target ground_bot__rosidl_generator_py
[ 90%] Built target ground_bot__rosidl_typesupport_fastrtps_c__pyext
[ 92%] Built target ground_bot__rosidl_typesupport_c__pyext
[ 97%] Built target ground_bot__rosidl_typesupport_introspection_c__pyext
running egg_info
writing ground_bot.egg-info/PKG-INFO
writing dependency_links to ground_bot.egg-info/dependency_links.txt
writing top-level names to ground_bot.egg-info/top_level.txt
reading manifest file 'ground_bot.egg-info/SOURCES.txt'
writing manifest file 'ground_bot.egg-info/SOURCES.txt'
[ 97%] Built target ament_cmake_python_build_ground_bot_egg
