[0.163s] Invoking command in '/home/naor/Desktop/naor/study/Thesis/build/ground_bot': AMENT_PREFIX_PATH=/home/naor/Desktop/naor/study/Thesis/install/pointcloud_to_laserscan:${AMENT_PREFIX_PATH} CMAKE_PREFIX_PATH=/home/naor/Desktop/naor/study/Thesis/install/pointcloud_to_laserscan:/home/naor/Desktop/naor/work/capsule_repo/install/teensy_ers:/home/naor/Desktop/naor/work/capsule_repo/install/elers_bridge:/opt/ros/humble LD_LIBRARY_PATH=/home/naor/Desktop/naor/study/Thesis/install/pointcloud_to_laserscan/lib:${LD_LIBRARY_PATH} /usr/bin/cmake --build /home/naor/Desktop/naor/study/Thesis/build/ground_bot -- -j16 -l16
[0.209s] [  2%] Built target ground_bot__cpp
[0.215s] [ 12%] Built target ground_bot__rosidl_generator_c
[0.217s] [ 12%] Built target ament_cmake_python_copy_ground_bot
[0.221s] [ 16%] Built target joy_twist
[0.228s] [ 26%] Built target ground_bot__rosidl_typesupport_introspection_cpp
[0.228s] [ 36%] Built target ground_bot__rosidl_typesupport_cpp
[0.230s] [ 46%] Built target ground_bot__rosidl_typesupport_fastrtps_cpp
[0.232s] [ 57%] Built target ground_bot__rosidl_typesupport_c
[0.236s] [ 67%] Built target ground_bot__rosidl_typesupport_fastrtps_c
[0.236s] [ 77%] Built target ground_bot__rosidl_typesupport_introspection_c
[0.254s] [ 77%] Built target ground_bot
[0.272s] [ 79%] Built target ground_bot__py
[0.292s] [ 87%] Built target ground_bot__rosidl_generator_py
[0.309s] [ 95%] Built target ground_bot__rosidl_typesupport_introspection_c__pyext
[0.309s] [ 95%] Built target ground_bot__rosidl_typesupport_c__pyext
[0.317s] [100%] Built target ground_bot__rosidl_typesupport_fastrtps_c__pyext
[0.384s] running egg_info
[0.398s] writing ground_bot.egg-info/PKG-INFO
[0.398s] writing dependency_links to ground_bot.egg-info/dependency_links.txt
[0.398s] writing top-level names to ground_bot.egg-info/top_level.txt
[0.437s] reading manifest file 'ground_bot.egg-info/SOURCES.txt'
[0.438s] writing manifest file 'ground_bot.egg-info/SOURCES.txt'
[0.460s] [100%] Built target ament_cmake_python_build_ground_bot_egg
[0.473s] Invoked command in '/home/naor/Desktop/naor/study/Thesis/build/ground_bot' returned '0': AMENT_PREFIX_PATH=/home/naor/Desktop/naor/study/Thesis/install/pointcloud_to_laserscan:${AMENT_PREFIX_PATH} CMAKE_PREFIX_PATH=/home/naor/Desktop/naor/study/Thesis/install/pointcloud_to_laserscan:/home/naor/Desktop/naor/work/capsule_repo/install/teensy_ers:/home/naor/Desktop/naor/work/capsule_repo/install/elers_bridge:/opt/ros/humble LD_LIBRARY_PATH=/home/naor/Desktop/naor/study/Thesis/install/pointcloud_to_laserscan/lib:${LD_LIBRARY_PATH} /usr/bin/cmake --build /home/naor/Desktop/naor/study/Thesis/build/ground_bot -- -j16 -l16
[0.474s] Invoking command in '/home/naor/Desktop/naor/study/Thesis/build/ground_bot': AMENT_PREFIX_PATH=/home/naor/Desktop/naor/study/Thesis/install/pointcloud_to_laserscan:${AMENT_PREFIX_PATH} CMAKE_PREFIX_PATH=/home/naor/Desktop/naor/study/Thesis/install/pointcloud_to_laserscan:/home/naor/Desktop/naor/work/capsule_repo/install/teensy_ers:/home/naor/Desktop/naor/work/capsule_repo/install/elers_bridge:/opt/ros/humble LD_LIBRARY_PATH=/home/naor/Desktop/naor/study/Thesis/install/pointcloud_to_laserscan/lib:${LD_LIBRARY_PATH} /usr/bin/cmake --install /home/naor/Desktop/naor/study/Thesis/build/ground_bot
[0.480s] -- Install configuration: ""
[0.480s] -- Up-to-date: /home/naor/Desktop/naor/study/Thesis/install/ground_bot/share/ament_index/resource_index/rosidl_interfaces/ground_bot
[0.480s] -- Up-to-date: /home/naor/Desktop/naor/study/Thesis/install/ground_bot/include/ground_bot/ground_bot
[0.480s] -- Up-to-date: /home/naor/Desktop/naor/study/Thesis/install/ground_bot/include/ground_bot/ground_bot/msg
[0.481s] -- Up-to-date: /home/naor/Desktop/naor/study/Thesis/install/ground_bot/include/ground_bot/ground_bot/msg/motor_data.h
[0.481s] -- Up-to-date: /home/naor/Desktop/naor/study/Thesis/install/ground_bot/include/ground_bot/ground_bot/msg/pwm.h
[0.481s] -- Up-to-date: /home/naor/Desktop/naor/study/Thesis/install/ground_bot/include/ground_bot/ground_bot/msg/roller_data.h
[0.481s] -- Up-to-date: /home/naor/Desktop/naor/study/Thesis/install/ground_bot/include/ground_bot/ground_bot/msg/rosidl_generator_c__visibility_control.h
[0.481s] -- Up-to-date: /home/naor/Desktop/naor/study/Thesis/install/ground_bot/include/ground_bot/ground_bot/msg/detail
[0.481s] -- Up-to-date: /home/naor/Desktop/naor/study/Thesis/install/ground_bot/include/ground_bot/ground_bot/msg/detail/roller_data__type_support.h
[0.481s] -- Up-to-date: /home/naor/Desktop/naor/study/Thesis/install/ground_bot/include/ground_bot/ground_bot/msg/detail/pwm__functions.c
[0.481s] -- Up-to-date: /home/naor/Desktop/naor/study/Thesis/install/ground_bot/include/ground_bot/ground_bot/msg/detail/roller_data__struct.h
[0.481s] -- Up-to-date: /home/naor/Desktop/naor/study/Thesis/install/ground_bot/include/ground_bot/ground_bot/msg/detail/pwm__type_support.h
[0.481s] -- Up-to-date: /home/naor/Desktop/naor/study/Thesis/install/ground_bot/include/ground_bot/ground_bot/msg/detail/motor_data__functions.c
[0.482s] -- Up-to-date: /home/naor/Desktop/naor/study/Thesis/install/ground_bot/include/ground_bot/ground_bot/msg/detail/roller_data__functions.c
[0.482s] -- Up-to-date: /home/naor/Desktop/naor/study/Thesis/install/ground_bot/include/ground_bot/ground_bot/msg/detail/motor_data__type_support.h
[0.482s] -- Up-to-date: /home/naor/Desktop/naor/study/Thesis/install/ground_bot/include/ground_bot/ground_bot/msg/detail/roller_data__functions.h
[0.482s] -- Up-to-date: /home/naor/Desktop/naor/study/Thesis/install/ground_bot/include/ground_bot/ground_bot/msg/detail/pwm__functions.h
[0.482s] -- Up-to-date: /home/naor/Desktop/naor/study/Thesis/install/ground_bot/include/ground_bot/ground_bot/msg/detail/motor_data__struct.h
[0.482s] -- Up-to-date: /home/naor/Desktop/naor/study/Thesis/install/ground_bot/include/ground_bot/ground_bot/msg/detail/motor_data__functions.h
[0.482s] -- Up-to-date: /home/naor/Desktop/naor/study/Thesis/install/ground_bot/include/ground_bot/ground_bot/msg/detail/pwm__struct.h
[0.482s] -- Up-to-date: /home/naor/Desktop/naor/study/Thesis/install/ground_bot/share/ground_bot/environment/library_path.sh
[0.482s] -- Up-to-date: /home/naor/Desktop/naor/study/Thesis/install/ground_bot/share/ground_bot/environment/library_path.dsv
[0.482s] -- Up-to-date: /home/naor/Desktop/naor/study/Thesis/install/ground_bot/lib/libground_bot__rosidl_generator_c.so
[0.482s] -- Up-to-date: /home/naor/Desktop/naor/study/Thesis/install/ground_bot/include/ground_bot/ground_bot
[0.482s] -- Up-to-date: /home/naor/Desktop/naor/study/Thesis/install/ground_bot/include/ground_bot/ground_bot/msg
[0.482s] -- Up-to-date: /home/naor/Desktop/naor/study/Thesis/install/ground_bot/include/ground_bot/ground_bot/msg/rosidl_typesupport_fastrtps_c__visibility_control.h
[0.483s] -- Up-to-date: /home/naor/Desktop/naor/study/Thesis/install/ground_bot/include/ground_bot/ground_bot/msg/detail
[0.483s] -- Up-to-date: /home/naor/Desktop/naor/study/Thesis/install/ground_bot/include/ground_bot/ground_bot/msg/detail/motor_data__rosidl_typesupport_fastrtps_c.h
[0.483s] -- Up-to-date: /home/naor/Desktop/naor/study/Thesis/install/ground_bot/include/ground_bot/ground_bot/msg/detail/roller_data__rosidl_typesupport_fastrtps_c.h
[0.483s] -- Up-to-date: /home/naor/Desktop/naor/study/Thesis/install/ground_bot/include/ground_bot/ground_bot/msg/detail/pwm__rosidl_typesupport_fastrtps_c.h
[0.483s] -- Up-to-date: /home/naor/Desktop/naor/study/Thesis/install/ground_bot/lib/libground_bot__rosidl_typesupport_fastrtps_c.so
[0.483s] -- Up-to-date: /home/naor/Desktop/naor/study/Thesis/install/ground_bot/include/ground_bot/ground_bot
[0.483s] -- Up-to-date: /home/naor/Desktop/naor/study/Thesis/install/ground_bot/include/ground_bot/ground_bot/msg
[0.483s] -- Up-to-date: /home/naor/Desktop/naor/study/Thesis/install/ground_bot/include/ground_bot/ground_bot/msg/roller_data.hpp
[0.483s] -- Up-to-date: /home/naor/Desktop/naor/study/Thesis/install/ground_bot/include/ground_bot/ground_bot/msg/rosidl_generator_cpp__visibility_control.hpp
[0.483s] -- Up-to-date: /home/naor/Desktop/naor/study/Thesis/install/ground_bot/include/ground_bot/ground_bot/msg/motor_data.hpp
[0.483s] -- Up-to-date: /home/naor/Desktop/naor/study/Thesis/install/ground_bot/include/ground_bot/ground_bot/msg/pwm.hpp
[0.483s] -- Up-to-date: /home/naor/Desktop/naor/study/Thesis/install/ground_bot/include/ground_bot/ground_bot/msg/detail
[0.483s] -- Up-to-date: /home/naor/Desktop/naor/study/Thesis/install/ground_bot/include/ground_bot/ground_bot/msg/detail/roller_data__builder.hpp
[0.483s] -- Up-to-date: /home/naor/Desktop/naor/study/Thesis/install/ground_bot/include/ground_bot/ground_bot/msg/detail/motor_data__builder.hpp
[0.483s] -- Up-to-date: /home/naor/Desktop/naor/study/Thesis/install/ground_bot/include/ground_bot/ground_bot/msg/detail/motor_data__struct.hpp
[0.483s] -- Up-to-date: /home/naor/Desktop/naor/study/Thesis/install/ground_bot/include/ground_bot/ground_bot/msg/detail/roller_data__type_support.hpp
[0.483s] -- Up-to-date: /home/naor/Desktop/naor/study/Thesis/install/ground_bot/include/ground_bot/ground_bot/msg/detail/roller_data__traits.hpp
[0.483s] -- Up-to-date: /home/naor/Desktop/naor/study/Thesis/install/ground_bot/include/ground_bot/ground_bot/msg/detail/pwm__builder.hpp
[0.483s] -- Up-to-date: /home/naor/Desktop/naor/study/Thesis/install/ground_bot/include/ground_bot/ground_bot/msg/detail/roller_data__struct.hpp
[0.483s] -- Up-to-date: /home/naor/Desktop/naor/study/Thesis/install/ground_bot/include/ground_bot/ground_bot/msg/detail/pwm__struct.hpp
[0.483s] -- Up-to-date: /home/naor/Desktop/naor/study/Thesis/install/ground_bot/include/ground_bot/ground_bot/msg/detail/motor_data__traits.hpp
[0.483s] -- Up-to-date: /home/naor/Desktop/naor/study/Thesis/install/ground_bot/include/ground_bot/ground_bot/msg/detail/pwm__traits.hpp
[0.484s] -- Up-to-date: /home/naor/Desktop/naor/study/Thesis/install/ground_bot/include/ground_bot/ground_bot/msg/detail/pwm__type_support.hpp
[0.484s] -- Up-to-date: /home/naor/Desktop/naor/study/Thesis/install/ground_bot/include/ground_bot/ground_bot/msg/detail/motor_data__type_support.hpp
[0.484s] -- Up-to-date: /home/naor/Desktop/naor/study/Thesis/install/ground_bot/include/ground_bot/ground_bot
[0.484s] -- Up-to-date: /home/naor/Desktop/naor/study/Thesis/install/ground_bot/include/ground_bot/ground_bot/msg
[0.484s] -- Up-to-date: /home/naor/Desktop/naor/study/Thesis/install/ground_bot/include/ground_bot/ground_bot/msg/rosidl_typesupport_fastrtps_cpp__visibility_control.h
[0.484s] -- Up-to-date: /home/naor/Desktop/naor/study/Thesis/install/ground_bot/include/ground_bot/ground_bot/msg/detail
[0.484s] -- Up-to-date: /home/naor/Desktop/naor/study/Thesis/install/ground_bot/include/ground_bot/ground_bot/msg/detail/pwm__rosidl_typesupport_fastrtps_cpp.hpp
[0.484s] -- Up-to-date: /home/naor/Desktop/naor/study/Thesis/install/ground_bot/include/ground_bot/ground_bot/msg/detail/dds_fastrtps
[0.484s] -- Up-to-date: /home/naor/Desktop/naor/study/Thesis/install/ground_bot/include/ground_bot/ground_bot/msg/detail/motor_data__rosidl_typesupport_fastrtps_cpp.hpp
[0.484s] -- Up-to-date: /home/naor/Desktop/naor/study/Thesis/install/ground_bot/include/ground_bot/ground_bot/msg/detail/roller_data__rosidl_typesupport_fastrtps_cpp.hpp
[0.484s] -- Up-to-date: /home/naor/Desktop/naor/study/Thesis/install/ground_bot/lib/libground_bot__rosidl_typesupport_fastrtps_cpp.so
[0.484s] -- Up-to-date: /home/naor/Desktop/naor/study/Thesis/install/ground_bot/include/ground_bot/ground_bot
[0.484s] -- Up-to-date: /home/naor/Desktop/naor/study/Thesis/install/ground_bot/include/ground_bot/ground_bot/msg
[0.484s] -- Up-to-date: /home/naor/Desktop/naor/study/Thesis/install/ground_bot/include/ground_bot/ground_bot/msg/rosidl_typesupport_introspection_c__visibility_control.h
[0.484s] -- Up-to-date: /home/naor/Desktop/naor/study/Thesis/install/ground_bot/include/ground_bot/ground_bot/msg/detail
[0.484s] -- Up-to-date: /home/naor/Desktop/naor/study/Thesis/install/ground_bot/include/ground_bot/ground_bot/msg/detail/motor_data__type_support.c
[0.484s] -- Up-to-date: /home/naor/Desktop/naor/study/Thesis/install/ground_bot/include/ground_bot/ground_bot/msg/detail/motor_data__rosidl_typesupport_introspection_c.h
[0.484s] -- Up-to-date: /home/naor/Desktop/naor/study/Thesis/install/ground_bot/include/ground_bot/ground_bot/msg/detail/roller_data__rosidl_typesupport_introspection_c.h
[0.485s] -- Up-to-date: /home/naor/Desktop/naor/study/Thesis/install/ground_bot/include/ground_bot/ground_bot/msg/detail/roller_data__type_support.c
[0.485s] -- Up-to-date: /home/naor/Desktop/naor/study/Thesis/install/ground_bot/include/ground_bot/ground_bot/msg/detail/pwm__rosidl_typesupport_introspection_c.h
[0.485s] -- Up-to-date: /home/naor/Desktop/naor/study/Thesis/install/ground_bot/include/ground_bot/ground_bot/msg/detail/pwm__type_support.c
[0.485s] -- Up-to-date: /home/naor/Desktop/naor/study/Thesis/install/ground_bot/lib/libground_bot__rosidl_typesupport_introspection_c.so
[0.485s] -- Up-to-date: /home/naor/Desktop/naor/study/Thesis/install/ground_bot/lib/libground_bot__rosidl_typesupport_c.so
[0.485s] -- Up-to-date: /home/naor/Desktop/naor/study/Thesis/install/ground_bot/include/ground_bot/ground_bot
[0.485s] -- Up-to-date: /home/naor/Desktop/naor/study/Thesis/install/ground_bot/include/ground_bot/ground_bot/msg
[0.485s] -- Up-to-date: /home/naor/Desktop/naor/study/Thesis/install/ground_bot/include/ground_bot/ground_bot/msg/detail
[0.485s] -- Up-to-date: /home/naor/Desktop/naor/study/Thesis/install/ground_bot/include/ground_bot/ground_bot/msg/detail/pwm__rosidl_typesupport_introspection_cpp.hpp
[0.485s] -- Up-to-date: /home/naor/Desktop/naor/study/Thesis/install/ground_bot/include/ground_bot/ground_bot/msg/detail/motor_data__rosidl_typesupport_introspection_cpp.hpp
[0.485s] -- Up-to-date: /home/naor/Desktop/naor/study/Thesis/install/ground_bot/include/ground_bot/ground_bot/msg/detail/pwm__type_support.cpp
[0.485s] -- Up-to-date: /home/naor/Desktop/naor/study/Thesis/install/ground_bot/include/ground_bot/ground_bot/msg/detail/roller_data__type_support.cpp
[0.485s] -- Up-to-date: /home/naor/Desktop/naor/study/Thesis/install/ground_bot/include/ground_bot/ground_bot/msg/detail/motor_data__type_support.cpp
[0.485s] -- Up-to-date: /home/naor/Desktop/naor/study/Thesis/install/ground_bot/include/ground_bot/ground_bot/msg/detail/roller_data__rosidl_typesupport_introspection_cpp.hpp
[0.485s] -- Up-to-date: /home/naor/Desktop/naor/study/Thesis/install/ground_bot/lib/libground_bot__rosidl_typesupport_introspection_cpp.so
[0.485s] -- Up-to-date: /home/naor/Desktop/naor/study/Thesis/install/ground_bot/lib/libground_bot__rosidl_typesupport_cpp.so
[0.485s] -- Up-to-date: /home/naor/Desktop/naor/study/Thesis/install/ground_bot/share/ground_bot/environment/pythonpath.sh
[0.485s] -- Up-to-date: /home/naor/Desktop/naor/study/Thesis/install/ground_bot/share/ground_bot/environment/pythonpath.dsv
[0.485s] -- Up-to-date: /home/naor/Desktop/naor/study/Thesis/install/ground_bot/local/lib/python3.10/dist-packages/ground_bot-0.0.1-py3.10.egg-info
[0.485s] -- Installing: /home/naor/Desktop/naor/study/Thesis/install/ground_bot/local/lib/python3.10/dist-packages/ground_bot-0.0.1-py3.10.egg-info/SOURCES.txt
[0.485s] -- Installing: /home/naor/Desktop/naor/study/Thesis/install/ground_bot/local/lib/python3.10/dist-packages/ground_bot-0.0.1-py3.10.egg-info/PKG-INFO
[0.485s] -- Installing: /home/naor/Desktop/naor/study/Thesis/install/ground_bot/local/lib/python3.10/dist-packages/ground_bot-0.0.1-py3.10.egg-info/dependency_links.txt
[0.485s] -- Installing: /home/naor/Desktop/naor/study/Thesis/install/ground_bot/local/lib/python3.10/dist-packages/ground_bot-0.0.1-py3.10.egg-info/top_level.txt
[0.485s] -- Up-to-date: /home/naor/Desktop/naor/study/Thesis/install/ground_bot/local/lib/python3.10/dist-packages/ground_bot
[0.485s] -- Up-to-date: /home/naor/Desktop/naor/study/Thesis/install/ground_bot/local/lib/python3.10/dist-packages/ground_bot/ground_bot_s__rosidl_typesupport_fastrtps_c.cpython-310-x86_64-linux-gnu.so
[0.485s] -- Up-to-date: /home/naor/Desktop/naor/study/Thesis/install/ground_bot/local/lib/python3.10/dist-packages/ground_bot/__init__.py
[0.485s] -- Up-to-date: /home/naor/Desktop/naor/study/Thesis/install/ground_bot/local/lib/python3.10/dist-packages/ground_bot/msg
[0.485s] -- Up-to-date: /home/naor/Desktop/naor/study/Thesis/install/ground_bot/local/lib/python3.10/dist-packages/ground_bot/msg/_roller_data_s.c
[0.485s] -- Up-to-date: /home/naor/Desktop/naor/study/Thesis/install/ground_bot/local/lib/python3.10/dist-packages/ground_bot/msg/__init__.py
[0.485s] -- Up-to-date: /home/naor/Desktop/naor/study/Thesis/install/ground_bot/local/lib/python3.10/dist-packages/ground_bot/msg/_motor_data_s.c
[0.486s] -- Up-to-date: /home/naor/Desktop/naor/study/Thesis/install/ground_bot/local/lib/python3.10/dist-packages/ground_bot/msg/_pwm_s.c
[0.486s] -- Up-to-date: /home/naor/Desktop/naor/study/Thesis/install/ground_bot/local/lib/python3.10/dist-packages/ground_bot/msg/_roller_data.py
[0.486s] -- Up-to-date: /home/naor/Desktop/naor/study/Thesis/install/ground_bot/local/lib/python3.10/dist-packages/ground_bot/msg/_pwm.py
[0.486s] -- Up-to-date: /home/naor/Desktop/naor/study/Thesis/install/ground_bot/local/lib/python3.10/dist-packages/ground_bot/msg/_motor_data.py
[0.486s] -- Up-to-date: /home/naor/Desktop/naor/study/Thesis/install/ground_bot/local/lib/python3.10/dist-packages/ground_bot/_ground_bot_s.ep.rosidl_typesupport_fastrtps_c.c
[0.486s] -- Up-to-date: /home/naor/Desktop/naor/study/Thesis/install/ground_bot/local/lib/python3.10/dist-packages/ground_bot/ground_bot_s__rosidl_typesupport_introspection_c.cpython-310-x86_64-linux-gnu.so
[0.486s] -- Up-to-date: /home/naor/Desktop/naor/study/Thesis/install/ground_bot/local/lib/python3.10/dist-packages/ground_bot/_ground_bot_s.ep.rosidl_typesupport_introspection_c.c
[0.486s] -- Up-to-date: /home/naor/Desktop/naor/study/Thesis/install/ground_bot/local/lib/python3.10/dist-packages/ground_bot/libground_bot__rosidl_generator_py.so
[0.486s] -- Up-to-date: /home/naor/Desktop/naor/study/Thesis/install/ground_bot/local/lib/python3.10/dist-packages/ground_bot/ground_bot_s__rosidl_typesupport_c.cpython-310-x86_64-linux-gnu.so
[0.486s] -- Up-to-date: /home/naor/Desktop/naor/study/Thesis/install/ground_bot/local/lib/python3.10/dist-packages/ground_bot/_ground_bot_s.ep.rosidl_typesupport_c.c
[0.514s] Listing '/home/naor/Desktop/naor/study/Thesis/install/ground_bot/local/lib/python3.10/dist-packages/ground_bot'...
[0.515s] Listing '/home/naor/Desktop/naor/study/Thesis/install/ground_bot/local/lib/python3.10/dist-packages/ground_bot/msg'...
[0.515s] -- Up-to-date: /home/naor/Desktop/naor/study/Thesis/install/ground_bot/local/lib/python3.10/dist-packages/ground_bot/ground_bot_s__rosidl_typesupport_fastrtps_c.cpython-310-x86_64-linux-gnu.so
[0.515s] -- Up-to-date: /home/naor/Desktop/naor/study/Thesis/install/ground_bot/local/lib/python3.10/dist-packages/ground_bot/ground_bot_s__rosidl_typesupport_introspection_c.cpython-310-x86_64-linux-gnu.so
[0.515s] -- Up-to-date: /home/naor/Desktop/naor/study/Thesis/install/ground_bot/local/lib/python3.10/dist-packages/ground_bot/ground_bot_s__rosidl_typesupport_c.cpython-310-x86_64-linux-gnu.so
[0.515s] -- Up-to-date: /home/naor/Desktop/naor/study/Thesis/install/ground_bot/lib/libground_bot__rosidl_generator_py.so
[0.515s] -- Up-to-date: /home/naor/Desktop/naor/study/Thesis/install/ground_bot/share/ground_bot/msg/Pwm.idl
[0.515s] -- Up-to-date: /home/naor/Desktop/naor/study/Thesis/install/ground_bot/share/ground_bot/msg/MotorData.idl
[0.515s] -- Up-to-date: /home/naor/Desktop/naor/study/Thesis/install/ground_bot/share/ground_bot/msg/RollerData.idl
[0.515s] -- Up-to-date: /home/naor/Desktop/naor/study/Thesis/install/ground_bot/share/ground_bot/msg/Pwm.msg
[0.515s] -- Up-to-date: /home/naor/Desktop/naor/study/Thesis/install/ground_bot/share/ground_bot/msg/MotorData.msg
[0.515s] -- Up-to-date: /home/naor/Desktop/naor/study/Thesis/install/ground_bot/share/ground_bot/msg/RollerData.msg
[0.515s] -- Up-to-date: /home/naor/Desktop/naor/study/Thesis/install/ground_bot/share/ground_bot/launch
[0.515s] -- Up-to-date: /home/naor/Desktop/naor/study/Thesis/install/ground_bot/share/ground_bot/launch/navigation_launch.launch.py
[0.515s] -- Up-to-date: /home/naor/Desktop/naor/study/Thesis/install/ground_bot/share/ground_bot/launch/sim_bot.launch.py
[0.515s] -- Up-to-date: /home/naor/Desktop/naor/study/Thesis/install/ground_bot/share/ground_bot/launch/joy_control.launch.py
[0.515s] -- Up-to-date: /home/naor/Desktop/naor/study/Thesis/install/ground_bot/share/ground_bot/launch/real_bot.launch.py
[0.515s] -- Up-to-date: /home/naor/Desktop/naor/study/Thesis/install/ground_bot/share/ground_bot/config
[0.515s] -- Up-to-date: /home/naor/Desktop/naor/study/Thesis/install/ground_bot/share/ground_bot/config/costmap_params.yaml
[0.515s] -- Up-to-date: /home/naor/Desktop/naor/study/Thesis/install/ground_bot/share/ground_bot/config/mapper_params_online_async.yaml
[0.515s] -- Up-to-date: /home/naor/Desktop/naor/study/Thesis/install/ground_bot/share/ground_bot/config/slam_toolbox_params.yaml
[0.515s] -- Up-to-date: /home/naor/Desktop/naor/study/Thesis/install/ground_bot/share/ground_bot/config/nav2_params.yaml
[0.515s] -- Up-to-date: /home/naor/Desktop/naor/study/Thesis/install/ground_bot/share/ground_bot/config/diff_drive_controller_velocity.yaml
[0.515s] -- Up-to-date: /home/naor/Desktop/naor/study/Thesis/install/ground_bot/share/ground_bot/config/ekf.yaml
[0.516s] -- Up-to-date: /home/naor/Desktop/naor/study/Thesis/install/ground_bot/share/ground_bot/urdf
[0.516s] -- Up-to-date: /home/naor/Desktop/naor/study/Thesis/install/ground_bot/share/ground_bot/urdf/ground_bot_descriptor.urdf
[0.516s] -- Up-to-date: /home/naor/Desktop/naor/study/Thesis/install/ground_bot/share/ground_bot/worlds
[0.516s] -- Up-to-date: /home/naor/Desktop/naor/study/Thesis/install/ground_bot/share/ground_bot/worlds/worlds.sdf
[0.516s] -- Up-to-date: /home/naor/Desktop/naor/study/Thesis/install/ground_bot/share/ground_bot/worlds/empty.sdf
[0.516s] -- Up-to-date: /home/naor/Desktop/naor/study/Thesis/install/ground_bot/share/ground_bot/worlds/bookstore.sdf
[0.516s] -- Up-to-date: /home/naor/Desktop/naor/study/Thesis/install/ground_bot/share/ground_bot/rviz
[0.516s] -- Up-to-date: /home/naor/Desktop/naor/study/Thesis/install/ground_bot/share/ground_bot/rviz/urdf_config.rviz
[0.516s] -- Up-to-date: /home/naor/Desktop/naor/study/Thesis/install/ground_bot/share/ground_bot/rviz/urdf_real_bot.rviz
[0.516s] -- Up-to-date: /home/naor/Desktop/naor/study/Thesis/install/ground_bot/lib/ground_bot/ground_bot_rtcom.py
[0.516s] -- Up-to-date: /home/naor/Desktop/naor/study/Thesis/install/ground_bot/lib/ground_bot/joy_twist
[0.516s] -- Up-to-date: /home/naor/Desktop/naor/study/Thesis/install/ground_bot/share/ament_index/resource_index/package_run_dependencies/ground_bot
[0.516s] -- Up-to-date: /home/naor/Desktop/naor/study/Thesis/install/ground_bot/share/ament_index/resource_index/parent_prefix_path/ground_bot
[0.516s] -- Up-to-date: /home/naor/Desktop/naor/study/Thesis/install/ground_bot/share/ground_bot/environment/ament_prefix_path.sh
[0.516s] -- Up-to-date: /home/naor/Desktop/naor/study/Thesis/install/ground_bot/share/ground_bot/environment/ament_prefix_path.dsv
[0.516s] -- Up-to-date: /home/naor/Desktop/naor/study/Thesis/install/ground_bot/share/ground_bot/environment/path.sh
[0.516s] -- Up-to-date: /home/naor/Desktop/naor/study/Thesis/install/ground_bot/share/ground_bot/environment/path.dsv
[0.516s] -- Up-to-date: /home/naor/Desktop/naor/study/Thesis/install/ground_bot/share/ground_bot/local_setup.bash
[0.516s] -- Up-to-date: /home/naor/Desktop/naor/study/Thesis/install/ground_bot/share/ground_bot/local_setup.sh
[0.516s] -- Up-to-date: /home/naor/Desktop/naor/study/Thesis/install/ground_bot/share/ground_bot/local_setup.zsh
[0.516s] -- Up-to-date: /home/naor/Desktop/naor/study/Thesis/install/ground_bot/share/ground_bot/local_setup.dsv
[0.516s] -- Installing: /home/naor/Desktop/naor/study/Thesis/install/ground_bot/share/ground_bot/package.dsv
[0.516s] -- Up-to-date: /home/naor/Desktop/naor/study/Thesis/install/ground_bot/share/ament_index/resource_index/packages/ground_bot
[0.516s] -- Up-to-date: /home/naor/Desktop/naor/study/Thesis/install/ground_bot/share/ground_bot/cmake/export_ground_bot__rosidl_generator_cExport.cmake
[0.516s] -- Up-to-date: /home/naor/Desktop/naor/study/Thesis/install/ground_bot/share/ground_bot/cmake/export_ground_bot__rosidl_generator_cExport-noconfig.cmake
[0.517s] -- Up-to-date: /home/naor/Desktop/naor/study/Thesis/install/ground_bot/share/ground_bot/cmake/export_ground_bot__rosidl_typesupport_fastrtps_cExport.cmake
[0.517s] -- Up-to-date: /home/naor/Desktop/naor/study/Thesis/install/ground_bot/share/ground_bot/cmake/export_ground_bot__rosidl_typesupport_fastrtps_cExport-noconfig.cmake
[0.517s] -- Up-to-date: /home/naor/Desktop/naor/study/Thesis/install/ground_bot/share/ground_bot/cmake/export_ground_bot__rosidl_generator_cppExport.cmake
[0.517s] -- Up-to-date: /home/naor/Desktop/naor/study/Thesis/install/ground_bot/share/ground_bot/cmake/export_ground_bot__rosidl_typesupport_fastrtps_cppExport.cmake
[0.517s] -- Up-to-date: /home/naor/Desktop/naor/study/Thesis/install/ground_bot/share/ground_bot/cmake/export_ground_bot__rosidl_typesupport_fastrtps_cppExport-noconfig.cmake
[0.517s] -- Up-to-date: /home/naor/Desktop/naor/study/Thesis/install/ground_bot/share/ground_bot/cmake/ground_bot__rosidl_typesupport_introspection_cExport.cmake
[0.517s] -- Up-to-date: /home/naor/Desktop/naor/study/Thesis/install/ground_bot/share/ground_bot/cmake/ground_bot__rosidl_typesupport_introspection_cExport-noconfig.cmake
[0.517s] -- Up-to-date: /home/naor/Desktop/naor/study/Thesis/install/ground_bot/share/ground_bot/cmake/ground_bot__rosidl_typesupport_cExport.cmake
[0.517s] -- Up-to-date: /home/naor/Desktop/naor/study/Thesis/install/ground_bot/share/ground_bot/cmake/ground_bot__rosidl_typesupport_cExport-noconfig.cmake
[0.517s] -- Up-to-date: /home/naor/Desktop/naor/study/Thesis/install/ground_bot/share/ground_bot/cmake/ground_bot__rosidl_typesupport_introspection_cppExport.cmake
[0.517s] -- Up-to-date: /home/naor/Desktop/naor/study/Thesis/install/ground_bot/share/ground_bot/cmake/ground_bot__rosidl_typesupport_introspection_cppExport-noconfig.cmake
[0.517s] -- Up-to-date: /home/naor/Desktop/naor/study/Thesis/install/ground_bot/share/ground_bot/cmake/ground_bot__rosidl_typesupport_cppExport.cmake
[0.517s] -- Up-to-date: /home/naor/Desktop/naor/study/Thesis/install/ground_bot/share/ground_bot/cmake/ground_bot__rosidl_typesupport_cppExport-noconfig.cmake
[0.517s] -- Up-to-date: /home/naor/Desktop/naor/study/Thesis/install/ground_bot/share/ground_bot/cmake/export_ground_bot__rosidl_generator_pyExport.cmake
[0.517s] -- Up-to-date: /home/naor/Desktop/naor/study/Thesis/install/ground_bot/share/ground_bot/cmake/export_ground_bot__rosidl_generator_pyExport-noconfig.cmake
[0.517s] -- Up-to-date: /home/naor/Desktop/naor/study/Thesis/install/ground_bot/share/ground_bot/cmake/rosidl_cmake-extras.cmake
[0.517s] -- Up-to-date: /home/naor/Desktop/naor/study/Thesis/install/ground_bot/share/ground_bot/cmake/ament_cmake_export_dependencies-extras.cmake
[0.517s] -- Up-to-date: /home/naor/Desktop/naor/study/Thesis/install/ground_bot/share/ground_bot/cmake/ament_cmake_export_include_directories-extras.cmake
[0.517s] -- Up-to-date: /home/naor/Desktop/naor/study/Thesis/install/ground_bot/share/ground_bot/cmake/ament_cmake_export_libraries-extras.cmake
[0.517s] -- Up-to-date: /home/naor/Desktop/naor/study/Thesis/install/ground_bot/share/ground_bot/cmake/ament_cmake_export_targets-extras.cmake
[0.517s] -- Up-to-date: /home/naor/Desktop/naor/study/Thesis/install/ground_bot/share/ground_bot/cmake/rosidl_cmake_export_typesupport_targets-extras.cmake
[0.517s] -- Up-to-date: /home/naor/Desktop/naor/study/Thesis/install/ground_bot/share/ground_bot/cmake/rosidl_cmake_export_typesupport_libraries-extras.cmake
[0.517s] -- Up-to-date: /home/naor/Desktop/naor/study/Thesis/install/ground_bot/share/ground_bot/cmake/ground_botConfig.cmake
[0.517s] -- Up-to-date: /home/naor/Desktop/naor/study/Thesis/install/ground_bot/share/ground_bot/cmake/ground_botConfig-version.cmake
[0.517s] -- Up-to-date: /home/naor/Desktop/naor/study/Thesis/install/ground_bot/share/ground_bot/package.xml
[0.519s] Invoked command in '/home/naor/Desktop/naor/study/Thesis/build/ground_bot' returned '0': AMENT_PREFIX_PATH=/home/naor/Desktop/naor/study/Thesis/install/pointcloud_to_laserscan:${AMENT_PREFIX_PATH} CMAKE_PREFIX_PATH=/home/naor/Desktop/naor/study/Thesis/install/pointcloud_to_laserscan:/home/naor/Desktop/naor/work/capsule_repo/install/teensy_ers:/home/naor/Desktop/naor/work/capsule_repo/install/elers_bridge:/opt/ros/humble LD_LIBRARY_PATH=/home/naor/Desktop/naor/study/Thesis/install/pointcloud_to_laserscan/lib:${LD_LIBRARY_PATH} /usr/bin/cmake --install /home/naor/Desktop/naor/study/Thesis/build/ground_bot
