[0.024s] Invoking command in '/home/naor/Desktop/naor/study/Thesis/build/pointcloud_to_laserscan': CMAKE_PREFIX_PATH=${CMAKE_PREFIX_PATH}:/home/naor/Desktop/naor/study/Thesis/install/camera_nav:/home/naor/Desktop/naor/study/Thesis/install/controller:/home/naor/Desktop/naor/work/capsule_repo/install/teensy_ers:/home/naor/Desktop/naor/work/capsule_repo/install/elers_bridge:/opt/ros/humble /usr/bin/cmake /home/naor/Desktop/naor/study/Thesis/src/pointcloud_to_laserscan -DCMAKE_INSTALL_PREFIX=/home/naor/Desktop/naor/study/Thesis/install/pointcloud_to_laserscan
[0.181s] -- The C compiler identification is GNU 11.4.0
[0.182s] -- The CXX compiler identification is GNU 11.4.0
[0.182s] -- Detecting C compiler ABI info
[0.198s] -- Detecting C compiler ABI info - done
[0.203s] -- Check for working C compiler: /usr/bin/cc - skipped
[0.204s] -- Detecting C compile features
[0.204s] -- Detecting C compile features - done
[0.207s] -- Detecting CXX compiler ABI info
[0.269s] -- Detecting CXX compiler ABI info - done
[0.278s] -- Check for working CXX compiler: /usr/bin/c++ - skipped
[0.279s] -- Detecting CXX compile features
[0.279s] -- Detecting CXX compile features - done
[0.283s] -- Found ament_cmake_auto: 1.3.11 (/opt/ros/humble/share/ament_cmake_auto/cmake)
[0.588s] -- Found Python3: /usr/bin/python3 (found version "3.10.12") found components: Interpreter 
[0.799s] -- Found rosidl_generator_c: 3.1.6 (/opt/ros/humble/share/rosidl_generator_c/cmake)
[0.804s] -- Found rosidl_adapter: 3.1.6 (/opt/ros/humble/share/rosidl_adapter/cmake)
[0.813s] -- Found rosidl_generator_cpp: 3.1.6 (/opt/ros/humble/share/rosidl_generator_cpp/cmake)
[0.828s] -- Using all available rosidl_typesupport_c: rosidl_typesupport_fastrtps_c;rosidl_typesupport_introspection_c
[0.851s] -- Using all available rosidl_typesupport_cpp: rosidl_typesupport_fastrtps_cpp;rosidl_typesupport_introspection_cpp
[0.906s] -- Found rmw_implementation_cmake: 6.1.2 (/opt/ros/humble/share/rmw_implementation_cmake/cmake)
[0.910s] -- Found rmw_fastrtps_cpp: 6.2.7 (/opt/ros/humble/share/rmw_fastrtps_cpp/cmake)
[0.988s] -- Found OpenSSL: /usr/lib/x86_64-linux-gnu/libcrypto.so (found version "3.0.2")  
[1.011s] -- Found FastRTPS: /opt/ros/humble/include  
[1.045s] -- Using RMW implementation 'rmw_fastrtps_cpp' as default
[1.054s] -- Looking for pthread.h
[1.109s] -- Looking for pthread.h - found
[1.109s] -- Performing Test CMAKE_HAVE_LIBC_PTHREAD
[1.159s] -- Performing Test CMAKE_HAVE_LIBC_PTHREAD - Success
[1.160s] -- Found Threads: TRUE  
[1.347s] -- Found ament_lint_auto: 0.12.12 (/opt/ros/humble/share/ament_lint_auto/cmake)
[1.362s] -- Added test 'cppcheck' to perform static code analysis on C / C++ code
[1.362s] -- Configured cppcheck include dirs: /home/naor/Desktop/naor/study/Thesis/src/pointcloud_to_laserscan/include
[1.362s] -- Configured cppcheck exclude dirs and/or files: 
[1.363s] -- Added test 'cpplint' to check C / C++ code against the Google style
[1.363s] -- Configured cpplint exclude dirs and/or files: 
[1.363s] -- Added test 'flake8' to check Python code syntax and style conventions
[1.363s] -- Added test 'lint_cmake' to check CMake code style
[1.364s] -- Added test 'pep257' to check Python code against some of the docstring style conventions in PEP 257
[1.364s] -- Added test 'uncrustify' to check C / C++ code style
[1.365s] -- Configured uncrustify additional arguments: 
[1.365s] -- Added test 'xmllint' to check XML markup files
[1.369s] -- Configuring done
[1.399s] -- Generating done
[1.407s] -- Build files have been written to: /home/naor/Desktop/naor/study/Thesis/build/pointcloud_to_laserscan
[1.415s] Invoked command in '/home/naor/Desktop/naor/study/Thesis/build/pointcloud_to_laserscan' returned '0': CMAKE_PREFIX_PATH=${CMAKE_PREFIX_PATH}:/home/naor/Desktop/naor/study/Thesis/install/camera_nav:/home/naor/Desktop/naor/study/Thesis/install/controller:/home/naor/Desktop/naor/work/capsule_repo/install/teensy_ers:/home/naor/Desktop/naor/work/capsule_repo/install/elers_bridge:/opt/ros/humble /usr/bin/cmake /home/naor/Desktop/naor/study/Thesis/src/pointcloud_to_laserscan -DCMAKE_INSTALL_PREFIX=/home/naor/Desktop/naor/study/Thesis/install/pointcloud_to_laserscan
[1.417s] Invoking command in '/home/naor/Desktop/naor/study/Thesis/build/pointcloud_to_laserscan': CMAKE_PREFIX_PATH=${CMAKE_PREFIX_PATH}:/home/naor/Desktop/naor/study/Thesis/install/camera_nav:/home/naor/Desktop/naor/study/Thesis/install/controller:/home/naor/Desktop/naor/work/capsule_repo/install/teensy_ers:/home/naor/Desktop/naor/work/capsule_repo/install/elers_bridge:/opt/ros/humble /usr/bin/cmake --build /home/naor/Desktop/naor/study/Thesis/build/pointcloud_to_laserscan -- -j16 -l16
[1.457s] [ 10%] [32mBuilding CXX object CMakeFiles/pointcloud_to_laserscan_node.dir/rclcpp_components/node_main_pointcloud_to_laserscan_node.cpp.o[0m
[1.462s] [ 20%] [32mBuilding CXX object CMakeFiles/laserscan_to_pointcloud_node.dir/rclcpp_components/node_main_laserscan_to_pointcloud_node.cpp.o[0m
[1.466s] [ 30%] [32mBuilding CXX object CMakeFiles/laserscan_to_pointcloud.dir/src/laserscan_to_pointcloud_node.cpp.o[0m
[5.527s] [ 40%] [32m[1mLinking CXX executable laserscan_to_pointcloud_node[0m
[5.692s] [ 40%] Built target laserscan_to_pointcloud_node
[5.722s] [ 50%] [32m[1mLinking CXX executable pointcloud_to_laserscan_node[0m
[5.818s] [ 50%] Built target pointcloud_to_laserscan_node
[11.402s] [ 60%] [32m[1mLinking CXX shared library liblaserscan_to_pointcloud.so[0m
[11.776s] [ 60%] Built target laserscan_to_pointcloud
[11.792s] [ 70%] [32mBuilding CXX object CMakeFiles/pointcloud_to_laserscan.dir/src/pointcloud_to_laserscan_node.cpp.o[0m
[18.736s] [ 80%] [32m[1mLinking CXX shared library libpointcloud_to_laserscan.so[0m
[19.108s] [ 80%] Built target pointcloud_to_laserscan
[19.133s] [ 90%] [32mBuilding CXX object CMakeFiles/dummy_pointcloud_publisher.dir/src/dummy_pointcloud_publisher.cpp.o[0m
[21.978s] [100%] [32m[1mLinking CXX executable dummy_pointcloud_publisher[0m
[22.161s] [100%] Built target dummy_pointcloud_publisher
[22.169s] Invoked command in '/home/naor/Desktop/naor/study/Thesis/build/pointcloud_to_laserscan' returned '0': CMAKE_PREFIX_PATH=${CMAKE_PREFIX_PATH}:/home/naor/Desktop/naor/study/Thesis/install/camera_nav:/home/naor/Desktop/naor/study/Thesis/install/controller:/home/naor/Desktop/naor/work/capsule_repo/install/teensy_ers:/home/naor/Desktop/naor/work/capsule_repo/install/elers_bridge:/opt/ros/humble /usr/bin/cmake --build /home/naor/Desktop/naor/study/Thesis/build/pointcloud_to_laserscan -- -j16 -l16
[22.170s] Invoking command in '/home/naor/Desktop/naor/study/Thesis/build/pointcloud_to_laserscan': CMAKE_PREFIX_PATH=${CMAKE_PREFIX_PATH}:/home/naor/Desktop/naor/study/Thesis/install/camera_nav:/home/naor/Desktop/naor/study/Thesis/install/controller:/home/naor/Desktop/naor/work/capsule_repo/install/teensy_ers:/home/naor/Desktop/naor/work/capsule_repo/install/elers_bridge:/opt/ros/humble /usr/bin/cmake --install /home/naor/Desktop/naor/study/Thesis/build/pointcloud_to_laserscan
[22.178s] -- Install configuration: ""
[22.178s] -- Installing: /home/naor/Desktop/naor/study/Thesis/install/pointcloud_to_laserscan/lib/pointcloud_to_laserscan/laserscan_to_pointcloud_node
[22.179s] -- Set runtime path of "/home/naor/Desktop/naor/study/Thesis/install/pointcloud_to_laserscan/lib/pointcloud_to_laserscan/laserscan_to_pointcloud_node" to ""
[22.179s] -- Installing: /home/naor/Desktop/naor/study/Thesis/install/pointcloud_to_laserscan/lib/pointcloud_to_laserscan/pointcloud_to_laserscan_node
[22.179s] -- Set runtime path of "/home/naor/Desktop/naor/study/Thesis/install/pointcloud_to_laserscan/lib/pointcloud_to_laserscan/pointcloud_to_laserscan_node" to ""
[22.179s] -- Installing: /home/naor/Desktop/naor/study/Thesis/install/pointcloud_to_laserscan/include
[22.179s] -- Installing: /home/naor/Desktop/naor/study/Thesis/install/pointcloud_to_laserscan/include/pointcloud_to_laserscan
[22.179s] -- Installing: /home/naor/Desktop/naor/study/Thesis/install/pointcloud_to_laserscan/include/pointcloud_to_laserscan/visibility_control.h
[22.179s] -- Installing: /home/naor/Desktop/naor/study/Thesis/install/pointcloud_to_laserscan/include/pointcloud_to_laserscan/pointcloud_to_laserscan_node.hpp
[22.179s] -- Installing: /home/naor/Desktop/naor/study/Thesis/install/pointcloud_to_laserscan/include/pointcloud_to_laserscan/laserscan_to_pointcloud_node.hpp
[22.179s] -- Installing: /home/naor/Desktop/naor/study/Thesis/install/pointcloud_to_laserscan/share/pointcloud_to_laserscan/environment/library_path.sh
[22.179s] -- Installing: /home/naor/Desktop/naor/study/Thesis/install/pointcloud_to_laserscan/share/pointcloud_to_laserscan/environment/library_path.dsv
[22.180s] -- Installing: /home/naor/Desktop/naor/study/Thesis/install/pointcloud_to_laserscan/lib/liblaserscan_to_pointcloud.so
[22.185s] -- Set runtime path of "/home/naor/Desktop/naor/study/Thesis/install/pointcloud_to_laserscan/lib/liblaserscan_to_pointcloud.so" to ""
[22.185s] -- Installing: /home/naor/Desktop/naor/study/Thesis/install/pointcloud_to_laserscan/lib/libpointcloud_to_laserscan.so
[22.190s] -- Set runtime path of "/home/naor/Desktop/naor/study/Thesis/install/pointcloud_to_laserscan/lib/libpointcloud_to_laserscan.so" to ""
[22.190s] -- Installing: /home/naor/Desktop/naor/study/Thesis/install/pointcloud_to_laserscan/lib/pointcloud_to_laserscan/dummy_pointcloud_publisher
[22.191s] -- Set runtime path of "/home/naor/Desktop/naor/study/Thesis/install/pointcloud_to_laserscan/lib/pointcloud_to_laserscan/dummy_pointcloud_publisher" to ""
[22.191s] -- Installing: /home/naor/Desktop/naor/study/Thesis/install/pointcloud_to_laserscan/share/pointcloud_to_laserscan/launch
[22.191s] -- Installing: /home/naor/Desktop/naor/study/Thesis/install/pointcloud_to_laserscan/share/pointcloud_to_laserscan/launch/sample_pointcloud_to_laserscan_launch.py
[22.192s] -- Installing: /home/naor/Desktop/naor/study/Thesis/install/pointcloud_to_laserscan/share/pointcloud_to_laserscan/launch/sample_laserscan_to_pointcloud_launch.py
[22.192s] -- Installing: /home/naor/Desktop/naor/study/Thesis/install/pointcloud_to_laserscan/share/ament_index/resource_index/package_run_dependencies/pointcloud_to_laserscan
[22.193s] -- Installing: /home/naor/Desktop/naor/study/Thesis/install/pointcloud_to_laserscan/share/ament_index/resource_index/parent_prefix_path/pointcloud_to_laserscan
[22.193s] -- Installing: /home/naor/Desktop/naor/study/Thesis/install/pointcloud_to_laserscan/share/pointcloud_to_laserscan/environment/ament_prefix_path.sh
[22.193s] -- Installing: /home/naor/Desktop/naor/study/Thesis/install/pointcloud_to_laserscan/share/pointcloud_to_laserscan/environment/ament_prefix_path.dsv
[22.193s] -- Installing: /home/naor/Desktop/naor/study/Thesis/install/pointcloud_to_laserscan/share/pointcloud_to_laserscan/environment/path.sh
[22.193s] -- Installing: /home/naor/Desktop/naor/study/Thesis/install/pointcloud_to_laserscan/share/pointcloud_to_laserscan/environment/path.dsv
[22.193s] -- Installing: /home/naor/Desktop/naor/study/Thesis/install/pointcloud_to_laserscan/share/pointcloud_to_laserscan/local_setup.bash
[22.193s] -- Installing: /home/naor/Desktop/naor/study/Thesis/install/pointcloud_to_laserscan/share/pointcloud_to_laserscan/local_setup.sh
[22.193s] -- Installing: /home/naor/Desktop/naor/study/Thesis/install/pointcloud_to_laserscan/share/pointcloud_to_laserscan/local_setup.zsh
[22.193s] -- Installing: /home/naor/Desktop/naor/study/Thesis/install/pointcloud_to_laserscan/share/pointcloud_to_laserscan/local_setup.dsv
[22.193s] -- Installing: /home/naor/Desktop/naor/study/Thesis/install/pointcloud_to_laserscan/share/pointcloud_to_laserscan/package.dsv
[22.194s] -- Installing: /home/naor/Desktop/naor/study/Thesis/install/pointcloud_to_laserscan/share/ament_index/resource_index/packages/pointcloud_to_laserscan
[22.194s] -- Installing: /home/naor/Desktop/naor/study/Thesis/install/pointcloud_to_laserscan/share/ament_index/resource_index/rclcpp_components/pointcloud_to_laserscan
[22.194s] -- Installing: /home/naor/Desktop/naor/study/Thesis/install/pointcloud_to_laserscan/share/pointcloud_to_laserscan/cmake/ament_cmake_export_dependencies-extras.cmake
[22.194s] -- Installing: /home/naor/Desktop/naor/study/Thesis/install/pointcloud_to_laserscan/share/pointcloud_to_laserscan/cmake/ament_cmake_export_include_directories-extras.cmake
[22.194s] -- Installing: /home/naor/Desktop/naor/study/Thesis/install/pointcloud_to_laserscan/share/pointcloud_to_laserscan/cmake/ament_cmake_export_libraries-extras.cmake
[22.194s] -- Installing: /home/naor/Desktop/naor/study/Thesis/install/pointcloud_to_laserscan/share/pointcloud_to_laserscan/cmake/pointcloud_to_laserscanConfig.cmake
[22.194s] -- Installing: /home/naor/Desktop/naor/study/Thesis/install/pointcloud_to_laserscan/share/pointcloud_to_laserscan/cmake/pointcloud_to_laserscanConfig-version.cmake
[22.194s] -- Installing: /home/naor/Desktop/naor/study/Thesis/install/pointcloud_to_laserscan/share/pointcloud_to_laserscan/package.xml
[22.195s] Invoked command in '/home/naor/Desktop/naor/study/Thesis/build/pointcloud_to_laserscan' returned '0': CMAKE_PREFIX_PATH=${CMAKE_PREFIX_PATH}:/home/naor/Desktop/naor/study/Thesis/install/camera_nav:/home/naor/Desktop/naor/study/Thesis/install/controller:/home/naor/Desktop/naor/work/capsule_repo/install/teensy_ers:/home/naor/Desktop/naor/work/capsule_repo/install/elers_bridge:/opt/ros/humble /usr/bin/cmake --install /home/naor/Desktop/naor/study/Thesis/build/pointcloud_to_laserscan
