[0.124s] DEBUG:colcon:Command line arguments: ['/usr/bin/colcon', 'build']
[0.124s] DEBUG:colcon:Parsed command line arguments: Namespace(log_base=None, log_level=None, verb_name='build', build_base='build', install_base='install', merge_install=False, symlink_install=False, test_result_base=None, continue_on_error=False, executor='parallel', parallel_workers=16, event_handlers=None, ignore_user_meta=False, metas=['./colcon.meta'], base_paths=['.'], packages_ignore=None, packages_ignore_regex=None, paths=None, packages_up_to=None, packages_up_to_regex=None, packages_above=None, packages_above_and_dependencies=None, packages_above_depth=None, packages_select_by_dep=None, packages_skip_by_dep=None, packages_skip_up_to=None, packages_select_build_failed=False, packages_skip_build_finished=False, packages_select_test_failures=False, packages_skip_test_passed=False, packages_select=None, packages_skip=None, packages_select_regex=None, packages_skip_regex=None, packages_start=None, packages_end=None, allow_overriding=[], cmake_args=None, cmake_target=None, cmake_target_skip_unavailable=False, cmake_clean_cache=False, cmake_clean_first=False, cmake_force_configure=False, ament_cmake_args=None, catkin_cmake_args=None, catkin_skip_building_tests=False, mixin_files=None, mixin=None, verb_parser=<colcon_mixin.mixin.mixin_argument.MixinArgumentDecorator object at 0x78b1531ce200>, verb_extension=<colcon_core.verb.build.BuildVerb object at 0x78b1531cdc00>, main=<bound method BuildVerb.main of <colcon_core.verb.build.BuildVerb object at 0x78b1531cdc00>>, mixin_verb=('build',))
[0.167s] Level 1:colcon.colcon_core.package_discovery:discover_packages(colcon_meta) check parameters
[0.167s] Level 1:colcon.colcon_core.package_discovery:discover_packages(recursive) check parameters
[0.167s] Level 1:colcon.colcon_core.package_discovery:discover_packages(ignore) check parameters
[0.167s] Level 1:colcon.colcon_core.package_discovery:discover_packages(path) check parameters
[0.167s] Level 1:colcon.colcon_core.package_discovery:discover_packages(colcon_meta) discover
[0.167s] Level 1:colcon.colcon_core.package_discovery:discover_packages(recursive) discover
[0.167s] INFO:colcon.colcon_core.package_discovery:Crawling recursively for packages in '/home/naor/Desktop/naor/study/Thesis'
[0.167s] Level 1:colcon.colcon_core.package_identification:_identify(.) by extensions ['ignore', 'ignore_ament_install']
[0.167s] Level 1:colcon.colcon_core.package_identification:_identify(.) by extension 'ignore'
[0.167s] Level 1:colcon.colcon_core.package_identification:_identify(.) by extension 'ignore_ament_install'
[0.167s] Level 1:colcon.colcon_core.package_identification:_identify(.) by extensions ['colcon_pkg']
[0.167s] Level 1:colcon.colcon_core.package_identification:_identify(.) by extension 'colcon_pkg'
[0.167s] Level 1:colcon.colcon_core.package_identification:_identify(.) by extensions ['colcon_meta']
[0.167s] Level 1:colcon.colcon_core.package_identification:_identify(.) by extension 'colcon_meta'
[0.167s] Level 1:colcon.colcon_core.package_identification:_identify(.) by extensions ['ros']
[0.167s] Level 1:colcon.colcon_core.package_identification:_identify(.) by extension 'ros'
[0.182s] Level 1:colcon.colcon_core.package_identification:_identify(.) by extensions ['cmake', 'python']
[0.182s] Level 1:colcon.colcon_core.package_identification:_identify(.) by extension 'cmake'
[0.182s] Level 1:colcon.colcon_core.package_identification:_identify(.) by extension 'python'
[0.183s] Level 1:colcon.colcon_core.package_identification:_identify(.) by extensions ['python_setup_py']
[0.183s] Level 1:colcon.colcon_core.package_identification:_identify(.) by extension 'python_setup_py'
[0.183s] Level 1:colcon.colcon_core.package_identification:_identify(build) by extensions ['ignore', 'ignore_ament_install']
[0.183s] Level 1:colcon.colcon_core.package_identification:_identify(build) by extension 'ignore'
[0.183s] Level 1:colcon.colcon_core.package_identification:_identify(build) ignored
[0.183s] Level 1:colcon.colcon_core.package_identification:_identify(install) by extensions ['ignore', 'ignore_ament_install']
[0.183s] Level 1:colcon.colcon_core.package_identification:_identify(install) by extension 'ignore'
[0.183s] Level 1:colcon.colcon_core.package_identification:_identify(install) ignored
[0.183s] Level 1:colcon.colcon_core.package_identification:_identify(log) by extensions ['ignore', 'ignore_ament_install']
[0.183s] Level 1:colcon.colcon_core.package_identification:_identify(log) by extension 'ignore'
[0.183s] Level 1:colcon.colcon_core.package_identification:_identify(log) ignored
[0.184s] Level 1:colcon.colcon_core.package_identification:_identify(rosbag2_2025_04_24-17_18_43) by extensions ['ignore', 'ignore_ament_install']
[0.184s] Level 1:colcon.colcon_core.package_identification:_identify(rosbag2_2025_04_24-17_18_43) by extension 'ignore'
[0.184s] Level 1:colcon.colcon_core.package_identification:_identify(rosbag2_2025_04_24-17_18_43) by extension 'ignore_ament_install'
[0.184s] Level 1:colcon.colcon_core.package_identification:_identify(rosbag2_2025_04_24-17_18_43) by extensions ['colcon_pkg']
[0.184s] Level 1:colcon.colcon_core.package_identification:_identify(rosbag2_2025_04_24-17_18_43) by extension 'colcon_pkg'
[0.184s] Level 1:colcon.colcon_core.package_identification:_identify(rosbag2_2025_04_24-17_18_43) by extensions ['colcon_meta']
[0.184s] Level 1:colcon.colcon_core.package_identification:_identify(rosbag2_2025_04_24-17_18_43) by extension 'colcon_meta'
[0.184s] Level 1:colcon.colcon_core.package_identification:_identify(rosbag2_2025_04_24-17_18_43) by extensions ['ros']
[0.184s] Level 1:colcon.colcon_core.package_identification:_identify(rosbag2_2025_04_24-17_18_43) by extension 'ros'
[0.184s] Level 1:colcon.colcon_core.package_identification:_identify(rosbag2_2025_04_24-17_18_43) by extensions ['cmake', 'python']
[0.184s] Level 1:colcon.colcon_core.package_identification:_identify(rosbag2_2025_04_24-17_18_43) by extension 'cmake'
[0.184s] Level 1:colcon.colcon_core.package_identification:_identify(rosbag2_2025_04_24-17_18_43) by extension 'python'
[0.184s] Level 1:colcon.colcon_core.package_identification:_identify(rosbag2_2025_04_24-17_18_43) by extensions ['python_setup_py']
[0.184s] Level 1:colcon.colcon_core.package_identification:_identify(rosbag2_2025_04_24-17_18_43) by extension 'python_setup_py'
[0.184s] Level 1:colcon.colcon_core.package_identification:_identify(src) by extensions ['ignore', 'ignore_ament_install']
[0.184s] Level 1:colcon.colcon_core.package_identification:_identify(src) by extension 'ignore'
[0.184s] Level 1:colcon.colcon_core.package_identification:_identify(src) by extension 'ignore_ament_install'
[0.184s] Level 1:colcon.colcon_core.package_identification:_identify(src) by extensions ['colcon_pkg']
[0.184s] Level 1:colcon.colcon_core.package_identification:_identify(src) by extension 'colcon_pkg'
[0.184s] Level 1:colcon.colcon_core.package_identification:_identify(src) by extensions ['colcon_meta']
[0.184s] Level 1:colcon.colcon_core.package_identification:_identify(src) by extension 'colcon_meta'
[0.184s] Level 1:colcon.colcon_core.package_identification:_identify(src) by extensions ['ros']
[0.184s] Level 1:colcon.colcon_core.package_identification:_identify(src) by extension 'ros'
[0.184s] Level 1:colcon.colcon_core.package_identification:_identify(src) by extensions ['cmake', 'python']
[0.184s] Level 1:colcon.colcon_core.package_identification:_identify(src) by extension 'cmake'
[0.184s] Level 1:colcon.colcon_core.package_identification:_identify(src) by extension 'python'
[0.184s] Level 1:colcon.colcon_core.package_identification:_identify(src) by extensions ['python_setup_py']
[0.184s] Level 1:colcon.colcon_core.package_identification:_identify(src) by extension 'python_setup_py'
[0.185s] Level 1:colcon.colcon_core.package_identification:_identify(src/camera_nav) by extensions ['ignore', 'ignore_ament_install']
[0.185s] Level 1:colcon.colcon_core.package_identification:_identify(src/camera_nav) by extension 'ignore'
[0.185s] Level 1:colcon.colcon_core.package_identification:_identify(src/camera_nav) by extension 'ignore_ament_install'
[0.185s] Level 1:colcon.colcon_core.package_identification:_identify(src/camera_nav) by extensions ['colcon_pkg']
[0.185s] Level 1:colcon.colcon_core.package_identification:_identify(src/camera_nav) by extension 'colcon_pkg'
[0.185s] Level 1:colcon.colcon_core.package_identification:_identify(src/camera_nav) by extensions ['colcon_meta']
[0.185s] Level 1:colcon.colcon_core.package_identification:_identify(src/camera_nav) by extension 'colcon_meta'
[0.185s] Level 1:colcon.colcon_core.package_identification:_identify(src/camera_nav) by extensions ['ros']
[0.185s] Level 1:colcon.colcon_core.package_identification:_identify(src/camera_nav) by extension 'ros'
[0.188s] DEBUG:colcon.colcon_core.package_identification:Package 'src/camera_nav' with type 'ros.ament_python' and name 'camera_nav'
[0.188s] Level 1:colcon.colcon_core.package_identification:_identify(src/controller) by extensions ['ignore', 'ignore_ament_install']
[0.188s] Level 1:colcon.colcon_core.package_identification:_identify(src/controller) by extension 'ignore'
[0.188s] Level 1:colcon.colcon_core.package_identification:_identify(src/controller) by extension 'ignore_ament_install'
[0.188s] Level 1:colcon.colcon_core.package_identification:_identify(src/controller) by extensions ['colcon_pkg']
[0.188s] Level 1:colcon.colcon_core.package_identification:_identify(src/controller) by extension 'colcon_pkg'
[0.188s] Level 1:colcon.colcon_core.package_identification:_identify(src/controller) by extensions ['colcon_meta']
[0.188s] Level 1:colcon.colcon_core.package_identification:_identify(src/controller) by extension 'colcon_meta'
[0.188s] Level 1:colcon.colcon_core.package_identification:_identify(src/controller) by extensions ['ros']
[0.188s] Level 1:colcon.colcon_core.package_identification:_identify(src/controller) by extension 'ros'
[0.189s] DEBUG:colcon.colcon_core.package_identification:Package 'src/controller' with type 'ros.ament_python' and name 'controller'
[0.189s] Level 1:colcon.colcon_core.package_identification:_identify(src/drone_c) by extensions ['ignore', 'ignore_ament_install']
[0.189s] Level 1:colcon.colcon_core.package_identification:_identify(src/drone_c) by extension 'ignore'
[0.189s] Level 1:colcon.colcon_core.package_identification:_identify(src/drone_c) by extension 'ignore_ament_install'
[0.189s] Level 1:colcon.colcon_core.package_identification:_identify(src/drone_c) by extensions ['colcon_pkg']
[0.189s] Level 1:colcon.colcon_core.package_identification:_identify(src/drone_c) by extension 'colcon_pkg'
[0.189s] Level 1:colcon.colcon_core.package_identification:_identify(src/drone_c) by extensions ['colcon_meta']
[0.189s] Level 1:colcon.colcon_core.package_identification:_identify(src/drone_c) by extension 'colcon_meta'
[0.189s] Level 1:colcon.colcon_core.package_identification:_identify(src/drone_c) by extensions ['ros']
[0.189s] Level 1:colcon.colcon_core.package_identification:_identify(src/drone_c) by extension 'ros'
[0.190s] DEBUG:colcon.colcon_core.package_identification:Package 'src/drone_c' with type 'ros.ament_cmake' and name 'drone_c'
[0.190s] Level 1:colcon.colcon_core.package_identification:_identify(src/ground_bot) by extensions ['ignore', 'ignore_ament_install']
[0.190s] Level 1:colcon.colcon_core.package_identification:_identify(src/ground_bot) by extension 'ignore'
[0.190s] Level 1:colcon.colcon_core.package_identification:_identify(src/ground_bot) by extension 'ignore_ament_install'
[0.190s] Level 1:colcon.colcon_core.package_identification:_identify(src/ground_bot) by extensions ['colcon_pkg']
[0.190s] Level 1:colcon.colcon_core.package_identification:_identify(src/ground_bot) by extension 'colcon_pkg'
[0.190s] Level 1:colcon.colcon_core.package_identification:_identify(src/ground_bot) by extensions ['colcon_meta']
[0.190s] Level 1:colcon.colcon_core.package_identification:_identify(src/ground_bot) by extension 'colcon_meta'
[0.190s] Level 1:colcon.colcon_core.package_identification:_identify(src/ground_bot) by extensions ['ros']
[0.190s] Level 1:colcon.colcon_core.package_identification:_identify(src/ground_bot) by extension 'ros'
[0.191s] DEBUG:colcon.colcon_core.package_identification:Package 'src/ground_bot' with type 'ros.ament_cmake' and name 'ground_bot'
[0.191s] Level 1:colcon.colcon_core.package_identification:_identify(src/pointcloud_to_laserscan) by extensions ['ignore', 'ignore_ament_install']
[0.192s] Level 1:colcon.colcon_core.package_identification:_identify(src/pointcloud_to_laserscan) by extension 'ignore'
[0.192s] Level 1:colcon.colcon_core.package_identification:_identify(src/pointcloud_to_laserscan) by extension 'ignore_ament_install'
[0.192s] Level 1:colcon.colcon_core.package_identification:_identify(src/pointcloud_to_laserscan) by extensions ['colcon_pkg']
[0.192s] Level 1:colcon.colcon_core.package_identification:_identify(src/pointcloud_to_laserscan) by extension 'colcon_pkg'
[0.192s] Level 1:colcon.colcon_core.package_identification:_identify(src/pointcloud_to_laserscan) by extensions ['colcon_meta']
[0.192s] Level 1:colcon.colcon_core.package_identification:_identify(src/pointcloud_to_laserscan) by extension 'colcon_meta'
[0.192s] Level 1:colcon.colcon_core.package_identification:_identify(src/pointcloud_to_laserscan) by extensions ['ros']
[0.192s] Level 1:colcon.colcon_core.package_identification:_identify(src/pointcloud_to_laserscan) by extension 'ros'
[0.192s] Level 1:colcon.colcon_core.package_identification:_identify(src/pointcloud_to_laserscan) by extensions ['cmake', 'python']
[0.192s] Level 1:colcon.colcon_core.package_identification:_identify(src/pointcloud_to_laserscan) by extension 'cmake'
[0.192s] Level 1:colcon.colcon_core.package_identification:_identify(src/pointcloud_to_laserscan) by extension 'python'
[0.192s] Level 1:colcon.colcon_core.package_identification:_identify(src/pointcloud_to_laserscan) by extensions ['python_setup_py']
[0.192s] Level 1:colcon.colcon_core.package_identification:_identify(src/pointcloud_to_laserscan) by extension 'python_setup_py'
[0.192s] Level 1:colcon.colcon_core.package_identification:_identify(src/robot_description) by extensions ['ignore', 'ignore_ament_install']
[0.192s] Level 1:colcon.colcon_core.package_identification:_identify(src/robot_description) by extension 'ignore'
[0.192s] Level 1:colcon.colcon_core.package_identification:_identify(src/robot_description) by extension 'ignore_ament_install'
[0.192s] Level 1:colcon.colcon_core.package_identification:_identify(src/robot_description) by extensions ['colcon_pkg']
[0.192s] Level 1:colcon.colcon_core.package_identification:_identify(src/robot_description) by extension 'colcon_pkg'
[0.192s] Level 1:colcon.colcon_core.package_identification:_identify(src/robot_description) by extensions ['colcon_meta']
[0.192s] Level 1:colcon.colcon_core.package_identification:_identify(src/robot_description) by extension 'colcon_meta'
[0.192s] Level 1:colcon.colcon_core.package_identification:_identify(src/robot_description) by extensions ['ros']
[0.192s] Level 1:colcon.colcon_core.package_identification:_identify(src/robot_description) by extension 'ros'
[0.193s] DEBUG:colcon.colcon_core.package_identification:Package 'src/robot_description' with type 'ros.ament_cmake' and name 'robot_description'
[0.193s] Level 1:colcon.colcon_core.package_identification:_identify(src/roller) by extensions ['ignore', 'ignore_ament_install']
[0.193s] Level 1:colcon.colcon_core.package_identification:_identify(src/roller) by extension 'ignore'
[0.193s] Level 1:colcon.colcon_core.package_identification:_identify(src/roller) by extension 'ignore_ament_install'
[0.193s] Level 1:colcon.colcon_core.package_identification:_identify(src/roller) by extensions ['colcon_pkg']
[0.193s] Level 1:colcon.colcon_core.package_identification:_identify(src/roller) by extension 'colcon_pkg'
[0.193s] Level 1:colcon.colcon_core.package_identification:_identify(src/roller) by extensions ['colcon_meta']
[0.193s] Level 1:colcon.colcon_core.package_identification:_identify(src/roller) by extension 'colcon_meta'
[0.193s] Level 1:colcon.colcon_core.package_identification:_identify(src/roller) by extensions ['ros']
[0.193s] Level 1:colcon.colcon_core.package_identification:_identify(src/roller) by extension 'ros'
[0.194s] DEBUG:colcon.colcon_core.package_identification:Package 'src/roller' with type 'ros.ament_python' and name 'roller'
[0.194s] Level 1:colcon.colcon_core.package_discovery:discover_packages(recursive) using defaults
[0.194s] Level 1:colcon.colcon_core.package_discovery:discover_packages(ignore) discover
[0.194s] Level 1:colcon.colcon_core.package_discovery:discover_packages(ignore) using defaults
[0.194s] Level 1:colcon.colcon_core.package_discovery:discover_packages(path) discover
[0.194s] Level 1:colcon.colcon_core.package_discovery:discover_packages(path) using defaults
[0.218s] Level 1:colcon.colcon_core.package_discovery:discover_packages(prefix_path) check parameters
[0.218s] Level 1:colcon.colcon_core.package_discovery:discover_packages(prefix_path) discover
[0.222s] DEBUG:colcon.colcon_installed_package_information.package_discovery:Found 2 installed packages in /home/naor/Desktop/naor/work/capsule_repo/install
[0.224s] DEBUG:colcon.colcon_installed_package_information.package_discovery:Found 414 installed packages in /opt/ros/humble
[0.225s] Level 1:colcon.colcon_core.package_discovery:discover_packages(prefix_path) using defaults
[0.322s] Level 5:colcon.colcon_core.verb:set package 'camera_nav' build argument 'cmake_args' from command line to 'None'
[0.322s] Level 5:colcon.colcon_core.verb:set package 'camera_nav' build argument 'cmake_target' from command line to 'None'
[0.322s] Level 5:colcon.colcon_core.verb:set package 'camera_nav' build argument 'cmake_target_skip_unavailable' from command line to 'False'
[0.322s] Level 5:colcon.colcon_core.verb:set package 'camera_nav' build argument 'cmake_clean_cache' from command line to 'False'
[0.322s] Level 5:colcon.colcon_core.verb:set package 'camera_nav' build argument 'cmake_clean_first' from command line to 'False'
[0.322s] Level 5:colcon.colcon_core.verb:set package 'camera_nav' build argument 'cmake_force_configure' from command line to 'False'
[0.323s] Level 5:colcon.colcon_core.verb:set package 'camera_nav' build argument 'ament_cmake_args' from command line to 'None'
[0.323s] Level 5:colcon.colcon_core.verb:set package 'camera_nav' build argument 'catkin_cmake_args' from command line to 'None'
[0.323s] Level 5:colcon.colcon_core.verb:set package 'camera_nav' build argument 'catkin_skip_building_tests' from command line to 'False'
[0.323s] DEBUG:colcon.colcon_core.verb:Building package 'camera_nav' with the following arguments: {'ament_cmake_args': None, 'build_base': '/home/naor/Desktop/naor/study/Thesis/build/camera_nav', 'catkin_cmake_args': None, 'catkin_skip_building_tests': False, 'cmake_args': None, 'cmake_clean_cache': False, 'cmake_clean_first': False, 'cmake_force_configure': False, 'cmake_target': None, 'cmake_target_skip_unavailable': False, 'install_base': '/home/naor/Desktop/naor/study/Thesis/install/camera_nav', 'merge_install': False, 'path': '/home/naor/Desktop/naor/study/Thesis/src/camera_nav', 'symlink_install': False, 'test_result_base': None}
[0.323s] Level 5:colcon.colcon_core.verb:set package 'controller' build argument 'cmake_args' from command line to 'None'
[0.323s] Level 5:colcon.colcon_core.verb:set package 'controller' build argument 'cmake_target' from command line to 'None'
[0.323s] Level 5:colcon.colcon_core.verb:set package 'controller' build argument 'cmake_target_skip_unavailable' from command line to 'False'
[0.323s] Level 5:colcon.colcon_core.verb:set package 'controller' build argument 'cmake_clean_cache' from command line to 'False'
[0.323s] Level 5:colcon.colcon_core.verb:set package 'controller' build argument 'cmake_clean_first' from command line to 'False'
[0.323s] Level 5:colcon.colcon_core.verb:set package 'controller' build argument 'cmake_force_configure' from command line to 'False'
[0.323s] Level 5:colcon.colcon_core.verb:set package 'controller' build argument 'ament_cmake_args' from command line to 'None'
[0.323s] Level 5:colcon.colcon_core.verb:set package 'controller' build argument 'catkin_cmake_args' from command line to 'None'
[0.323s] Level 5:colcon.colcon_core.verb:set package 'controller' build argument 'catkin_skip_building_tests' from command line to 'False'
[0.323s] DEBUG:colcon.colcon_core.verb:Building package 'controller' with the following arguments: {'ament_cmake_args': None, 'build_base': '/home/naor/Desktop/naor/study/Thesis/build/controller', 'catkin_cmake_args': None, 'catkin_skip_building_tests': False, 'cmake_args': None, 'cmake_clean_cache': False, 'cmake_clean_first': False, 'cmake_force_configure': False, 'cmake_target': None, 'cmake_target_skip_unavailable': False, 'install_base': '/home/naor/Desktop/naor/study/Thesis/install/controller', 'merge_install': False, 'path': '/home/naor/Desktop/naor/study/Thesis/src/controller', 'symlink_install': False, 'test_result_base': None}
[0.323s] Level 5:colcon.colcon_core.verb:set package 'drone_c' build argument 'cmake_args' from command line to 'None'
[0.323s] Level 5:colcon.colcon_core.verb:set package 'drone_c' build argument 'cmake_target' from command line to 'None'
[0.323s] Level 5:colcon.colcon_core.verb:set package 'drone_c' build argument 'cmake_target_skip_unavailable' from command line to 'False'
[0.323s] Level 5:colcon.colcon_core.verb:set package 'drone_c' build argument 'cmake_clean_cache' from command line to 'False'
[0.323s] Level 5:colcon.colcon_core.verb:set package 'drone_c' build argument 'cmake_clean_first' from command line to 'False'
[0.323s] Level 5:colcon.colcon_core.verb:set package 'drone_c' build argument 'cmake_force_configure' from command line to 'False'
[0.323s] Level 5:colcon.colcon_core.verb:set package 'drone_c' build argument 'ament_cmake_args' from command line to 'None'
[0.323s] Level 5:colcon.colcon_core.verb:set package 'drone_c' build argument 'catkin_cmake_args' from command line to 'None'
[0.323s] Level 5:colcon.colcon_core.verb:set package 'drone_c' build argument 'catkin_skip_building_tests' from command line to 'False'
[0.323s] DEBUG:colcon.colcon_core.verb:Building package 'drone_c' with the following arguments: {'ament_cmake_args': None, 'build_base': '/home/naor/Desktop/naor/study/Thesis/build/drone_c', 'catkin_cmake_args': None, 'catkin_skip_building_tests': False, 'cmake_args': None, 'cmake_clean_cache': False, 'cmake_clean_first': False, 'cmake_force_configure': False, 'cmake_target': None, 'cmake_target_skip_unavailable': False, 'install_base': '/home/naor/Desktop/naor/study/Thesis/install/drone_c', 'merge_install': False, 'path': '/home/naor/Desktop/naor/study/Thesis/src/drone_c', 'symlink_install': False, 'test_result_base': None}
[0.323s] Level 5:colcon.colcon_core.verb:set package 'ground_bot' build argument 'cmake_args' from command line to 'None'
[0.323s] Level 5:colcon.colcon_core.verb:set package 'ground_bot' build argument 'cmake_target' from command line to 'None'
[0.324s] Level 5:colcon.colcon_core.verb:set package 'ground_bot' build argument 'cmake_target_skip_unavailable' from command line to 'False'
[0.324s] Level 5:colcon.colcon_core.verb:set package 'ground_bot' build argument 'cmake_clean_cache' from command line to 'False'
[0.324s] Level 5:colcon.colcon_core.verb:set package 'ground_bot' build argument 'cmake_clean_first' from command line to 'False'
[0.324s] Level 5:colcon.colcon_core.verb:set package 'ground_bot' build argument 'cmake_force_configure' from command line to 'False'
[0.324s] Level 5:colcon.colcon_core.verb:set package 'ground_bot' build argument 'ament_cmake_args' from command line to 'None'
[0.324s] Level 5:colcon.colcon_core.verb:set package 'ground_bot' build argument 'catkin_cmake_args' from command line to 'None'
[0.324s] Level 5:colcon.colcon_core.verb:set package 'ground_bot' build argument 'catkin_skip_building_tests' from command line to 'False'
[0.324s] DEBUG:colcon.colcon_core.verb:Building package 'ground_bot' with the following arguments: {'ament_cmake_args': None, 'build_base': '/home/naor/Desktop/naor/study/Thesis/build/ground_bot', 'catkin_cmake_args': None, 'catkin_skip_building_tests': False, 'cmake_args': None, 'cmake_clean_cache': False, 'cmake_clean_first': False, 'cmake_force_configure': False, 'cmake_target': None, 'cmake_target_skip_unavailable': False, 'install_base': '/home/naor/Desktop/naor/study/Thesis/install/ground_bot', 'merge_install': False, 'path': '/home/naor/Desktop/naor/study/Thesis/src/ground_bot', 'symlink_install': False, 'test_result_base': None}
[0.324s] Level 5:colcon.colcon_core.verb:set package 'robot_description' build argument 'cmake_args' from command line to 'None'
[0.324s] Level 5:colcon.colcon_core.verb:set package 'robot_description' build argument 'cmake_target' from command line to 'None'
[0.324s] Level 5:colcon.colcon_core.verb:set package 'robot_description' build argument 'cmake_target_skip_unavailable' from command line to 'False'
[0.324s] Level 5:colcon.colcon_core.verb:set package 'robot_description' build argument 'cmake_clean_cache' from command line to 'False'
[0.324s] Level 5:colcon.colcon_core.verb:set package 'robot_description' build argument 'cmake_clean_first' from command line to 'False'
[0.324s] Level 5:colcon.colcon_core.verb:set package 'robot_description' build argument 'cmake_force_configure' from command line to 'False'
[0.324s] Level 5:colcon.colcon_core.verb:set package 'robot_description' build argument 'ament_cmake_args' from command line to 'None'
[0.324s] Level 5:colcon.colcon_core.verb:set package 'robot_description' build argument 'catkin_cmake_args' from command line to 'None'
[0.324s] Level 5:colcon.colcon_core.verb:set package 'robot_description' build argument 'catkin_skip_building_tests' from command line to 'False'
[0.324s] DEBUG:colcon.colcon_core.verb:Building package 'robot_description' with the following arguments: {'ament_cmake_args': None, 'build_base': '/home/naor/Desktop/naor/study/Thesis/build/robot_description', 'catkin_cmake_args': None, 'catkin_skip_building_tests': False, 'cmake_args': None, 'cmake_clean_cache': False, 'cmake_clean_first': False, 'cmake_force_configure': False, 'cmake_target': None, 'cmake_target_skip_unavailable': False, 'install_base': '/home/naor/Desktop/naor/study/Thesis/install/robot_description', 'merge_install': False, 'path': '/home/naor/Desktop/naor/study/Thesis/src/robot_description', 'symlink_install': False, 'test_result_base': None}
[0.324s] Level 5:colcon.colcon_core.verb:set package 'roller' build argument 'cmake_args' from command line to 'None'
[0.324s] Level 5:colcon.colcon_core.verb:set package 'roller' build argument 'cmake_target' from command line to 'None'
[0.324s] Level 5:colcon.colcon_core.verb:set package 'roller' build argument 'cmake_target_skip_unavailable' from command line to 'False'
[0.324s] Level 5:colcon.colcon_core.verb:set package 'roller' build argument 'cmake_clean_cache' from command line to 'False'
[0.324s] Level 5:colcon.colcon_core.verb:set package 'roller' build argument 'cmake_clean_first' from command line to 'False'
[0.324s] Level 5:colcon.colcon_core.verb:set package 'roller' build argument 'cmake_force_configure' from command line to 'False'
[0.324s] Level 5:colcon.colcon_core.verb:set package 'roller' build argument 'ament_cmake_args' from command line to 'None'
[0.324s] Level 5:colcon.colcon_core.verb:set package 'roller' build argument 'catkin_cmake_args' from command line to 'None'
[0.324s] Level 5:colcon.colcon_core.verb:set package 'roller' build argument 'catkin_skip_building_tests' from command line to 'False'
[0.324s] DEBUG:colcon.colcon_core.verb:Building package 'roller' with the following arguments: {'ament_cmake_args': None, 'build_base': '/home/naor/Desktop/naor/study/Thesis/build/roller', 'catkin_cmake_args': None, 'catkin_skip_building_tests': False, 'cmake_args': None, 'cmake_clean_cache': False, 'cmake_clean_first': False, 'cmake_force_configure': False, 'cmake_target': None, 'cmake_target_skip_unavailable': False, 'install_base': '/home/naor/Desktop/naor/study/Thesis/install/roller', 'merge_install': False, 'path': '/home/naor/Desktop/naor/study/Thesis/src/roller', 'symlink_install': False, 'test_result_base': None}
[0.324s] INFO:colcon.colcon_core.executor:Executing jobs using 'parallel' executor
[0.325s] DEBUG:colcon.colcon_parallel_executor.executor.parallel:run_until_complete
[0.325s] INFO:colcon.colcon_ros.task.ament_python.build:Building ROS package in '/home/naor/Desktop/naor/study/Thesis/src/camera_nav' with build type 'ament_python'
[0.326s] Level 1:colcon.colcon_core.shell:create_environment_hook('camera_nav', 'ament_prefix_path')
[0.329s] INFO:colcon.colcon_core.plugin_system:Skipping extension 'colcon_core.shell.bat': Not used on non-Windows systems
[0.330s] INFO:colcon.colcon_core.shell:Creating environment hook '/home/naor/Desktop/naor/study/Thesis/install/camera_nav/share/camera_nav/hook/ament_prefix_path.ps1'
[0.331s] INFO:colcon.colcon_core.shell:Creating environment descriptor '/home/naor/Desktop/naor/study/Thesis/install/camera_nav/share/camera_nav/hook/ament_prefix_path.dsv'
[0.332s] INFO:colcon.colcon_core.shell:Creating environment hook '/home/naor/Desktop/naor/study/Thesis/install/camera_nav/share/camera_nav/hook/ament_prefix_path.sh'
[0.332s] INFO:colcon.colcon_core.shell:Skip shell extension 'powershell' for command environment: Not usable outside of PowerShell
[0.332s] DEBUG:colcon.colcon_core.shell:Skip shell extension 'dsv' for command environment
[0.335s] INFO:colcon.colcon_ros.task.ament_python.build:Building ROS package in '/home/naor/Desktop/naor/study/Thesis/src/controller' with build type 'ament_python'
[0.335s] Level 1:colcon.colcon_core.shell:create_environment_hook('controller', 'ament_prefix_path')
[0.335s] INFO:colcon.colcon_core.shell:Creating environment hook '/home/naor/Desktop/naor/study/Thesis/install/controller/share/controller/hook/ament_prefix_path.ps1'
[0.336s] INFO:colcon.colcon_core.shell:Creating environment descriptor '/home/naor/Desktop/naor/study/Thesis/install/controller/share/controller/hook/ament_prefix_path.dsv'
[0.336s] INFO:colcon.colcon_core.shell:Creating environment hook '/home/naor/Desktop/naor/study/Thesis/install/controller/share/controller/hook/ament_prefix_path.sh'
[0.337s] INFO:colcon.colcon_core.shell:Skip shell extension 'powershell' for command environment: Not usable outside of PowerShell
[0.337s] DEBUG:colcon.colcon_core.shell:Skip shell extension 'dsv' for command environment
[0.339s] INFO:colcon.colcon_ros.task.ament_cmake.build:Building ROS package in '/home/naor/Desktop/naor/study/Thesis/src/drone_c' with build type 'ament_cmake'
[0.339s] INFO:colcon.colcon_cmake.task.cmake.build:Building CMake package in '/home/naor/Desktop/naor/study/Thesis/src/drone_c'
[0.339s] INFO:colcon.colcon_core.shell:Skip shell extension 'powershell' for command environment: Not usable outside of PowerShell
[0.339s] DEBUG:colcon.colcon_core.shell:Skip shell extension 'dsv' for command environment
[0.342s] INFO:colcon.colcon_ros.task.ament_cmake.build:Building ROS package in '/home/naor/Desktop/naor/study/Thesis/src/ground_bot' with build type 'ament_cmake'
[0.342s] INFO:colcon.colcon_cmake.task.cmake.build:Building CMake package in '/home/naor/Desktop/naor/study/Thesis/src/ground_bot'
[0.342s] INFO:colcon.colcon_core.shell:Skip shell extension 'powershell' for command environment: Not usable outside of PowerShell
[0.342s] DEBUG:colcon.colcon_core.shell:Skip shell extension 'dsv' for command environment
[0.345s] INFO:colcon.colcon_ros.task.ament_cmake.build:Building ROS package in '/home/naor/Desktop/naor/study/Thesis/src/robot_description' with build type 'ament_cmake'
[0.345s] INFO:colcon.colcon_cmake.task.cmake.build:Building CMake package in '/home/naor/Desktop/naor/study/Thesis/src/robot_description'
[0.345s] INFO:colcon.colcon_core.shell:Skip shell extension 'powershell' for command environment: Not usable outside of PowerShell
[0.345s] DEBUG:colcon.colcon_core.shell:Skip shell extension 'dsv' for command environment
[0.347s] INFO:colcon.colcon_ros.task.ament_python.build:Building ROS package in '/home/naor/Desktop/naor/study/Thesis/src/roller' with build type 'ament_python'
[0.347s] Level 1:colcon.colcon_core.shell:create_environment_hook('roller', 'ament_prefix_path')
[0.347s] INFO:colcon.colcon_core.shell:Creating environment hook '/home/naor/Desktop/naor/study/Thesis/install/roller/share/roller/hook/ament_prefix_path.ps1'
[0.348s] INFO:colcon.colcon_core.shell:Creating environment descriptor '/home/naor/Desktop/naor/study/Thesis/install/roller/share/roller/hook/ament_prefix_path.dsv'
[0.348s] INFO:colcon.colcon_core.shell:Creating environment hook '/home/naor/Desktop/naor/study/Thesis/install/roller/share/roller/hook/ament_prefix_path.sh'
[0.349s] INFO:colcon.colcon_core.shell:Skip shell extension 'powershell' for command environment: Not usable outside of PowerShell
[0.349s] DEBUG:colcon.colcon_core.shell:Skip shell extension 'dsv' for command environment
[0.506s] INFO:colcon.colcon_core.task.python.build:Building Python package in '/home/naor/Desktop/naor/study/Thesis/src/camera_nav'
[0.507s] INFO:colcon.colcon_core.shell:Skip shell extension 'powershell' for command environment: Not usable outside of PowerShell
[0.507s] DEBUG:colcon.colcon_core.shell:Skip shell extension 'dsv' for command environment
[0.664s] INFO:colcon.colcon_core.task.python.build:Building Python package in '/home/naor/Desktop/naor/study/Thesis/src/controller'
[0.665s] INFO:colcon.colcon_core.shell:Skip shell extension 'powershell' for command environment: Not usable outside of PowerShell
[0.665s] DEBUG:colcon.colcon_core.shell:Skip shell extension 'dsv' for command environment
[0.672s] DEBUG:colcon.colcon_core.event_handler.log_command:Invoking command in '/home/naor/Desktop/naor/study/Thesis/build/drone_c': CMAKE_PREFIX_PATH=/home/naor/Desktop/naor/work/capsule_repo/install/teensy_ers:/home/naor/Desktop/naor/work/capsule_repo/install/elers_bridge:/opt/ros/humble /usr/bin/cmake --build /home/naor/Desktop/naor/study/Thesis/build/drone_c -- -j16 -l16
[0.673s] DEBUG:colcon.colcon_core.event_handler.log_command:Invoking command in '/home/naor/Desktop/naor/study/Thesis/build/ground_bot': CMAKE_PREFIX_PATH=/home/naor/Desktop/naor/work/capsule_repo/install/teensy_ers:/home/naor/Desktop/naor/work/capsule_repo/install/elers_bridge:/opt/ros/humble /usr/bin/cmake --build /home/naor/Desktop/naor/study/Thesis/build/ground_bot -- -j16 -l16
[0.676s] DEBUG:colcon.colcon_core.event_handler.log_command:Invoking command in '/home/naor/Desktop/naor/study/Thesis/build/robot_description': CMAKE_PREFIX_PATH=/home/naor/Desktop/naor/work/capsule_repo/install/teensy_ers:/home/naor/Desktop/naor/work/capsule_repo/install/elers_bridge:/opt/ros/humble /usr/bin/cmake --build /home/naor/Desktop/naor/study/Thesis/build/robot_description -- -j16 -l16
[0.839s] INFO:colcon.colcon_core.task.python.build:Building Python package in '/home/naor/Desktop/naor/study/Thesis/src/roller'
[0.839s] INFO:colcon.colcon_core.shell:Skip shell extension 'powershell' for command environment: Not usable outside of PowerShell
[0.839s] DEBUG:colcon.colcon_core.shell:Skip shell extension 'dsv' for command environment
[0.979s] DEBUG:colcon.colcon_core.event_handler.log_command:Invoked command in '/home/naor/Desktop/naor/study/Thesis/build/robot_description' returned '0': CMAKE_PREFIX_PATH=/home/naor/Desktop/naor/work/capsule_repo/install/teensy_ers:/home/naor/Desktop/naor/work/capsule_repo/install/elers_bridge:/opt/ros/humble /usr/bin/cmake --build /home/naor/Desktop/naor/study/Thesis/build/robot_description -- -j16 -l16
[0.990s] DEBUG:colcon.colcon_core.event_handler.log_command:Invoking command in '/home/naor/Desktop/naor/study/Thesis/build/robot_description': CMAKE_PREFIX_PATH=/home/naor/Desktop/naor/work/capsule_repo/install/teensy_ers:/home/naor/Desktop/naor/work/capsule_repo/install/elers_bridge:/opt/ros/humble /usr/bin/cmake --install /home/naor/Desktop/naor/study/Thesis/build/robot_description
[0.999s] Level 1:colcon.colcon_core.environment:create_environment_scripts_only(robot_description)
[1.000s] DEBUG:colcon.colcon_core.event_handler.log_command:Invoked command in '/home/naor/Desktop/naor/study/Thesis/build/robot_description' returned '0': CMAKE_PREFIX_PATH=/home/naor/Desktop/naor/work/capsule_repo/install/teensy_ers:/home/naor/Desktop/naor/work/capsule_repo/install/elers_bridge:/opt/ros/humble /usr/bin/cmake --install /home/naor/Desktop/naor/study/Thesis/build/robot_description
[1.002s] Level 1:colcon.colcon_core.environment:checking '/home/naor/Desktop/naor/study/Thesis/install/robot_description' for CMake module files
[1.002s] Level 1:colcon.colcon_core.environment:checking '/home/naor/Desktop/naor/study/Thesis/install/robot_description' for CMake config files
[1.002s] Level 1:colcon.colcon_core.shell:create_environment_hook('robot_description', 'cmake_prefix_path')
[1.003s] INFO:colcon.colcon_core.shell:Creating environment hook '/home/naor/Desktop/naor/study/Thesis/install/robot_description/share/robot_description/hook/cmake_prefix_path.ps1'
[1.003s] INFO:colcon.colcon_core.shell:Creating environment descriptor '/home/naor/Desktop/naor/study/Thesis/install/robot_description/share/robot_description/hook/cmake_prefix_path.dsv'
[1.003s] INFO:colcon.colcon_core.shell:Creating environment hook '/home/naor/Desktop/naor/study/Thesis/install/robot_description/share/robot_description/hook/cmake_prefix_path.sh'
[1.004s] Level 1:colcon.colcon_core.environment:checking '/home/naor/Desktop/naor/study/Thesis/install/robot_description/bin'
[1.004s] Level 1:colcon.colcon_core.environment:checking '/home/naor/Desktop/naor/study/Thesis/install/robot_description/lib/pkgconfig/robot_description.pc'
[1.004s] Level 1:colcon.colcon_core.environment:checking '/home/naor/Desktop/naor/study/Thesis/install/robot_description/lib/python3.10/site-packages'
[1.004s] Level 1:colcon.colcon_core.environment:checking '/home/naor/Desktop/naor/study/Thesis/install/robot_description/bin'
[1.004s] INFO:colcon.colcon_core.shell:Creating package script '/home/naor/Desktop/naor/study/Thesis/install/robot_description/share/robot_description/package.ps1'
[1.005s] INFO:colcon.colcon_core.shell:Creating package descriptor '/home/naor/Desktop/naor/study/Thesis/install/robot_description/share/robot_description/package.dsv'
[1.006s] INFO:colcon.colcon_core.shell:Creating package script '/home/naor/Desktop/naor/study/Thesis/install/robot_description/share/robot_description/package.sh'
[1.006s] INFO:colcon.colcon_core.shell:Creating package script '/home/naor/Desktop/naor/study/Thesis/install/robot_description/share/robot_description/package.bash'
[1.007s] INFO:colcon.colcon_core.shell:Creating package script '/home/naor/Desktop/naor/study/Thesis/install/robot_description/share/robot_description/package.zsh'
[1.008s] Level 1:colcon.colcon_core.environment:create_file_with_runtime_dependencies(/home/naor/Desktop/naor/study/Thesis/install/robot_description/share/colcon-core/packages/robot_description)
[1.008s] Level 1:colcon.colcon_core.environment:create_environment_scripts_only(robot_description)
[1.008s] Level 1:colcon.colcon_core.environment:checking '/home/naor/Desktop/naor/study/Thesis/install/robot_description' for CMake module files
[1.008s] Level 1:colcon.colcon_core.environment:checking '/home/naor/Desktop/naor/study/Thesis/install/robot_description' for CMake config files
[1.009s] Level 1:colcon.colcon_core.shell:create_environment_hook('robot_description', 'cmake_prefix_path')
[1.009s] INFO:colcon.colcon_core.shell:Creating environment hook '/home/naor/Desktop/naor/study/Thesis/install/robot_description/share/robot_description/hook/cmake_prefix_path.ps1'
[1.009s] INFO:colcon.colcon_core.shell:Creating environment descriptor '/home/naor/Desktop/naor/study/Thesis/install/robot_description/share/robot_description/hook/cmake_prefix_path.dsv'
[1.009s] INFO:colcon.colcon_core.shell:Creating environment hook '/home/naor/Desktop/naor/study/Thesis/install/robot_description/share/robot_description/hook/cmake_prefix_path.sh'
[1.010s] Level 1:colcon.colcon_core.environment:checking '/home/naor/Desktop/naor/study/Thesis/install/robot_description/bin'
[1.010s] Level 1:colcon.colcon_core.environment:checking '/home/naor/Desktop/naor/study/Thesis/install/robot_description/lib/pkgconfig/robot_description.pc'
[1.010s] Level 1:colcon.colcon_core.environment:checking '/home/naor/Desktop/naor/study/Thesis/install/robot_description/lib/python3.10/site-packages'
[1.010s] Level 1:colcon.colcon_core.environment:checking '/home/naor/Desktop/naor/study/Thesis/install/robot_description/bin'
[1.010s] INFO:colcon.colcon_core.shell:Creating package script '/home/naor/Desktop/naor/study/Thesis/install/robot_description/share/robot_description/package.ps1'
[1.010s] INFO:colcon.colcon_core.shell:Creating package descriptor '/home/naor/Desktop/naor/study/Thesis/install/robot_description/share/robot_description/package.dsv'
[1.011s] INFO:colcon.colcon_core.shell:Creating package script '/home/naor/Desktop/naor/study/Thesis/install/robot_description/share/robot_description/package.sh'
[1.011s] INFO:colcon.colcon_core.shell:Creating package script '/home/naor/Desktop/naor/study/Thesis/install/robot_description/share/robot_description/package.bash'
[1.011s] INFO:colcon.colcon_core.shell:Creating package script '/home/naor/Desktop/naor/study/Thesis/install/robot_description/share/robot_description/package.zsh'
[1.011s] Level 1:colcon.colcon_core.environment:create_file_with_runtime_dependencies(/home/naor/Desktop/naor/study/Thesis/install/robot_description/share/colcon-core/packages/robot_description)
[1.354s] DEBUG:colcon.colcon_core.event_handler.log_command:Invoking command in '/home/naor/Desktop/naor/study/Thesis/src/controller': PYTHONPATH=/home/naor/Desktop/naor/study/Thesis/build/controller/prefix_override:/usr/lib/python3/dist-packages/colcon_core/task/python/colcon_distutils_commands:/home/naor/Desktop/naor/study/Thesis/install/controller/lib/python3.10/site-packages:${PYTHONPATH} /usr/bin/python3 -W ignore:setup.py install is deprecated -W ignore:easy_install command is deprecated setup.py egg_info --egg-base ../../build/controller build --build-base /home/naor/Desktop/naor/study/Thesis/build/controller/build install --record /home/naor/Desktop/naor/study/Thesis/build/controller/install.log --single-version-externally-managed install_data
[1.356s] DEBUG:colcon.colcon_core.event_handler.log_command:Invoking command in '/home/naor/Desktop/naor/study/Thesis/src/camera_nav': PYTHONPATH=/home/naor/Desktop/naor/study/Thesis/build/camera_nav/prefix_override:/usr/lib/python3/dist-packages/colcon_core/task/python/colcon_distutils_commands:/home/naor/Desktop/naor/study/Thesis/install/camera_nav/lib/python3.10/site-packages:${PYTHONPATH} /usr/bin/python3 -W ignore:setup.py install is deprecated -W ignore:easy_install command is deprecated setup.py egg_info --egg-base ../../build/camera_nav build --build-base /home/naor/Desktop/naor/study/Thesis/build/camera_nav/build install --record /home/naor/Desktop/naor/study/Thesis/build/camera_nav/install.log --single-version-externally-managed install_data
[1.376s] DEBUG:colcon.colcon_core.event_handler.log_command:Invoking command in '/home/naor/Desktop/naor/study/Thesis/src/roller': PYTHONPATH=/home/naor/Desktop/naor/study/Thesis/build/roller/prefix_override:/usr/lib/python3/dist-packages/colcon_core/task/python/colcon_distutils_commands:/home/naor/Desktop/naor/study/Thesis/install/roller/lib/python3.10/site-packages:${PYTHONPATH} /usr/bin/python3 -W ignore:setup.py install is deprecated -W ignore:easy_install command is deprecated setup.py egg_info --egg-base ../../build/roller build --build-base /home/naor/Desktop/naor/study/Thesis/build/roller/build install --record /home/naor/Desktop/naor/study/Thesis/build/roller/install.log --single-version-externally-managed install_data
[1.740s] Level 1:colcon.colcon_core.environment:checking '/home/naor/Desktop/naor/study/Thesis/install/camera_nav' for CMake module files
[1.740s] DEBUG:colcon.colcon_core.event_handler.log_command:Invoked command in '/home/naor/Desktop/naor/study/Thesis/src/camera_nav' returned '0': PYTHONPATH=/home/naor/Desktop/naor/study/Thesis/build/camera_nav/prefix_override:/usr/lib/python3/dist-packages/colcon_core/task/python/colcon_distutils_commands:/home/naor/Desktop/naor/study/Thesis/install/camera_nav/lib/python3.10/site-packages:${PYTHONPATH} /usr/bin/python3 -W ignore:setup.py install is deprecated -W ignore:easy_install command is deprecated setup.py egg_info --egg-base ../../build/camera_nav build --build-base /home/naor/Desktop/naor/study/Thesis/build/camera_nav/build install --record /home/naor/Desktop/naor/study/Thesis/build/camera_nav/install.log --single-version-externally-managed install_data
[1.741s] Level 1:colcon.colcon_core.environment:checking '/home/naor/Desktop/naor/study/Thesis/install/camera_nav' for CMake config files
[1.742s] Level 1:colcon.colcon_core.environment:checking '/home/naor/Desktop/naor/study/Thesis/install/camera_nav/lib'
[1.742s] Level 1:colcon.colcon_core.environment:checking '/home/naor/Desktop/naor/study/Thesis/install/camera_nav/bin'
[1.742s] Level 1:colcon.colcon_core.environment:checking '/home/naor/Desktop/naor/study/Thesis/install/camera_nav/lib/pkgconfig/camera_nav.pc'
[1.742s] Level 1:colcon.colcon_core.environment:checking '/home/naor/Desktop/naor/study/Thesis/install/camera_nav/lib/python3.10/site-packages'
[1.742s] Level 1:colcon.colcon_core.shell:create_environment_hook('camera_nav', 'pythonpath')
[1.742s] INFO:colcon.colcon_core.shell:Creating environment hook '/home/naor/Desktop/naor/study/Thesis/install/camera_nav/share/camera_nav/hook/pythonpath.ps1'
[1.742s] INFO:colcon.colcon_core.shell:Creating environment descriptor '/home/naor/Desktop/naor/study/Thesis/install/camera_nav/share/camera_nav/hook/pythonpath.dsv'
[1.743s] INFO:colcon.colcon_core.shell:Creating environment hook '/home/naor/Desktop/naor/study/Thesis/install/camera_nav/share/camera_nav/hook/pythonpath.sh'
[1.743s] Level 1:colcon.colcon_core.environment:checking '/home/naor/Desktop/naor/study/Thesis/install/camera_nav/bin'
[1.743s] Level 1:colcon.colcon_core.environment:create_environment_scripts_only(camera_nav)
[1.743s] INFO:colcon.colcon_core.shell:Creating package script '/home/naor/Desktop/naor/study/Thesis/install/camera_nav/share/camera_nav/package.ps1'
[1.744s] INFO:colcon.colcon_core.shell:Creating package descriptor '/home/naor/Desktop/naor/study/Thesis/install/camera_nav/share/camera_nav/package.dsv'
[1.744s] INFO:colcon.colcon_core.shell:Creating package script '/home/naor/Desktop/naor/study/Thesis/install/camera_nav/share/camera_nav/package.sh'
[1.744s] INFO:colcon.colcon_core.shell:Creating package script '/home/naor/Desktop/naor/study/Thesis/install/camera_nav/share/camera_nav/package.bash'
[1.745s] INFO:colcon.colcon_core.shell:Creating package script '/home/naor/Desktop/naor/study/Thesis/install/camera_nav/share/camera_nav/package.zsh'
[1.745s] Level 1:colcon.colcon_core.environment:create_file_with_runtime_dependencies(/home/naor/Desktop/naor/study/Thesis/install/camera_nav/share/colcon-core/packages/camera_nav)
[1.768s] Level 1:colcon.colcon_core.environment:checking '/home/naor/Desktop/naor/study/Thesis/install/roller' for CMake module files
[1.768s] DEBUG:colcon.colcon_core.event_handler.log_command:Invoked command in '/home/naor/Desktop/naor/study/Thesis/src/roller' returned '0': PYTHONPATH=/home/naor/Desktop/naor/study/Thesis/build/roller/prefix_override:/usr/lib/python3/dist-packages/colcon_core/task/python/colcon_distutils_commands:/home/naor/Desktop/naor/study/Thesis/install/roller/lib/python3.10/site-packages:${PYTHONPATH} /usr/bin/python3 -W ignore:setup.py install is deprecated -W ignore:easy_install command is deprecated setup.py egg_info --egg-base ../../build/roller build --build-base /home/naor/Desktop/naor/study/Thesis/build/roller/build install --record /home/naor/Desktop/naor/study/Thesis/build/roller/install.log --single-version-externally-managed install_data
[1.768s] Level 1:colcon.colcon_core.environment:checking '/home/naor/Desktop/naor/study/Thesis/install/roller' for CMake config files
[1.769s] Level 1:colcon.colcon_core.environment:checking '/home/naor/Desktop/naor/study/Thesis/install/roller/lib'
[1.769s] Level 1:colcon.colcon_core.environment:checking '/home/naor/Desktop/naor/study/Thesis/install/roller/bin'
[1.769s] Level 1:colcon.colcon_core.environment:checking '/home/naor/Desktop/naor/study/Thesis/install/roller/lib/pkgconfig/roller.pc'
[1.769s] Level 1:colcon.colcon_core.environment:checking '/home/naor/Desktop/naor/study/Thesis/install/roller/lib/python3.10/site-packages'
[1.770s] Level 1:colcon.colcon_core.shell:create_environment_hook('roller', 'pythonpath')
[1.770s] INFO:colcon.colcon_core.shell:Creating environment hook '/home/naor/Desktop/naor/study/Thesis/install/roller/share/roller/hook/pythonpath.ps1'
[1.770s] INFO:colcon.colcon_core.shell:Creating environment descriptor '/home/naor/Desktop/naor/study/Thesis/install/roller/share/roller/hook/pythonpath.dsv'
[1.771s] INFO:colcon.colcon_core.shell:Creating environment hook '/home/naor/Desktop/naor/study/Thesis/install/roller/share/roller/hook/pythonpath.sh'
[1.771s] Level 1:colcon.colcon_core.environment:checking '/home/naor/Desktop/naor/study/Thesis/install/roller/bin'
[1.771s] Level 1:colcon.colcon_core.environment:create_environment_scripts_only(roller)
[1.771s] INFO:colcon.colcon_core.shell:Creating package script '/home/naor/Desktop/naor/study/Thesis/install/roller/share/roller/package.ps1'
[1.772s] INFO:colcon.colcon_core.shell:Creating package descriptor '/home/naor/Desktop/naor/study/Thesis/install/roller/share/roller/package.dsv'
[1.772s] INFO:colcon.colcon_core.shell:Creating package script '/home/naor/Desktop/naor/study/Thesis/install/roller/share/roller/package.sh'
[1.773s] INFO:colcon.colcon_core.shell:Creating package script '/home/naor/Desktop/naor/study/Thesis/install/roller/share/roller/package.bash'
[1.773s] INFO:colcon.colcon_core.shell:Creating package script '/home/naor/Desktop/naor/study/Thesis/install/roller/share/roller/package.zsh'
[1.773s] Level 1:colcon.colcon_core.environment:create_file_with_runtime_dependencies(/home/naor/Desktop/naor/study/Thesis/install/roller/share/colcon-core/packages/roller)
[1.774s] Level 1:colcon.colcon_core.environment:checking '/home/naor/Desktop/naor/study/Thesis/install/controller' for CMake module files
[1.775s] DEBUG:colcon.colcon_core.event_handler.log_command:Invoked command in '/home/naor/Desktop/naor/study/Thesis/src/controller' returned '0': PYTHONPATH=/home/naor/Desktop/naor/study/Thesis/build/controller/prefix_override:/usr/lib/python3/dist-packages/colcon_core/task/python/colcon_distutils_commands:/home/naor/Desktop/naor/study/Thesis/install/controller/lib/python3.10/site-packages:${PYTHONPATH} /usr/bin/python3 -W ignore:setup.py install is deprecated -W ignore:easy_install command is deprecated setup.py egg_info --egg-base ../../build/controller build --build-base /home/naor/Desktop/naor/study/Thesis/build/controller/build install --record /home/naor/Desktop/naor/study/Thesis/build/controller/install.log --single-version-externally-managed install_data
[1.775s] Level 1:colcon.colcon_core.environment:checking '/home/naor/Desktop/naor/study/Thesis/install/controller' for CMake config files
[1.776s] Level 1:colcon.colcon_core.environment:checking '/home/naor/Desktop/naor/study/Thesis/install/controller/lib'
[1.776s] Level 1:colcon.colcon_core.environment:checking '/home/naor/Desktop/naor/study/Thesis/install/controller/bin'
[1.776s] Level 1:colcon.colcon_core.environment:checking '/home/naor/Desktop/naor/study/Thesis/install/controller/lib/pkgconfig/controller.pc'
[1.776s] Level 1:colcon.colcon_core.environment:checking '/home/naor/Desktop/naor/study/Thesis/install/controller/lib/python3.10/site-packages'
[1.776s] Level 1:colcon.colcon_core.shell:create_environment_hook('controller', 'pythonpath')
[1.777s] INFO:colcon.colcon_core.shell:Creating environment hook '/home/naor/Desktop/naor/study/Thesis/install/controller/share/controller/hook/pythonpath.ps1'
[1.777s] INFO:colcon.colcon_core.shell:Creating environment descriptor '/home/naor/Desktop/naor/study/Thesis/install/controller/share/controller/hook/pythonpath.dsv'
[1.777s] INFO:colcon.colcon_core.shell:Creating environment hook '/home/naor/Desktop/naor/study/Thesis/install/controller/share/controller/hook/pythonpath.sh'
[1.778s] Level 1:colcon.colcon_core.environment:checking '/home/naor/Desktop/naor/study/Thesis/install/controller/bin'
[1.778s] Level 1:colcon.colcon_core.environment:create_environment_scripts_only(controller)
[1.778s] INFO:colcon.colcon_core.shell:Creating package script '/home/naor/Desktop/naor/study/Thesis/install/controller/share/controller/package.ps1'
[1.778s] INFO:colcon.colcon_core.shell:Creating package descriptor '/home/naor/Desktop/naor/study/Thesis/install/controller/share/controller/package.dsv'
[1.779s] INFO:colcon.colcon_core.shell:Creating package script '/home/naor/Desktop/naor/study/Thesis/install/controller/share/controller/package.sh'
[1.779s] INFO:colcon.colcon_core.shell:Creating package script '/home/naor/Desktop/naor/study/Thesis/install/controller/share/controller/package.bash'
[1.780s] INFO:colcon.colcon_core.shell:Creating package script '/home/naor/Desktop/naor/study/Thesis/install/controller/share/controller/package.zsh'
[1.780s] Level 1:colcon.colcon_core.environment:create_file_with_runtime_dependencies(/home/naor/Desktop/naor/study/Thesis/install/controller/share/colcon-core/packages/controller)
[3.644s] DEBUG:colcon.colcon_core.event_handler.log_command:Invoked command in '/home/naor/Desktop/naor/study/Thesis/build/drone_c' returned '0': CMAKE_PREFIX_PATH=/home/naor/Desktop/naor/work/capsule_repo/install/teensy_ers:/home/naor/Desktop/naor/work/capsule_repo/install/elers_bridge:/opt/ros/humble /usr/bin/cmake --build /home/naor/Desktop/naor/study/Thesis/build/drone_c -- -j16 -l16
[3.646s] DEBUG:colcon.colcon_core.event_handler.log_command:Invoking command in '/home/naor/Desktop/naor/study/Thesis/build/drone_c': CMAKE_PREFIX_PATH=/home/naor/Desktop/naor/work/capsule_repo/install/teensy_ers:/home/naor/Desktop/naor/work/capsule_repo/install/elers_bridge:/opt/ros/humble /usr/bin/cmake --install /home/naor/Desktop/naor/study/Thesis/build/drone_c
[3.712s] Level 1:colcon.colcon_core.environment:create_environment_scripts_only(drone_c)
[3.712s] Level 1:colcon.colcon_core.environment:checking '/home/naor/Desktop/naor/study/Thesis/install/drone_c' for CMake module files
[3.713s] DEBUG:colcon.colcon_core.event_handler.log_command:Invoked command in '/home/naor/Desktop/naor/study/Thesis/build/drone_c' returned '0': CMAKE_PREFIX_PATH=/home/naor/Desktop/naor/work/capsule_repo/install/teensy_ers:/home/naor/Desktop/naor/work/capsule_repo/install/elers_bridge:/opt/ros/humble /usr/bin/cmake --install /home/naor/Desktop/naor/study/Thesis/build/drone_c
[3.713s] Level 1:colcon.colcon_core.environment:checking '/home/naor/Desktop/naor/study/Thesis/install/drone_c' for CMake config files
[3.714s] Level 1:colcon.colcon_core.shell:create_environment_hook('drone_c', 'cmake_prefix_path')
[3.714s] INFO:colcon.colcon_core.shell:Creating environment hook '/home/naor/Desktop/naor/study/Thesis/install/drone_c/share/drone_c/hook/cmake_prefix_path.ps1'
[3.714s] INFO:colcon.colcon_core.shell:Creating environment descriptor '/home/naor/Desktop/naor/study/Thesis/install/drone_c/share/drone_c/hook/cmake_prefix_path.dsv'
[3.714s] INFO:colcon.colcon_core.shell:Creating environment hook '/home/naor/Desktop/naor/study/Thesis/install/drone_c/share/drone_c/hook/cmake_prefix_path.sh'
[3.715s] Level 1:colcon.colcon_core.environment:checking '/home/naor/Desktop/naor/study/Thesis/install/drone_c/lib'
[3.715s] Level 1:colcon.colcon_core.shell:create_environment_hook('drone_c', 'ld_library_path_lib')
[3.715s] INFO:colcon.colcon_core.shell:Creating environment hook '/home/naor/Desktop/naor/study/Thesis/install/drone_c/share/drone_c/hook/ld_library_path_lib.ps1'
[3.715s] INFO:colcon.colcon_core.shell:Creating environment descriptor '/home/naor/Desktop/naor/study/Thesis/install/drone_c/share/drone_c/hook/ld_library_path_lib.dsv'
[3.715s] INFO:colcon.colcon_core.shell:Creating environment hook '/home/naor/Desktop/naor/study/Thesis/install/drone_c/share/drone_c/hook/ld_library_path_lib.sh'
[3.716s] Level 1:colcon.colcon_core.environment:checking '/home/naor/Desktop/naor/study/Thesis/install/drone_c/bin'
[3.716s] Level 1:colcon.colcon_core.environment:checking '/home/naor/Desktop/naor/study/Thesis/install/drone_c/lib/pkgconfig/drone_c.pc'
[3.716s] Level 1:colcon.colcon_core.environment:checking '/home/naor/Desktop/naor/study/Thesis/install/drone_c/lib/python3.10/site-packages'
[3.716s] Level 1:colcon.colcon_core.environment:checking '/home/naor/Desktop/naor/study/Thesis/install/drone_c/bin'
[3.716s] INFO:colcon.colcon_core.shell:Creating package script '/home/naor/Desktop/naor/study/Thesis/install/drone_c/share/drone_c/package.ps1'
[3.717s] INFO:colcon.colcon_core.shell:Creating package descriptor '/home/naor/Desktop/naor/study/Thesis/install/drone_c/share/drone_c/package.dsv'
[3.717s] INFO:colcon.colcon_core.shell:Creating package script '/home/naor/Desktop/naor/study/Thesis/install/drone_c/share/drone_c/package.sh'
[3.718s] INFO:colcon.colcon_core.shell:Creating package script '/home/naor/Desktop/naor/study/Thesis/install/drone_c/share/drone_c/package.bash'
[3.718s] INFO:colcon.colcon_core.shell:Creating package script '/home/naor/Desktop/naor/study/Thesis/install/drone_c/share/drone_c/package.zsh'
[3.718s] Level 1:colcon.colcon_core.environment:create_file_with_runtime_dependencies(/home/naor/Desktop/naor/study/Thesis/install/drone_c/share/colcon-core/packages/drone_c)
[3.719s] Level 1:colcon.colcon_core.environment:create_environment_scripts_only(drone_c)
[3.719s] Level 1:colcon.colcon_core.environment:checking '/home/naor/Desktop/naor/study/Thesis/install/drone_c' for CMake module files
[3.719s] Level 1:colcon.colcon_core.environment:checking '/home/naor/Desktop/naor/study/Thesis/install/drone_c' for CMake config files
[3.720s] Level 1:colcon.colcon_core.shell:create_environment_hook('drone_c', 'cmake_prefix_path')
[3.720s] INFO:colcon.colcon_core.shell:Creating environment hook '/home/naor/Desktop/naor/study/Thesis/install/drone_c/share/drone_c/hook/cmake_prefix_path.ps1'
[3.720s] INFO:colcon.colcon_core.shell:Creating environment descriptor '/home/naor/Desktop/naor/study/Thesis/install/drone_c/share/drone_c/hook/cmake_prefix_path.dsv'
[3.721s] INFO:colcon.colcon_core.shell:Creating environment hook '/home/naor/Desktop/naor/study/Thesis/install/drone_c/share/drone_c/hook/cmake_prefix_path.sh'
[3.721s] Level 1:colcon.colcon_core.environment:checking '/home/naor/Desktop/naor/study/Thesis/install/drone_c/lib'
[3.721s] Level 1:colcon.colcon_core.shell:create_environment_hook('drone_c', 'ld_library_path_lib')
[3.721s] INFO:colcon.colcon_core.shell:Creating environment hook '/home/naor/Desktop/naor/study/Thesis/install/drone_c/share/drone_c/hook/ld_library_path_lib.ps1'
[3.722s] INFO:colcon.colcon_core.shell:Creating environment descriptor '/home/naor/Desktop/naor/study/Thesis/install/drone_c/share/drone_c/hook/ld_library_path_lib.dsv'
[3.722s] INFO:colcon.colcon_core.shell:Creating environment hook '/home/naor/Desktop/naor/study/Thesis/install/drone_c/share/drone_c/hook/ld_library_path_lib.sh'
[3.722s] Level 1:colcon.colcon_core.environment:checking '/home/naor/Desktop/naor/study/Thesis/install/drone_c/bin'
[3.722s] Level 1:colcon.colcon_core.environment:checking '/home/naor/Desktop/naor/study/Thesis/install/drone_c/lib/pkgconfig/drone_c.pc'
[3.722s] Level 1:colcon.colcon_core.environment:checking '/home/naor/Desktop/naor/study/Thesis/install/drone_c/lib/python3.10/site-packages'
[3.722s] Level 1:colcon.colcon_core.environment:checking '/home/naor/Desktop/naor/study/Thesis/install/drone_c/bin'
[3.723s] INFO:colcon.colcon_core.shell:Creating package script '/home/naor/Desktop/naor/study/Thesis/install/drone_c/share/drone_c/package.ps1'
[3.723s] INFO:colcon.colcon_core.shell:Creating package descriptor '/home/naor/Desktop/naor/study/Thesis/install/drone_c/share/drone_c/package.dsv'
[3.724s] INFO:colcon.colcon_core.shell:Creating package script '/home/naor/Desktop/naor/study/Thesis/install/drone_c/share/drone_c/package.sh'
[3.724s] INFO:colcon.colcon_core.shell:Creating package script '/home/naor/Desktop/naor/study/Thesis/install/drone_c/share/drone_c/package.bash'
[3.724s] INFO:colcon.colcon_core.shell:Creating package script '/home/naor/Desktop/naor/study/Thesis/install/drone_c/share/drone_c/package.zsh'
[3.725s] Level 1:colcon.colcon_core.environment:create_file_with_runtime_dependencies(/home/naor/Desktop/naor/study/Thesis/install/drone_c/share/colcon-core/packages/drone_c)
[9.011s] DEBUG:colcon.colcon_core.event_handler.log_command:Invoked command in '/home/naor/Desktop/naor/study/Thesis/build/ground_bot' returned '0': CMAKE_PREFIX_PATH=/home/naor/Desktop/naor/work/capsule_repo/install/teensy_ers:/home/naor/Desktop/naor/work/capsule_repo/install/elers_bridge:/opt/ros/humble /usr/bin/cmake --build /home/naor/Desktop/naor/study/Thesis/build/ground_bot -- -j16 -l16
[9.011s] DEBUG:colcon.colcon_core.event_handler.log_command:Invoking command in '/home/naor/Desktop/naor/study/Thesis/build/ground_bot': CMAKE_PREFIX_PATH=/home/naor/Desktop/naor/work/capsule_repo/install/teensy_ers:/home/naor/Desktop/naor/work/capsule_repo/install/elers_bridge:/opt/ros/humble /usr/bin/cmake --install /home/naor/Desktop/naor/study/Thesis/build/ground_bot
[9.072s] Level 1:colcon.colcon_core.environment:create_environment_scripts_only(ground_bot)
[9.073s] Level 1:colcon.colcon_core.environment:checking '/home/naor/Desktop/naor/study/Thesis/install/ground_bot' for CMake module files
[9.073s] DEBUG:colcon.colcon_core.event_handler.log_command:Invoked command in '/home/naor/Desktop/naor/study/Thesis/build/ground_bot' returned '0': CMAKE_PREFIX_PATH=/home/naor/Desktop/naor/work/capsule_repo/install/teensy_ers:/home/naor/Desktop/naor/work/capsule_repo/install/elers_bridge:/opt/ros/humble /usr/bin/cmake --install /home/naor/Desktop/naor/study/Thesis/build/ground_bot
[9.073s] Level 1:colcon.colcon_core.environment:checking '/home/naor/Desktop/naor/study/Thesis/install/ground_bot' for CMake config files
[9.073s] Level 1:colcon.colcon_core.shell:create_environment_hook('ground_bot', 'cmake_prefix_path')
[9.074s] INFO:colcon.colcon_core.shell:Creating environment hook '/home/naor/Desktop/naor/study/Thesis/install/ground_bot/share/ground_bot/hook/cmake_prefix_path.ps1'
[9.074s] INFO:colcon.colcon_core.shell:Creating environment descriptor '/home/naor/Desktop/naor/study/Thesis/install/ground_bot/share/ground_bot/hook/cmake_prefix_path.dsv'
[9.074s] INFO:colcon.colcon_core.shell:Creating environment hook '/home/naor/Desktop/naor/study/Thesis/install/ground_bot/share/ground_bot/hook/cmake_prefix_path.sh'
[9.075s] Level 1:colcon.colcon_core.environment:checking '/home/naor/Desktop/naor/study/Thesis/install/ground_bot/lib'
[9.075s] Level 1:colcon.colcon_core.shell:create_environment_hook('ground_bot', 'ld_library_path_lib')
[9.075s] INFO:colcon.colcon_core.shell:Creating environment hook '/home/naor/Desktop/naor/study/Thesis/install/ground_bot/share/ground_bot/hook/ld_library_path_lib.ps1'
[9.075s] INFO:colcon.colcon_core.shell:Creating environment descriptor '/home/naor/Desktop/naor/study/Thesis/install/ground_bot/share/ground_bot/hook/ld_library_path_lib.dsv'
[9.075s] INFO:colcon.colcon_core.shell:Creating environment hook '/home/naor/Desktop/naor/study/Thesis/install/ground_bot/share/ground_bot/hook/ld_library_path_lib.sh'
[9.076s] Level 1:colcon.colcon_core.environment:checking '/home/naor/Desktop/naor/study/Thesis/install/ground_bot/bin'
[9.076s] Level 1:colcon.colcon_core.environment:checking '/home/naor/Desktop/naor/study/Thesis/install/ground_bot/lib/pkgconfig/ground_bot.pc'
[9.076s] Level 1:colcon.colcon_core.environment:checking '/home/naor/Desktop/naor/study/Thesis/install/ground_bot/lib/python3.10/site-packages'
[9.076s] Level 1:colcon.colcon_core.environment:checking '/home/naor/Desktop/naor/study/Thesis/install/ground_bot/bin'
[9.076s] INFO:colcon.colcon_core.shell:Creating package script '/home/naor/Desktop/naor/study/Thesis/install/ground_bot/share/ground_bot/package.ps1'
[9.077s] INFO:colcon.colcon_core.shell:Creating package descriptor '/home/naor/Desktop/naor/study/Thesis/install/ground_bot/share/ground_bot/package.dsv'
[9.077s] INFO:colcon.colcon_core.shell:Creating package script '/home/naor/Desktop/naor/study/Thesis/install/ground_bot/share/ground_bot/package.sh'
[9.077s] INFO:colcon.colcon_core.shell:Creating package script '/home/naor/Desktop/naor/study/Thesis/install/ground_bot/share/ground_bot/package.bash'
[9.077s] INFO:colcon.colcon_core.shell:Creating package script '/home/naor/Desktop/naor/study/Thesis/install/ground_bot/share/ground_bot/package.zsh'
[9.078s] Level 1:colcon.colcon_core.environment:create_file_with_runtime_dependencies(/home/naor/Desktop/naor/study/Thesis/install/ground_bot/share/colcon-core/packages/ground_bot)
[9.078s] Level 1:colcon.colcon_core.environment:create_environment_scripts_only(ground_bot)
[9.078s] Level 1:colcon.colcon_core.environment:checking '/home/naor/Desktop/naor/study/Thesis/install/ground_bot' for CMake module files
[9.079s] Level 1:colcon.colcon_core.environment:checking '/home/naor/Desktop/naor/study/Thesis/install/ground_bot' for CMake config files
[9.079s] Level 1:colcon.colcon_core.shell:create_environment_hook('ground_bot', 'cmake_prefix_path')
[9.079s] INFO:colcon.colcon_core.shell:Creating environment hook '/home/naor/Desktop/naor/study/Thesis/install/ground_bot/share/ground_bot/hook/cmake_prefix_path.ps1'
[9.079s] INFO:colcon.colcon_core.shell:Creating environment descriptor '/home/naor/Desktop/naor/study/Thesis/install/ground_bot/share/ground_bot/hook/cmake_prefix_path.dsv'
[9.079s] INFO:colcon.colcon_core.shell:Creating environment hook '/home/naor/Desktop/naor/study/Thesis/install/ground_bot/share/ground_bot/hook/cmake_prefix_path.sh'
[9.080s] Level 1:colcon.colcon_core.environment:checking '/home/naor/Desktop/naor/study/Thesis/install/ground_bot/lib'
[9.080s] Level 1:colcon.colcon_core.shell:create_environment_hook('ground_bot', 'ld_library_path_lib')
[9.080s] INFO:colcon.colcon_core.shell:Creating environment hook '/home/naor/Desktop/naor/study/Thesis/install/ground_bot/share/ground_bot/hook/ld_library_path_lib.ps1'
[9.080s] INFO:colcon.colcon_core.shell:Creating environment descriptor '/home/naor/Desktop/naor/study/Thesis/install/ground_bot/share/ground_bot/hook/ld_library_path_lib.dsv'
[9.080s] INFO:colcon.colcon_core.shell:Creating environment hook '/home/naor/Desktop/naor/study/Thesis/install/ground_bot/share/ground_bot/hook/ld_library_path_lib.sh'
[9.081s] Level 1:colcon.colcon_core.environment:checking '/home/naor/Desktop/naor/study/Thesis/install/ground_bot/bin'
[9.081s] Level 1:colcon.colcon_core.environment:checking '/home/naor/Desktop/naor/study/Thesis/install/ground_bot/lib/pkgconfig/ground_bot.pc'
[9.081s] Level 1:colcon.colcon_core.environment:checking '/home/naor/Desktop/naor/study/Thesis/install/ground_bot/lib/python3.10/site-packages'
[9.081s] Level 1:colcon.colcon_core.environment:checking '/home/naor/Desktop/naor/study/Thesis/install/ground_bot/bin'
[9.081s] INFO:colcon.colcon_core.shell:Creating package script '/home/naor/Desktop/naor/study/Thesis/install/ground_bot/share/ground_bot/package.ps1'
[9.081s] INFO:colcon.colcon_core.shell:Creating package descriptor '/home/naor/Desktop/naor/study/Thesis/install/ground_bot/share/ground_bot/package.dsv'
[9.082s] INFO:colcon.colcon_core.shell:Creating package script '/home/naor/Desktop/naor/study/Thesis/install/ground_bot/share/ground_bot/package.sh'
[9.082s] INFO:colcon.colcon_core.shell:Creating package script '/home/naor/Desktop/naor/study/Thesis/install/ground_bot/share/ground_bot/package.bash'
[9.082s] INFO:colcon.colcon_core.shell:Creating package script '/home/naor/Desktop/naor/study/Thesis/install/ground_bot/share/ground_bot/package.zsh'
[9.082s] Level 1:colcon.colcon_core.environment:create_file_with_runtime_dependencies(/home/naor/Desktop/naor/study/Thesis/install/ground_bot/share/colcon-core/packages/ground_bot)
[9.083s] DEBUG:colcon.colcon_parallel_executor.executor.parallel:closing loop
[9.083s] DEBUG:colcon.colcon_parallel_executor.executor.parallel:loop closed
[9.083s] DEBUG:colcon.colcon_parallel_executor.executor.parallel:run_until_complete finished with '0'
[9.083s] DEBUG:colcon.colcon_core.event_reactor:joining thread
[9.088s] INFO:colcon.colcon_core.plugin_system:Skipping extension 'colcon_notification.desktop_notification.terminal_notifier': Not used on non-Darwin systems
[9.088s] INFO:colcon.colcon_core.plugin_system:Skipping extension 'colcon_notification.desktop_notification.win32': Not used on non-Windows systems
[9.088s] INFO:colcon.colcon_notification.desktop_notification:Sending desktop notification using 'notify2'
[9.102s] DEBUG:colcon.colcon_core.event_reactor:joined thread
[9.103s] INFO:colcon.colcon_core.shell:Creating prefix script '/home/naor/Desktop/naor/study/Thesis/install/local_setup.ps1'
[9.104s] INFO:colcon.colcon_core.shell:Creating prefix util module '/home/naor/Desktop/naor/study/Thesis/install/_local_setup_util_ps1.py'
[9.104s] INFO:colcon.colcon_core.shell:Creating prefix chain script '/home/naor/Desktop/naor/study/Thesis/install/setup.ps1'
[9.106s] INFO:colcon.colcon_core.shell:Creating prefix script '/home/naor/Desktop/naor/study/Thesis/install/local_setup.sh'
[9.106s] INFO:colcon.colcon_core.shell:Creating prefix util module '/home/naor/Desktop/naor/study/Thesis/install/_local_setup_util_sh.py'
[9.106s] INFO:colcon.colcon_core.shell:Creating prefix chain script '/home/naor/Desktop/naor/study/Thesis/install/setup.sh'
[9.107s] INFO:colcon.colcon_core.shell:Creating prefix script '/home/naor/Desktop/naor/study/Thesis/install/local_setup.bash'
[9.108s] INFO:colcon.colcon_core.shell:Creating prefix chain script '/home/naor/Desktop/naor/study/Thesis/install/setup.bash'
[9.108s] INFO:colcon.colcon_core.shell:Creating prefix script '/home/naor/Desktop/naor/study/Thesis/install/local_setup.zsh'
[9.109s] INFO:colcon.colcon_core.shell:Creating prefix chain script '/home/naor/Desktop/naor/study/Thesis/install/setup.zsh'
