-- Install configuration: ""
-- Up-to-date: /home/naor/Desktop/naor/study/Thesis/install/sim_drone/share/sim_drone/launch
-- Installing: /home/naor/Desktop/naor/study/Thesis/install/sim_drone/share/sim_drone/launch/gazebo_bot.launch.py
-- Installing: /home/naor/Desktop/naor/study/Thesis/install/sim_drone/share/sim_drone/launch/rviz_launcher.launch.py
-- Up-to-date: /home/naor/Desktop/naor/study/Thesis/install/sim_drone/share/sim_drone/config
-- Up-to-date: /home/naor/Desktop/naor/study/Thesis/install/sim_drone/share/sim_drone/config/motor.ros2_control.xacro
-- Up-to-date: /home/naor/Desktop/naor/study/Thesis/install/sim_drone/share/sim_drone/config/my_robot.urdf.xacro
-- Up-to-date: /home/naor/Desktop/naor/study/Thesis/install/sim_drone/share/sim_drone/config/controller_config.yaml
-- Up-to-date: /home/naor/Desktop/naor/study/Thesis/install/sim_drone/share/sim_drone/config/main.urdf.xacro
-- Up-to-date: /home/naor/Desktop/naor/study/Thesis/install/sim_drone/share/sim_drone/worlds
-- Up-to-date: /home/naor/Desktop/naor/study/Thesis/install/sim_drone/share/sim_drone/worlds/empty.world
-- Up-to-date: /home/naor/Desktop/naor/study/Thesis/install/sim_drone/share/sim_drone/meshes
-- Up-to-date: /home/naor/Desktop/naor/study/Thesis/install/sim_drone/share/sim_drone/meshes/WholeDrone.STL
-- Up-to-date: /home/naor/Desktop/naor/study/Thesis/install/sim_drone/share/sim_drone/meshes/PropellerForRos.STL
-- Up-to-date: /home/naor/Desktop/naor/study/Thesis/install/sim_drone/share/ament_index/resource_index/package_run_dependencies/sim_drone
-- Up-to-date: /home/naor/Desktop/naor/study/Thesis/install/sim_drone/share/ament_index/resource_index/parent_prefix_path/sim_drone
-- Up-to-date: /home/naor/Desktop/naor/study/Thesis/install/sim_drone/share/sim_drone/environment/ament_prefix_path.sh
-- Up-to-date: /home/naor/Desktop/naor/study/Thesis/install/sim_drone/share/sim_drone/environment/ament_prefix_path.dsv
-- Up-to-date: /home/naor/Desktop/naor/study/Thesis/install/sim_drone/share/sim_drone/environment/path.sh
-- Up-to-date: /home/naor/Desktop/naor/study/Thesis/install/sim_drone/share/sim_drone/environment/path.dsv
-- Up-to-date: /home/naor/Desktop/naor/study/Thesis/install/sim_drone/share/sim_drone/local_setup.bash
-- Up-to-date: /home/naor/Desktop/naor/study/Thesis/install/sim_drone/share/sim_drone/local_setup.sh
-- Up-to-date: /home/naor/Desktop/naor/study/Thesis/install/sim_drone/share/sim_drone/local_setup.zsh
-- Up-to-date: /home/naor/Desktop/naor/study/Thesis/install/sim_drone/share/sim_drone/local_setup.dsv
-- Installing: /home/naor/Desktop/naor/study/Thesis/install/sim_drone/share/sim_drone/package.dsv
-- Up-to-date: /home/naor/Desktop/naor/study/Thesis/install/sim_drone/share/ament_index/resource_index/packages/sim_drone
-- Up-to-date: /home/naor/Desktop/naor/study/Thesis/install/sim_drone/share/sim_drone/cmake/sim_droneConfig.cmake
-- Up-to-date: /home/naor/Desktop/naor/study/Thesis/install/sim_drone/share/sim_drone/cmake/sim_droneConfig-version.cmake
-- Up-to-date: /home/naor/Desktop/naor/study/Thesis/install/sim_drone/share/sim_drone/package.xml
