[0.008s] Invoking command in '/home/naor/Desktop/naor/study/Thesis/build/sim_drone': CMAKE_PREFIX_PATH=${CMAKE_PREFIX_PATH}:/home/naor/Desktop/naor/work/capsule_repo/install/teensy_ers:/home/naor/Desktop/naor/work/capsule_repo/install/elers_bridge:/opt/ros/humble /usr/bin/cmake --build /home/naor/Desktop/naor/study/Thesis/build/sim_drone -- -j16 -l16
[0.049s] Invoked command in '/home/naor/Desktop/naor/study/Thesis/build/sim_drone' returned '0': CMAKE_PREFIX_PATH=${CMAKE_PREFIX_PATH}:/home/naor/Desktop/naor/work/capsule_repo/install/teensy_ers:/home/naor/Desktop/naor/work/capsule_repo/install/elers_bridge:/opt/ros/humble /usr/bin/cmake --build /home/naor/Desktop/naor/study/Thesis/build/sim_drone -- -j16 -l16
[0.060s] Invoking command in '/home/naor/Desktop/naor/study/Thesis/build/sim_drone': CMAKE_PREFIX_PATH=${CMAKE_PREFIX_PATH}:/home/naor/Desktop/naor/work/capsule_repo/install/teensy_ers:/home/naor/Desktop/naor/work/capsule_repo/install/elers_bridge:/opt/ros/humble /usr/bin/cmake --install /home/naor/Desktop/naor/study/Thesis/build/sim_drone
[0.068s] -- Install configuration: ""
[0.068s] -- Up-to-date: /home/naor/Desktop/naor/study/Thesis/install/sim_drone/share/sim_drone/launch
[0.068s] -- Installing: /home/naor/Desktop/naor/study/Thesis/install/sim_drone/share/sim_drone/launch/gazebo_bot.launch.py
[0.068s] -- Installing: /home/naor/Desktop/naor/study/Thesis/install/sim_drone/share/sim_drone/launch/rviz_launcher.launch.py
[0.069s] -- Up-to-date: /home/naor/Desktop/naor/study/Thesis/install/sim_drone/share/sim_drone/config
[0.069s] -- Up-to-date: /home/naor/Desktop/naor/study/Thesis/install/sim_drone/share/sim_drone/config/motor.ros2_control.xacro
[0.069s] -- Up-to-date: /home/naor/Desktop/naor/study/Thesis/install/sim_drone/share/sim_drone/config/my_robot.urdf.xacro
[0.069s] -- Up-to-date: /home/naor/Desktop/naor/study/Thesis/install/sim_drone/share/sim_drone/config/controller_config.yaml
[0.069s] -- Up-to-date: /home/naor/Desktop/naor/study/Thesis/install/sim_drone/share/sim_drone/config/main.urdf.xacro
[0.069s] -- Up-to-date: /home/naor/Desktop/naor/study/Thesis/install/sim_drone/share/sim_drone/worlds
[0.069s] -- Up-to-date: /home/naor/Desktop/naor/study/Thesis/install/sim_drone/share/sim_drone/worlds/empty.world
[0.069s] -- Up-to-date: /home/naor/Desktop/naor/study/Thesis/install/sim_drone/share/sim_drone/meshes
[0.069s] -- Up-to-date: /home/naor/Desktop/naor/study/Thesis/install/sim_drone/share/sim_drone/meshes/WholeDrone.STL
[0.069s] -- Up-to-date: /home/naor/Desktop/naor/study/Thesis/install/sim_drone/share/sim_drone/meshes/PropellerForRos.STL
[0.069s] -- Up-to-date: /home/naor/Desktop/naor/study/Thesis/install/sim_drone/share/ament_index/resource_index/package_run_dependencies/sim_drone
[0.069s] -- Up-to-date: /home/naor/Desktop/naor/study/Thesis/install/sim_drone/share/ament_index/resource_index/parent_prefix_path/sim_drone
[0.069s] -- Up-to-date: /home/naor/Desktop/naor/study/Thesis/install/sim_drone/share/sim_drone/environment/ament_prefix_path.sh
[0.069s] -- Up-to-date: /home/naor/Desktop/naor/study/Thesis/install/sim_drone/share/sim_drone/environment/ament_prefix_path.dsv
[0.069s] -- Up-to-date: /home/naor/Desktop/naor/study/Thesis/install/sim_drone/share/sim_drone/environment/path.sh
[0.070s] -- Up-to-date: /home/naor/Desktop/naor/study/Thesis/install/sim_drone/share/sim_drone/environment/path.dsv
[0.070s] -- Up-to-date: /home/naor/Desktop/naor/study/Thesis/install/sim_drone/share/sim_drone/local_setup.bash
[0.070s] -- Up-to-date: /home/naor/Desktop/naor/study/Thesis/install/sim_drone/share/sim_drone/local_setup.sh
[0.070s] -- Up-to-date: /home/naor/Desktop/naor/study/Thesis/install/sim_drone/share/sim_drone/local_setup.zsh
[0.070s] -- Up-to-date: /home/naor/Desktop/naor/study/Thesis/install/sim_drone/share/sim_drone/local_setup.dsv
[0.070s] -- Installing: /home/naor/Desktop/naor/study/Thesis/install/sim_drone/share/sim_drone/package.dsv
[0.070s] -- Up-to-date: /home/naor/Desktop/naor/study/Thesis/install/sim_drone/share/ament_index/resource_index/packages/sim_drone
[0.070s] -- Up-to-date: /home/naor/Desktop/naor/study/Thesis/install/sim_drone/share/sim_drone/cmake/sim_droneConfig.cmake
[0.070s] -- Up-to-date: /home/naor/Desktop/naor/study/Thesis/install/sim_drone/share/sim_drone/cmake/sim_droneConfig-version.cmake
[0.070s] -- Up-to-date: /home/naor/Desktop/naor/study/Thesis/install/sim_drone/share/sim_drone/package.xml
[0.071s] Invoked command in '/home/naor/Desktop/naor/study/Thesis/build/sim_drone' returned '0': CMAKE_PREFIX_PATH=${CMAKE_PREFIX_PATH}:/home/naor/Desktop/naor/work/capsule_repo/install/teensy_ers:/home/naor/Desktop/naor/work/capsule_repo/install/elers_bridge:/opt/ros/humble /usr/bin/cmake --install /home/naor/Desktop/naor/study/Thesis/build/sim_drone
