[1.457s] Invoking command in '/home/naor/Desktop/naor/study/Thesis/src/roller': PYTHONPATH=/home/naor/Desktop/naor/study/Thesis/build/roller/prefix_override:/usr/lib/python3/dist-packages/colcon_core/task/python/colcon_distutils_commands:/home/naor/Desktop/naor/study/Thesis/install/roller/lib/python3.10/site-packages:${PYTHONPATH} /usr/bin/python3 -W ignore:setup.py install is deprecated -W ignore:easy_install command is deprecated setup.py egg_info --egg-base ../../build/roller build --build-base /home/naor/Desktop/naor/study/Thesis/build/roller/build install --record /home/naor/Desktop/naor/study/Thesis/build/roller/install.log --single-version-externally-managed install_data
[1.631s] /home/naor/.local/lib/python3.10/site-packages/setuptools/_distutils/dist.py:270: UserWarning: Unknown distribution option: 'tests_require'
[1.632s]   warnings.warn(msg)
[1.741s] running egg_info
[1.760s] writing ../../build/roller/roller.egg-info/PKG-INFO
[1.761s] writing dependency_links to ../../build/roller/roller.egg-info/dependency_links.txt
[1.761s] writing requirements to ../../build/roller/roller.egg-info/requires.txt
[1.761s] writing top-level names to ../../build/roller/roller.egg-info/top_level.txt
[1.796s] reading manifest file '../../build/roller/roller.egg-info/SOURCES.txt'
[1.796s] adding license file 'LICENSE'
[1.798s] writing manifest file '../../build/roller/roller.egg-info/SOURCES.txt'
[1.798s] running build
[1.798s] running build_py
[1.798s] running install
[1.803s] running install_lib
[1.824s] copying /home/naor/Desktop/naor/study/Thesis/build/roller/build/lib/roller/__init__.py -> /home/naor/Desktop/naor/study/Thesis/install/roller/lib/python3.10/site-packages/roller
[1.825s] running install_data
[1.825s] running install_egg_info
[1.843s] removing '/home/naor/Desktop/naor/study/Thesis/install/roller/lib/python3.10/site-packages/roller-0.0.0-py3.10.egg-info' (and everything under it)
[1.844s] Copying ../../build/roller/roller.egg-info to /home/naor/Desktop/naor/study/Thesis/install/roller/lib/python3.10/site-packages/roller-0.0.0-py3.10.egg-info
[1.844s] running install_scripts
[1.981s] writing list of installed files to '/home/naor/Desktop/naor/study/Thesis/build/roller/install.log'
[2.049s] Invoked command in '/home/naor/Desktop/naor/study/Thesis/src/roller' returned '0': PYTHONPATH=/home/naor/Desktop/naor/study/Thesis/build/roller/prefix_override:/usr/lib/python3/dist-packages/colcon_core/task/python/colcon_distutils_commands:/home/naor/Desktop/naor/study/Thesis/install/roller/lib/python3.10/site-packages:${PYTHONPATH} /usr/bin/python3 -W ignore:setup.py install is deprecated -W ignore:easy_install command is deprecated setup.py egg_info --egg-base ../../build/roller build --build-base /home/naor/Desktop/naor/study/Thesis/build/roller/build install --record /home/naor/Desktop/naor/study/Thesis/build/roller/install.log --single-version-externally-managed install_data
