-- Found ament_cmake: 1.3.11 (/opt/ros/humble/share/ament_cmake/cmake)
-- Found rclcpp: 16.0.12 (/opt/ros/humble/share/rclcpp/cmake)
-- Found rosidl_generator_c: 3.1.6 (/opt/ros/humble/share/rosidl_generator_c/cmake)
-- Found rosidl_adapter: 3.1.6 (/opt/ros/humble/share/rosidl_adapter/cmake)
-- Found rosidl_generator_cpp: 3.1.6 (/opt/ros/humble/share/rosidl_generator_cpp/cmake)
-- Using all available rosidl_typesupport_c: rosidl_typesupport_fastrtps_c;rosidl_typesupport_introspection_c
-- Using all available rosidl_typesupport_cpp: rosidl_typesupport_fastrtps_cpp;rosidl_typesupport_introspection_cpp
-- Found rmw_implementation_cmake: 6.1.2 (/opt/ros/humble/share/rmw_implementation_cmake/cmake)
-- Found rmw_fastrtps_cpp: 6.2.7 (/opt/ros/humble/share/rmw_fastrtps_cpp/cmake)
-- Using RMW implementation 'rmw_fastrtps_cpp' as default
-- Found sensor_msgs: 4.8.0 (/opt/ros/humble/share/sensor_msgs/cmake)
-- Found rosidl_default_generators: 1.2.0 (/opt/ros/humble/share/rosidl_default_generators/cmake)
-- Found xacro: 2.0.13 (/opt/ros/humble/share/xacro/cmake)
-- Found cv_bridge: 3.2.1 (/opt/ros/humble/share/cv_bridge/cmake)
-- Found ament_cmake_ros: 0.10.0 (/opt/ros/humble/share/ament_cmake_ros/cmake)
-- Using all available rosidl_typesupport_c: rosidl_typesupport_fastrtps_c;rosidl_typesupport_introspection_c
-- Using all available rosidl_typesupport_cpp: rosidl_typesupport_fastrtps_cpp;rosidl_typesupport_introspection_cpp
-- Found python_cmake_module: 0.10.0 (/opt/ros/humble/share/python_cmake_module/cmake)
-- Using PYTHON_EXECUTABLE: /usr/bin/python3
-- Using PYTHON_INCLUDE_DIRS: /usr/include/python3.10
-- Using PYTHON_LIBRARIES: /usr/lib/x86_64-linux-gnu/libpython3.10.so
-- Found ament_lint_auto: 0.12.12 (/opt/ros/humble/share/ament_lint_auto/cmake)
-- Added test 'copyright' to check source files copyright and LICENSE
-- Added test 'flake8' to check Python code syntax and style conventions
-- Added test 'lint_cmake' to check CMake code style
-- Added test 'pep257' to check Python code against some of the docstring style conventions in PEP 257
-- Added test 'uncrustify' to check C / C++ code style
-- Configured uncrustify additional arguments: 
-- Added test 'xmllint' to check XML markup files
-- Configuring done
-- Generating done
-- Build files have been written to: /home/naor/Desktop/naor/study/Thesis/build/ground_bot
[35m[1mConsolidate compiler generated dependencies of target joy_twist[0m
[35m[1mConsolidate compiler generated dependencies of target ground_bot__rosidl_generator_c[0m
[  2%] Built target ground_bot__cpp
[ 12%] Built target ground_bot__rosidl_generator_c
[ 14%] [32mBuilding CXX object CMakeFiles/joy_twist.dir/src/joy_twist.cpp.o[0m
[35m[1mConsolidate compiler generated dependencies of target ground_bot__rosidl_typesupport_cpp[0m
[35m[1mConsolidate compiler generated dependencies of target ground_bot__rosidl_typesupport_fastrtps_cpp[0m
[ 14%] Built target ament_cmake_python_copy_ground_bot
[35m[1mConsolidate compiler generated dependencies of target ground_bot__rosidl_typesupport_introspection_cpp[0m
[35m[1mConsolidate compiler generated dependencies of target ground_bot__rosidl_typesupport_introspection_c[0m
[35m[1mConsolidate compiler generated dependencies of target ground_bot__rosidl_typesupport_fastrtps_c[0m
[35m[1mConsolidate compiler generated dependencies of target ground_bot__rosidl_typesupport_c[0m
[ 31%] Built target ground_bot__rosidl_typesupport_cpp
[ 34%] Built target ground_bot__rosidl_typesupport_fastrtps_cpp
[ 43%] Built target ground_bot__rosidl_typesupport_c
[ 53%] Built target ground_bot__rosidl_typesupport_introspection_c
[ 63%] Built target ground_bot__rosidl_typesupport_fastrtps_c
[ 73%] Built target ground_bot__rosidl_typesupport_introspection_cpp
[ 73%] Built target ground_bot
[ 75%] Built target ground_bot__py
[35m[1mConsolidate compiler generated dependencies of target ground_bot__rosidl_generator_py[0m
[ 82%] Built target ground_bot__rosidl_generator_py
[35m[1mConsolidate compiler generated dependencies of target ground_bot__rosidl_typesupport_fastrtps_c__pyext[0m
[35m[1mConsolidate compiler generated dependencies of target ground_bot__rosidl_typesupport_introspection_c__pyext[0m
[35m[1mConsolidate compiler generated dependencies of target ground_bot__rosidl_typesupport_c__pyext[0m
[ 87%] Built target ground_bot__rosidl_typesupport_introspection_c__pyext
[ 92%] Built target ground_bot__rosidl_typesupport_c__pyext
[ 97%] Built target ground_bot__rosidl_typesupport_fastrtps_c__pyext
running egg_info
writing ground_bot.egg-info/PKG-INFO
writing dependency_links to ground_bot.egg-info/dependency_links.txt
writing top-level names to ground_bot.egg-info/top_level.txt
reading manifest file 'ground_bot.egg-info/SOURCES.txt'
writing manifest file 'ground_bot.egg-info/SOURCES.txt'
[ 97%] Built target ament_cmake_python_build_ground_bot_egg
[100%] [32m[1mLinking CXX executable joy_twist[0m
[100%] Built target joy_twist
-- Install configuration: ""
-- Up-to-date: /home/naor/Desktop/naor/study/Thesis/install/ground_bot/share/ament_index/resource_index/rosidl_interfaces/ground_bot
-- Up-to-date: /home/naor/Desktop/naor/study/Thesis/install/ground_bot/include/ground_bot/ground_bot
-- Up-to-date: /home/naor/Desktop/naor/study/Thesis/install/ground_bot/include/ground_bot/ground_bot/msg
-- Up-to-date: /home/naor/Desktop/naor/study/Thesis/install/ground_bot/include/ground_bot/ground_bot/msg/motor_data.h
-- Up-to-date: /home/naor/Desktop/naor/study/Thesis/install/ground_bot/include/ground_bot/ground_bot/msg/pwm.h
-- Up-to-date: /home/naor/Desktop/naor/study/Thesis/install/ground_bot/include/ground_bot/ground_bot/msg/rosidl_generator_c__visibility_control.h
-- Up-to-date: /home/naor/Desktop/naor/study/Thesis/install/ground_bot/include/ground_bot/ground_bot/msg/detail
-- Up-to-date: /home/naor/Desktop/naor/study/Thesis/install/ground_bot/include/ground_bot/ground_bot/msg/detail/pwm__functions.c
-- Up-to-date: /home/naor/Desktop/naor/study/Thesis/install/ground_bot/include/ground_bot/ground_bot/msg/detail/pwm__type_support.h
-- Up-to-date: /home/naor/Desktop/naor/study/Thesis/install/ground_bot/include/ground_bot/ground_bot/msg/detail/motor_data__functions.c
-- Up-to-date: /home/naor/Desktop/naor/study/Thesis/install/ground_bot/include/ground_bot/ground_bot/msg/detail/motor_data__type_support.h
-- Up-to-date: /home/naor/Desktop/naor/study/Thesis/install/ground_bot/include/ground_bot/ground_bot/msg/detail/pwm__functions.h
-- Up-to-date: /home/naor/Desktop/naor/study/Thesis/install/ground_bot/include/ground_bot/ground_bot/msg/detail/motor_data__struct.h
-- Up-to-date: /home/naor/Desktop/naor/study/Thesis/install/ground_bot/include/ground_bot/ground_bot/msg/detail/motor_data__functions.h
-- Up-to-date: /home/naor/Desktop/naor/study/Thesis/install/ground_bot/include/ground_bot/ground_bot/msg/detail/pwm__struct.h
-- Up-to-date: /home/naor/Desktop/naor/study/Thesis/install/ground_bot/share/ground_bot/environment/library_path.sh
-- Installing: /home/naor/Desktop/naor/study/Thesis/install/ground_bot/share/ground_bot/environment/library_path.dsv
-- Up-to-date: /home/naor/Desktop/naor/study/Thesis/install/ground_bot/lib/libground_bot__rosidl_generator_c.so
-- Up-to-date: /home/naor/Desktop/naor/study/Thesis/install/ground_bot/include/ground_bot/ground_bot
-- Up-to-date: /home/naor/Desktop/naor/study/Thesis/install/ground_bot/include/ground_bot/ground_bot/msg
-- Up-to-date: /home/naor/Desktop/naor/study/Thesis/install/ground_bot/include/ground_bot/ground_bot/msg/rosidl_typesupport_fastrtps_c__visibility_control.h
-- Up-to-date: /home/naor/Desktop/naor/study/Thesis/install/ground_bot/include/ground_bot/ground_bot/msg/detail
-- Up-to-date: /home/naor/Desktop/naor/study/Thesis/install/ground_bot/include/ground_bot/ground_bot/msg/detail/motor_data__rosidl_typesupport_fastrtps_c.h
-- Up-to-date: /home/naor/Desktop/naor/study/Thesis/install/ground_bot/include/ground_bot/ground_bot/msg/detail/pwm__rosidl_typesupport_fastrtps_c.h
-- Up-to-date: /home/naor/Desktop/naor/study/Thesis/install/ground_bot/lib/libground_bot__rosidl_typesupport_fastrtps_c.so
-- Up-to-date: /home/naor/Desktop/naor/study/Thesis/install/ground_bot/include/ground_bot/ground_bot
-- Up-to-date: /home/naor/Desktop/naor/study/Thesis/install/ground_bot/include/ground_bot/ground_bot/msg
-- Up-to-date: /home/naor/Desktop/naor/study/Thesis/install/ground_bot/include/ground_bot/ground_bot/msg/rosidl_generator_cpp__visibility_control.hpp
-- Up-to-date: /home/naor/Desktop/naor/study/Thesis/install/ground_bot/include/ground_bot/ground_bot/msg/motor_data.hpp
-- Up-to-date: /home/naor/Desktop/naor/study/Thesis/install/ground_bot/include/ground_bot/ground_bot/msg/pwm.hpp
-- Up-to-date: /home/naor/Desktop/naor/study/Thesis/install/ground_bot/include/ground_bot/ground_bot/msg/detail
-- Up-to-date: /home/naor/Desktop/naor/study/Thesis/install/ground_bot/include/ground_bot/ground_bot/msg/detail/motor_data__builder.hpp
-- Up-to-date: /home/naor/Desktop/naor/study/Thesis/install/ground_bot/include/ground_bot/ground_bot/msg/detail/motor_data__struct.hpp
-- Up-to-date: /home/naor/Desktop/naor/study/Thesis/install/ground_bot/include/ground_bot/ground_bot/msg/detail/pwm__builder.hpp
-- Up-to-date: /home/naor/Desktop/naor/study/Thesis/install/ground_bot/include/ground_bot/ground_bot/msg/detail/pwm__struct.hpp
-- Up-to-date: /home/naor/Desktop/naor/study/Thesis/install/ground_bot/include/ground_bot/ground_bot/msg/detail/motor_data__traits.hpp
-- Up-to-date: /home/naor/Desktop/naor/study/Thesis/install/ground_bot/include/ground_bot/ground_bot/msg/detail/pwm__traits.hpp
-- Up-to-date: /home/naor/Desktop/naor/study/Thesis/install/ground_bot/include/ground_bot/ground_bot/msg/detail/pwm__type_support.hpp
-- Up-to-date: /home/naor/Desktop/naor/study/Thesis/install/ground_bot/include/ground_bot/ground_bot/msg/detail/motor_data__type_support.hpp
-- Up-to-date: /home/naor/Desktop/naor/study/Thesis/install/ground_bot/include/ground_bot/ground_bot
-- Up-to-date: /home/naor/Desktop/naor/study/Thesis/install/ground_bot/include/ground_bot/ground_bot/msg
-- Up-to-date: /home/naor/Desktop/naor/study/Thesis/install/ground_bot/include/ground_bot/ground_bot/msg/rosidl_typesupport_fastrtps_cpp__visibility_control.h
-- Up-to-date: /home/naor/Desktop/naor/study/Thesis/install/ground_bot/include/ground_bot/ground_bot/msg/detail
-- Up-to-date: /home/naor/Desktop/naor/study/Thesis/install/ground_bot/include/ground_bot/ground_bot/msg/detail/pwm__rosidl_typesupport_fastrtps_cpp.hpp
-- Up-to-date: /home/naor/Desktop/naor/study/Thesis/install/ground_bot/include/ground_bot/ground_bot/msg/detail/dds_fastrtps
-- Up-to-date: /home/naor/Desktop/naor/study/Thesis/install/ground_bot/include/ground_bot/ground_bot/msg/detail/motor_data__rosidl_typesupport_fastrtps_cpp.hpp
-- Up-to-date: /home/naor/Desktop/naor/study/Thesis/install/ground_bot/lib/libground_bot__rosidl_typesupport_fastrtps_cpp.so
-- Up-to-date: /home/naor/Desktop/naor/study/Thesis/install/ground_bot/include/ground_bot/ground_bot
-- Up-to-date: /home/naor/Desktop/naor/study/Thesis/install/ground_bot/include/ground_bot/ground_bot/msg
-- Up-to-date: /home/naor/Desktop/naor/study/Thesis/install/ground_bot/include/ground_bot/ground_bot/msg/rosidl_typesupport_introspection_c__visibility_control.h
-- Up-to-date: /home/naor/Desktop/naor/study/Thesis/install/ground_bot/include/ground_bot/ground_bot/msg/detail
-- Up-to-date: /home/naor/Desktop/naor/study/Thesis/install/ground_bot/include/ground_bot/ground_bot/msg/detail/motor_data__type_support.c
-- Up-to-date: /home/naor/Desktop/naor/study/Thesis/install/ground_bot/include/ground_bot/ground_bot/msg/detail/motor_data__rosidl_typesupport_introspection_c.h
-- Up-to-date: /home/naor/Desktop/naor/study/Thesis/install/ground_bot/include/ground_bot/ground_bot/msg/detail/pwm__rosidl_typesupport_introspection_c.h
-- Up-to-date: /home/naor/Desktop/naor/study/Thesis/install/ground_bot/include/ground_bot/ground_bot/msg/detail/pwm__type_support.c
-- Up-to-date: /home/naor/Desktop/naor/study/Thesis/install/ground_bot/lib/libground_bot__rosidl_typesupport_introspection_c.so
-- Up-to-date: /home/naor/Desktop/naor/study/Thesis/install/ground_bot/lib/libground_bot__rosidl_typesupport_c.so
-- Up-to-date: /home/naor/Desktop/naor/study/Thesis/install/ground_bot/include/ground_bot/ground_bot
-- Up-to-date: /home/naor/Desktop/naor/study/Thesis/install/ground_bot/include/ground_bot/ground_bot/msg
-- Up-to-date: /home/naor/Desktop/naor/study/Thesis/install/ground_bot/include/ground_bot/ground_bot/msg/detail
-- Up-to-date: /home/naor/Desktop/naor/study/Thesis/install/ground_bot/include/ground_bot/ground_bot/msg/detail/pwm__rosidl_typesupport_introspection_cpp.hpp
-- Up-to-date: /home/naor/Desktop/naor/study/Thesis/install/ground_bot/include/ground_bot/ground_bot/msg/detail/motor_data__rosidl_typesupport_introspection_cpp.hpp
-- Up-to-date: /home/naor/Desktop/naor/study/Thesis/install/ground_bot/include/ground_bot/ground_bot/msg/detail/pwm__type_support.cpp
-- Up-to-date: /home/naor/Desktop/naor/study/Thesis/install/ground_bot/include/ground_bot/ground_bot/msg/detail/motor_data__type_support.cpp
-- Up-to-date: /home/naor/Desktop/naor/study/Thesis/install/ground_bot/lib/libground_bot__rosidl_typesupport_introspection_cpp.so
-- Up-to-date: /home/naor/Desktop/naor/study/Thesis/install/ground_bot/lib/libground_bot__rosidl_typesupport_cpp.so
-- Up-to-date: /home/naor/Desktop/naor/study/Thesis/install/ground_bot/share/ground_bot/environment/pythonpath.sh
-- Installing: /home/naor/Desktop/naor/study/Thesis/install/ground_bot/share/ground_bot/environment/pythonpath.dsv
-- Up-to-date: /home/naor/Desktop/naor/study/Thesis/install/ground_bot/local/lib/python3.10/dist-packages/ground_bot-0.0.1-py3.10.egg-info
-- Installing: /home/naor/Desktop/naor/study/Thesis/install/ground_bot/local/lib/python3.10/dist-packages/ground_bot-0.0.1-py3.10.egg-info/SOURCES.txt
-- Installing: /home/naor/Desktop/naor/study/Thesis/install/ground_bot/local/lib/python3.10/dist-packages/ground_bot-0.0.1-py3.10.egg-info/PKG-INFO
-- Installing: /home/naor/Desktop/naor/study/Thesis/install/ground_bot/local/lib/python3.10/dist-packages/ground_bot-0.0.1-py3.10.egg-info/dependency_links.txt
-- Installing: /home/naor/Desktop/naor/study/Thesis/install/ground_bot/local/lib/python3.10/dist-packages/ground_bot-0.0.1-py3.10.egg-info/top_level.txt
-- Up-to-date: /home/naor/Desktop/naor/study/Thesis/install/ground_bot/local/lib/python3.10/dist-packages/ground_bot
-- Up-to-date: /home/naor/Desktop/naor/study/Thesis/install/ground_bot/local/lib/python3.10/dist-packages/ground_bot/ground_bot_s__rosidl_typesupport_fastrtps_c.cpython-310-x86_64-linux-gnu.so
-- Installing: /home/naor/Desktop/naor/study/Thesis/install/ground_bot/local/lib/python3.10/dist-packages/ground_bot/__init__.py
-- Up-to-date: /home/naor/Desktop/naor/study/Thesis/install/ground_bot/local/lib/python3.10/dist-packages/ground_bot/msg
-- Up-to-date: /home/naor/Desktop/naor/study/Thesis/install/ground_bot/local/lib/python3.10/dist-packages/ground_bot/msg/__init__.py
-- Up-to-date: /home/naor/Desktop/naor/study/Thesis/install/ground_bot/local/lib/python3.10/dist-packages/ground_bot/msg/_motor_data_s.c
-- Up-to-date: /home/naor/Desktop/naor/study/Thesis/install/ground_bot/local/lib/python3.10/dist-packages/ground_bot/msg/_pwm_s.c
-- Up-to-date: /home/naor/Desktop/naor/study/Thesis/install/ground_bot/local/lib/python3.10/dist-packages/ground_bot/msg/_pwm.py
-- Up-to-date: /home/naor/Desktop/naor/study/Thesis/install/ground_bot/local/lib/python3.10/dist-packages/ground_bot/msg/_motor_data.py
-- Up-to-date: /home/naor/Desktop/naor/study/Thesis/install/ground_bot/local/lib/python3.10/dist-packages/ground_bot/_ground_bot_s.ep.rosidl_typesupport_fastrtps_c.c
-- Up-to-date: /home/naor/Desktop/naor/study/Thesis/install/ground_bot/local/lib/python3.10/dist-packages/ground_bot/ground_bot_s__rosidl_typesupport_introspection_c.cpython-310-x86_64-linux-gnu.so
-- Up-to-date: /home/naor/Desktop/naor/study/Thesis/install/ground_bot/local/lib/python3.10/dist-packages/ground_bot/_ground_bot_s.ep.rosidl_typesupport_introspection_c.c
-- Up-to-date: /home/naor/Desktop/naor/study/Thesis/install/ground_bot/local/lib/python3.10/dist-packages/ground_bot/libground_bot__rosidl_generator_py.so
-- Up-to-date: /home/naor/Desktop/naor/study/Thesis/install/ground_bot/local/lib/python3.10/dist-packages/ground_bot/ground_bot_s__rosidl_typesupport_c.cpython-310-x86_64-linux-gnu.so
-- Up-to-date: /home/naor/Desktop/naor/study/Thesis/install/ground_bot/local/lib/python3.10/dist-packages/ground_bot/_ground_bot_s.ep.rosidl_typesupport_c.c
Listing '/home/naor/Desktop/naor/study/Thesis/install/ground_bot/local/lib/python3.10/dist-packages/ground_bot'...
Compiling '/home/naor/Desktop/naor/study/Thesis/install/ground_bot/local/lib/python3.10/dist-packages/ground_bot/__init__.py'...
Listing '/home/naor/Desktop/naor/study/Thesis/install/ground_bot/local/lib/python3.10/dist-packages/ground_bot/msg'...
-- Up-to-date: /home/naor/Desktop/naor/study/Thesis/install/ground_bot/local/lib/python3.10/dist-packages/ground_bot/ground_bot_s__rosidl_typesupport_fastrtps_c.cpython-310-x86_64-linux-gnu.so
-- Up-to-date: /home/naor/Desktop/naor/study/Thesis/install/ground_bot/local/lib/python3.10/dist-packages/ground_bot/ground_bot_s__rosidl_typesupport_introspection_c.cpython-310-x86_64-linux-gnu.so
-- Up-to-date: /home/naor/Desktop/naor/study/Thesis/install/ground_bot/local/lib/python3.10/dist-packages/ground_bot/ground_bot_s__rosidl_typesupport_c.cpython-310-x86_64-linux-gnu.so
-- Up-to-date: /home/naor/Desktop/naor/study/Thesis/install/ground_bot/lib/libground_bot__rosidl_generator_py.so
-- Up-to-date: /home/naor/Desktop/naor/study/Thesis/install/ground_bot/share/ground_bot/msg/Pwm.idl
-- Up-to-date: /home/naor/Desktop/naor/study/Thesis/install/ground_bot/share/ground_bot/msg/MotorData.idl
-- Up-to-date: /home/naor/Desktop/naor/study/Thesis/install/ground_bot/share/ground_bot/msg/Pwm.msg
-- Up-to-date: /home/naor/Desktop/naor/study/Thesis/install/ground_bot/share/ground_bot/msg/MotorData.msg
-- Up-to-date: /home/naor/Desktop/naor/study/Thesis/install/ground_bot/share/ground_bot/launch
-- Up-to-date: /home/naor/Desktop/naor/study/Thesis/install/ground_bot/share/ground_bot/launch/sim_bot.launch.py
-- Up-to-date: /home/naor/Desktop/naor/study/Thesis/install/ground_bot/share/ground_bot/launch/real_bot.launch.py
-- Up-to-date: /home/naor/Desktop/naor/study/Thesis/install/ground_bot/share/ground_bot/config
-- Up-to-date: /home/naor/Desktop/naor/study/Thesis/install/ground_bot/share/ground_bot/config/diff_drive_controller_velocity.yaml
-- Up-to-date: /home/naor/Desktop/naor/study/Thesis/install/ground_bot/share/ground_bot/config/ekf.yaml
-- Up-to-date: /home/naor/Desktop/naor/study/Thesis/install/ground_bot/share/ground_bot/urdf
-- Up-to-date: /home/naor/Desktop/naor/study/Thesis/install/ground_bot/share/ground_bot/urdf/ground_bot_descriptor.urdf
-- Up-to-date: /home/naor/Desktop/naor/study/Thesis/install/ground_bot/share/ground_bot/worlds
-- Up-to-date: /home/naor/Desktop/naor/study/Thesis/install/ground_bot/share/ground_bot/worlds/empty.sdf
-- Up-to-date: /home/naor/Desktop/naor/study/Thesis/install/ground_bot/share/ground_bot/worlds/bookstore.sdf
-- Up-to-date: /home/naor/Desktop/naor/study/Thesis/install/ground_bot/share/ground_bot/rviz
-- Up-to-date: /home/naor/Desktop/naor/study/Thesis/install/ground_bot/share/ground_bot/rviz/urdf_config.rviz
-- Up-to-date: /home/naor/Desktop/naor/study/Thesis/install/ground_bot/lib/ground_bot/ground_bot_rtcom.py
-- Installing: /home/naor/Desktop/naor/study/Thesis/install/ground_bot/lib/ground_bot/joy_twist
-- Set runtime path of "/home/naor/Desktop/naor/study/Thesis/install/ground_bot/lib/ground_bot/joy_twist" to ""
-- Up-to-date: /home/naor/Desktop/naor/study/Thesis/install/ground_bot/share/ament_index/resource_index/package_run_dependencies/ground_bot
-- Up-to-date: /home/naor/Desktop/naor/study/Thesis/install/ground_bot/share/ament_index/resource_index/parent_prefix_path/ground_bot
-- Up-to-date: /home/naor/Desktop/naor/study/Thesis/install/ground_bot/share/ground_bot/environment/ament_prefix_path.sh
-- Installing: /home/naor/Desktop/naor/study/Thesis/install/ground_bot/share/ground_bot/environment/ament_prefix_path.dsv
-- Up-to-date: /home/naor/Desktop/naor/study/Thesis/install/ground_bot/share/ground_bot/environment/path.sh
-- Installing: /home/naor/Desktop/naor/study/Thesis/install/ground_bot/share/ground_bot/environment/path.dsv
-- Up-to-date: /home/naor/Desktop/naor/study/Thesis/install/ground_bot/share/ground_bot/local_setup.bash
-- Up-to-date: /home/naor/Desktop/naor/study/Thesis/install/ground_bot/share/ground_bot/local_setup.sh
-- Up-to-date: /home/naor/Desktop/naor/study/Thesis/install/ground_bot/share/ground_bot/local_setup.zsh
-- Installing: /home/naor/Desktop/naor/study/Thesis/install/ground_bot/share/ground_bot/local_setup.dsv
-- Installing: /home/naor/Desktop/naor/study/Thesis/install/ground_bot/share/ground_bot/package.dsv
-- Up-to-date: /home/naor/Desktop/naor/study/Thesis/install/ground_bot/share/ament_index/resource_index/packages/ground_bot
-- Up-to-date: /home/naor/Desktop/naor/study/Thesis/install/ground_bot/share/ground_bot/cmake/export_ground_bot__rosidl_generator_cExport.cmake
-- Up-to-date: /home/naor/Desktop/naor/study/Thesis/install/ground_bot/share/ground_bot/cmake/export_ground_bot__rosidl_generator_cExport-noconfig.cmake
-- Up-to-date: /home/naor/Desktop/naor/study/Thesis/install/ground_bot/share/ground_bot/cmake/export_ground_bot__rosidl_typesupport_fastrtps_cExport.cmake
-- Up-to-date: /home/naor/Desktop/naor/study/Thesis/install/ground_bot/share/ground_bot/cmake/export_ground_bot__rosidl_typesupport_fastrtps_cExport-noconfig.cmake
-- Up-to-date: /home/naor/Desktop/naor/study/Thesis/install/ground_bot/share/ground_bot/cmake/export_ground_bot__rosidl_generator_cppExport.cmake
-- Up-to-date: /home/naor/Desktop/naor/study/Thesis/install/ground_bot/share/ground_bot/cmake/export_ground_bot__rosidl_typesupport_fastrtps_cppExport.cmake
-- Up-to-date: /home/naor/Desktop/naor/study/Thesis/install/ground_bot/share/ground_bot/cmake/export_ground_bot__rosidl_typesupport_fastrtps_cppExport-noconfig.cmake
-- Up-to-date: /home/naor/Desktop/naor/study/Thesis/install/ground_bot/share/ground_bot/cmake/ground_bot__rosidl_typesupport_introspection_cExport.cmake
-- Up-to-date: /home/naor/Desktop/naor/study/Thesis/install/ground_bot/share/ground_bot/cmake/ground_bot__rosidl_typesupport_introspection_cExport-noconfig.cmake
-- Up-to-date: /home/naor/Desktop/naor/study/Thesis/install/ground_bot/share/ground_bot/cmake/ground_bot__rosidl_typesupport_cExport.cmake
-- Up-to-date: /home/naor/Desktop/naor/study/Thesis/install/ground_bot/share/ground_bot/cmake/ground_bot__rosidl_typesupport_cExport-noconfig.cmake
-- Up-to-date: /home/naor/Desktop/naor/study/Thesis/install/ground_bot/share/ground_bot/cmake/ground_bot__rosidl_typesupport_introspection_cppExport.cmake
-- Up-to-date: /home/naor/Desktop/naor/study/Thesis/install/ground_bot/share/ground_bot/cmake/ground_bot__rosidl_typesupport_introspection_cppExport-noconfig.cmake
-- Up-to-date: /home/naor/Desktop/naor/study/Thesis/install/ground_bot/share/ground_bot/cmake/ground_bot__rosidl_typesupport_cppExport.cmake
-- Up-to-date: /home/naor/Desktop/naor/study/Thesis/install/ground_bot/share/ground_bot/cmake/ground_bot__rosidl_typesupport_cppExport-noconfig.cmake
-- Up-to-date: /home/naor/Desktop/naor/study/Thesis/install/ground_bot/share/ground_bot/cmake/export_ground_bot__rosidl_generator_pyExport.cmake
-- Up-to-date: /home/naor/Desktop/naor/study/Thesis/install/ground_bot/share/ground_bot/cmake/export_ground_bot__rosidl_generator_pyExport-noconfig.cmake
-- Up-to-date: /home/naor/Desktop/naor/study/Thesis/install/ground_bot/share/ground_bot/cmake/rosidl_cmake-extras.cmake
-- Up-to-date: /home/naor/Desktop/naor/study/Thesis/install/ground_bot/share/ground_bot/cmake/ament_cmake_export_dependencies-extras.cmake
-- Up-to-date: /home/naor/Desktop/naor/study/Thesis/install/ground_bot/share/ground_bot/cmake/ament_cmake_export_include_directories-extras.cmake
-- Up-to-date: /home/naor/Desktop/naor/study/Thesis/install/ground_bot/share/ground_bot/cmake/ament_cmake_export_libraries-extras.cmake
-- Up-to-date: /home/naor/Desktop/naor/study/Thesis/install/ground_bot/share/ground_bot/cmake/ament_cmake_export_targets-extras.cmake
-- Up-to-date: /home/naor/Desktop/naor/study/Thesis/install/ground_bot/share/ground_bot/cmake/rosidl_cmake_export_typesupport_targets-extras.cmake
-- Up-to-date: /home/naor/Desktop/naor/study/Thesis/install/ground_bot/share/ground_bot/cmake/rosidl_cmake_export_typesupport_libraries-extras.cmake
-- Up-to-date: /home/naor/Desktop/naor/study/Thesis/install/ground_bot/share/ground_bot/cmake/ground_botConfig.cmake
-- Up-to-date: /home/naor/Desktop/naor/study/Thesis/install/ground_bot/share/ground_bot/cmake/ground_botConfig-version.cmake
-- Up-to-date: /home/naor/Desktop/naor/study/Thesis/install/ground_bot/share/ground_bot/package.xml
