[0.165s] Invoking command in '/home/naor/Desktop/naor/study/Thesis/build/robot_description': CMAKE_PREFIX_PATH=${CMAKE_PREFIX_PATH}:/home/naor/Desktop/naor/study/Thesis/install/camera_nav:/home/naor/Desktop/naor/study/Thesis/install/controller:/home/naor/Desktop/naor/work/capsule_repo/install/teensy_ers:/home/naor/Desktop/naor/work/capsule_repo/install/elers_bridge:/opt/ros/humble /usr/bin/cmake /home/naor/Desktop/naor/study/Thesis/src/robot_description -DCMAKE_INSTALL_PREFIX=/home/naor/Desktop/naor/study/Thesis/install/robot_description
[0.214s] -- The C compiler identification is GNU 11.4.0
[0.255s] -- The CXX compiler identification is GNU 11.4.0
[0.260s] -- Detecting C compiler ABI info
[0.307s] -- Detecting C compiler ABI info - done
[0.313s] -- Check for working C compiler: /usr/bin/cc - skipped
[0.313s] -- Detecting C compile features
[0.314s] -- Detecting C compile features - done
[0.316s] -- Detecting CXX compiler ABI info
[0.371s] -- Detecting CXX compiler ABI info - done
[0.382s] -- Check for working CXX compiler: /usr/bin/c++ - skipped
[0.382s] -- Detecting CXX compile features
[0.382s] -- Detecting CXX compile features - done
[0.384s] -- Found ament_cmake: 1.3.11 (/opt/ros/humble/share/ament_cmake/cmake)
[0.700s] -- Found Python3: /usr/bin/python3 (found version "3.10.12") found components: Interpreter 
[0.790s] -- Found urdf: 2.6.1 (/opt/ros/humble/share/urdf/cmake)
[0.896s] -- Configuring done
[0.898s] -- Generating done
[0.899s] -- Build files have been written to: /home/naor/Desktop/naor/study/Thesis/build/robot_description
[0.912s] Invoked command in '/home/naor/Desktop/naor/study/Thesis/build/robot_description' returned '0': CMAKE_PREFIX_PATH=${CMAKE_PREFIX_PATH}:/home/naor/Desktop/naor/study/Thesis/install/camera_nav:/home/naor/Desktop/naor/study/Thesis/install/controller:/home/naor/Desktop/naor/work/capsule_repo/install/teensy_ers:/home/naor/Desktop/naor/work/capsule_repo/install/elers_bridge:/opt/ros/humble /usr/bin/cmake /home/naor/Desktop/naor/study/Thesis/src/robot_description -DCMAKE_INSTALL_PREFIX=/home/naor/Desktop/naor/study/Thesis/install/robot_description
[0.914s] Invoking command in '/home/naor/Desktop/naor/study/Thesis/build/robot_description': CMAKE_PREFIX_PATH=${CMAKE_PREFIX_PATH}:/home/naor/Desktop/naor/study/Thesis/install/camera_nav:/home/naor/Desktop/naor/study/Thesis/install/controller:/home/naor/Desktop/naor/work/capsule_repo/install/teensy_ers:/home/naor/Desktop/naor/work/capsule_repo/install/elers_bridge:/opt/ros/humble /usr/bin/cmake --build /home/naor/Desktop/naor/study/Thesis/build/robot_description -- -j16 -l16
[0.954s] Invoked command in '/home/naor/Desktop/naor/study/Thesis/build/robot_description' returned '0': CMAKE_PREFIX_PATH=${CMAKE_PREFIX_PATH}:/home/naor/Desktop/naor/study/Thesis/install/camera_nav:/home/naor/Desktop/naor/study/Thesis/install/controller:/home/naor/Desktop/naor/work/capsule_repo/install/teensy_ers:/home/naor/Desktop/naor/work/capsule_repo/install/elers_bridge:/opt/ros/humble /usr/bin/cmake --build /home/naor/Desktop/naor/study/Thesis/build/robot_description -- -j16 -l16
[0.956s] Invoking command in '/home/naor/Desktop/naor/study/Thesis/build/robot_description': CMAKE_PREFIX_PATH=${CMAKE_PREFIX_PATH}:/home/naor/Desktop/naor/study/Thesis/install/camera_nav:/home/naor/Desktop/naor/study/Thesis/install/controller:/home/naor/Desktop/naor/work/capsule_repo/install/teensy_ers:/home/naor/Desktop/naor/work/capsule_repo/install/elers_bridge:/opt/ros/humble /usr/bin/cmake --install /home/naor/Desktop/naor/study/Thesis/build/robot_description
[0.962s] -- Install configuration: ""
[0.962s] -- Installing: /home/naor/Desktop/naor/study/Thesis/install/robot_description/share/robot_description/launch
[0.962s] -- Installing: /home/naor/Desktop/naor/study/Thesis/install/robot_description/share/robot_description/launch/display.launch.py
[0.963s] -- Installing: /home/naor/Desktop/naor/study/Thesis/install/robot_description/share/robot_description/launch/controller.launch.py
[0.963s] -- Installing: /home/naor/Desktop/naor/study/Thesis/install/robot_description/share/robot_description/launch/gazebo_bot.launch.py
[0.963s] -- Installing: /home/naor/Desktop/naor/study/Thesis/install/robot_description/share/robot_description/config
[0.963s] -- Installing: /home/naor/Desktop/naor/study/Thesis/install/robot_description/share/robot_description/config/robot_controllers.yaml
[0.964s] -- Installing: /home/naor/Desktop/naor/study/Thesis/install/robot_description/share/ament_index/resource_index/package_run_dependencies/robot_description
[0.964s] -- Installing: /home/naor/Desktop/naor/study/Thesis/install/robot_description/share/ament_index/resource_index/parent_prefix_path/robot_description
[0.964s] -- Installing: /home/naor/Desktop/naor/study/Thesis/install/robot_description/share/robot_description/environment/ament_prefix_path.sh
[0.964s] -- Installing: /home/naor/Desktop/naor/study/Thesis/install/robot_description/share/robot_description/environment/ament_prefix_path.dsv
[0.964s] -- Installing: /home/naor/Desktop/naor/study/Thesis/install/robot_description/share/robot_description/environment/path.sh
[0.965s] -- Installing: /home/naor/Desktop/naor/study/Thesis/install/robot_description/share/robot_description/environment/path.dsv
[0.965s] -- Installing: /home/naor/Desktop/naor/study/Thesis/install/robot_description/share/robot_description/local_setup.bash
[0.965s] -- Installing: /home/naor/Desktop/naor/study/Thesis/install/robot_description/share/robot_description/local_setup.sh
[0.965s] -- Installing: /home/naor/Desktop/naor/study/Thesis/install/robot_description/share/robot_description/local_setup.zsh
[0.965s] -- Installing: /home/naor/Desktop/naor/study/Thesis/install/robot_description/share/robot_description/local_setup.dsv
[0.966s] -- Installing: /home/naor/Desktop/naor/study/Thesis/install/robot_description/share/robot_description/package.dsv
[0.966s] -- Installing: /home/naor/Desktop/naor/study/Thesis/install/robot_description/share/ament_index/resource_index/packages/robot_description
[0.966s] -- Installing: /home/naor/Desktop/naor/study/Thesis/install/robot_description/share/robot_description/cmake/robot_descriptionConfig.cmake
[0.966s] -- Installing: /home/naor/Desktop/naor/study/Thesis/install/robot_description/share/robot_description/cmake/robot_descriptionConfig-version.cmake
[0.966s] -- Installing: /home/naor/Desktop/naor/study/Thesis/install/robot_description/share/robot_description/package.xml
[0.969s] Invoked command in '/home/naor/Desktop/naor/study/Thesis/build/robot_description' returned '0': CMAKE_PREFIX_PATH=${CMAKE_PREFIX_PATH}:/home/naor/Desktop/naor/study/Thesis/install/camera_nav:/home/naor/Desktop/naor/study/Thesis/install/controller:/home/naor/Desktop/naor/work/capsule_repo/install/teensy_ers:/home/naor/Desktop/naor/work/capsule_repo/install/elers_bridge:/opt/ros/humble /usr/bin/cmake --install /home/naor/Desktop/naor/study/Thesis/build/robot_description
