[0.537s] Invoking command in '/home/naor/Desktop/naor/study/Thesis/src/drone_tunner': AMENT_PREFIX_PATH=/home/naor/Desktop/naor/study/Thesis/install/drone_c:${AMENT_PREFIX_PATH} CMAKE_PREFIX_PATH=/home/naor/Desktop/naor/study/Thesis/install/drone_c LD_LIBRARY_PATH=/home/naor/Desktop/naor/study/Thesis/install/drone_c/lib:${LD_LIBRARY_PATH} PYTHONPATH=/home/naor/Desktop/naor/study/Thesis/build/drone_tunner/prefix_override:/usr/lib/python3/dist-packages/colcon_core/task/python/colcon_distutils_commands:/home/naor/Desktop/naor/study/Thesis/install/drone_tunner/lib/python3.10/site-packages:/home/naor/Desktop/naor/study/Thesis/install/drone_c/local/lib/python3.10/dist-packages:${PYTHONPATH} /usr/bin/python3 -W ignore:setup.py install is deprecated -W ignore:easy_install command is deprecated setup.py egg_info --egg-base ../../build/drone_tunner build --build-base /home/naor/Desktop/naor/study/Thesis/build/drone_tunner/build install --record /home/naor/Desktop/naor/study/Thesis/build/drone_tunner/install.log --single-version-externally-managed install_data
[0.727s] running egg_info
[0.738s] writing ../../build/drone_tunner/drone_tunner.egg-info/PKG-INFO
[0.739s] writing dependency_links to ../../build/drone_tunner/drone_tunner.egg-info/dependency_links.txt
[0.739s] writing requirements to ../../build/drone_tunner/drone_tunner.egg-info/requires.txt
[0.739s] writing top-level names to ../../build/drone_tunner/drone_tunner.egg-info/top_level.txt
[0.764s] reading manifest file '../../build/drone_tunner/drone_tunner.egg-info/SOURCES.txt'
[0.765s] writing manifest file '../../build/drone_tunner/drone_tunner.egg-info/SOURCES.txt'
[0.765s] running build
[0.765s] running build_py
[0.765s] copying drone_tunner/__init__.py -> /home/naor/Desktop/naor/study/Thesis/build/drone_tunner/build/lib/drone_tunner
[0.765s] copying drone_tunner/drone_tunner.py -> /home/naor/Desktop/naor/study/Thesis/build/drone_tunner/build/lib/drone_tunner
[0.765s] running install
[0.768s] running install_lib
[0.781s] copying /home/naor/Desktop/naor/study/Thesis/build/drone_tunner/build/lib/drone_tunner/drone_tunner.py -> /home/naor/Desktop/naor/study/Thesis/install/drone_tunner/lib/python3.10/site-packages/drone_tunner
[0.781s] byte-compiling /home/naor/Desktop/naor/study/Thesis/install/drone_tunner/lib/python3.10/site-packages/drone_tunner/drone_tunner.py to drone_tunner.cpython-310.pyc
[0.782s] running install_data
[0.782s] copying resource/drone_tunner -> /home/naor/Desktop/naor/study/Thesis/install/drone_tunner/share/ament_index/resource_index/packages
[0.782s] copying package.xml -> /home/naor/Desktop/naor/study/Thesis/install/drone_tunner/share/drone_tunner
[0.782s] running install_egg_info
[0.795s] removing '/home/naor/Desktop/naor/study/Thesis/install/drone_tunner/lib/python3.10/site-packages/drone_tunner-0.0.0-py3.10.egg-info' (and everything under it)
[0.795s] Copying ../../build/drone_tunner/drone_tunner.egg-info to /home/naor/Desktop/naor/study/Thesis/install/drone_tunner/lib/python3.10/site-packages/drone_tunner-0.0.0-py3.10.egg-info
[0.796s] running install_scripts
[0.896s] writing list of installed files to '/home/naor/Desktop/naor/study/Thesis/build/drone_tunner/install.log'
[0.912s] Invoked command in '/home/naor/Desktop/naor/study/Thesis/src/drone_tunner' returned '0': AMENT_PREFIX_PATH=/home/naor/Desktop/naor/study/Thesis/install/drone_c:${AMENT_PREFIX_PATH} CMAKE_PREFIX_PATH=/home/naor/Desktop/naor/study/Thesis/install/drone_c LD_LIBRARY_PATH=/home/naor/Desktop/naor/study/Thesis/install/drone_c/lib:${LD_LIBRARY_PATH} PYTHONPATH=/home/naor/Desktop/naor/study/Thesis/build/drone_tunner/prefix_override:/usr/lib/python3/dist-packages/colcon_core/task/python/colcon_distutils_commands:/home/naor/Desktop/naor/study/Thesis/install/drone_tunner/lib/python3.10/site-packages:/home/naor/Desktop/naor/study/Thesis/install/drone_c/local/lib/python3.10/dist-packages:${PYTHONPATH} /usr/bin/python3 -W ignore:setup.py install is deprecated -W ignore:easy_install command is deprecated setup.py egg_info --egg-base ../../build/drone_tunner build --build-base /home/naor/Desktop/naor/study/Thesis/build/drone_tunner/build install --record /home/naor/Desktop/naor/study/Thesis/build/drone_tunner/install.log --single-version-externally-managed install_data
