[0.847s] Invoking command in '/home/naor/Desktop/naor/study/Thesis/src/controller': PYTHONPATH=/home/naor/Desktop/naor/study/Thesis/build/controller/prefix_override:/usr/lib/python3/dist-packages/colcon_core/task/python/colcon_distutils_commands:/home/naor/Desktop/naor/study/Thesis/install/controller/lib/python3.10/site-packages:${PYTHONPATH} /usr/bin/python3 -W ignore:setup.py install is deprecated -W ignore:easy_install command is deprecated setup.py egg_info --egg-base ../../build/controller build --build-base /home/naor/Desktop/naor/study/Thesis/build/controller/build install --record /home/naor/Desktop/naor/study/Thesis/build/controller/install.log --single-version-externally-managed install_data
[1.067s] running egg_info
[1.080s] creating ../../build/controller/controller.egg-info
[1.081s] writing ../../build/controller/controller.egg-info/PKG-INFO
[1.081s] writing dependency_links to ../../build/controller/controller.egg-info/dependency_links.txt
[1.081s] writing requirements to ../../build/controller/controller.egg-info/requires.txt
[1.081s] writing top-level names to ../../build/controller/controller.egg-info/top_level.txt
[1.081s] writing manifest file '../../build/controller/controller.egg-info/SOURCES.txt'
[1.111s] reading manifest file '../../build/controller/controller.egg-info/SOURCES.txt'
[1.111s] adding license file 'LICENSE'
[1.112s] writing manifest file '../../build/controller/controller.egg-info/SOURCES.txt'
[1.112s] running build
[1.113s] running build_py
[1.113s] creating /home/naor/Desktop/naor/study/Thesis/build/controller/build/lib/controller
[1.113s] copying controller/__init__.py -> /home/naor/Desktop/naor/study/Thesis/build/controller/build/lib/controller
[1.113s] copying controller/controller_udp_ros.py -> /home/naor/Desktop/naor/study/Thesis/build/controller/build/lib/controller
[1.113s] creating /home/naor/Desktop/naor/study/Thesis/build/controller/build/lib/controller/rtcom
[1.113s] copying controller/rtcom/__init__.py -> /home/naor/Desktop/naor/study/Thesis/build/controller/build/lib/controller/rtcom
[1.113s] copying controller/rtcom/rtcom_client.py -> /home/naor/Desktop/naor/study/Thesis/build/controller/build/lib/controller/rtcom
[1.114s] copying controller/rtcom/utils.py -> /home/naor/Desktop/naor/study/Thesis/build/controller/build/lib/controller/rtcom
[1.114s] copying controller/rtcom/core.py -> /home/naor/Desktop/naor/study/Thesis/build/controller/build/lib/controller/rtcom
[1.114s] copying controller/rtcom/rtcom_server.py -> /home/naor/Desktop/naor/study/Thesis/build/controller/build/lib/controller/rtcom
[1.114s] running install
[1.117s] running install_lib
[1.130s] creating /home/naor/Desktop/naor/study/Thesis/install/controller/lib/python3.10/site-packages/controller
[1.131s] creating /home/naor/Desktop/naor/study/Thesis/install/controller/lib/python3.10/site-packages/controller/rtcom
[1.131s] copying /home/naor/Desktop/naor/study/Thesis/build/controller/build/lib/controller/rtcom/__init__.py -> /home/naor/Desktop/naor/study/Thesis/install/controller/lib/python3.10/site-packages/controller/rtcom
[1.131s] copying /home/naor/Desktop/naor/study/Thesis/build/controller/build/lib/controller/rtcom/rtcom_client.py -> /home/naor/Desktop/naor/study/Thesis/install/controller/lib/python3.10/site-packages/controller/rtcom
[1.131s] copying /home/naor/Desktop/naor/study/Thesis/build/controller/build/lib/controller/rtcom/utils.py -> /home/naor/Desktop/naor/study/Thesis/install/controller/lib/python3.10/site-packages/controller/rtcom
[1.131s] copying /home/naor/Desktop/naor/study/Thesis/build/controller/build/lib/controller/rtcom/core.py -> /home/naor/Desktop/naor/study/Thesis/install/controller/lib/python3.10/site-packages/controller/rtcom
[1.131s] copying /home/naor/Desktop/naor/study/Thesis/build/controller/build/lib/controller/rtcom/rtcom_server.py -> /home/naor/Desktop/naor/study/Thesis/install/controller/lib/python3.10/site-packages/controller/rtcom
[1.131s] copying /home/naor/Desktop/naor/study/Thesis/build/controller/build/lib/controller/__init__.py -> /home/naor/Desktop/naor/study/Thesis/install/controller/lib/python3.10/site-packages/controller
[1.131s] copying /home/naor/Desktop/naor/study/Thesis/build/controller/build/lib/controller/controller_udp_ros.py -> /home/naor/Desktop/naor/study/Thesis/install/controller/lib/python3.10/site-packages/controller
[1.131s] byte-compiling /home/naor/Desktop/naor/study/Thesis/install/controller/lib/python3.10/site-packages/controller/rtcom/__init__.py to __init__.cpython-310.pyc
[1.132s] byte-compiling /home/naor/Desktop/naor/study/Thesis/install/controller/lib/python3.10/site-packages/controller/rtcom/rtcom_client.py to rtcom_client.cpython-310.pyc
[1.133s] byte-compiling /home/naor/Desktop/naor/study/Thesis/install/controller/lib/python3.10/site-packages/controller/rtcom/utils.py to utils.cpython-310.pyc
[1.133s] byte-compiling /home/naor/Desktop/naor/study/Thesis/install/controller/lib/python3.10/site-packages/controller/rtcom/core.py to core.cpython-310.pyc
[1.133s] byte-compiling /home/naor/Desktop/naor/study/Thesis/install/controller/lib/python3.10/site-packages/controller/rtcom/rtcom_server.py to rtcom_server.cpython-310.pyc
[1.133s] byte-compiling /home/naor/Desktop/naor/study/Thesis/install/controller/lib/python3.10/site-packages/controller/__init__.py to __init__.cpython-310.pyc
[1.134s] byte-compiling /home/naor/Desktop/naor/study/Thesis/install/controller/lib/python3.10/site-packages/controller/controller_udp_ros.py to controller_udp_ros.cpython-310.pyc
[1.134s] running install_data
[1.134s] creating /home/naor/Desktop/naor/study/Thesis/install/controller/share/ament_index/resource_index/packages
[1.134s] copying resource/controller -> /home/naor/Desktop/naor/study/Thesis/install/controller/share/ament_index/resource_index/packages
[1.134s] copying package.xml -> /home/naor/Desktop/naor/study/Thesis/install/controller/share/controller
[1.134s] creating /home/naor/Desktop/naor/study/Thesis/install/controller/share/controller/launch
[1.135s] copying launch/joystick_launch.py -> /home/naor/Desktop/naor/study/Thesis/install/controller/share/controller/launch
[1.135s] running install_egg_info
[1.149s] Copying ../../build/controller/controller.egg-info to /home/naor/Desktop/naor/study/Thesis/install/controller/lib/python3.10/site-packages/controller-0.0.0-py3.10.egg-info
[1.149s] running install_scripts
[1.261s] writing list of installed files to '/home/naor/Desktop/naor/study/Thesis/build/controller/install.log'
[1.286s] Invoked command in '/home/naor/Desktop/naor/study/Thesis/src/controller' returned '0': PYTHONPATH=/home/naor/Desktop/naor/study/Thesis/build/controller/prefix_override:/usr/lib/python3/dist-packages/colcon_core/task/python/colcon_distutils_commands:/home/naor/Desktop/naor/study/Thesis/install/controller/lib/python3.10/site-packages:${PYTHONPATH} /usr/bin/python3 -W ignore:setup.py install is deprecated -W ignore:easy_install command is deprecated setup.py egg_info --egg-base ../../build/controller build --build-base /home/naor/Desktop/naor/study/Thesis/build/controller/build install --record /home/naor/Desktop/naor/study/Thesis/build/controller/install.log --single-version-externally-managed install_data
