[0.528s] Invoking command in '/home/naor/Desktop/naor/study/Thesis/build/ground_bot': CMAKE_PREFIX_PATH=/home/naor/Desktop/naor/work/capsule_repo/install/teensy_ers:/home/naor/Desktop/naor/work/capsule_repo/install/elers_bridge:/opt/ros/humble /usr/bin/cmake --build /home/naor/Desktop/naor/study/Thesis/build/ground_bot -- -j16 -l16
[0.606s] [35m[1mConsolidate compiler generated dependencies of target optical_flow_node[0m
[0.609s] [  8%] Built target ground_bot__rosidl_generator_c
[0.610s] [ 11%] Built target ground_bot__cpp
[0.613s] [ 15%] Built target joy_twist_node
[0.621s] [ 20%] Built target twist_to_twiststamped_node
[0.621s] [ 20%] Built target ament_cmake_python_copy_ground_bot
[0.631s] [ 22%] [32mBuilding CXX object CMakeFiles/optical_flow_node.dir/src/optical_flow_node.cpp.o[0m
[0.640s] [ 40%] Built target ground_bot__rosidl_typesupport_fastrtps_c
[0.640s] [ 40%] Built target ground_bot__rosidl_typesupport_introspection_c
[0.641s] [ 48%] Built target ground_bot__rosidl_typesupport_c
[0.644s] [ 57%] Built target ground_bot__rosidl_typesupport_introspection_cpp
[0.644s] [ 66%] Built target ground_bot__rosidl_typesupport_cpp
[0.645s] [ 75%] Built target ground_bot__rosidl_typesupport_fastrtps_cpp
[0.666s] [ 75%] Built target ground_bot
[0.693s] [ 77%] Built target ground_bot__py
[0.719s] [ 84%] Built target ground_bot__rosidl_generator_py
[0.748s] [ 88%] Built target ground_bot__rosidl_typesupport_introspection_c__pyext
[0.748s] [ 93%] Built target ground_bot__rosidl_typesupport_c__pyext
[0.748s] [ 97%] Built target ground_bot__rosidl_typesupport_fastrtps_c__pyext
[0.874s] running egg_info
[0.890s] writing ground_bot.egg-info/PKG-INFO
[0.891s] writing dependency_links to ground_bot.egg-info/dependency_links.txt
[0.891s] writing top-level names to ground_bot.egg-info/top_level.txt
[0.943s] reading manifest file 'ground_bot.egg-info/SOURCES.txt'
[0.944s] writing manifest file 'ground_bot.egg-info/SOURCES.txt'
[0.997s] [ 97%] Built target ament_cmake_python_build_ground_bot_egg
[11.369s] [100%] [32m[1mLinking CXX executable optical_flow_node[0m
[11.576s] /usr/bin/ld: warning: libopencv_imgcodecs.so.4.5d, needed by /opt/ros/humble/lib/libcv_bridge.so, may conflict with libopencv_imgcodecs.so.412
[11.577s] /usr/bin/ld: warning: libopencv_imgproc.so.4.5d, needed by /opt/ros/humble/lib/libcv_bridge.so, may conflict with libopencv_imgproc.so.412
[11.578s] /usr/bin/ld: warning: libopencv_core.so.4.5d, needed by /opt/ros/humble/lib/libcv_bridge.so, may conflict with libopencv_core.so.412
[12.155s] [100%] Built target optical_flow_node
[12.168s] Invoked command in '/home/naor/Desktop/naor/study/Thesis/build/ground_bot' returned '0': CMAKE_PREFIX_PATH=/home/naor/Desktop/naor/work/capsule_repo/install/teensy_ers:/home/naor/Desktop/naor/work/capsule_repo/install/elers_bridge:/opt/ros/humble /usr/bin/cmake --build /home/naor/Desktop/naor/study/Thesis/build/ground_bot -- -j16 -l16
[12.170s] Invoking command in '/home/naor/Desktop/naor/study/Thesis/build/ground_bot': CMAKE_PREFIX_PATH=/home/naor/Desktop/naor/work/capsule_repo/install/teensy_ers:/home/naor/Desktop/naor/work/capsule_repo/install/elers_bridge:/opt/ros/humble /usr/bin/cmake --install /home/naor/Desktop/naor/study/Thesis/build/ground_bot
[12.180s] -- Install configuration: ""
[12.180s] -- Up-to-date: /home/naor/Desktop/naor/study/Thesis/install/ground_bot/share/ament_index/resource_index/rosidl_interfaces/ground_bot
[12.180s] -- Up-to-date: /home/naor/Desktop/naor/study/Thesis/install/ground_bot/include/ground_bot/ground_bot
[12.180s] -- Up-to-date: /home/naor/Desktop/naor/study/Thesis/install/ground_bot/include/ground_bot/ground_bot/msg
[12.180s] -- Up-to-date: /home/naor/Desktop/naor/study/Thesis/install/ground_bot/include/ground_bot/ground_bot/msg/motor_data.h
[12.181s] -- Up-to-date: /home/naor/Desktop/naor/study/Thesis/install/ground_bot/include/ground_bot/ground_bot/msg/pwm.h
[12.181s] -- Up-to-date: /home/naor/Desktop/naor/study/Thesis/install/ground_bot/include/ground_bot/ground_bot/msg/rosidl_generator_c__visibility_control.h
[12.181s] -- Up-to-date: /home/naor/Desktop/naor/study/Thesis/install/ground_bot/include/ground_bot/ground_bot/msg/detail
[12.181s] -- Up-to-date: /home/naor/Desktop/naor/study/Thesis/install/ground_bot/include/ground_bot/ground_bot/msg/detail/pwm__functions.c
[12.181s] -- Up-to-date: /home/naor/Desktop/naor/study/Thesis/install/ground_bot/include/ground_bot/ground_bot/msg/detail/pwm__type_support.h
[12.181s] -- Up-to-date: /home/naor/Desktop/naor/study/Thesis/install/ground_bot/include/ground_bot/ground_bot/msg/detail/motor_data__functions.c
[12.181s] -- Up-to-date: /home/naor/Desktop/naor/study/Thesis/install/ground_bot/include/ground_bot/ground_bot/msg/detail/motor_data__type_support.h
[12.181s] -- Up-to-date: /home/naor/Desktop/naor/study/Thesis/install/ground_bot/include/ground_bot/ground_bot/msg/detail/pwm__functions.h
[12.181s] -- Up-to-date: /home/naor/Desktop/naor/study/Thesis/install/ground_bot/include/ground_bot/ground_bot/msg/detail/motor_data__struct.h
[12.181s] -- Up-to-date: /home/naor/Desktop/naor/study/Thesis/install/ground_bot/include/ground_bot/ground_bot/msg/detail/motor_data__functions.h
[12.181s] -- Up-to-date: /home/naor/Desktop/naor/study/Thesis/install/ground_bot/include/ground_bot/ground_bot/msg/detail/pwm__struct.h
[12.181s] -- Up-to-date: /home/naor/Desktop/naor/study/Thesis/install/ground_bot/share/ground_bot/environment/library_path.sh
[12.182s] -- Up-to-date: /home/naor/Desktop/naor/study/Thesis/install/ground_bot/share/ground_bot/environment/library_path.dsv
[12.182s] -- Up-to-date: /home/naor/Desktop/naor/study/Thesis/install/ground_bot/lib/libground_bot__rosidl_generator_c.so
[12.182s] -- Up-to-date: /home/naor/Desktop/naor/study/Thesis/install/ground_bot/include/ground_bot/ground_bot
[12.182s] -- Up-to-date: /home/naor/Desktop/naor/study/Thesis/install/ground_bot/include/ground_bot/ground_bot/msg
[12.182s] -- Up-to-date: /home/naor/Desktop/naor/study/Thesis/install/ground_bot/include/ground_bot/ground_bot/msg/rosidl_typesupport_fastrtps_c__visibility_control.h
[12.182s] -- Up-to-date: /home/naor/Desktop/naor/study/Thesis/install/ground_bot/include/ground_bot/ground_bot/msg/detail
[12.182s] -- Up-to-date: /home/naor/Desktop/naor/study/Thesis/install/ground_bot/include/ground_bot/ground_bot/msg/detail/motor_data__rosidl_typesupport_fastrtps_c.h
[12.182s] -- Up-to-date: /home/naor/Desktop/naor/study/Thesis/install/ground_bot/include/ground_bot/ground_bot/msg/detail/pwm__rosidl_typesupport_fastrtps_c.h
[12.182s] -- Up-to-date: /home/naor/Desktop/naor/study/Thesis/install/ground_bot/lib/libground_bot__rosidl_typesupport_fastrtps_c.so
[12.182s] -- Up-to-date: /home/naor/Desktop/naor/study/Thesis/install/ground_bot/include/ground_bot/ground_bot
[12.182s] -- Up-to-date: /home/naor/Desktop/naor/study/Thesis/install/ground_bot/include/ground_bot/ground_bot/msg
[12.183s] -- Up-to-date: /home/naor/Desktop/naor/study/Thesis/install/ground_bot/include/ground_bot/ground_bot/msg/rosidl_generator_cpp__visibility_control.hpp
[12.183s] -- Up-to-date: /home/naor/Desktop/naor/study/Thesis/install/ground_bot/include/ground_bot/ground_bot/msg/motor_data.hpp
[12.183s] -- Up-to-date: /home/naor/Desktop/naor/study/Thesis/install/ground_bot/include/ground_bot/ground_bot/msg/pwm.hpp
[12.183s] -- Up-to-date: /home/naor/Desktop/naor/study/Thesis/install/ground_bot/include/ground_bot/ground_bot/msg/detail
[12.183s] -- Up-to-date: /home/naor/Desktop/naor/study/Thesis/install/ground_bot/include/ground_bot/ground_bot/msg/detail/motor_data__builder.hpp
[12.183s] -- Up-to-date: /home/naor/Desktop/naor/study/Thesis/install/ground_bot/include/ground_bot/ground_bot/msg/detail/motor_data__struct.hpp
[12.183s] -- Up-to-date: /home/naor/Desktop/naor/study/Thesis/install/ground_bot/include/ground_bot/ground_bot/msg/detail/pwm__builder.hpp
[12.183s] -- Up-to-date: /home/naor/Desktop/naor/study/Thesis/install/ground_bot/include/ground_bot/ground_bot/msg/detail/pwm__struct.hpp
[12.183s] -- Up-to-date: /home/naor/Desktop/naor/study/Thesis/install/ground_bot/include/ground_bot/ground_bot/msg/detail/motor_data__traits.hpp
[12.183s] -- Up-to-date: /home/naor/Desktop/naor/study/Thesis/install/ground_bot/include/ground_bot/ground_bot/msg/detail/pwm__traits.hpp
[12.183s] -- Up-to-date: /home/naor/Desktop/naor/study/Thesis/install/ground_bot/include/ground_bot/ground_bot/msg/detail/pwm__type_support.hpp
[12.183s] -- Up-to-date: /home/naor/Desktop/naor/study/Thesis/install/ground_bot/include/ground_bot/ground_bot/msg/detail/motor_data__type_support.hpp
[12.183s] -- Up-to-date: /home/naor/Desktop/naor/study/Thesis/install/ground_bot/include/ground_bot/ground_bot
[12.183s] -- Up-to-date: /home/naor/Desktop/naor/study/Thesis/install/ground_bot/include/ground_bot/ground_bot/msg
[12.183s] -- Up-to-date: /home/naor/Desktop/naor/study/Thesis/install/ground_bot/include/ground_bot/ground_bot/msg/rosidl_typesupport_fastrtps_cpp__visibility_control.h
[12.184s] -- Up-to-date: /home/naor/Desktop/naor/study/Thesis/install/ground_bot/include/ground_bot/ground_bot/msg/detail
[12.184s] -- Up-to-date: /home/naor/Desktop/naor/study/Thesis/install/ground_bot/include/ground_bot/ground_bot/msg/detail/pwm__rosidl_typesupport_fastrtps_cpp.hpp
[12.184s] -- Up-to-date: /home/naor/Desktop/naor/study/Thesis/install/ground_bot/include/ground_bot/ground_bot/msg/detail/dds_fastrtps
[12.184s] -- Up-to-date: /home/naor/Desktop/naor/study/Thesis/install/ground_bot/include/ground_bot/ground_bot/msg/detail/motor_data__rosidl_typesupport_fastrtps_cpp.hpp
[12.184s] -- Up-to-date: /home/naor/Desktop/naor/study/Thesis/install/ground_bot/lib/libground_bot__rosidl_typesupport_fastrtps_cpp.so
[12.184s] -- Up-to-date: /home/naor/Desktop/naor/study/Thesis/install/ground_bot/include/ground_bot/ground_bot
[12.184s] -- Up-to-date: /home/naor/Desktop/naor/study/Thesis/install/ground_bot/include/ground_bot/ground_bot/msg
[12.184s] -- Up-to-date: /home/naor/Desktop/naor/study/Thesis/install/ground_bot/include/ground_bot/ground_bot/msg/rosidl_typesupport_introspection_c__visibility_control.h
[12.184s] -- Up-to-date: /home/naor/Desktop/naor/study/Thesis/install/ground_bot/include/ground_bot/ground_bot/msg/detail
[12.184s] -- Up-to-date: /home/naor/Desktop/naor/study/Thesis/install/ground_bot/include/ground_bot/ground_bot/msg/detail/motor_data__type_support.c
[12.185s] -- Up-to-date: /home/naor/Desktop/naor/study/Thesis/install/ground_bot/include/ground_bot/ground_bot/msg/detail/motor_data__rosidl_typesupport_introspection_c.h
[12.185s] -- Up-to-date: /home/naor/Desktop/naor/study/Thesis/install/ground_bot/include/ground_bot/ground_bot/msg/detail/pwm__rosidl_typesupport_introspection_c.h
[12.185s] -- Up-to-date: /home/naor/Desktop/naor/study/Thesis/install/ground_bot/include/ground_bot/ground_bot/msg/detail/pwm__type_support.c
[12.185s] -- Up-to-date: /home/naor/Desktop/naor/study/Thesis/install/ground_bot/lib/libground_bot__rosidl_typesupport_introspection_c.so
[12.185s] -- Up-to-date: /home/naor/Desktop/naor/study/Thesis/install/ground_bot/lib/libground_bot__rosidl_typesupport_c.so
[12.185s] -- Up-to-date: /home/naor/Desktop/naor/study/Thesis/install/ground_bot/include/ground_bot/ground_bot
[12.185s] -- Up-to-date: /home/naor/Desktop/naor/study/Thesis/install/ground_bot/include/ground_bot/ground_bot/msg
[12.186s] -- Up-to-date: /home/naor/Desktop/naor/study/Thesis/install/ground_bot/include/ground_bot/ground_bot/msg/detail
[12.186s] -- Up-to-date: /home/naor/Desktop/naor/study/Thesis/install/ground_bot/include/ground_bot/ground_bot/msg/detail/pwm__rosidl_typesupport_introspection_cpp.hpp
[12.186s] -- Up-to-date: /home/naor/Desktop/naor/study/Thesis/install/ground_bot/include/ground_bot/ground_bot/msg/detail/motor_data__rosidl_typesupport_introspection_cpp.hpp
[12.186s] -- Up-to-date: /home/naor/Desktop/naor/study/Thesis/install/ground_bot/include/ground_bot/ground_bot/msg/detail/pwm__type_support.cpp
[12.186s] -- Up-to-date: /home/naor/Desktop/naor/study/Thesis/install/ground_bot/include/ground_bot/ground_bot/msg/detail/motor_data__type_support.cpp
[12.186s] -- Up-to-date: /home/naor/Desktop/naor/study/Thesis/install/ground_bot/lib/libground_bot__rosidl_typesupport_introspection_cpp.so
[12.187s] -- Up-to-date: /home/naor/Desktop/naor/study/Thesis/install/ground_bot/lib/libground_bot__rosidl_typesupport_cpp.so
[12.187s] -- Up-to-date: /home/naor/Desktop/naor/study/Thesis/install/ground_bot/share/ground_bot/environment/pythonpath.sh
[12.187s] -- Up-to-date: /home/naor/Desktop/naor/study/Thesis/install/ground_bot/share/ground_bot/environment/pythonpath.dsv
[12.187s] -- Up-to-date: /home/naor/Desktop/naor/study/Thesis/install/ground_bot/local/lib/python3.10/dist-packages/ground_bot-0.0.1-py3.10.egg-info
[12.187s] -- Installing: /home/naor/Desktop/naor/study/Thesis/install/ground_bot/local/lib/python3.10/dist-packages/ground_bot-0.0.1-py3.10.egg-info/SOURCES.txt
[12.187s] -- Installing: /home/naor/Desktop/naor/study/Thesis/install/ground_bot/local/lib/python3.10/dist-packages/ground_bot-0.0.1-py3.10.egg-info/PKG-INFO
[12.188s] -- Installing: /home/naor/Desktop/naor/study/Thesis/install/ground_bot/local/lib/python3.10/dist-packages/ground_bot-0.0.1-py3.10.egg-info/dependency_links.txt
[12.188s] -- Installing: /home/naor/Desktop/naor/study/Thesis/install/ground_bot/local/lib/python3.10/dist-packages/ground_bot-0.0.1-py3.10.egg-info/top_level.txt
[12.188s] -- Up-to-date: /home/naor/Desktop/naor/study/Thesis/install/ground_bot/local/lib/python3.10/dist-packages/ground_bot
[12.188s] -- Up-to-date: /home/naor/Desktop/naor/study/Thesis/install/ground_bot/local/lib/python3.10/dist-packages/ground_bot/ground_bot_s__rosidl_typesupport_fastrtps_c.cpython-310-x86_64-linux-gnu.so
[12.188s] -- Up-to-date: /home/naor/Desktop/naor/study/Thesis/install/ground_bot/local/lib/python3.10/dist-packages/ground_bot/__init__.py
[12.188s] -- Up-to-date: /home/naor/Desktop/naor/study/Thesis/install/ground_bot/local/lib/python3.10/dist-packages/ground_bot/msg
[12.188s] -- Up-to-date: /home/naor/Desktop/naor/study/Thesis/install/ground_bot/local/lib/python3.10/dist-packages/ground_bot/msg/__init__.py
[12.189s] -- Up-to-date: /home/naor/Desktop/naor/study/Thesis/install/ground_bot/local/lib/python3.10/dist-packages/ground_bot/msg/_motor_data_s.c
[12.189s] -- Up-to-date: /home/naor/Desktop/naor/study/Thesis/install/ground_bot/local/lib/python3.10/dist-packages/ground_bot/msg/_pwm_s.c
[12.189s] -- Up-to-date: /home/naor/Desktop/naor/study/Thesis/install/ground_bot/local/lib/python3.10/dist-packages/ground_bot/msg/_pwm.py
[12.189s] -- Up-to-date: /home/naor/Desktop/naor/study/Thesis/install/ground_bot/local/lib/python3.10/dist-packages/ground_bot/msg/_motor_data.py
[12.190s] -- Up-to-date: /home/naor/Desktop/naor/study/Thesis/install/ground_bot/local/lib/python3.10/dist-packages/ground_bot/_ground_bot_s.ep.rosidl_typesupport_fastrtps_c.c
[12.190s] -- Up-to-date: /home/naor/Desktop/naor/study/Thesis/install/ground_bot/local/lib/python3.10/dist-packages/ground_bot/ground_bot_s__rosidl_typesupport_introspection_c.cpython-310-x86_64-linux-gnu.so
[12.190s] -- Up-to-date: /home/naor/Desktop/naor/study/Thesis/install/ground_bot/local/lib/python3.10/dist-packages/ground_bot/_ground_bot_s.ep.rosidl_typesupport_introspection_c.c
[12.190s] -- Up-to-date: /home/naor/Desktop/naor/study/Thesis/install/ground_bot/local/lib/python3.10/dist-packages/ground_bot/libground_bot__rosidl_generator_py.so
[12.190s] -- Up-to-date: /home/naor/Desktop/naor/study/Thesis/install/ground_bot/local/lib/python3.10/dist-packages/ground_bot/ground_bot_s__rosidl_typesupport_c.cpython-310-x86_64-linux-gnu.so
[12.190s] -- Up-to-date: /home/naor/Desktop/naor/study/Thesis/install/ground_bot/local/lib/python3.10/dist-packages/ground_bot/_ground_bot_s.ep.rosidl_typesupport_c.c
[12.227s] Listing '/home/naor/Desktop/naor/study/Thesis/install/ground_bot/local/lib/python3.10/dist-packages/ground_bot'...
[12.227s] Listing '/home/naor/Desktop/naor/study/Thesis/install/ground_bot/local/lib/python3.10/dist-packages/ground_bot/msg'...
[12.236s] -- Up-to-date: /home/naor/Desktop/naor/study/Thesis/install/ground_bot/local/lib/python3.10/dist-packages/ground_bot/ground_bot_s__rosidl_typesupport_fastrtps_c.cpython-310-x86_64-linux-gnu.so
[12.236s] -- Up-to-date: /home/naor/Desktop/naor/study/Thesis/install/ground_bot/local/lib/python3.10/dist-packages/ground_bot/ground_bot_s__rosidl_typesupport_introspection_c.cpython-310-x86_64-linux-gnu.so
[12.236s] -- Up-to-date: /home/naor/Desktop/naor/study/Thesis/install/ground_bot/local/lib/python3.10/dist-packages/ground_bot/ground_bot_s__rosidl_typesupport_c.cpython-310-x86_64-linux-gnu.so
[12.237s] -- Up-to-date: /home/naor/Desktop/naor/study/Thesis/install/ground_bot/lib/libground_bot__rosidl_generator_py.so
[12.237s] -- Up-to-date: /home/naor/Desktop/naor/study/Thesis/install/ground_bot/share/ground_bot/msg/Pwm.idl
[12.237s] -- Up-to-date: /home/naor/Desktop/naor/study/Thesis/install/ground_bot/share/ground_bot/msg/MotorData.idl
[12.237s] -- Up-to-date: /home/naor/Desktop/naor/study/Thesis/install/ground_bot/share/ground_bot/msg/Pwm.msg
[12.237s] -- Up-to-date: /home/naor/Desktop/naor/study/Thesis/install/ground_bot/share/ground_bot/msg/MotorData.msg
[12.237s] -- Up-to-date: /home/naor/Desktop/naor/study/Thesis/install/ground_bot/lib/ground_bot/twist_to_twiststamped_node
[12.237s] -- Up-to-date: /home/naor/Desktop/naor/study/Thesis/install/ground_bot/lib/ground_bot/joy_twist_node
[12.237s] -- Installing: /home/naor/Desktop/naor/study/Thesis/install/ground_bot/lib/ground_bot/optical_flow_node
[12.244s] -- Set runtime path of "/home/naor/Desktop/naor/study/Thesis/install/ground_bot/lib/ground_bot/optical_flow_node" to ""
[12.245s] -- Up-to-date: /home/naor/Desktop/naor/study/Thesis/install/ground_bot/share/ground_bot/launch
[12.245s] -- Up-to-date: /home/naor/Desktop/naor/study/Thesis/install/ground_bot/share/ground_bot/launch/simple_joy_control.launch.py
[12.245s] -- Up-to-date: /home/naor/Desktop/naor/study/Thesis/install/ground_bot/share/ground_bot/launch/navigation_launch.launch.py
[12.245s] -- Up-to-date: /home/naor/Desktop/naor/study/Thesis/install/ground_bot/share/ground_bot/launch/hamma_bot.launch.py
[12.245s] -- Up-to-date: /home/naor/Desktop/naor/study/Thesis/install/ground_bot/share/ground_bot/config/config
[12.245s] -- Up-to-date: /home/naor/Desktop/naor/study/Thesis/install/ground_bot/share/ground_bot/config/config/ackermann_controller.yaml
[12.245s] -- Up-to-date: /home/naor/Desktop/naor/study/Thesis/install/ground_bot/share/ground_bot/config/config/nav2_params.yaml
[12.245s] -- Up-to-date: /home/naor/Desktop/naor/study/Thesis/install/ground_bot/share/ground_bot/config/config/ekf.yaml
[12.245s] -- Up-to-date: /home/naor/Desktop/naor/study/Thesis/install/ground_bot/share/ground_bot/urdf
[12.246s] -- Up-to-date: /home/naor/Desktop/naor/study/Thesis/install/ground_bot/share/ground_bot/urdf/robot_description.urdf
[12.246s] -- Up-to-date: /home/naor/Desktop/naor/study/Thesis/install/ground_bot/share/ground_bot/worlds
[12.246s] -- Up-to-date: /home/naor/Desktop/naor/study/Thesis/install/ground_bot/share/ground_bot/worlds/empty.sdf
[12.246s] -- Up-to-date: /home/naor/Desktop/naor/study/Thesis/install/ground_bot/share/ground_bot/worlds/bookstore.sdf
[12.246s] -- Up-to-date: /home/naor/Desktop/naor/study/Thesis/install/ground_bot/lib/ground_bot/ground_bot_rtcom.py
[12.246s] -- Up-to-date: /home/naor/Desktop/naor/study/Thesis/install/ground_bot/share/ament_index/resource_index/package_run_dependencies/ground_bot
[12.246s] -- Up-to-date: /home/naor/Desktop/naor/study/Thesis/install/ground_bot/share/ament_index/resource_index/parent_prefix_path/ground_bot
[12.247s] -- Up-to-date: /home/naor/Desktop/naor/study/Thesis/install/ground_bot/share/ground_bot/environment/ament_prefix_path.sh
[12.247s] -- Up-to-date: /home/naor/Desktop/naor/study/Thesis/install/ground_bot/share/ground_bot/environment/ament_prefix_path.dsv
[12.247s] -- Up-to-date: /home/naor/Desktop/naor/study/Thesis/install/ground_bot/share/ground_bot/environment/path.sh
[12.247s] -- Up-to-date: /home/naor/Desktop/naor/study/Thesis/install/ground_bot/share/ground_bot/environment/path.dsv
[12.247s] -- Up-to-date: /home/naor/Desktop/naor/study/Thesis/install/ground_bot/share/ground_bot/local_setup.bash
[12.247s] -- Up-to-date: /home/naor/Desktop/naor/study/Thesis/install/ground_bot/share/ground_bot/local_setup.sh
[12.247s] -- Up-to-date: /home/naor/Desktop/naor/study/Thesis/install/ground_bot/share/ground_bot/local_setup.zsh
[12.248s] -- Up-to-date: /home/naor/Desktop/naor/study/Thesis/install/ground_bot/share/ground_bot/local_setup.dsv
[12.248s] -- Installing: /home/naor/Desktop/naor/study/Thesis/install/ground_bot/share/ground_bot/package.dsv
[12.248s] -- Up-to-date: /home/naor/Desktop/naor/study/Thesis/install/ground_bot/share/ament_index/resource_index/packages/ground_bot
[12.248s] -- Up-to-date: /home/naor/Desktop/naor/study/Thesis/install/ground_bot/share/ground_bot/cmake/export_ground_bot__rosidl_generator_cExport.cmake
[12.248s] -- Up-to-date: /home/naor/Desktop/naor/study/Thesis/install/ground_bot/share/ground_bot/cmake/export_ground_bot__rosidl_generator_cExport-noconfig.cmake
[12.249s] -- Up-to-date: /home/naor/Desktop/naor/study/Thesis/install/ground_bot/share/ground_bot/cmake/export_ground_bot__rosidl_typesupport_fastrtps_cExport.cmake
[12.249s] -- Up-to-date: /home/naor/Desktop/naor/study/Thesis/install/ground_bot/share/ground_bot/cmake/export_ground_bot__rosidl_typesupport_fastrtps_cExport-noconfig.cmake
[12.249s] -- Up-to-date: /home/naor/Desktop/naor/study/Thesis/install/ground_bot/share/ground_bot/cmake/export_ground_bot__rosidl_generator_cppExport.cmake
[12.249s] -- Up-to-date: /home/naor/Desktop/naor/study/Thesis/install/ground_bot/share/ground_bot/cmake/export_ground_bot__rosidl_typesupport_fastrtps_cppExport.cmake
[12.249s] -- Up-to-date: /home/naor/Desktop/naor/study/Thesis/install/ground_bot/share/ground_bot/cmake/export_ground_bot__rosidl_typesupport_fastrtps_cppExport-noconfig.cmake
[12.249s] -- Up-to-date: /home/naor/Desktop/naor/study/Thesis/install/ground_bot/share/ground_bot/cmake/ground_bot__rosidl_typesupport_introspection_cExport.cmake
[12.249s] -- Up-to-date: /home/naor/Desktop/naor/study/Thesis/install/ground_bot/share/ground_bot/cmake/ground_bot__rosidl_typesupport_introspection_cExport-noconfig.cmake
[12.250s] -- Up-to-date: /home/naor/Desktop/naor/study/Thesis/install/ground_bot/share/ground_bot/cmake/ground_bot__rosidl_typesupport_cExport.cmake
[12.250s] -- Up-to-date: /home/naor/Desktop/naor/study/Thesis/install/ground_bot/share/ground_bot/cmake/ground_bot__rosidl_typesupport_cExport-noconfig.cmake
[12.250s] -- Up-to-date: /home/naor/Desktop/naor/study/Thesis/install/ground_bot/share/ground_bot/cmake/ground_bot__rosidl_typesupport_introspection_cppExport.cmake
[12.250s] -- Up-to-date: /home/naor/Desktop/naor/study/Thesis/install/ground_bot/share/ground_bot/cmake/ground_bot__rosidl_typesupport_introspection_cppExport-noconfig.cmake
[12.250s] -- Up-to-date: /home/naor/Desktop/naor/study/Thesis/install/ground_bot/share/ground_bot/cmake/ground_bot__rosidl_typesupport_cppExport.cmake
[12.250s] -- Up-to-date: /home/naor/Desktop/naor/study/Thesis/install/ground_bot/share/ground_bot/cmake/ground_bot__rosidl_typesupport_cppExport-noconfig.cmake
[12.250s] -- Up-to-date: /home/naor/Desktop/naor/study/Thesis/install/ground_bot/share/ground_bot/cmake/export_ground_bot__rosidl_generator_pyExport.cmake
[12.251s] -- Up-to-date: /home/naor/Desktop/naor/study/Thesis/install/ground_bot/share/ground_bot/cmake/export_ground_bot__rosidl_generator_pyExport-noconfig.cmake
[12.251s] -- Up-to-date: /home/naor/Desktop/naor/study/Thesis/install/ground_bot/share/ground_bot/cmake/rosidl_cmake-extras.cmake
[12.251s] -- Up-to-date: /home/naor/Desktop/naor/study/Thesis/install/ground_bot/share/ground_bot/cmake/ament_cmake_export_dependencies-extras.cmake
[12.251s] -- Up-to-date: /home/naor/Desktop/naor/study/Thesis/install/ground_bot/share/ground_bot/cmake/ament_cmake_export_include_directories-extras.cmake
[12.251s] -- Up-to-date: /home/naor/Desktop/naor/study/Thesis/install/ground_bot/share/ground_bot/cmake/ament_cmake_export_libraries-extras.cmake
[12.251s] -- Up-to-date: /home/naor/Desktop/naor/study/Thesis/install/ground_bot/share/ground_bot/cmake/ament_cmake_export_targets-extras.cmake
[12.251s] -- Up-to-date: /home/naor/Desktop/naor/study/Thesis/install/ground_bot/share/ground_bot/cmake/rosidl_cmake_export_typesupport_targets-extras.cmake
[12.251s] -- Up-to-date: /home/naor/Desktop/naor/study/Thesis/install/ground_bot/share/ground_bot/cmake/rosidl_cmake_export_typesupport_libraries-extras.cmake
[12.252s] -- Up-to-date: /home/naor/Desktop/naor/study/Thesis/install/ground_bot/share/ground_bot/cmake/ground_botConfig.cmake
[12.252s] -- Up-to-date: /home/naor/Desktop/naor/study/Thesis/install/ground_bot/share/ground_bot/cmake/ground_botConfig-version.cmake
[12.252s] -- Up-to-date: /home/naor/Desktop/naor/study/Thesis/install/ground_bot/share/ground_bot/package.xml
[12.258s] Invoked command in '/home/naor/Desktop/naor/study/Thesis/build/ground_bot' returned '0': CMAKE_PREFIX_PATH=/home/naor/Desktop/naor/work/capsule_repo/install/teensy_ers:/home/naor/Desktop/naor/work/capsule_repo/install/elers_bridge:/opt/ros/humble /usr/bin/cmake --install /home/naor/Desktop/naor/study/Thesis/build/ground_bot
