[0.307s] Invoking command in '/home/naor/Desktop/naor/study/Thesis/build/drone_c': CMAKE_PREFIX_PATH=/home/naor/Desktop/naor/work/capsule_repo/install/teensy_ers:/home/naor/Desktop/naor/work/capsule_repo/install/elers_bridge:/opt/ros/humble /usr/bin/cmake --build /home/naor/Desktop/naor/study/Thesis/build/drone_c -- -j16 -l16
[0.352s] [  1%] Built target drone_c__cpp
[0.360s] [ 12%] Built target drone_c__rosidl_generator_c
[0.361s] [ 12%] Built target ament_cmake_python_copy_drone_c
[0.376s] [ 32%] Built target drone_c__rosidl_typesupport_introspection_cpp
[0.376s] [ 34%] Built target drone_c__rosidl_typesupport_cpp
[0.377s] [ 45%] Built target drone_c__rosidl_typesupport_fastrtps_cpp
[0.380s] [ 56%] Built target drone_c__rosidl_typesupport_introspection_c
[0.380s] [ 67%] Built target drone_c__rosidl_typesupport_fastrtps_c
[0.382s] [ 78%] Built target drone_c__rosidl_typesupport_c
[0.395s] [ 78%] Built target drone_c
[0.410s] [ 80%] Built target drone_c__py
[0.428s] [ 89%] Built target drone_c__rosidl_generator_py
[0.444s] [ 92%] Built target drone_c__rosidl_typesupport_introspection_c__pyext
[0.444s] [ 96%] Built target drone_c__rosidl_typesupport_fastrtps_c__pyext
[0.445s] [100%] Built target drone_c__rosidl_typesupport_c__pyext
[0.525s] running egg_info
[0.538s] writing drone_c.egg-info/PKG-INFO
[0.538s] writing dependency_links to drone_c.egg-info/dependency_links.txt
[0.538s] writing top-level names to drone_c.egg-info/top_level.txt
[0.578s] reading manifest file 'drone_c.egg-info/SOURCES.txt'
[0.578s] writing manifest file 'drone_c.egg-info/SOURCES.txt'
[0.601s] [100%] Built target ament_cmake_python_build_drone_c_egg
[0.611s] Invoked command in '/home/naor/Desktop/naor/study/Thesis/build/drone_c' returned '0': CMAKE_PREFIX_PATH=/home/naor/Desktop/naor/work/capsule_repo/install/teensy_ers:/home/naor/Desktop/naor/work/capsule_repo/install/elers_bridge:/opt/ros/humble /usr/bin/cmake --build /home/naor/Desktop/naor/study/Thesis/build/drone_c -- -j16 -l16
[0.612s] Invoking command in '/home/naor/Desktop/naor/study/Thesis/build/drone_c': CMAKE_PREFIX_PATH=/home/naor/Desktop/naor/work/capsule_repo/install/teensy_ers:/home/naor/Desktop/naor/work/capsule_repo/install/elers_bridge:/opt/ros/humble /usr/bin/cmake --install /home/naor/Desktop/naor/study/Thesis/build/drone_c
[0.620s] -- Install configuration: ""
[0.620s] -- Up-to-date: /home/naor/Desktop/naor/study/Thesis/install/drone_c/share/ament_index/resource_index/rosidl_interfaces/drone_c
[0.620s] -- Up-to-date: /home/naor/Desktop/naor/study/Thesis/install/drone_c/include/drone_c/drone_c
[0.620s] -- Up-to-date: /home/naor/Desktop/naor/study/Thesis/install/drone_c/include/drone_c/drone_c/msg
[0.620s] -- Up-to-date: /home/naor/Desktop/naor/study/Thesis/install/drone_c/include/drone_c/drone_c/msg/motors.h
[0.621s] -- Up-to-date: /home/naor/Desktop/naor/study/Thesis/install/drone_c/include/drone_c/drone_c/msg/imu_filter.h
[0.621s] -- Up-to-date: /home/naor/Desktop/naor/study/Thesis/install/drone_c/include/drone_c/drone_c/msg/euler_angles.h
[0.621s] -- Up-to-date: /home/naor/Desktop/naor/study/Thesis/install/drone_c/include/drone_c/drone_c/msg/pid.h
[0.621s] -- Up-to-date: /home/naor/Desktop/naor/study/Thesis/install/drone_c/include/drone_c/drone_c/msg/rosidl_generator_c__visibility_control.h
[0.621s] -- Up-to-date: /home/naor/Desktop/naor/study/Thesis/install/drone_c/include/drone_c/drone_c/msg/detail
[0.621s] -- Up-to-date: /home/naor/Desktop/naor/study/Thesis/install/drone_c/include/drone_c/drone_c/msg/detail/imu_filter__functions.c
[0.621s] -- Up-to-date: /home/naor/Desktop/naor/study/Thesis/install/drone_c/include/drone_c/drone_c/msg/detail/pid__struct.h
[0.621s] -- Up-to-date: /home/naor/Desktop/naor/study/Thesis/install/drone_c/include/drone_c/drone_c/msg/detail/motors__struct.h
[0.621s] -- Up-to-date: /home/naor/Desktop/naor/study/Thesis/install/drone_c/include/drone_c/drone_c/msg/detail/pid__functions.h
[0.621s] -- Up-to-date: /home/naor/Desktop/naor/study/Thesis/install/drone_c/include/drone_c/drone_c/msg/detail/imu_filter__type_support.h
[0.621s] -- Up-to-date: /home/naor/Desktop/naor/study/Thesis/install/drone_c/include/drone_c/drone_c/msg/detail/euler_angles__functions.h
[0.621s] -- Up-to-date: /home/naor/Desktop/naor/study/Thesis/install/drone_c/include/drone_c/drone_c/msg/detail/pid__type_support.h
[0.621s] -- Up-to-date: /home/naor/Desktop/naor/study/Thesis/install/drone_c/include/drone_c/drone_c/msg/detail/motors__functions.h
[0.621s] -- Up-to-date: /home/naor/Desktop/naor/study/Thesis/install/drone_c/include/drone_c/drone_c/msg/detail/motors__type_support.h
[0.621s] -- Up-to-date: /home/naor/Desktop/naor/study/Thesis/install/drone_c/include/drone_c/drone_c/msg/detail/euler_angles__type_support.h
[0.622s] -- Up-to-date: /home/naor/Desktop/naor/study/Thesis/install/drone_c/include/drone_c/drone_c/msg/detail/motors__functions.c
[0.622s] -- Up-to-date: /home/naor/Desktop/naor/study/Thesis/install/drone_c/include/drone_c/drone_c/msg/detail/imu_filter__functions.h
[0.622s] -- Up-to-date: /home/naor/Desktop/naor/study/Thesis/install/drone_c/include/drone_c/drone_c/msg/detail/euler_angles__functions.c
[0.622s] -- Up-to-date: /home/naor/Desktop/naor/study/Thesis/install/drone_c/include/drone_c/drone_c/msg/detail/pid__functions.c
[0.622s] -- Up-to-date: /home/naor/Desktop/naor/study/Thesis/install/drone_c/include/drone_c/drone_c/msg/detail/euler_angles__struct.h
[0.622s] -- Up-to-date: /home/naor/Desktop/naor/study/Thesis/install/drone_c/include/drone_c/drone_c/msg/detail/imu_filter__struct.h
[0.623s] -- Up-to-date: /home/naor/Desktop/naor/study/Thesis/install/drone_c/share/drone_c/environment/library_path.sh
[0.623s] -- Up-to-date: /home/naor/Desktop/naor/study/Thesis/install/drone_c/share/drone_c/environment/library_path.dsv
[0.623s] -- Up-to-date: /home/naor/Desktop/naor/study/Thesis/install/drone_c/lib/libdrone_c__rosidl_generator_c.so
[0.623s] -- Up-to-date: /home/naor/Desktop/naor/study/Thesis/install/drone_c/include/drone_c/drone_c
[0.623s] -- Up-to-date: /home/naor/Desktop/naor/study/Thesis/install/drone_c/include/drone_c/drone_c/msg
[0.623s] -- Up-to-date: /home/naor/Desktop/naor/study/Thesis/install/drone_c/include/drone_c/drone_c/msg/rosidl_typesupport_fastrtps_c__visibility_control.h
[0.623s] -- Up-to-date: /home/naor/Desktop/naor/study/Thesis/install/drone_c/include/drone_c/drone_c/msg/detail
[0.623s] -- Up-to-date: /home/naor/Desktop/naor/study/Thesis/install/drone_c/include/drone_c/drone_c/msg/detail/euler_angles__rosidl_typesupport_fastrtps_c.h
[0.623s] -- Up-to-date: /home/naor/Desktop/naor/study/Thesis/install/drone_c/include/drone_c/drone_c/msg/detail/imu_filter__rosidl_typesupport_fastrtps_c.h
[0.623s] -- Up-to-date: /home/naor/Desktop/naor/study/Thesis/install/drone_c/include/drone_c/drone_c/msg/detail/pid__rosidl_typesupport_fastrtps_c.h
[0.623s] -- Up-to-date: /home/naor/Desktop/naor/study/Thesis/install/drone_c/include/drone_c/drone_c/msg/detail/motors__rosidl_typesupport_fastrtps_c.h
[0.623s] -- Up-to-date: /home/naor/Desktop/naor/study/Thesis/install/drone_c/lib/libdrone_c__rosidl_typesupport_fastrtps_c.so
[0.623s] -- Up-to-date: /home/naor/Desktop/naor/study/Thesis/install/drone_c/include/drone_c/drone_c
[0.623s] -- Up-to-date: /home/naor/Desktop/naor/study/Thesis/install/drone_c/include/drone_c/drone_c/msg
[0.623s] -- Up-to-date: /home/naor/Desktop/naor/study/Thesis/install/drone_c/include/drone_c/drone_c/msg/pid.hpp
[0.623s] -- Up-to-date: /home/naor/Desktop/naor/study/Thesis/install/drone_c/include/drone_c/drone_c/msg/motors.hpp
[0.623s] -- Up-to-date: /home/naor/Desktop/naor/study/Thesis/install/drone_c/include/drone_c/drone_c/msg/rosidl_generator_cpp__visibility_control.hpp
[0.623s] -- Up-to-date: /home/naor/Desktop/naor/study/Thesis/install/drone_c/include/drone_c/drone_c/msg/euler_angles.hpp
[0.623s] -- Up-to-date: /home/naor/Desktop/naor/study/Thesis/install/drone_c/include/drone_c/drone_c/msg/imu_filter.hpp
[0.623s] -- Up-to-date: /home/naor/Desktop/naor/study/Thesis/install/drone_c/include/drone_c/drone_c/msg/detail
[0.623s] -- Up-to-date: /home/naor/Desktop/naor/study/Thesis/install/drone_c/include/drone_c/drone_c/msg/detail/motors__traits.hpp
[0.623s] -- Up-to-date: /home/naor/Desktop/naor/study/Thesis/install/drone_c/include/drone_c/drone_c/msg/detail/imu_filter__struct.hpp
[0.623s] -- Up-to-date: /home/naor/Desktop/naor/study/Thesis/install/drone_c/include/drone_c/drone_c/msg/detail/pid__type_support.hpp
[0.624s] -- Up-to-date: /home/naor/Desktop/naor/study/Thesis/install/drone_c/include/drone_c/drone_c/msg/detail/euler_angles__struct.hpp
[0.624s] -- Up-to-date: /home/naor/Desktop/naor/study/Thesis/install/drone_c/include/drone_c/drone_c/msg/detail/euler_angles__traits.hpp
[0.624s] -- Up-to-date: /home/naor/Desktop/naor/study/Thesis/install/drone_c/include/drone_c/drone_c/msg/detail/motors__builder.hpp
[0.624s] -- Up-to-date: /home/naor/Desktop/naor/study/Thesis/install/drone_c/include/drone_c/drone_c/msg/detail/motors__struct.hpp
[0.624s] -- Up-to-date: /home/naor/Desktop/naor/study/Thesis/install/drone_c/include/drone_c/drone_c/msg/detail/imu_filter__builder.hpp
[0.624s] -- Up-to-date: /home/naor/Desktop/naor/study/Thesis/install/drone_c/include/drone_c/drone_c/msg/detail/pid__struct.hpp
[0.624s] -- Up-to-date: /home/naor/Desktop/naor/study/Thesis/install/drone_c/include/drone_c/drone_c/msg/detail/euler_angles__type_support.hpp
[0.624s] -- Up-to-date: /home/naor/Desktop/naor/study/Thesis/install/drone_c/include/drone_c/drone_c/msg/detail/imu_filter__traits.hpp
[0.624s] -- Up-to-date: /home/naor/Desktop/naor/study/Thesis/install/drone_c/include/drone_c/drone_c/msg/detail/motors__type_support.hpp
[0.624s] -- Up-to-date: /home/naor/Desktop/naor/study/Thesis/install/drone_c/include/drone_c/drone_c/msg/detail/pid__builder.hpp
[0.624s] -- Up-to-date: /home/naor/Desktop/naor/study/Thesis/install/drone_c/include/drone_c/drone_c/msg/detail/pid__traits.hpp
[0.624s] -- Up-to-date: /home/naor/Desktop/naor/study/Thesis/install/drone_c/include/drone_c/drone_c/msg/detail/imu_filter__type_support.hpp
[0.624s] -- Up-to-date: /home/naor/Desktop/naor/study/Thesis/install/drone_c/include/drone_c/drone_c/msg/detail/euler_angles__builder.hpp
[0.624s] -- Up-to-date: /home/naor/Desktop/naor/study/Thesis/install/drone_c/include/drone_c/drone_c
[0.624s] -- Up-to-date: /home/naor/Desktop/naor/study/Thesis/install/drone_c/include/drone_c/drone_c/msg
[0.624s] -- Up-to-date: /home/naor/Desktop/naor/study/Thesis/install/drone_c/include/drone_c/drone_c/msg/rosidl_typesupport_fastrtps_cpp__visibility_control.h
[0.624s] -- Up-to-date: /home/naor/Desktop/naor/study/Thesis/install/drone_c/include/drone_c/drone_c/msg/detail
[0.624s] -- Up-to-date: /home/naor/Desktop/naor/study/Thesis/install/drone_c/include/drone_c/drone_c/msg/detail/euler_angles__rosidl_typesupport_fastrtps_cpp.hpp
[0.624s] -- Up-to-date: /home/naor/Desktop/naor/study/Thesis/install/drone_c/include/drone_c/drone_c/msg/detail/imu_filter__rosidl_typesupport_fastrtps_cpp.hpp
[0.624s] -- Up-to-date: /home/naor/Desktop/naor/study/Thesis/install/drone_c/include/drone_c/drone_c/msg/detail/dds_fastrtps
[0.624s] -- Up-to-date: /home/naor/Desktop/naor/study/Thesis/install/drone_c/include/drone_c/drone_c/msg/detail/motors__rosidl_typesupport_fastrtps_cpp.hpp
[0.624s] -- Up-to-date: /home/naor/Desktop/naor/study/Thesis/install/drone_c/include/drone_c/drone_c/msg/detail/pid__rosidl_typesupport_fastrtps_cpp.hpp
[0.624s] -- Up-to-date: /home/naor/Desktop/naor/study/Thesis/install/drone_c/lib/libdrone_c__rosidl_typesupport_fastrtps_cpp.so
[0.624s] -- Up-to-date: /home/naor/Desktop/naor/study/Thesis/install/drone_c/include/drone_c/drone_c
[0.624s] -- Up-to-date: /home/naor/Desktop/naor/study/Thesis/install/drone_c/include/drone_c/drone_c/msg
[0.624s] -- Up-to-date: /home/naor/Desktop/naor/study/Thesis/install/drone_c/include/drone_c/drone_c/msg/rosidl_typesupport_introspection_c__visibility_control.h
[0.624s] -- Up-to-date: /home/naor/Desktop/naor/study/Thesis/install/drone_c/include/drone_c/drone_c/msg/detail
[0.625s] -- Up-to-date: /home/naor/Desktop/naor/study/Thesis/install/drone_c/include/drone_c/drone_c/msg/detail/pid__rosidl_typesupport_introspection_c.h
[0.625s] -- Up-to-date: /home/naor/Desktop/naor/study/Thesis/install/drone_c/include/drone_c/drone_c/msg/detail/motors__type_support.c
[0.625s] -- Up-to-date: /home/naor/Desktop/naor/study/Thesis/install/drone_c/include/drone_c/drone_c/msg/detail/euler_angles__type_support.c
[0.625s] -- Up-to-date: /home/naor/Desktop/naor/study/Thesis/install/drone_c/include/drone_c/drone_c/msg/detail/motors__rosidl_typesupport_introspection_c.h
[0.625s] -- Up-to-date: /home/naor/Desktop/naor/study/Thesis/install/drone_c/include/drone_c/drone_c/msg/detail/pid__type_support.c
[0.625s] -- Up-to-date: /home/naor/Desktop/naor/study/Thesis/install/drone_c/include/drone_c/drone_c/msg/detail/imu_filter__rosidl_typesupport_introspection_c.h
[0.625s] -- Up-to-date: /home/naor/Desktop/naor/study/Thesis/install/drone_c/include/drone_c/drone_c/msg/detail/imu_filter__type_support.c
[0.625s] -- Up-to-date: /home/naor/Desktop/naor/study/Thesis/install/drone_c/include/drone_c/drone_c/msg/detail/euler_angles__rosidl_typesupport_introspection_c.h
[0.625s] -- Up-to-date: /home/naor/Desktop/naor/study/Thesis/install/drone_c/lib/libdrone_c__rosidl_typesupport_introspection_c.so
[0.625s] -- Up-to-date: /home/naor/Desktop/naor/study/Thesis/install/drone_c/lib/libdrone_c__rosidl_typesupport_c.so
[0.625s] -- Up-to-date: /home/naor/Desktop/naor/study/Thesis/install/drone_c/include/drone_c/drone_c
[0.625s] -- Up-to-date: /home/naor/Desktop/naor/study/Thesis/install/drone_c/include/drone_c/drone_c/msg
[0.625s] -- Up-to-date: /home/naor/Desktop/naor/study/Thesis/install/drone_c/include/drone_c/drone_c/msg/detail
[0.625s] -- Up-to-date: /home/naor/Desktop/naor/study/Thesis/install/drone_c/include/drone_c/drone_c/msg/detail/motors__type_support.cpp
[0.625s] -- Up-to-date: /home/naor/Desktop/naor/study/Thesis/install/drone_c/include/drone_c/drone_c/msg/detail/imu_filter__rosidl_typesupport_introspection_cpp.hpp
[0.625s] -- Up-to-date: /home/naor/Desktop/naor/study/Thesis/install/drone_c/include/drone_c/drone_c/msg/detail/pid__type_support.cpp
[0.625s] -- Up-to-date: /home/naor/Desktop/naor/study/Thesis/install/drone_c/include/drone_c/drone_c/msg/detail/euler_angles__rosidl_typesupport_introspection_cpp.hpp
[0.625s] -- Up-to-date: /home/naor/Desktop/naor/study/Thesis/install/drone_c/include/drone_c/drone_c/msg/detail/imu_filter__type_support.cpp
[0.625s] -- Up-to-date: /home/naor/Desktop/naor/study/Thesis/install/drone_c/include/drone_c/drone_c/msg/detail/euler_angles__type_support.cpp
[0.625s] -- Up-to-date: /home/naor/Desktop/naor/study/Thesis/install/drone_c/include/drone_c/drone_c/msg/detail/pid__rosidl_typesupport_introspection_cpp.hpp
[0.625s] -- Up-to-date: /home/naor/Desktop/naor/study/Thesis/install/drone_c/include/drone_c/drone_c/msg/detail/motors__rosidl_typesupport_introspection_cpp.hpp
[0.625s] -- Up-to-date: /home/naor/Desktop/naor/study/Thesis/install/drone_c/lib/libdrone_c__rosidl_typesupport_introspection_cpp.so
[0.625s] -- Up-to-date: /home/naor/Desktop/naor/study/Thesis/install/drone_c/lib/libdrone_c__rosidl_typesupport_cpp.so
[0.626s] -- Up-to-date: /home/naor/Desktop/naor/study/Thesis/install/drone_c/share/drone_c/environment/pythonpath.sh
[0.626s] -- Up-to-date: /home/naor/Desktop/naor/study/Thesis/install/drone_c/share/drone_c/environment/pythonpath.dsv
[0.626s] -- Up-to-date: /home/naor/Desktop/naor/study/Thesis/install/drone_c/local/lib/python3.10/dist-packages/drone_c-0.0.1-py3.10.egg-info
[0.626s] -- Installing: /home/naor/Desktop/naor/study/Thesis/install/drone_c/local/lib/python3.10/dist-packages/drone_c-0.0.1-py3.10.egg-info/SOURCES.txt
[0.626s] -- Installing: /home/naor/Desktop/naor/study/Thesis/install/drone_c/local/lib/python3.10/dist-packages/drone_c-0.0.1-py3.10.egg-info/PKG-INFO
[0.626s] -- Installing: /home/naor/Desktop/naor/study/Thesis/install/drone_c/local/lib/python3.10/dist-packages/drone_c-0.0.1-py3.10.egg-info/dependency_links.txt
[0.626s] -- Installing: /home/naor/Desktop/naor/study/Thesis/install/drone_c/local/lib/python3.10/dist-packages/drone_c-0.0.1-py3.10.egg-info/top_level.txt
[0.626s] -- Up-to-date: /home/naor/Desktop/naor/study/Thesis/install/drone_c/local/lib/python3.10/dist-packages/drone_c
[0.626s] -- Up-to-date: /home/naor/Desktop/naor/study/Thesis/install/drone_c/local/lib/python3.10/dist-packages/drone_c/drone_c_s__rosidl_typesupport_fastrtps_c.cpython-310-x86_64-linux-gnu.so
[0.626s] -- Up-to-date: /home/naor/Desktop/naor/study/Thesis/install/drone_c/local/lib/python3.10/dist-packages/drone_c/__init__.py
[0.626s] -- Up-to-date: /home/naor/Desktop/naor/study/Thesis/install/drone_c/local/lib/python3.10/dist-packages/drone_c/msg
[0.626s] -- Up-to-date: /home/naor/Desktop/naor/study/Thesis/install/drone_c/local/lib/python3.10/dist-packages/drone_c/msg/_motors_s.c
[0.627s] -- Up-to-date: /home/naor/Desktop/naor/study/Thesis/install/drone_c/local/lib/python3.10/dist-packages/drone_c/msg/__init__.py
[0.627s] -- Up-to-date: /home/naor/Desktop/naor/study/Thesis/install/drone_c/local/lib/python3.10/dist-packages/drone_c/msg/_pid.py
[0.627s] -- Up-to-date: /home/naor/Desktop/naor/study/Thesis/install/drone_c/local/lib/python3.10/dist-packages/drone_c/msg/_euler_angles_s.c
[0.627s] -- Up-to-date: /home/naor/Desktop/naor/study/Thesis/install/drone_c/local/lib/python3.10/dist-packages/drone_c/msg/_imu_filter.py
[0.627s] -- Up-to-date: /home/naor/Desktop/naor/study/Thesis/install/drone_c/local/lib/python3.10/dist-packages/drone_c/msg/_euler_angles.py
[0.627s] -- Up-to-date: /home/naor/Desktop/naor/study/Thesis/install/drone_c/local/lib/python3.10/dist-packages/drone_c/msg/_pid_s.c
[0.627s] -- Up-to-date: /home/naor/Desktop/naor/study/Thesis/install/drone_c/local/lib/python3.10/dist-packages/drone_c/msg/_imu_filter_s.c
[0.627s] -- Up-to-date: /home/naor/Desktop/naor/study/Thesis/install/drone_c/local/lib/python3.10/dist-packages/drone_c/msg/_motors.py
[0.627s] -- Up-to-date: /home/naor/Desktop/naor/study/Thesis/install/drone_c/local/lib/python3.10/dist-packages/drone_c/_drone_c_s.ep.rosidl_typesupport_c.c
[0.627s] -- Up-to-date: /home/naor/Desktop/naor/study/Thesis/install/drone_c/local/lib/python3.10/dist-packages/drone_c/_drone_c_s.ep.rosidl_typesupport_fastrtps_c.c
[0.627s] -- Up-to-date: /home/naor/Desktop/naor/study/Thesis/install/drone_c/local/lib/python3.10/dist-packages/drone_c/libdrone_c__rosidl_generator_py.so
[0.627s] -- Up-to-date: /home/naor/Desktop/naor/study/Thesis/install/drone_c/local/lib/python3.10/dist-packages/drone_c/drone_c_s__rosidl_typesupport_c.cpython-310-x86_64-linux-gnu.so
[0.627s] -- Up-to-date: /home/naor/Desktop/naor/study/Thesis/install/drone_c/local/lib/python3.10/dist-packages/drone_c/drone_c_s__rosidl_typesupport_introspection_c.cpython-310-x86_64-linux-gnu.so
[0.628s] -- Up-to-date: /home/naor/Desktop/naor/study/Thesis/install/drone_c/local/lib/python3.10/dist-packages/drone_c/_drone_c_s.ep.rosidl_typesupport_introspection_c.c
[0.651s] Listing '/home/naor/Desktop/naor/study/Thesis/install/drone_c/local/lib/python3.10/dist-packages/drone_c'...
[0.651s] Listing '/home/naor/Desktop/naor/study/Thesis/install/drone_c/local/lib/python3.10/dist-packages/drone_c/msg'...
[0.659s] -- Up-to-date: /home/naor/Desktop/naor/study/Thesis/install/drone_c/local/lib/python3.10/dist-packages/drone_c/drone_c_s__rosidl_typesupport_fastrtps_c.cpython-310-x86_64-linux-gnu.so
[0.660s] -- Up-to-date: /home/naor/Desktop/naor/study/Thesis/install/drone_c/local/lib/python3.10/dist-packages/drone_c/drone_c_s__rosidl_typesupport_introspection_c.cpython-310-x86_64-linux-gnu.so
[0.660s] -- Up-to-date: /home/naor/Desktop/naor/study/Thesis/install/drone_c/local/lib/python3.10/dist-packages/drone_c/drone_c_s__rosidl_typesupport_c.cpython-310-x86_64-linux-gnu.so
[0.660s] -- Up-to-date: /home/naor/Desktop/naor/study/Thesis/install/drone_c/lib/libdrone_c__rosidl_generator_py.so
[0.660s] -- Up-to-date: /home/naor/Desktop/naor/study/Thesis/install/drone_c/share/drone_c/msg/Pid.idl
[0.660s] -- Up-to-date: /home/naor/Desktop/naor/study/Thesis/install/drone_c/share/drone_c/msg/EulerAngles.idl
[0.660s] -- Up-to-date: /home/naor/Desktop/naor/study/Thesis/install/drone_c/share/drone_c/msg/Motors.idl
[0.660s] -- Up-to-date: /home/naor/Desktop/naor/study/Thesis/install/drone_c/share/drone_c/msg/ImuFilter.idl
[0.660s] -- Up-to-date: /home/naor/Desktop/naor/study/Thesis/install/drone_c/share/drone_c/msg/Pid.msg
[0.660s] -- Up-to-date: /home/naor/Desktop/naor/study/Thesis/install/drone_c/share/drone_c/msg/EulerAngles.msg
[0.660s] -- Up-to-date: /home/naor/Desktop/naor/study/Thesis/install/drone_c/share/drone_c/msg/Motors.msg
[0.660s] -- Up-to-date: /home/naor/Desktop/naor/study/Thesis/install/drone_c/share/drone_c/msg/ImuFilter.msg
[0.660s] -- Up-to-date: /home/naor/Desktop/naor/study/Thesis/install/drone_c/lib/drone_c/rtcom_teensy_ros.py
[0.660s] -- Up-to-date: /home/naor/Desktop/naor/study/Thesis/install/drone_c/share/ament_index/resource_index/package_run_dependencies/drone_c
[0.660s] -- Up-to-date: /home/naor/Desktop/naor/study/Thesis/install/drone_c/share/ament_index/resource_index/parent_prefix_path/drone_c
[0.660s] -- Up-to-date: /home/naor/Desktop/naor/study/Thesis/install/drone_c/share/drone_c/environment/ament_prefix_path.sh
[0.661s] -- Up-to-date: /home/naor/Desktop/naor/study/Thesis/install/drone_c/share/drone_c/environment/ament_prefix_path.dsv
[0.661s] -- Up-to-date: /home/naor/Desktop/naor/study/Thesis/install/drone_c/share/drone_c/environment/path.sh
[0.661s] -- Up-to-date: /home/naor/Desktop/naor/study/Thesis/install/drone_c/share/drone_c/environment/path.dsv
[0.661s] -- Up-to-date: /home/naor/Desktop/naor/study/Thesis/install/drone_c/share/drone_c/local_setup.bash
[0.661s] -- Up-to-date: /home/naor/Desktop/naor/study/Thesis/install/drone_c/share/drone_c/local_setup.sh
[0.661s] -- Up-to-date: /home/naor/Desktop/naor/study/Thesis/install/drone_c/share/drone_c/local_setup.zsh
[0.661s] -- Up-to-date: /home/naor/Desktop/naor/study/Thesis/install/drone_c/share/drone_c/local_setup.dsv
[0.661s] -- Installing: /home/naor/Desktop/naor/study/Thesis/install/drone_c/share/drone_c/package.dsv
[0.661s] -- Up-to-date: /home/naor/Desktop/naor/study/Thesis/install/drone_c/share/ament_index/resource_index/packages/drone_c
[0.661s] -- Up-to-date: /home/naor/Desktop/naor/study/Thesis/install/drone_c/share/drone_c/cmake/export_drone_c__rosidl_generator_cExport.cmake
[0.661s] -- Up-to-date: /home/naor/Desktop/naor/study/Thesis/install/drone_c/share/drone_c/cmake/export_drone_c__rosidl_generator_cExport-noconfig.cmake
[0.661s] -- Up-to-date: /home/naor/Desktop/naor/study/Thesis/install/drone_c/share/drone_c/cmake/export_drone_c__rosidl_typesupport_fastrtps_cExport.cmake
[0.661s] -- Up-to-date: /home/naor/Desktop/naor/study/Thesis/install/drone_c/share/drone_c/cmake/export_drone_c__rosidl_typesupport_fastrtps_cExport-noconfig.cmake
[0.661s] -- Up-to-date: /home/naor/Desktop/naor/study/Thesis/install/drone_c/share/drone_c/cmake/export_drone_c__rosidl_generator_cppExport.cmake
[0.661s] -- Up-to-date: /home/naor/Desktop/naor/study/Thesis/install/drone_c/share/drone_c/cmake/export_drone_c__rosidl_typesupport_fastrtps_cppExport.cmake
[0.661s] -- Up-to-date: /home/naor/Desktop/naor/study/Thesis/install/drone_c/share/drone_c/cmake/export_drone_c__rosidl_typesupport_fastrtps_cppExport-noconfig.cmake
[0.661s] -- Up-to-date: /home/naor/Desktop/naor/study/Thesis/install/drone_c/share/drone_c/cmake/drone_c__rosidl_typesupport_introspection_cExport.cmake
[0.661s] -- Up-to-date: /home/naor/Desktop/naor/study/Thesis/install/drone_c/share/drone_c/cmake/drone_c__rosidl_typesupport_introspection_cExport-noconfig.cmake
[0.661s] -- Up-to-date: /home/naor/Desktop/naor/study/Thesis/install/drone_c/share/drone_c/cmake/drone_c__rosidl_typesupport_cExport.cmake
[0.661s] -- Up-to-date: /home/naor/Desktop/naor/study/Thesis/install/drone_c/share/drone_c/cmake/drone_c__rosidl_typesupport_cExport-noconfig.cmake
[0.661s] -- Up-to-date: /home/naor/Desktop/naor/study/Thesis/install/drone_c/share/drone_c/cmake/drone_c__rosidl_typesupport_introspection_cppExport.cmake
[0.661s] -- Up-to-date: /home/naor/Desktop/naor/study/Thesis/install/drone_c/share/drone_c/cmake/drone_c__rosidl_typesupport_introspection_cppExport-noconfig.cmake
[0.662s] -- Up-to-date: /home/naor/Desktop/naor/study/Thesis/install/drone_c/share/drone_c/cmake/drone_c__rosidl_typesupport_cppExport.cmake
[0.662s] -- Up-to-date: /home/naor/Desktop/naor/study/Thesis/install/drone_c/share/drone_c/cmake/drone_c__rosidl_typesupport_cppExport-noconfig.cmake
[0.662s] -- Up-to-date: /home/naor/Desktop/naor/study/Thesis/install/drone_c/share/drone_c/cmake/export_drone_c__rosidl_generator_pyExport.cmake
[0.662s] -- Up-to-date: /home/naor/Desktop/naor/study/Thesis/install/drone_c/share/drone_c/cmake/export_drone_c__rosidl_generator_pyExport-noconfig.cmake
[0.662s] -- Up-to-date: /home/naor/Desktop/naor/study/Thesis/install/drone_c/share/drone_c/cmake/rosidl_cmake-extras.cmake
[0.662s] -- Up-to-date: /home/naor/Desktop/naor/study/Thesis/install/drone_c/share/drone_c/cmake/ament_cmake_export_dependencies-extras.cmake
[0.662s] -- Up-to-date: /home/naor/Desktop/naor/study/Thesis/install/drone_c/share/drone_c/cmake/ament_cmake_export_include_directories-extras.cmake
[0.662s] -- Up-to-date: /home/naor/Desktop/naor/study/Thesis/install/drone_c/share/drone_c/cmake/ament_cmake_export_libraries-extras.cmake
[0.662s] -- Up-to-date: /home/naor/Desktop/naor/study/Thesis/install/drone_c/share/drone_c/cmake/ament_cmake_export_targets-extras.cmake
[0.662s] -- Up-to-date: /home/naor/Desktop/naor/study/Thesis/install/drone_c/share/drone_c/cmake/rosidl_cmake_export_typesupport_targets-extras.cmake
[0.662s] -- Up-to-date: /home/naor/Desktop/naor/study/Thesis/install/drone_c/share/drone_c/cmake/rosidl_cmake_export_typesupport_libraries-extras.cmake
[0.662s] -- Up-to-date: /home/naor/Desktop/naor/study/Thesis/install/drone_c/share/drone_c/cmake/drone_cConfig.cmake
[0.662s] -- Up-to-date: /home/naor/Desktop/naor/study/Thesis/install/drone_c/share/drone_c/cmake/drone_cConfig-version.cmake
[0.663s] -- Up-to-date: /home/naor/Desktop/naor/study/Thesis/install/drone_c/share/drone_c/package.xml
[0.677s] Invoked command in '/home/naor/Desktop/naor/study/Thesis/build/drone_c' returned '0': CMAKE_PREFIX_PATH=/home/naor/Desktop/naor/work/capsule_repo/install/teensy_ers:/home/naor/Desktop/naor/work/capsule_repo/install/elers_bridge:/opt/ros/humble /usr/bin/cmake --install /home/naor/Desktop/naor/study/Thesis/build/drone_c
