[0.028s] Invoking command in '/home/naor/Desktop/naor/study/Thesis/build/pointcloud_to_laserscan': CMAKE_PREFIX_PATH=/home/naor/Desktop/naor/work/capsule_repo/install/teensy_ers:/home/naor/Desktop/naor/work/capsule_repo/install/elers_bridge:/opt/ros/humble /usr/bin/cmake --build /home/naor/Desktop/naor/study/Thesis/build/pointcloud_to_laserscan -- -j16 -l16
[0.198s] -- Found ament_cmake_auto: 1.3.11 (/opt/ros/humble/share/ament_cmake_auto/cmake)
[0.225s] -- Found rosidl_generator_c: 3.1.6 (/opt/ros/humble/share/rosidl_generator_c/cmake)
[0.227s] -- Found rosidl_adapter: 3.1.6 (/opt/ros/humble/share/rosidl_adapter/cmake)
[0.231s] -- Found rosidl_generator_cpp: 3.1.6 (/opt/ros/humble/share/rosidl_generator_cpp/cmake)
[0.238s] -- Using all available rosidl_typesupport_c: rosidl_typesupport_fastrtps_c;rosidl_typesupport_introspection_c
[0.253s] -- Using all available rosidl_typesupport_cpp: rosidl_typesupport_fastrtps_cpp;rosidl_typesupport_introspection_cpp
[0.286s] -- Found rmw_implementation_cmake: 6.1.2 (/opt/ros/humble/share/rmw_implementation_cmake/cmake)
[0.287s] -- Found rmw_fastrtps_cpp: 6.2.7 (/opt/ros/humble/share/rmw_fastrtps_cpp/cmake)
[0.394s] -- Using RMW implementation 'rmw_fastrtps_cpp' as default
[0.553s] -- Found ament_lint_auto: 0.12.11 (/opt/ros/humble/share/ament_lint_auto/cmake)
[0.565s] -- Added test 'cppcheck' to perform static code analysis on C / C++ code
[0.567s] -- Configured cppcheck include dirs: /home/naor/Desktop/naor/study/Thesis/src/pointcloud_to_laserscan/include
[0.567s] -- Configured cppcheck exclude dirs and/or files: 
[0.569s] -- Added test 'cpplint' to check C / C++ code against the Google style
[0.571s] -- Configured cpplint exclude dirs and/or files: 
[0.571s] -- Added test 'flake8' to check Python code syntax and style conventions
[0.571s] -- Added test 'lint_cmake' to check CMake code style
[0.571s] -- Added test 'pep257' to check Python code against some of the docstring style conventions in PEP 257
[0.572s] -- Added test 'uncrustify' to check C / C++ code style
[0.572s] -- Configured uncrustify additional arguments: 
[0.573s] -- Added test 'xmllint' to check XML markup files
[0.577s] -- Configuring done
[0.615s] -- Generating done
[0.624s] -- Build files have been written to: /home/naor/Desktop/naor/study/Thesis/build/pointcloud_to_laserscan
[0.648s] [35m[1mConsolidate compiler generated dependencies of target laserscan_to_pointcloud_node[0m
[0.648s] [35m[1mConsolidate compiler generated dependencies of target laserscan_to_pointcloud[0m
[0.648s] [35m[1mConsolidate compiler generated dependencies of target pointcloud_to_laserscan_node[0m
[0.670s] [ 20%] [32mBuilding CXX object CMakeFiles/pointcloud_to_laserscan_node.dir/rclcpp_components/node_main_pointcloud_to_laserscan_node.cpp.o[0m
[0.670s] [ 20%] [32mBuilding CXX object CMakeFiles/laserscan_to_pointcloud_node.dir/rclcpp_components/node_main_laserscan_to_pointcloud_node.cpp.o[0m
[0.677s] [ 30%] [32mBuilding CXX object CMakeFiles/laserscan_to_pointcloud.dir/src/laserscan_to_pointcloud_node.cpp.o[0m
[2.908s] [ 40%] [32m[1mLinking CXX executable laserscan_to_pointcloud_node[0m
[2.929s] [ 50%] [32m[1mLinking CXX executable pointcloud_to_laserscan_node[0m
[3.017s] [ 50%] Built target laserscan_to_pointcloud_node
[3.021s] [ 50%] Built target pointcloud_to_laserscan_node
[8.402s] [ 60%] [32m[1mLinking CXX shared library liblaserscan_to_pointcloud.so[0m
[8.792s] [ 60%] Built target laserscan_to_pointcloud
[8.803s] [35m[1mConsolidate compiler generated dependencies of target pointcloud_to_laserscan[0m
[8.829s] [ 70%] [32mBuilding CXX object CMakeFiles/pointcloud_to_laserscan.dir/src/pointcloud_to_laserscan_node.cpp.o[0m
[16.041s] [ 80%] [32m[1mLinking CXX shared library libpointcloud_to_laserscan.so[0m
[16.440s] [ 80%] Built target pointcloud_to_laserscan
[16.449s] [35m[1mConsolidate compiler generated dependencies of target dummy_pointcloud_publisher[0m
[16.464s] [ 90%] [32mBuilding CXX object CMakeFiles/dummy_pointcloud_publisher.dir/src/dummy_pointcloud_publisher.cpp.o[0m
[19.200s] [100%] [32m[1mLinking CXX executable dummy_pointcloud_publisher[0m
[19.379s] [100%] Built target dummy_pointcloud_publisher
[19.391s] Invoked command in '/home/naor/Desktop/naor/study/Thesis/build/pointcloud_to_laserscan' returned '0': CMAKE_PREFIX_PATH=/home/naor/Desktop/naor/work/capsule_repo/install/teensy_ers:/home/naor/Desktop/naor/work/capsule_repo/install/elers_bridge:/opt/ros/humble /usr/bin/cmake --build /home/naor/Desktop/naor/study/Thesis/build/pointcloud_to_laserscan -- -j16 -l16
[19.392s] Invoking command in '/home/naor/Desktop/naor/study/Thesis/build/pointcloud_to_laserscan': CMAKE_PREFIX_PATH=/home/naor/Desktop/naor/work/capsule_repo/install/teensy_ers:/home/naor/Desktop/naor/work/capsule_repo/install/elers_bridge:/opt/ros/humble /usr/bin/cmake --install /home/naor/Desktop/naor/study/Thesis/build/pointcloud_to_laserscan
[19.405s] -- Install configuration: ""
[19.406s] -- Installing: /home/naor/Desktop/naor/study/Thesis/install/pointcloud_to_laserscan/lib/pointcloud_to_laserscan/laserscan_to_pointcloud_node
[19.407s] -- Set runtime path of "/home/naor/Desktop/naor/study/Thesis/install/pointcloud_to_laserscan/lib/pointcloud_to_laserscan/laserscan_to_pointcloud_node" to ""
[19.407s] -- Installing: /home/naor/Desktop/naor/study/Thesis/install/pointcloud_to_laserscan/lib/pointcloud_to_laserscan/pointcloud_to_laserscan_node
[19.408s] -- Set runtime path of "/home/naor/Desktop/naor/study/Thesis/install/pointcloud_to_laserscan/lib/pointcloud_to_laserscan/pointcloud_to_laserscan_node" to ""
[19.408s] -- Up-to-date: /home/naor/Desktop/naor/study/Thesis/install/pointcloud_to_laserscan/include
[19.408s] -- Up-to-date: /home/naor/Desktop/naor/study/Thesis/install/pointcloud_to_laserscan/include/pointcloud_to_laserscan
[19.408s] -- Installing: /home/naor/Desktop/naor/study/Thesis/install/pointcloud_to_laserscan/include/pointcloud_to_laserscan/visibility_control.h
[19.408s] -- Installing: /home/naor/Desktop/naor/study/Thesis/install/pointcloud_to_laserscan/include/pointcloud_to_laserscan/pointcloud_to_laserscan_node.hpp
[19.408s] -- Installing: /home/naor/Desktop/naor/study/Thesis/install/pointcloud_to_laserscan/include/pointcloud_to_laserscan/laserscan_to_pointcloud_node.hpp
[19.409s] -- Installing: /home/naor/Desktop/naor/study/Thesis/install/pointcloud_to_laserscan/share/pointcloud_to_laserscan/environment/library_path.sh
[19.409s] -- Installing: /home/naor/Desktop/naor/study/Thesis/install/pointcloud_to_laserscan/share/pointcloud_to_laserscan/environment/library_path.dsv
[19.410s] -- Installing: /home/naor/Desktop/naor/study/Thesis/install/pointcloud_to_laserscan/lib/liblaserscan_to_pointcloud.so
[19.416s] -- Set runtime path of "/home/naor/Desktop/naor/study/Thesis/install/pointcloud_to_laserscan/lib/liblaserscan_to_pointcloud.so" to ""
[19.416s] -- Installing: /home/naor/Desktop/naor/study/Thesis/install/pointcloud_to_laserscan/lib/libpointcloud_to_laserscan.so
[19.421s] -- Set runtime path of "/home/naor/Desktop/naor/study/Thesis/install/pointcloud_to_laserscan/lib/libpointcloud_to_laserscan.so" to ""
[19.422s] -- Installing: /home/naor/Desktop/naor/study/Thesis/install/pointcloud_to_laserscan/lib/pointcloud_to_laserscan/dummy_pointcloud_publisher
[19.423s] -- Set runtime path of "/home/naor/Desktop/naor/study/Thesis/install/pointcloud_to_laserscan/lib/pointcloud_to_laserscan/dummy_pointcloud_publisher" to ""
[19.423s] -- Up-to-date: /home/naor/Desktop/naor/study/Thesis/install/pointcloud_to_laserscan/share/pointcloud_to_laserscan/launch
[19.423s] -- Installing: /home/naor/Desktop/naor/study/Thesis/install/pointcloud_to_laserscan/share/pointcloud_to_laserscan/launch/sample_pointcloud_to_laserscan_launch.py
[19.423s] -- Installing: /home/naor/Desktop/naor/study/Thesis/install/pointcloud_to_laserscan/share/pointcloud_to_laserscan/launch/sample_laserscan_to_pointcloud_launch.py
[19.423s] -- Up-to-date: /home/naor/Desktop/naor/study/Thesis/install/pointcloud_to_laserscan/share/ament_index/resource_index/package_run_dependencies/pointcloud_to_laserscan
[19.423s] -- Installing: /home/naor/Desktop/naor/study/Thesis/install/pointcloud_to_laserscan/share/ament_index/resource_index/parent_prefix_path/pointcloud_to_laserscan
[19.423s] -- Installing: /home/naor/Desktop/naor/study/Thesis/install/pointcloud_to_laserscan/share/pointcloud_to_laserscan/environment/ament_prefix_path.sh
[19.423s] -- Installing: /home/naor/Desktop/naor/study/Thesis/install/pointcloud_to_laserscan/share/pointcloud_to_laserscan/environment/ament_prefix_path.dsv
[19.423s] -- Installing: /home/naor/Desktop/naor/study/Thesis/install/pointcloud_to_laserscan/share/pointcloud_to_laserscan/environment/path.sh
[19.423s] -- Installing: /home/naor/Desktop/naor/study/Thesis/install/pointcloud_to_laserscan/share/pointcloud_to_laserscan/environment/path.dsv
[19.423s] -- Up-to-date: /home/naor/Desktop/naor/study/Thesis/install/pointcloud_to_laserscan/share/pointcloud_to_laserscan/local_setup.bash
[19.423s] -- Installing: /home/naor/Desktop/naor/study/Thesis/install/pointcloud_to_laserscan/share/pointcloud_to_laserscan/local_setup.sh
[19.423s] -- Up-to-date: /home/naor/Desktop/naor/study/Thesis/install/pointcloud_to_laserscan/share/pointcloud_to_laserscan/local_setup.zsh
[19.423s] -- Installing: /home/naor/Desktop/naor/study/Thesis/install/pointcloud_to_laserscan/share/pointcloud_to_laserscan/local_setup.dsv
[19.423s] -- Installing: /home/naor/Desktop/naor/study/Thesis/install/pointcloud_to_laserscan/share/pointcloud_to_laserscan/package.dsv
[19.424s] -- Up-to-date: /home/naor/Desktop/naor/study/Thesis/install/pointcloud_to_laserscan/share/ament_index/resource_index/packages/pointcloud_to_laserscan
[19.424s] -- Up-to-date: /home/naor/Desktop/naor/study/Thesis/install/pointcloud_to_laserscan/share/ament_index/resource_index/rclcpp_components/pointcloud_to_laserscan
[19.424s] -- Up-to-date: /home/naor/Desktop/naor/study/Thesis/install/pointcloud_to_laserscan/share/pointcloud_to_laserscan/cmake/ament_cmake_export_dependencies-extras.cmake
[19.424s] -- Up-to-date: /home/naor/Desktop/naor/study/Thesis/install/pointcloud_to_laserscan/share/pointcloud_to_laserscan/cmake/ament_cmake_export_include_directories-extras.cmake
[19.424s] -- Up-to-date: /home/naor/Desktop/naor/study/Thesis/install/pointcloud_to_laserscan/share/pointcloud_to_laserscan/cmake/ament_cmake_export_libraries-extras.cmake
[19.424s] -- Installing: /home/naor/Desktop/naor/study/Thesis/install/pointcloud_to_laserscan/share/pointcloud_to_laserscan/cmake/pointcloud_to_laserscanConfig.cmake
[19.424s] -- Installing: /home/naor/Desktop/naor/study/Thesis/install/pointcloud_to_laserscan/share/pointcloud_to_laserscan/cmake/pointcloud_to_laserscanConfig-version.cmake
[19.424s] -- Installing: /home/naor/Desktop/naor/study/Thesis/install/pointcloud_to_laserscan/share/pointcloud_to_laserscan/package.xml
[19.426s] Invoked command in '/home/naor/Desktop/naor/study/Thesis/build/pointcloud_to_laserscan' returned '0': CMAKE_PREFIX_PATH=/home/naor/Desktop/naor/work/capsule_repo/install/teensy_ers:/home/naor/Desktop/naor/work/capsule_repo/install/elers_bridge:/opt/ros/humble /usr/bin/cmake --install /home/naor/Desktop/naor/study/Thesis/build/pointcloud_to_laserscan
