-- Found ament_cmake: 1.3.11 (/opt/ros/humble/share/ament_cmake/cmake)
-- Found rclcpp: 16.0.11 (/opt/ros/humble/share/rclcpp/cmake)
-- Found rosidl_generator_c: 3.1.6 (/opt/ros/humble/share/rosidl_generator_c/cmake)
-- Found rosidl_adapter: 3.1.6 (/opt/ros/humble/share/rosidl_adapter/cmake)
-- Found rosidl_generator_cpp: 3.1.6 (/opt/ros/humble/share/rosidl_generator_cpp/cmake)
-- Using all available rosidl_typesupport_c: rosidl_typesupport_fastrtps_c;rosidl_typesupport_introspection_c
-- Using all available rosidl_typesupport_cpp: rosidl_typesupport_fastrtps_cpp;rosidl_typesupport_introspection_cpp
-- Found rmw_implementation_cmake: 6.1.2 (/opt/ros/humble/share/rmw_implementation_cmake/cmake)
-- Found rmw_fastrtps_cpp: 6.2.7 (/opt/ros/humble/share/rmw_fastrtps_cpp/cmake)
-- Using RMW implementation 'rmw_fastrtps_cpp' as default
-- Found rosidl_default_generators: 1.2.0 (/opt/ros/humble/share/rosidl_default_generators/cmake)
-- Found ament_cmake_ros: 0.10.0 (/opt/ros/humble/share/ament_cmake_ros/cmake)
-- Using all available rosidl_typesupport_c: rosidl_typesupport_fastrtps_c;rosidl_typesupport_introspection_c
-- Using all available rosidl_typesupport_cpp: rosidl_typesupport_fastrtps_cpp;rosidl_typesupport_introspection_cpp
-- Found python_cmake_module: 0.10.0 (/opt/ros/humble/share/python_cmake_module/cmake)
-- Using PYTHON_EXECUTABLE: /usr/bin/python3
-- Using PYTHON_INCLUDE_DIRS: /usr/include/python3.10
-- Using PYTHON_LIBRARIES: /usr/lib/x86_64-linux-gnu/libpython3.10.so
-- Found ament_lint_auto: 0.12.11 (/opt/ros/humble/share/ament_lint_auto/cmake)
-- Added test 'copyright' to check source files copyright and LICENSE
-- Added test 'flake8' to check Python code syntax and style conventions
-- Added test 'lint_cmake' to check CMake code style
-- Added test 'pep257' to check Python code against some of the docstring style conventions in PEP 257
-- Added test 'uncrustify' to check C / C++ code style
-- Configured uncrustify additional arguments: 
-- Added test 'xmllint' to check XML markup files
-- Configuring done
-- Generating done
-- Build files have been written to: /home/naor/Desktop/naor/study/Thesis/build/ground_bot
[35m[1mConsolidate compiler generated dependencies of target ground_bot__rosidl_generator_c[0m
[  2%] Built target ground_bot__cpp
[  5%] [32mBuilding C object CMakeFiles/ground_bot__rosidl_generator_c.dir/rosidl_generator_c/ground_bot/msg/detail/pwm__functions.c.o[0m
[  7%] [32mBuilding C object CMakeFiles/ground_bot__rosidl_generator_c.dir/rosidl_generator_c/ground_bot/msg/detail/motor_data__functions.c.o[0m
[35m[1mConsolidate compiler generated dependencies of target ground_bot__rosidl_typesupport_cpp[0m
[  7%] Built target ament_cmake_python_copy_ground_bot
[35m[1mConsolidate compiler generated dependencies of target ground_bot__rosidl_typesupport_introspection_cpp[0m
[35m[1mConsolidate compiler generated dependencies of target ground_bot__rosidl_typesupport_fastrtps_cpp[0m
[ 10%] [32mBuilding CXX object CMakeFiles/ground_bot__rosidl_typesupport_cpp.dir/rosidl_typesupport_cpp/ground_bot/msg/pwm__type_support.cpp.o[0m
[ 12%] [32mBuilding CXX object CMakeFiles/ground_bot__rosidl_typesupport_cpp.dir/rosidl_typesupport_cpp/ground_bot/msg/motor_data__type_support.cpp.o[0m
[ 15%] [32mBuilding CXX object CMakeFiles/ground_bot__rosidl_typesupport_fastrtps_cpp.dir/rosidl_typesupport_fastrtps_cpp/ground_bot/msg/detail/dds_fastrtps/pwm__type_support.cpp.o[0m
[ 17%] [32mBuilding CXX object CMakeFiles/ground_bot__rosidl_typesupport_introspection_cpp.dir/rosidl_typesupport_introspection_cpp/ground_bot/msg/detail/motor_data__type_support.cpp.o[0m
[ 20%] [32mBuilding CXX object CMakeFiles/ground_bot__rosidl_typesupport_introspection_cpp.dir/rosidl_typesupport_introspection_cpp/ground_bot/msg/detail/pwm__type_support.cpp.o[0m
[ 23%] [32mBuilding CXX object CMakeFiles/ground_bot__rosidl_typesupport_fastrtps_cpp.dir/rosidl_typesupport_fastrtps_cpp/ground_bot/msg/detail/dds_fastrtps/motor_data__type_support.cpp.o[0m
[ 25%] [32m[1mLinking C shared library libground_bot__rosidl_generator_c.so[0m
[ 28%] Built target ground_bot__rosidl_generator_c
[35m[1mConsolidate compiler generated dependencies of target ground_bot__rosidl_typesupport_fastrtps_c[0m
[35m[1mConsolidate compiler generated dependencies of target ground_bot__rosidl_typesupport_introspection_c[0m
[35m[1mConsolidate compiler generated dependencies of target ground_bot__rosidl_typesupport_c[0m
[ 30%] [32mBuilding CXX object CMakeFiles/ground_bot__rosidl_typesupport_fastrtps_c.dir/rosidl_typesupport_fastrtps_c/ground_bot/msg/detail/pwm__type_support_c.cpp.o[0m
[ 33%] [32mBuilding C object CMakeFiles/ground_bot__rosidl_typesupport_introspection_c.dir/rosidl_typesupport_introspection_c/ground_bot/msg/detail/pwm__type_support.c.o[0m
[ 38%] [32mBuilding C object CMakeFiles/ground_bot__rosidl_typesupport_introspection_c.dir/rosidl_typesupport_introspection_c/ground_bot/msg/detail/motor_data__type_support.c.o[0m
[ 35%] [32mBuilding CXX object CMakeFiles/ground_bot__rosidl_typesupport_c.dir/rosidl_typesupport_c/ground_bot/msg/pwm__type_support.cpp.o[0m
[ 41%] [32mBuilding CXX object CMakeFiles/ground_bot__rosidl_typesupport_fastrtps_c.dir/rosidl_typesupport_fastrtps_c/ground_bot/msg/detail/motor_data__type_support_c.cpp.o[0m
[ 43%] [32mBuilding CXX object CMakeFiles/ground_bot__rosidl_typesupport_c.dir/rosidl_typesupport_c/ground_bot/msg/motor_data__type_support.cpp.o[0m
[ 46%] [32m[1mLinking C shared library libground_bot__rosidl_typesupport_introspection_c.so[0m
[ 48%] [32m[1mLinking CXX shared library libground_bot__rosidl_typesupport_c.so[0m
running egg_info
[ 51%] Built target ground_bot__rosidl_typesupport_introspection_c
writing ground_bot.egg-info/PKG-INFO
writing dependency_links to ground_bot.egg-info/dependency_links.txt
writing top-level names to ground_bot.egg-info/top_level.txt
[ 53%] Built target ground_bot__rosidl_typesupport_c
reading manifest file 'ground_bot.egg-info/SOURCES.txt'
[ 56%] [32m[1mLinking CXX shared library libground_bot__rosidl_typesupport_cpp.so[0m
writing manifest file 'ground_bot.egg-info/SOURCES.txt'
[ 56%] Built target ament_cmake_python_build_ground_bot_egg
[ 58%] Built target ground_bot__rosidl_typesupport_cpp
[ 61%] [32m[1mLinking CXX shared library libground_bot__rosidl_typesupport_fastrtps_cpp.so[0m
[ 64%] [32m[1mLinking CXX shared library libground_bot__rosidl_typesupport_introspection_cpp.so[0m
[ 66%] Built target ground_bot__rosidl_typesupport_fastrtps_cpp
[ 69%] Built target ground_bot__rosidl_typesupport_introspection_cpp
[ 71%] [32m[1mLinking CXX shared library libground_bot__rosidl_typesupport_fastrtps_c.so[0m
[ 74%] Built target ground_bot__rosidl_typesupport_fastrtps_c
[ 74%] Built target ground_bot
[ 76%] Built target ground_bot__py
[35m[1mConsolidate compiler generated dependencies of target ground_bot__rosidl_generator_py[0m
[ 79%] [32mBuilding C object CMakeFiles/ground_bot__rosidl_generator_py.dir/rosidl_generator_py/ground_bot/msg/_motor_data_s.c.o[0m
[ 82%] [32mBuilding C object CMakeFiles/ground_bot__rosidl_generator_py.dir/rosidl_generator_py/ground_bot/msg/_pwm_s.c.o[0m
[ 84%] [32m[1mLinking C shared library rosidl_generator_py/ground_bot/libground_bot__rosidl_generator_py.so[0m
[ 84%] Built target ground_bot__rosidl_generator_py
[35m[1mConsolidate compiler generated dependencies of target ground_bot__rosidl_typesupport_fastrtps_c__pyext[0m
[35m[1mConsolidate compiler generated dependencies of target ground_bot__rosidl_typesupport_c__pyext[0m
[35m[1mConsolidate compiler generated dependencies of target ground_bot__rosidl_typesupport_introspection_c__pyext[0m
[ 92%] [32mBuilding C object CMakeFiles/ground_bot__rosidl_typesupport_c__pyext.dir/rosidl_generator_py/ground_bot/_ground_bot_s.ep.rosidl_typesupport_c.c.o[0m
[ 92%] [32mBuilding C object CMakeFiles/ground_bot__rosidl_typesupport_fastrtps_c__pyext.dir/rosidl_generator_py/ground_bot/_ground_bot_s.ep.rosidl_typesupport_fastrtps_c.c.o[0m
[ 92%] [32mBuilding C object CMakeFiles/ground_bot__rosidl_typesupport_introspection_c__pyext.dir/rosidl_generator_py/ground_bot/_ground_bot_s.ep.rosidl_typesupport_introspection_c.c.o[0m
[ 97%] [32m[1mLinking C shared library rosidl_generator_py/ground_bot/ground_bot_s__rosidl_typesupport_introspection_c.cpython-310-x86_64-linux-gnu.so[0m
[ 97%] [32m[1mLinking C shared library rosidl_generator_py/ground_bot/ground_bot_s__rosidl_typesupport_fastrtps_c.cpython-310-x86_64-linux-gnu.so[0m
[100%] [32m[1mLinking C shared library rosidl_generator_py/ground_bot/ground_bot_s__rosidl_typesupport_c.cpython-310-x86_64-linux-gnu.so[0m
[100%] Built target ground_bot__rosidl_typesupport_introspection_c__pyext
[100%] Built target ground_bot__rosidl_typesupport_fastrtps_c__pyext
[100%] Built target ground_bot__rosidl_typesupport_c__pyext
