[0.766s] Invoking command in '/home/naor/Desktop/naor/study/Thesis/src/camera_nav': CMAKE_PREFIX_PATH=/home/naor/Desktop/naor/study/Thesis/install/pointcloud_to_laserscan:/home/naor/Desktop/naor/study/Thesis/install/roller:/home/naor/Desktop/naor/study/Thesis/install/robot_description:/home/naor/Desktop/naor/study/Thesis/install/ground_bot:/home/naor/Desktop/naor/study/Thesis/install/hamma_bot:/home/naor/Desktop/naor/study/Thesis/install/drone_c LD_LIBRARY_PATH=/home/naor/Desktop/naor/study/Thesis/install/pointcloud_to_laserscan/lib:/home/naor/Desktop/naor/study/Thesis/install/ground_bot/lib:/home/naor/Desktop/naor/study/Thesis/install/hamma_bot/lib:/home/naor/Desktop/naor/study/Thesis/install/drone_c/lib:/tmp/.mount_cursor7Mugmo/usr/lib/:/tmp/.mount_cursor7Mugmo/usr/lib32/:/tmp/.mount_cursor7Mugmo/usr/lib64/:/tmp/.mount_cursor7Mugmo/lib/:/tmp/.mount_cursor7Mugmo/lib/i386-linux-gnu/:/tmp/.mount_cursor7Mugmo/lib/x86_64-linux-gnu/:/tmp/.mount_cursor7Mugmo/lib/aarch64-linux-gnu/:/tmp/.mount_cursor7Mugmo/lib32/:/tmp/.mount_cursor7Mugmo/lib64/:/usr/lib/x86_64-linux-gnu/gazebo-11/plugins:/opt/ros/humble/opt/rviz_ogre_vendor/lib:/opt/ros/humble/lib/x86_64-linux-gnu:/opt/ros/humble/opt/openvdb_vendor/lib:/opt/ros/humble/lib PYTHONPATH=/home/naor/Desktop/naor/study/Thesis/build/camera_nav/prefix_override:/usr/lib/python3/dist-packages/colcon_core/task/python/colcon_distutils_commands:/home/naor/Desktop/naor/study/Thesis/install/camera_nav/lib/python3.10/site-packages:${PYTHONPATH} /usr/bin/python3 -W ignore:setup.py install is deprecated -W ignore:easy_install command is deprecated setup.py egg_info --egg-base ../../build/camera_nav build --build-base /home/naor/Desktop/naor/study/Thesis/build/camera_nav/build install --record /home/naor/Desktop/naor/study/Thesis/build/camera_nav/install.log --single-version-externally-managed install_data
[0.988s] running egg_info
[1.002s] writing ../../build/camera_nav/camera_nav.egg-info/PKG-INFO
[1.003s] writing dependency_links to ../../build/camera_nav/camera_nav.egg-info/dependency_links.txt
[1.003s] writing requirements to ../../build/camera_nav/camera_nav.egg-info/requires.txt
[1.003s] writing top-level names to ../../build/camera_nav/camera_nav.egg-info/top_level.txt
[1.036s] reading manifest file '../../build/camera_nav/camera_nav.egg-info/SOURCES.txt'
[1.037s] writing manifest file '../../build/camera_nav/camera_nav.egg-info/SOURCES.txt'
[1.037s] running build
[1.037s] running build_py
[1.037s] copying camera_nav/__init__.py -> /home/naor/Desktop/naor/study/Thesis/build/camera_nav/build/lib/camera_nav
[1.037s] running install
[1.041s] running install_lib
[1.059s] running install_data
[1.059s] copying resource/camera_nav -> /home/naor/Desktop/naor/study/Thesis/install/camera_nav/share/ament_index/resource_index/packages
[1.059s] copying package.xml -> /home/naor/Desktop/naor/study/Thesis/install/camera_nav/share/camera_nav
[1.059s] copying config/costmap_params.yaml -> /home/naor/Desktop/naor/study/Thesis/install/camera_nav/share/camera_nav/config
[1.060s] copying launch/camera_nav_launch.py -> /home/naor/Desktop/naor/study/Thesis/install/camera_nav/share/camera_nav/launch
[1.060s] running install_egg_info
[1.080s] removing '/home/naor/Desktop/naor/study/Thesis/install/camera_nav/lib/python3.10/site-packages/camera_nav-0.0.0-py3.10.egg-info' (and everything under it)
[1.080s] Copying ../../build/camera_nav/camera_nav.egg-info to /home/naor/Desktop/naor/study/Thesis/install/camera_nav/lib/python3.10/site-packages/camera_nav-0.0.0-py3.10.egg-info
[1.081s] running install_scripts
[1.191s] writing list of installed files to '/home/naor/Desktop/naor/study/Thesis/build/camera_nav/install.log'
[1.207s] Invoked command in '/home/naor/Desktop/naor/study/Thesis/src/camera_nav' returned '0': CMAKE_PREFIX_PATH=/home/naor/Desktop/naor/study/Thesis/install/pointcloud_to_laserscan:/home/naor/Desktop/naor/study/Thesis/install/roller:/home/naor/Desktop/naor/study/Thesis/install/robot_description:/home/naor/Desktop/naor/study/Thesis/install/ground_bot:/home/naor/Desktop/naor/study/Thesis/install/hamma_bot:/home/naor/Desktop/naor/study/Thesis/install/drone_c LD_LIBRARY_PATH=/home/naor/Desktop/naor/study/Thesis/install/pointcloud_to_laserscan/lib:/home/naor/Desktop/naor/study/Thesis/install/ground_bot/lib:/home/naor/Desktop/naor/study/Thesis/install/hamma_bot/lib:/home/naor/Desktop/naor/study/Thesis/install/drone_c/lib:/tmp/.mount_cursor7Mugmo/usr/lib/:/tmp/.mount_cursor7Mugmo/usr/lib32/:/tmp/.mount_cursor7Mugmo/usr/lib64/:/tmp/.mount_cursor7Mugmo/lib/:/tmp/.mount_cursor7Mugmo/lib/i386-linux-gnu/:/tmp/.mount_cursor7Mugmo/lib/x86_64-linux-gnu/:/tmp/.mount_cursor7Mugmo/lib/aarch64-linux-gnu/:/tmp/.mount_cursor7Mugmo/lib32/:/tmp/.mount_cursor7Mugmo/lib64/:/usr/lib/x86_64-linux-gnu/gazebo-11/plugins:/opt/ros/humble/opt/rviz_ogre_vendor/lib:/opt/ros/humble/lib/x86_64-linux-gnu:/opt/ros/humble/opt/openvdb_vendor/lib:/opt/ros/humble/lib PYTHONPATH=/home/naor/Desktop/naor/study/Thesis/build/camera_nav/prefix_override:/usr/lib/python3/dist-packages/colcon_core/task/python/colcon_distutils_commands:/home/naor/Desktop/naor/study/Thesis/install/camera_nav/lib/python3.10/site-packages:${PYTHONPATH} /usr/bin/python3 -W ignore:setup.py install is deprecated -W ignore:easy_install command is deprecated setup.py egg_info --egg-base ../../build/camera_nav build --build-base /home/naor/Desktop/naor/study/Thesis/build/camera_nav/build install --record /home/naor/Desktop/naor/study/Thesis/build/camera_nav/install.log --single-version-externally-managed install_data
