running egg_info
writing ../../build/controller/controller.egg-info/PKG-INFO
writing dependency_links to ../../build/controller/controller.egg-info/dependency_links.txt
writing requirements to ../../build/controller/controller.egg-info/requires.txt
writing top-level names to ../../build/controller/controller.egg-info/top_level.txt
reading manifest file '../../build/controller/controller.egg-info/SOURCES.txt'
adding license file 'LICENSE'
writing manifest file '../../build/controller/controller.egg-info/SOURCES.txt'
running build
running build_py
copying controller/__init__.py -> /home/naor/Desktop/naor/study/Thesis/build/controller/build/lib/controller
copying controller/controller_udp_ros.py -> /home/naor/Desktop/naor/study/Thesis/build/controller/build/lib/controller
copying controller/rtcom/__init__.py -> /home/naor/Desktop/naor/study/Thesis/build/controller/build/lib/controller/rtcom
copying controller/rtcom/rtcom_client.py -> /home/naor/Desktop/naor/study/Thesis/build/controller/build/lib/controller/rtcom
copying controller/rtcom/utils.py -> /home/naor/Desktop/naor/study/Thesis/build/controller/build/lib/controller/rtcom
copying controller/rtcom/core.py -> /home/naor/Desktop/naor/study/Thesis/build/controller/build/lib/controller/rtcom
copying controller/rtcom/rtcom_server.py -> /home/naor/Desktop/naor/study/Thesis/build/controller/build/lib/controller/rtcom
running install
running install_lib
creating /home/naor/Desktop/naor/study/Thesis/install/controller/lib/python3.10/site-packages/controller
creating /home/naor/Desktop/naor/study/Thesis/install/controller/lib/python3.10/site-packages/controller/rtcom
copying /home/naor/Desktop/naor/study/Thesis/build/controller/build/lib/controller/rtcom/__init__.py -> /home/naor/Desktop/naor/study/Thesis/install/controller/lib/python3.10/site-packages/controller/rtcom
copying /home/naor/Desktop/naor/study/Thesis/build/controller/build/lib/controller/rtcom/rtcom_client.py -> /home/naor/Desktop/naor/study/Thesis/install/controller/lib/python3.10/site-packages/controller/rtcom
copying /home/naor/Desktop/naor/study/Thesis/build/controller/build/lib/controller/rtcom/utils.py -> /home/naor/Desktop/naor/study/Thesis/install/controller/lib/python3.10/site-packages/controller/rtcom
copying /home/naor/Desktop/naor/study/Thesis/build/controller/build/lib/controller/rtcom/core.py -> /home/naor/Desktop/naor/study/Thesis/install/controller/lib/python3.10/site-packages/controller/rtcom
copying /home/naor/Desktop/naor/study/Thesis/build/controller/build/lib/controller/rtcom/rtcom_server.py -> /home/naor/Desktop/naor/study/Thesis/install/controller/lib/python3.10/site-packages/controller/rtcom
copying /home/naor/Desktop/naor/study/Thesis/build/controller/build/lib/controller/__init__.py -> /home/naor/Desktop/naor/study/Thesis/install/controller/lib/python3.10/site-packages/controller
copying /home/naor/Desktop/naor/study/Thesis/build/controller/build/lib/controller/controller_udp_ros.py -> /home/naor/Desktop/naor/study/Thesis/install/controller/lib/python3.10/site-packages/controller
byte-compiling /home/naor/Desktop/naor/study/Thesis/install/controller/lib/python3.10/site-packages/controller/rtcom/__init__.py to __init__.cpython-310.pyc
byte-compiling /home/naor/Desktop/naor/study/Thesis/install/controller/lib/python3.10/site-packages/controller/rtcom/rtcom_client.py to rtcom_client.cpython-310.pyc
byte-compiling /home/naor/Desktop/naor/study/Thesis/install/controller/lib/python3.10/site-packages/controller/rtcom/utils.py to utils.cpython-310.pyc
byte-compiling /home/naor/Desktop/naor/study/Thesis/install/controller/lib/python3.10/site-packages/controller/rtcom/core.py to core.cpython-310.pyc
byte-compiling /home/naor/Desktop/naor/study/Thesis/install/controller/lib/python3.10/site-packages/controller/rtcom/rtcom_server.py to rtcom_server.cpython-310.pyc
byte-compiling /home/naor/Desktop/naor/study/Thesis/install/controller/lib/python3.10/site-packages/controller/__init__.py to __init__.cpython-310.pyc
byte-compiling /home/naor/Desktop/naor/study/Thesis/install/controller/lib/python3.10/site-packages/controller/controller_udp_ros.py to controller_udp_ros.cpython-310.pyc
running install_data
creating /home/naor/Desktop/naor/study/Thesis/install/controller/share/ament_index/resource_index/packages
copying resource/controller -> /home/naor/Desktop/naor/study/Thesis/install/controller/share/ament_index/resource_index/packages
copying package.xml -> /home/naor/Desktop/naor/study/Thesis/install/controller/share/controller
creating /home/naor/Desktop/naor/study/Thesis/install/controller/share/controller/launch
copying launch/joystick_launch.py -> /home/naor/Desktop/naor/study/Thesis/install/controller/share/controller/launch
running install_egg_info
Copying ../../build/controller/controller.egg-info to /home/naor/Desktop/naor/study/Thesis/install/controller/lib/python3.10/site-packages/controller-0.0.0-py3.10.egg-info
running install_scripts
writing list of installed files to '/home/naor/Desktop/naor/study/Thesis/build/controller/install.log'
