[0.971s] Invoking command in '/home/naor/Desktop/naor/study/Thesis/src/controller': PYTHONPATH=/home/naor/Desktop/naor/study/Thesis/build/controller/prefix_override:/usr/lib/python3/dist-packages/colcon_core/task/python/colcon_distutils_commands:/home/naor/Desktop/naor/study/Thesis/install/controller/lib/python3.10/site-packages:${PYTHONPATH} /usr/bin/python3 -W ignore:setup.py install is deprecated -W ignore:easy_install command is deprecated setup.py egg_info --egg-base ../../build/controller build --build-base /home/naor/Desktop/naor/study/Thesis/build/controller/build install --record /home/naor/Desktop/naor/study/Thesis/build/controller/install.log --single-version-externally-managed install_data
[1.182s] running egg_info
[1.195s] writing ../../build/controller/controller.egg-info/PKG-INFO
[1.196s] writing dependency_links to ../../build/controller/controller.egg-info/dependency_links.txt
[1.196s] writing requirements to ../../build/controller/controller.egg-info/requires.txt
[1.196s] writing top-level names to ../../build/controller/controller.egg-info/top_level.txt
[1.225s] reading manifest file '../../build/controller/controller.egg-info/SOURCES.txt'
[1.226s] adding license file 'LICENSE'
[1.226s] writing manifest file '../../build/controller/controller.egg-info/SOURCES.txt'
[1.226s] running build
[1.227s] running build_py
[1.227s] running install
[1.232s] running install_lib
[1.245s] running install_data
[1.245s] running install_egg_info
[1.258s] removing '/home/naor/Desktop/naor/study/Thesis/install/controller/lib/python3.10/site-packages/controller-0.0.0-py3.10.egg-info' (and everything under it)
[1.258s] Copying ../../build/controller/controller.egg-info to /home/naor/Desktop/naor/study/Thesis/install/controller/lib/python3.10/site-packages/controller-0.0.0-py3.10.egg-info
[1.258s] running install_scripts
[1.358s] writing list of installed files to '/home/naor/Desktop/naor/study/Thesis/build/controller/install.log'
[1.379s] Invoked command in '/home/naor/Desktop/naor/study/Thesis/src/controller' returned '0': PYTHONPATH=/home/naor/Desktop/naor/study/Thesis/build/controller/prefix_override:/usr/lib/python3/dist-packages/colcon_core/task/python/colcon_distutils_commands:/home/naor/Desktop/naor/study/Thesis/install/controller/lib/python3.10/site-packages:${PYTHONPATH} /usr/bin/python3 -W ignore:setup.py install is deprecated -W ignore:easy_install command is deprecated setup.py egg_info --egg-base ../../build/controller build --build-base /home/naor/Desktop/naor/study/Thesis/build/controller/build install --record /home/naor/Desktop/naor/study/Thesis/build/controller/install.log --single-version-externally-managed install_data
