[0.167s] Invoking command in '/home/naor/Desktop/naor/study/Thesis/build/ground_bot': CMAKE_PREFIX_PATH=${CMAKE_PREFIX_PATH}:/home/naor/Desktop/naor/study/Thesis/install/camera_nav:/home/naor/Desktop/naor/study/Thesis/install/controller:/home/naor/Desktop/naor/work/capsule_repo/install/teensy_ers:/home/naor/Desktop/naor/work/capsule_repo/install/elers_bridge:/opt/ros/humble /usr/bin/cmake --build /home/naor/Desktop/naor/study/Thesis/build/ground_bot -- -j16 -l16
[0.228s] [35m[1mConsolidate compiler generated dependencies of target joy_twist[0m
[0.249s] [  9%] Built target ground_bot__rosidl_generator_c
[0.249s] [ 12%] Built target ground_bot__cpp
[0.249s] [ 12%] Built target ament_cmake_python_copy_ground_bot
[0.252s] [ 14%] [32mBuilding CXX object CMakeFiles/joy_twist.dir/src/joy_twist.cpp.o[0m
[0.271s] [ 24%] Built target ground_bot__rosidl_typesupport_cpp
[0.278s] [ 34%] Built target ground_bot__rosidl_typesupport_fastrtps_cpp
[0.280s] [ 43%] Built target ground_bot__rosidl_typesupport_introspection_c
[0.283s] [ 56%] Built target ground_bot__rosidl_typesupport_introspection_cpp
[0.283s] [ 63%] Built target ground_bot__rosidl_typesupport_c
[0.293s] [ 73%] Built target ground_bot__rosidl_typesupport_fastrtps_c
[0.309s] [ 73%] Built target ground_bot
[0.323s] [ 75%] Built target ground_bot__py
[0.338s] [ 82%] Built target ground_bot__rosidl_generator_py
[0.360s] [ 87%] Built target ground_bot__rosidl_typesupport_c__pyext
[0.361s] [ 92%] Built target ground_bot__rosidl_typesupport_fastrtps_c__pyext
[0.362s] [ 97%] Built target ground_bot__rosidl_typesupport_introspection_c__pyext
[0.441s] running egg_info
[0.453s] writing ground_bot.egg-info/PKG-INFO
[0.453s] writing dependency_links to ground_bot.egg-info/dependency_links.txt
[0.453s] writing top-level names to ground_bot.egg-info/top_level.txt
[0.491s] reading manifest file 'ground_bot.egg-info/SOURCES.txt'
[0.492s] writing manifest file 'ground_bot.egg-info/SOURCES.txt'
[0.517s] [ 97%] Built target ament_cmake_python_build_ground_bot_egg
[5.498s] [100%] [32m[1mLinking CXX executable joy_twist[0m
[5.795s] [100%] Built target joy_twist
[5.806s] Invoked command in '/home/naor/Desktop/naor/study/Thesis/build/ground_bot' returned '0': CMAKE_PREFIX_PATH=${CMAKE_PREFIX_PATH}:/home/naor/Desktop/naor/study/Thesis/install/camera_nav:/home/naor/Desktop/naor/study/Thesis/install/controller:/home/naor/Desktop/naor/work/capsule_repo/install/teensy_ers:/home/naor/Desktop/naor/work/capsule_repo/install/elers_bridge:/opt/ros/humble /usr/bin/cmake --build /home/naor/Desktop/naor/study/Thesis/build/ground_bot -- -j16 -l16
[5.807s] Invoking command in '/home/naor/Desktop/naor/study/Thesis/build/ground_bot': CMAKE_PREFIX_PATH=${CMAKE_PREFIX_PATH}:/home/naor/Desktop/naor/study/Thesis/install/camera_nav:/home/naor/Desktop/naor/study/Thesis/install/controller:/home/naor/Desktop/naor/work/capsule_repo/install/teensy_ers:/home/naor/Desktop/naor/work/capsule_repo/install/elers_bridge:/opt/ros/humble /usr/bin/cmake --install /home/naor/Desktop/naor/study/Thesis/build/ground_bot
[5.816s] -- Install configuration: ""
[5.817s] -- Up-to-date: /home/naor/Desktop/naor/study/Thesis/install/ground_bot/share/ament_index/resource_index/rosidl_interfaces/ground_bot
[5.817s] -- Up-to-date: /home/naor/Desktop/naor/study/Thesis/install/ground_bot/include/ground_bot/ground_bot
[5.817s] -- Up-to-date: /home/naor/Desktop/naor/study/Thesis/install/ground_bot/include/ground_bot/ground_bot/msg
[5.817s] -- Up-to-date: /home/naor/Desktop/naor/study/Thesis/install/ground_bot/include/ground_bot/ground_bot/msg/motor_data.h
[5.818s] -- Up-to-date: /home/naor/Desktop/naor/study/Thesis/install/ground_bot/include/ground_bot/ground_bot/msg/pwm.h
[5.818s] -- Up-to-date: /home/naor/Desktop/naor/study/Thesis/install/ground_bot/include/ground_bot/ground_bot/msg/rosidl_generator_c__visibility_control.h
[5.818s] -- Up-to-date: /home/naor/Desktop/naor/study/Thesis/install/ground_bot/include/ground_bot/ground_bot/msg/detail
[5.818s] -- Up-to-date: /home/naor/Desktop/naor/study/Thesis/install/ground_bot/include/ground_bot/ground_bot/msg/detail/pwm__functions.c
[5.818s] -- Up-to-date: /home/naor/Desktop/naor/study/Thesis/install/ground_bot/include/ground_bot/ground_bot/msg/detail/pwm__type_support.h
[5.818s] -- Up-to-date: /home/naor/Desktop/naor/study/Thesis/install/ground_bot/include/ground_bot/ground_bot/msg/detail/motor_data__functions.c
[5.818s] -- Up-to-date: /home/naor/Desktop/naor/study/Thesis/install/ground_bot/include/ground_bot/ground_bot/msg/detail/motor_data__type_support.h
[5.818s] -- Up-to-date: /home/naor/Desktop/naor/study/Thesis/install/ground_bot/include/ground_bot/ground_bot/msg/detail/pwm__functions.h
[5.818s] -- Up-to-date: /home/naor/Desktop/naor/study/Thesis/install/ground_bot/include/ground_bot/ground_bot/msg/detail/motor_data__struct.h
[5.818s] -- Up-to-date: /home/naor/Desktop/naor/study/Thesis/install/ground_bot/include/ground_bot/ground_bot/msg/detail/motor_data__functions.h
[5.818s] -- Up-to-date: /home/naor/Desktop/naor/study/Thesis/install/ground_bot/include/ground_bot/ground_bot/msg/detail/pwm__struct.h
[5.818s] -- Up-to-date: /home/naor/Desktop/naor/study/Thesis/install/ground_bot/share/ground_bot/environment/library_path.sh
[5.819s] -- Installing: /home/naor/Desktop/naor/study/Thesis/install/ground_bot/share/ground_bot/environment/library_path.dsv
[5.819s] -- Up-to-date: /home/naor/Desktop/naor/study/Thesis/install/ground_bot/lib/libground_bot__rosidl_generator_c.so
[5.819s] -- Up-to-date: /home/naor/Desktop/naor/study/Thesis/install/ground_bot/include/ground_bot/ground_bot
[5.819s] -- Up-to-date: /home/naor/Desktop/naor/study/Thesis/install/ground_bot/include/ground_bot/ground_bot/msg
[5.819s] -- Up-to-date: /home/naor/Desktop/naor/study/Thesis/install/ground_bot/include/ground_bot/ground_bot/msg/rosidl_typesupport_fastrtps_c__visibility_control.h
[5.819s] -- Up-to-date: /home/naor/Desktop/naor/study/Thesis/install/ground_bot/include/ground_bot/ground_bot/msg/detail
[5.819s] -- Up-to-date: /home/naor/Desktop/naor/study/Thesis/install/ground_bot/include/ground_bot/ground_bot/msg/detail/motor_data__rosidl_typesupport_fastrtps_c.h
[5.819s] -- Up-to-date: /home/naor/Desktop/naor/study/Thesis/install/ground_bot/include/ground_bot/ground_bot/msg/detail/pwm__rosidl_typesupport_fastrtps_c.h
[5.819s] -- Up-to-date: /home/naor/Desktop/naor/study/Thesis/install/ground_bot/lib/libground_bot__rosidl_typesupport_fastrtps_c.so
[5.819s] -- Up-to-date: /home/naor/Desktop/naor/study/Thesis/install/ground_bot/include/ground_bot/ground_bot
[5.819s] -- Up-to-date: /home/naor/Desktop/naor/study/Thesis/install/ground_bot/include/ground_bot/ground_bot/msg
[5.819s] -- Up-to-date: /home/naor/Desktop/naor/study/Thesis/install/ground_bot/include/ground_bot/ground_bot/msg/rosidl_generator_cpp__visibility_control.hpp
[5.819s] -- Up-to-date: /home/naor/Desktop/naor/study/Thesis/install/ground_bot/include/ground_bot/ground_bot/msg/motor_data.hpp
[5.820s] -- Up-to-date: /home/naor/Desktop/naor/study/Thesis/install/ground_bot/include/ground_bot/ground_bot/msg/pwm.hpp
[5.820s] -- Up-to-date: /home/naor/Desktop/naor/study/Thesis/install/ground_bot/include/ground_bot/ground_bot/msg/detail
[5.820s] -- Up-to-date: /home/naor/Desktop/naor/study/Thesis/install/ground_bot/include/ground_bot/ground_bot/msg/detail/motor_data__builder.hpp
[5.820s] -- Up-to-date: /home/naor/Desktop/naor/study/Thesis/install/ground_bot/include/ground_bot/ground_bot/msg/detail/motor_data__struct.hpp
[5.820s] -- Up-to-date: /home/naor/Desktop/naor/study/Thesis/install/ground_bot/include/ground_bot/ground_bot/msg/detail/pwm__builder.hpp
[5.820s] -- Up-to-date: /home/naor/Desktop/naor/study/Thesis/install/ground_bot/include/ground_bot/ground_bot/msg/detail/pwm__struct.hpp
[5.820s] -- Up-to-date: /home/naor/Desktop/naor/study/Thesis/install/ground_bot/include/ground_bot/ground_bot/msg/detail/motor_data__traits.hpp
[5.820s] -- Up-to-date: /home/naor/Desktop/naor/study/Thesis/install/ground_bot/include/ground_bot/ground_bot/msg/detail/pwm__traits.hpp
[5.820s] -- Up-to-date: /home/naor/Desktop/naor/study/Thesis/install/ground_bot/include/ground_bot/ground_bot/msg/detail/pwm__type_support.hpp
[5.820s] -- Up-to-date: /home/naor/Desktop/naor/study/Thesis/install/ground_bot/include/ground_bot/ground_bot/msg/detail/motor_data__type_support.hpp
[5.820s] -- Up-to-date: /home/naor/Desktop/naor/study/Thesis/install/ground_bot/include/ground_bot/ground_bot
[5.820s] -- Up-to-date: /home/naor/Desktop/naor/study/Thesis/install/ground_bot/include/ground_bot/ground_bot/msg
[5.820s] -- Up-to-date: /home/naor/Desktop/naor/study/Thesis/install/ground_bot/include/ground_bot/ground_bot/msg/rosidl_typesupport_fastrtps_cpp__visibility_control.h
[5.820s] -- Up-to-date: /home/naor/Desktop/naor/study/Thesis/install/ground_bot/include/ground_bot/ground_bot/msg/detail
[5.820s] -- Up-to-date: /home/naor/Desktop/naor/study/Thesis/install/ground_bot/include/ground_bot/ground_bot/msg/detail/pwm__rosidl_typesupport_fastrtps_cpp.hpp
[5.820s] -- Up-to-date: /home/naor/Desktop/naor/study/Thesis/install/ground_bot/include/ground_bot/ground_bot/msg/detail/dds_fastrtps
[5.820s] -- Up-to-date: /home/naor/Desktop/naor/study/Thesis/install/ground_bot/include/ground_bot/ground_bot/msg/detail/motor_data__rosidl_typesupport_fastrtps_cpp.hpp
[5.820s] -- Up-to-date: /home/naor/Desktop/naor/study/Thesis/install/ground_bot/lib/libground_bot__rosidl_typesupport_fastrtps_cpp.so
[5.821s] -- Up-to-date: /home/naor/Desktop/naor/study/Thesis/install/ground_bot/include/ground_bot/ground_bot
[5.821s] -- Up-to-date: /home/naor/Desktop/naor/study/Thesis/install/ground_bot/include/ground_bot/ground_bot/msg
[5.821s] -- Up-to-date: /home/naor/Desktop/naor/study/Thesis/install/ground_bot/include/ground_bot/ground_bot/msg/rosidl_typesupport_introspection_c__visibility_control.h
[5.821s] -- Up-to-date: /home/naor/Desktop/naor/study/Thesis/install/ground_bot/include/ground_bot/ground_bot/msg/detail
[5.821s] -- Up-to-date: /home/naor/Desktop/naor/study/Thesis/install/ground_bot/include/ground_bot/ground_bot/msg/detail/motor_data__type_support.c
[5.821s] -- Up-to-date: /home/naor/Desktop/naor/study/Thesis/install/ground_bot/include/ground_bot/ground_bot/msg/detail/motor_data__rosidl_typesupport_introspection_c.h
[5.821s] -- Up-to-date: /home/naor/Desktop/naor/study/Thesis/install/ground_bot/include/ground_bot/ground_bot/msg/detail/pwm__rosidl_typesupport_introspection_c.h
[5.821s] -- Up-to-date: /home/naor/Desktop/naor/study/Thesis/install/ground_bot/include/ground_bot/ground_bot/msg/detail/pwm__type_support.c
[5.821s] -- Up-to-date: /home/naor/Desktop/naor/study/Thesis/install/ground_bot/lib/libground_bot__rosidl_typesupport_introspection_c.so
[5.821s] -- Up-to-date: /home/naor/Desktop/naor/study/Thesis/install/ground_bot/lib/libground_bot__rosidl_typesupport_c.so
[5.821s] -- Up-to-date: /home/naor/Desktop/naor/study/Thesis/install/ground_bot/include/ground_bot/ground_bot
[5.821s] -- Up-to-date: /home/naor/Desktop/naor/study/Thesis/install/ground_bot/include/ground_bot/ground_bot/msg
[5.821s] -- Up-to-date: /home/naor/Desktop/naor/study/Thesis/install/ground_bot/include/ground_bot/ground_bot/msg/detail
[5.821s] -- Up-to-date: /home/naor/Desktop/naor/study/Thesis/install/ground_bot/include/ground_bot/ground_bot/msg/detail/pwm__rosidl_typesupport_introspection_cpp.hpp
[5.822s] -- Up-to-date: /home/naor/Desktop/naor/study/Thesis/install/ground_bot/include/ground_bot/ground_bot/msg/detail/motor_data__rosidl_typesupport_introspection_cpp.hpp
[5.822s] -- Up-to-date: /home/naor/Desktop/naor/study/Thesis/install/ground_bot/include/ground_bot/ground_bot/msg/detail/pwm__type_support.cpp
[5.822s] -- Up-to-date: /home/naor/Desktop/naor/study/Thesis/install/ground_bot/include/ground_bot/ground_bot/msg/detail/motor_data__type_support.cpp
[5.822s] -- Up-to-date: /home/naor/Desktop/naor/study/Thesis/install/ground_bot/lib/libground_bot__rosidl_typesupport_introspection_cpp.so
[5.822s] -- Up-to-date: /home/naor/Desktop/naor/study/Thesis/install/ground_bot/lib/libground_bot__rosidl_typesupport_cpp.so
[5.822s] -- Up-to-date: /home/naor/Desktop/naor/study/Thesis/install/ground_bot/share/ground_bot/environment/pythonpath.sh
[5.822s] -- Installing: /home/naor/Desktop/naor/study/Thesis/install/ground_bot/share/ground_bot/environment/pythonpath.dsv
[5.822s] -- Up-to-date: /home/naor/Desktop/naor/study/Thesis/install/ground_bot/local/lib/python3.10/dist-packages/ground_bot-0.0.1-py3.10.egg-info
[5.822s] -- Installing: /home/naor/Desktop/naor/study/Thesis/install/ground_bot/local/lib/python3.10/dist-packages/ground_bot-0.0.1-py3.10.egg-info/SOURCES.txt
[5.822s] -- Installing: /home/naor/Desktop/naor/study/Thesis/install/ground_bot/local/lib/python3.10/dist-packages/ground_bot-0.0.1-py3.10.egg-info/PKG-INFO
[5.822s] -- Installing: /home/naor/Desktop/naor/study/Thesis/install/ground_bot/local/lib/python3.10/dist-packages/ground_bot-0.0.1-py3.10.egg-info/dependency_links.txt
[5.822s] -- Installing: /home/naor/Desktop/naor/study/Thesis/install/ground_bot/local/lib/python3.10/dist-packages/ground_bot-0.0.1-py3.10.egg-info/top_level.txt
[5.822s] -- Up-to-date: /home/naor/Desktop/naor/study/Thesis/install/ground_bot/local/lib/python3.10/dist-packages/ground_bot
[5.822s] -- Up-to-date: /home/naor/Desktop/naor/study/Thesis/install/ground_bot/local/lib/python3.10/dist-packages/ground_bot/ground_bot_s__rosidl_typesupport_fastrtps_c.cpython-310-x86_64-linux-gnu.so
[5.822s] -- Installing: /home/naor/Desktop/naor/study/Thesis/install/ground_bot/local/lib/python3.10/dist-packages/ground_bot/__init__.py
[5.822s] -- Up-to-date: /home/naor/Desktop/naor/study/Thesis/install/ground_bot/local/lib/python3.10/dist-packages/ground_bot/msg
[5.822s] -- Up-to-date: /home/naor/Desktop/naor/study/Thesis/install/ground_bot/local/lib/python3.10/dist-packages/ground_bot/msg/__init__.py
[5.822s] -- Up-to-date: /home/naor/Desktop/naor/study/Thesis/install/ground_bot/local/lib/python3.10/dist-packages/ground_bot/msg/_motor_data_s.c
[5.822s] -- Up-to-date: /home/naor/Desktop/naor/study/Thesis/install/ground_bot/local/lib/python3.10/dist-packages/ground_bot/msg/_pwm_s.c
[5.823s] -- Up-to-date: /home/naor/Desktop/naor/study/Thesis/install/ground_bot/local/lib/python3.10/dist-packages/ground_bot/msg/_pwm.py
[5.823s] -- Up-to-date: /home/naor/Desktop/naor/study/Thesis/install/ground_bot/local/lib/python3.10/dist-packages/ground_bot/msg/_motor_data.py
[5.823s] -- Up-to-date: /home/naor/Desktop/naor/study/Thesis/install/ground_bot/local/lib/python3.10/dist-packages/ground_bot/_ground_bot_s.ep.rosidl_typesupport_fastrtps_c.c
[5.823s] -- Up-to-date: /home/naor/Desktop/naor/study/Thesis/install/ground_bot/local/lib/python3.10/dist-packages/ground_bot/ground_bot_s__rosidl_typesupport_introspection_c.cpython-310-x86_64-linux-gnu.so
[5.823s] -- Up-to-date: /home/naor/Desktop/naor/study/Thesis/install/ground_bot/local/lib/python3.10/dist-packages/ground_bot/_ground_bot_s.ep.rosidl_typesupport_introspection_c.c
[5.823s] -- Up-to-date: /home/naor/Desktop/naor/study/Thesis/install/ground_bot/local/lib/python3.10/dist-packages/ground_bot/libground_bot__rosidl_generator_py.so
[5.823s] -- Up-to-date: /home/naor/Desktop/naor/study/Thesis/install/ground_bot/local/lib/python3.10/dist-packages/ground_bot/ground_bot_s__rosidl_typesupport_c.cpython-310-x86_64-linux-gnu.so
[5.823s] -- Up-to-date: /home/naor/Desktop/naor/study/Thesis/install/ground_bot/local/lib/python3.10/dist-packages/ground_bot/_ground_bot_s.ep.rosidl_typesupport_c.c
[5.857s] Listing '/home/naor/Desktop/naor/study/Thesis/install/ground_bot/local/lib/python3.10/dist-packages/ground_bot'...
[5.857s] Compiling '/home/naor/Desktop/naor/study/Thesis/install/ground_bot/local/lib/python3.10/dist-packages/ground_bot/__init__.py'...
[5.857s] Listing '/home/naor/Desktop/naor/study/Thesis/install/ground_bot/local/lib/python3.10/dist-packages/ground_bot/msg'...
[5.860s] -- Up-to-date: /home/naor/Desktop/naor/study/Thesis/install/ground_bot/local/lib/python3.10/dist-packages/ground_bot/ground_bot_s__rosidl_typesupport_fastrtps_c.cpython-310-x86_64-linux-gnu.so
[5.860s] -- Up-to-date: /home/naor/Desktop/naor/study/Thesis/install/ground_bot/local/lib/python3.10/dist-packages/ground_bot/ground_bot_s__rosidl_typesupport_introspection_c.cpython-310-x86_64-linux-gnu.so
[5.860s] -- Up-to-date: /home/naor/Desktop/naor/study/Thesis/install/ground_bot/local/lib/python3.10/dist-packages/ground_bot/ground_bot_s__rosidl_typesupport_c.cpython-310-x86_64-linux-gnu.so
[5.860s] -- Up-to-date: /home/naor/Desktop/naor/study/Thesis/install/ground_bot/lib/libground_bot__rosidl_generator_py.so
[5.860s] -- Up-to-date: /home/naor/Desktop/naor/study/Thesis/install/ground_bot/share/ground_bot/msg/Pwm.idl
[5.860s] -- Up-to-date: /home/naor/Desktop/naor/study/Thesis/install/ground_bot/share/ground_bot/msg/MotorData.idl
[5.860s] -- Up-to-date: /home/naor/Desktop/naor/study/Thesis/install/ground_bot/share/ground_bot/msg/Pwm.msg
[5.860s] -- Up-to-date: /home/naor/Desktop/naor/study/Thesis/install/ground_bot/share/ground_bot/msg/MotorData.msg
[5.860s] -- Up-to-date: /home/naor/Desktop/naor/study/Thesis/install/ground_bot/share/ground_bot/launch
[5.861s] -- Up-to-date: /home/naor/Desktop/naor/study/Thesis/install/ground_bot/share/ground_bot/launch/sim_bot.launch.py
[5.861s] -- Up-to-date: /home/naor/Desktop/naor/study/Thesis/install/ground_bot/share/ground_bot/launch/real_bot.launch.py
[5.861s] -- Up-to-date: /home/naor/Desktop/naor/study/Thesis/install/ground_bot/share/ground_bot/config
[5.861s] -- Up-to-date: /home/naor/Desktop/naor/study/Thesis/install/ground_bot/share/ground_bot/config/diff_drive_controller_velocity.yaml
[5.861s] -- Up-to-date: /home/naor/Desktop/naor/study/Thesis/install/ground_bot/share/ground_bot/config/ekf.yaml
[5.861s] -- Up-to-date: /home/naor/Desktop/naor/study/Thesis/install/ground_bot/share/ground_bot/urdf
[5.861s] -- Installing: /home/naor/Desktop/naor/study/Thesis/install/ground_bot/share/ground_bot/urdf/ground_bot_descriptor.urdf
[5.861s] -- Up-to-date: /home/naor/Desktop/naor/study/Thesis/install/ground_bot/share/ground_bot/worlds
[5.861s] -- Up-to-date: /home/naor/Desktop/naor/study/Thesis/install/ground_bot/share/ground_bot/worlds/empty.sdf
[5.861s] -- Up-to-date: /home/naor/Desktop/naor/study/Thesis/install/ground_bot/share/ground_bot/worlds/bookstore.sdf
[5.861s] -- Up-to-date: /home/naor/Desktop/naor/study/Thesis/install/ground_bot/share/ground_bot/rviz
[5.861s] -- Installing: /home/naor/Desktop/naor/study/Thesis/install/ground_bot/share/ground_bot/rviz/urdf_config.rviz
[5.861s] -- Up-to-date: /home/naor/Desktop/naor/study/Thesis/install/ground_bot/lib/ground_bot/ground_bot_rtcom.py
[5.861s] -- Installing: /home/naor/Desktop/naor/study/Thesis/install/ground_bot/lib/ground_bot/joy_twist
[5.863s] -- Set runtime path of "/home/naor/Desktop/naor/study/Thesis/install/ground_bot/lib/ground_bot/joy_twist" to ""
[5.863s] -- Up-to-date: /home/naor/Desktop/naor/study/Thesis/install/ground_bot/share/ament_index/resource_index/package_run_dependencies/ground_bot
[5.863s] -- Up-to-date: /home/naor/Desktop/naor/study/Thesis/install/ground_bot/share/ament_index/resource_index/parent_prefix_path/ground_bot
[5.863s] -- Up-to-date: /home/naor/Desktop/naor/study/Thesis/install/ground_bot/share/ground_bot/environment/ament_prefix_path.sh
[5.863s] -- Installing: /home/naor/Desktop/naor/study/Thesis/install/ground_bot/share/ground_bot/environment/ament_prefix_path.dsv
[5.863s] -- Up-to-date: /home/naor/Desktop/naor/study/Thesis/install/ground_bot/share/ground_bot/environment/path.sh
[5.863s] -- Installing: /home/naor/Desktop/naor/study/Thesis/install/ground_bot/share/ground_bot/environment/path.dsv
[5.863s] -- Up-to-date: /home/naor/Desktop/naor/study/Thesis/install/ground_bot/share/ground_bot/local_setup.bash
[5.863s] -- Up-to-date: /home/naor/Desktop/naor/study/Thesis/install/ground_bot/share/ground_bot/local_setup.sh
[5.863s] -- Up-to-date: /home/naor/Desktop/naor/study/Thesis/install/ground_bot/share/ground_bot/local_setup.zsh
[5.863s] -- Installing: /home/naor/Desktop/naor/study/Thesis/install/ground_bot/share/ground_bot/local_setup.dsv
[5.863s] -- Installing: /home/naor/Desktop/naor/study/Thesis/install/ground_bot/share/ground_bot/package.dsv
[5.863s] -- Up-to-date: /home/naor/Desktop/naor/study/Thesis/install/ground_bot/share/ament_index/resource_index/packages/ground_bot
[5.863s] -- Up-to-date: /home/naor/Desktop/naor/study/Thesis/install/ground_bot/share/ground_bot/cmake/export_ground_bot__rosidl_generator_cExport.cmake
[5.863s] -- Up-to-date: /home/naor/Desktop/naor/study/Thesis/install/ground_bot/share/ground_bot/cmake/export_ground_bot__rosidl_generator_cExport-noconfig.cmake
[5.863s] -- Up-to-date: /home/naor/Desktop/naor/study/Thesis/install/ground_bot/share/ground_bot/cmake/export_ground_bot__rosidl_typesupport_fastrtps_cExport.cmake
[5.863s] -- Up-to-date: /home/naor/Desktop/naor/study/Thesis/install/ground_bot/share/ground_bot/cmake/export_ground_bot__rosidl_typesupport_fastrtps_cExport-noconfig.cmake
[5.863s] -- Up-to-date: /home/naor/Desktop/naor/study/Thesis/install/ground_bot/share/ground_bot/cmake/export_ground_bot__rosidl_generator_cppExport.cmake
[5.863s] -- Up-to-date: /home/naor/Desktop/naor/study/Thesis/install/ground_bot/share/ground_bot/cmake/export_ground_bot__rosidl_typesupport_fastrtps_cppExport.cmake
[5.863s] -- Up-to-date: /home/naor/Desktop/naor/study/Thesis/install/ground_bot/share/ground_bot/cmake/export_ground_bot__rosidl_typesupport_fastrtps_cppExport-noconfig.cmake
[5.863s] -- Up-to-date: /home/naor/Desktop/naor/study/Thesis/install/ground_bot/share/ground_bot/cmake/ground_bot__rosidl_typesupport_introspection_cExport.cmake
[5.863s] -- Up-to-date: /home/naor/Desktop/naor/study/Thesis/install/ground_bot/share/ground_bot/cmake/ground_bot__rosidl_typesupport_introspection_cExport-noconfig.cmake
[5.863s] -- Up-to-date: /home/naor/Desktop/naor/study/Thesis/install/ground_bot/share/ground_bot/cmake/ground_bot__rosidl_typesupport_cExport.cmake
[5.864s] -- Up-to-date: /home/naor/Desktop/naor/study/Thesis/install/ground_bot/share/ground_bot/cmake/ground_bot__rosidl_typesupport_cExport-noconfig.cmake
[5.864s] -- Up-to-date: /home/naor/Desktop/naor/study/Thesis/install/ground_bot/share/ground_bot/cmake/ground_bot__rosidl_typesupport_introspection_cppExport.cmake
[5.864s] -- Up-to-date: /home/naor/Desktop/naor/study/Thesis/install/ground_bot/share/ground_bot/cmake/ground_bot__rosidl_typesupport_introspection_cppExport-noconfig.cmake
[5.864s] -- Up-to-date: /home/naor/Desktop/naor/study/Thesis/install/ground_bot/share/ground_bot/cmake/ground_bot__rosidl_typesupport_cppExport.cmake
[5.864s] -- Up-to-date: /home/naor/Desktop/naor/study/Thesis/install/ground_bot/share/ground_bot/cmake/ground_bot__rosidl_typesupport_cppExport-noconfig.cmake
[5.864s] -- Up-to-date: /home/naor/Desktop/naor/study/Thesis/install/ground_bot/share/ground_bot/cmake/export_ground_bot__rosidl_generator_pyExport.cmake
[5.864s] -- Up-to-date: /home/naor/Desktop/naor/study/Thesis/install/ground_bot/share/ground_bot/cmake/export_ground_bot__rosidl_generator_pyExport-noconfig.cmake
[5.864s] -- Up-to-date: /home/naor/Desktop/naor/study/Thesis/install/ground_bot/share/ground_bot/cmake/rosidl_cmake-extras.cmake
[5.864s] -- Up-to-date: /home/naor/Desktop/naor/study/Thesis/install/ground_bot/share/ground_bot/cmake/ament_cmake_export_dependencies-extras.cmake
[5.864s] -- Up-to-date: /home/naor/Desktop/naor/study/Thesis/install/ground_bot/share/ground_bot/cmake/ament_cmake_export_include_directories-extras.cmake
[5.864s] -- Up-to-date: /home/naor/Desktop/naor/study/Thesis/install/ground_bot/share/ground_bot/cmake/ament_cmake_export_libraries-extras.cmake
[5.864s] -- Up-to-date: /home/naor/Desktop/naor/study/Thesis/install/ground_bot/share/ground_bot/cmake/ament_cmake_export_targets-extras.cmake
[5.864s] -- Up-to-date: /home/naor/Desktop/naor/study/Thesis/install/ground_bot/share/ground_bot/cmake/rosidl_cmake_export_typesupport_targets-extras.cmake
[5.864s] -- Up-to-date: /home/naor/Desktop/naor/study/Thesis/install/ground_bot/share/ground_bot/cmake/rosidl_cmake_export_typesupport_libraries-extras.cmake
[5.864s] -- Up-to-date: /home/naor/Desktop/naor/study/Thesis/install/ground_bot/share/ground_bot/cmake/ground_botConfig.cmake
[5.864s] -- Up-to-date: /home/naor/Desktop/naor/study/Thesis/install/ground_bot/share/ground_bot/cmake/ground_botConfig-version.cmake
[5.864s] -- Up-to-date: /home/naor/Desktop/naor/study/Thesis/install/ground_bot/share/ground_bot/package.xml
[5.865s] Invoked command in '/home/naor/Desktop/naor/study/Thesis/build/ground_bot' returned '0': CMAKE_PREFIX_PATH=${CMAKE_PREFIX_PATH}:/home/naor/Desktop/naor/study/Thesis/install/camera_nav:/home/naor/Desktop/naor/study/Thesis/install/controller:/home/naor/Desktop/naor/work/capsule_repo/install/teensy_ers:/home/naor/Desktop/naor/work/capsule_repo/install/elers_bridge:/opt/ros/humble /usr/bin/cmake --install /home/naor/Desktop/naor/study/Thesis/build/ground_bot
