[0.741s] Invoking command in '/home/naor/Desktop/naor/study/Thesis/src/roller': PYTHONPATH=/home/naor/Desktop/naor/study/Thesis/build/roller/prefix_override:/usr/lib/python3/dist-packages/colcon_core/task/python/colcon_distutils_commands:/home/naor/Desktop/naor/study/Thesis/install/roller/lib/python3.10/site-packages:${PYTHONPATH} /usr/bin/python3 -W ignore:setup.py install is deprecated -W ignore:easy_install command is deprecated setup.py egg_info --egg-base ../../build/roller build --build-base /home/naor/Desktop/naor/study/Thesis/build/roller/build install --record /home/naor/Desktop/naor/study/Thesis/build/roller/install.log --single-version-externally-managed install_data
[0.862s] /home/naor/.local/lib/python3.10/site-packages/setuptools/_distutils/dist.py:270: UserWarning: Unknown distribution option: 'tests_require'
[0.862s]   warnings.warn(msg)
[0.932s] running egg_info
[0.944s] writing ../../build/roller/roller.egg-info/PKG-INFO
[0.944s] writing dependency_links to ../../build/roller/roller.egg-info/dependency_links.txt
[0.944s] writing requirements to ../../build/roller/roller.egg-info/requires.txt
[0.944s] writing top-level names to ../../build/roller/roller.egg-info/top_level.txt
[0.971s] reading manifest file '../../build/roller/roller.egg-info/SOURCES.txt'
[0.972s] adding license file 'LICENSE'
[0.972s] writing manifest file '../../build/roller/roller.egg-info/SOURCES.txt'
[0.973s] running build
[0.973s] running build_py
[0.973s] copying roller/__init__.py -> /home/naor/Desktop/naor/study/Thesis/build/roller/build/lib/roller
[0.973s] running install
[0.973s] running install_lib
[0.986s] running install_data
[0.987s] copying resource/roller -> /home/naor/Desktop/naor/study/Thesis/install/roller/share/ament_index/resource_index/packages
[0.987s] copying package.xml -> /home/naor/Desktop/naor/study/Thesis/install/roller/share/roller
[0.987s] running install_egg_info
[0.999s] removing '/home/naor/Desktop/naor/study/Thesis/install/roller/lib/python3.10/site-packages/roller-0.0.0-py3.10.egg-info' (and everything under it)
[1.000s] Copying ../../build/roller/roller.egg-info to /home/naor/Desktop/naor/study/Thesis/install/roller/lib/python3.10/site-packages/roller-0.0.0-py3.10.egg-info
[1.000s] running install_scripts
[1.096s] writing list of installed files to '/home/naor/Desktop/naor/study/Thesis/build/roller/install.log'
[1.119s] Invoked command in '/home/naor/Desktop/naor/study/Thesis/src/roller' returned '0': PYTHONPATH=/home/naor/Desktop/naor/study/Thesis/build/roller/prefix_override:/usr/lib/python3/dist-packages/colcon_core/task/python/colcon_distutils_commands:/home/naor/Desktop/naor/study/Thesis/install/roller/lib/python3.10/site-packages:${PYTHONPATH} /usr/bin/python3 -W ignore:setup.py install is deprecated -W ignore:easy_install command is deprecated setup.py egg_info --egg-base ../../build/roller build --build-base /home/naor/Desktop/naor/study/Thesis/build/roller/build install --record /home/naor/Desktop/naor/study/Thesis/build/roller/install.log --single-version-externally-managed install_data
