[0.172s] Invoking command in '/home/naor/Desktop/naor/study/Thesis/build/robot_description': CMAKE_PREFIX_PATH=/home/naor/Desktop/naor/work/capsule_repo/install/teensy_ers:/home/naor/Desktop/naor/work/capsule_repo/install/elers_bridge:/opt/ros/humble /usr/bin/cmake /home/naor/Desktop/naor/study/Thesis/src/robot_description -DCMAKE_INSTALL_PREFIX=/home/naor/Desktop/naor/study/Thesis/install/robot_description
[0.247s] -- The C compiler identification is GNU 11.4.0
[0.310s] -- The CXX compiler identification is GNU 11.4.0
[0.317s] -- Detecting C compiler ABI info
[0.405s] -- Detecting C compiler ABI info - done
[0.411s] -- Check for working C compiler: /usr/bin/cc - skipped
[0.411s] -- Detecting C compile features
[0.411s] -- Detecting C compile features - done
[0.413s] -- Detecting CXX compiler ABI info
[0.509s] -- Detecting CXX compiler ABI info - done
[0.518s] -- Check for working CXX compiler: /usr/bin/c++ - skipped
[0.518s] -- Detecting CXX compile features
[0.518s] -- Detecting CXX compile features - done
[0.520s] -- Found ament_cmake: 1.3.11 (/opt/ros/humble/share/ament_cmake/cmake)
[0.843s] -- Found Python3: /usr/bin/python3 (found version "3.10.12") found components: Interpreter 
[0.933s] -- Found urdf: 2.6.1 (/opt/ros/humble/share/urdf/cmake)
[1.077s] -- Configuring done
[1.079s] -- Generating done
[1.080s] -- Build files have been written to: /home/naor/Desktop/naor/study/Thesis/build/robot_description
[1.086s] Invoked command in '/home/naor/Desktop/naor/study/Thesis/build/robot_description' returned '0': CMAKE_PREFIX_PATH=/home/naor/Desktop/naor/work/capsule_repo/install/teensy_ers:/home/naor/Desktop/naor/work/capsule_repo/install/elers_bridge:/opt/ros/humble /usr/bin/cmake /home/naor/Desktop/naor/study/Thesis/src/robot_description -DCMAKE_INSTALL_PREFIX=/home/naor/Desktop/naor/study/Thesis/install/robot_description
[1.087s] Invoking command in '/home/naor/Desktop/naor/study/Thesis/build/robot_description': CMAKE_PREFIX_PATH=/home/naor/Desktop/naor/work/capsule_repo/install/teensy_ers:/home/naor/Desktop/naor/work/capsule_repo/install/elers_bridge:/opt/ros/humble /usr/bin/cmake --build /home/naor/Desktop/naor/study/Thesis/build/robot_description -- -j16 -l16
[1.154s] Invoked command in '/home/naor/Desktop/naor/study/Thesis/build/robot_description' returned '0': CMAKE_PREFIX_PATH=/home/naor/Desktop/naor/work/capsule_repo/install/teensy_ers:/home/naor/Desktop/naor/work/capsule_repo/install/elers_bridge:/opt/ros/humble /usr/bin/cmake --build /home/naor/Desktop/naor/study/Thesis/build/robot_description -- -j16 -l16
[1.156s] Invoking command in '/home/naor/Desktop/naor/study/Thesis/build/robot_description': CMAKE_PREFIX_PATH=/home/naor/Desktop/naor/work/capsule_repo/install/teensy_ers:/home/naor/Desktop/naor/work/capsule_repo/install/elers_bridge:/opt/ros/humble /usr/bin/cmake --install /home/naor/Desktop/naor/study/Thesis/build/robot_description
[1.167s] -- Install configuration: ""
[1.167s] -- Installing: /home/naor/Desktop/naor/study/Thesis/install/robot_description/share/robot_description/launch
[1.167s] -- Installing: /home/naor/Desktop/naor/study/Thesis/install/robot_description/share/robot_description/launch/display.launch.py
[1.168s] -- Installing: /home/naor/Desktop/naor/study/Thesis/install/robot_description/share/robot_description/launch/controller.launch.py
[1.168s] -- Installing: /home/naor/Desktop/naor/study/Thesis/install/robot_description/share/robot_description/launch/gazebo_bot.launch.py
[1.168s] -- Installing: /home/naor/Desktop/naor/study/Thesis/install/robot_description/share/robot_description/config
[1.168s] -- Installing: /home/naor/Desktop/naor/study/Thesis/install/robot_description/share/robot_description/config/robot_controllers.yaml
[1.169s] -- Installing: /home/naor/Desktop/naor/study/Thesis/install/robot_description/share/ament_index/resource_index/package_run_dependencies/robot_description
[1.169s] -- Installing: /home/naor/Desktop/naor/study/Thesis/install/robot_description/share/ament_index/resource_index/parent_prefix_path/robot_description
[1.169s] -- Installing: /home/naor/Desktop/naor/study/Thesis/install/robot_description/share/robot_description/environment/ament_prefix_path.sh
[1.169s] -- Installing: /home/naor/Desktop/naor/study/Thesis/install/robot_description/share/robot_description/environment/ament_prefix_path.dsv
[1.169s] -- Installing: /home/naor/Desktop/naor/study/Thesis/install/robot_description/share/robot_description/environment/path.sh
[1.169s] -- Installing: /home/naor/Desktop/naor/study/Thesis/install/robot_description/share/robot_description/environment/path.dsv
[1.170s] -- Installing: /home/naor/Desktop/naor/study/Thesis/install/robot_description/share/robot_description/local_setup.bash
[1.170s] -- Installing: /home/naor/Desktop/naor/study/Thesis/install/robot_description/share/robot_description/local_setup.sh
[1.170s] -- Installing: /home/naor/Desktop/naor/study/Thesis/install/robot_description/share/robot_description/local_setup.zsh
[1.170s] -- Installing: /home/naor/Desktop/naor/study/Thesis/install/robot_description/share/robot_description/local_setup.dsv
[1.170s] -- Installing: /home/naor/Desktop/naor/study/Thesis/install/robot_description/share/robot_description/package.dsv
[1.170s] -- Installing: /home/naor/Desktop/naor/study/Thesis/install/robot_description/share/ament_index/resource_index/packages/robot_description
[1.171s] -- Installing: /home/naor/Desktop/naor/study/Thesis/install/robot_description/share/robot_description/cmake/robot_descriptionConfig.cmake
[1.171s] -- Installing: /home/naor/Desktop/naor/study/Thesis/install/robot_description/share/robot_description/cmake/robot_descriptionConfig-version.cmake
[1.171s] -- Installing: /home/naor/Desktop/naor/study/Thesis/install/robot_description/share/robot_description/package.xml
[1.173s] Invoked command in '/home/naor/Desktop/naor/study/Thesis/build/robot_description' returned '0': CMAKE_PREFIX_PATH=/home/naor/Desktop/naor/work/capsule_repo/install/teensy_ers:/home/naor/Desktop/naor/work/capsule_repo/install/elers_bridge:/opt/ros/humble /usr/bin/cmake --install /home/naor/Desktop/naor/study/Thesis/build/robot_description
