[0.736s] Invoking command in '/home/naor/Desktop/naor/study/Thesis/src/controller': PYTHONPATH=/home/naor/Desktop/naor/study/Thesis/build/controller/prefix_override:/usr/lib/python3/dist-packages/colcon_core/task/python/colcon_distutils_commands:/home/naor/Desktop/naor/study/Thesis/install/controller/lib/python3.10/site-packages:${PYTHONPATH} /usr/bin/python3 -W ignore:setup.py install is deprecated -W ignore:easy_install command is deprecated setup.py egg_info --egg-base ../../build/controller build --build-base /home/naor/Desktop/naor/study/Thesis/build/controller/build install --record /home/naor/Desktop/naor/study/Thesis/build/controller/install.log --single-version-externally-managed install_data
[0.919s] running egg_info
[0.930s] creating ../../build/controller/controller.egg-info
[0.930s] writing ../../build/controller/controller.egg-info/PKG-INFO
[0.930s] writing dependency_links to ../../build/controller/controller.egg-info/dependency_links.txt
[0.930s] writing requirements to ../../build/controller/controller.egg-info/requires.txt
[0.931s] writing top-level names to ../../build/controller/controller.egg-info/top_level.txt
[0.931s] writing manifest file '../../build/controller/controller.egg-info/SOURCES.txt'
[0.957s] reading manifest file '../../build/controller/controller.egg-info/SOURCES.txt'
[0.957s] adding license file 'LICENSE'
[0.957s] writing manifest file '../../build/controller/controller.egg-info/SOURCES.txt'
[0.958s] running build
[0.958s] running build_py
[0.958s] creating /home/naor/Desktop/naor/study/Thesis/build/controller/build/lib/controller
[0.958s] copying controller/__init__.py -> /home/naor/Desktop/naor/study/Thesis/build/controller/build/lib/controller
[0.958s] copying controller/controller_udp_ros.py -> /home/naor/Desktop/naor/study/Thesis/build/controller/build/lib/controller
[0.958s] creating /home/naor/Desktop/naor/study/Thesis/build/controller/build/lib/controller/rtcom
[0.958s] copying controller/rtcom/__init__.py -> /home/naor/Desktop/naor/study/Thesis/build/controller/build/lib/controller/rtcom
[0.958s] copying controller/rtcom/rtcom_client.py -> /home/naor/Desktop/naor/study/Thesis/build/controller/build/lib/controller/rtcom
[0.958s] copying controller/rtcom/utils.py -> /home/naor/Desktop/naor/study/Thesis/build/controller/build/lib/controller/rtcom
[0.959s] copying controller/rtcom/core.py -> /home/naor/Desktop/naor/study/Thesis/build/controller/build/lib/controller/rtcom
[0.959s] copying controller/rtcom/rtcom_server.py -> /home/naor/Desktop/naor/study/Thesis/build/controller/build/lib/controller/rtcom
[0.959s] running install
[0.962s] running install_lib
[0.975s] creating /home/naor/Desktop/naor/study/Thesis/install/controller/lib/python3.10/site-packages/controller
[0.975s] creating /home/naor/Desktop/naor/study/Thesis/install/controller/lib/python3.10/site-packages/controller/rtcom
[0.975s] copying /home/naor/Desktop/naor/study/Thesis/build/controller/build/lib/controller/rtcom/__init__.py -> /home/naor/Desktop/naor/study/Thesis/install/controller/lib/python3.10/site-packages/controller/rtcom
[0.975s] copying /home/naor/Desktop/naor/study/Thesis/build/controller/build/lib/controller/rtcom/rtcom_client.py -> /home/naor/Desktop/naor/study/Thesis/install/controller/lib/python3.10/site-packages/controller/rtcom
[0.975s] copying /home/naor/Desktop/naor/study/Thesis/build/controller/build/lib/controller/rtcom/utils.py -> /home/naor/Desktop/naor/study/Thesis/install/controller/lib/python3.10/site-packages/controller/rtcom
[0.975s] copying /home/naor/Desktop/naor/study/Thesis/build/controller/build/lib/controller/rtcom/core.py -> /home/naor/Desktop/naor/study/Thesis/install/controller/lib/python3.10/site-packages/controller/rtcom
[0.975s] copying /home/naor/Desktop/naor/study/Thesis/build/controller/build/lib/controller/rtcom/rtcom_server.py -> /home/naor/Desktop/naor/study/Thesis/install/controller/lib/python3.10/site-packages/controller/rtcom
[0.975s] copying /home/naor/Desktop/naor/study/Thesis/build/controller/build/lib/controller/__init__.py -> /home/naor/Desktop/naor/study/Thesis/install/controller/lib/python3.10/site-packages/controller
[0.975s] copying /home/naor/Desktop/naor/study/Thesis/build/controller/build/lib/controller/controller_udp_ros.py -> /home/naor/Desktop/naor/study/Thesis/install/controller/lib/python3.10/site-packages/controller
[0.976s] byte-compiling /home/naor/Desktop/naor/study/Thesis/install/controller/lib/python3.10/site-packages/controller/rtcom/__init__.py to __init__.cpython-310.pyc
[0.976s] byte-compiling /home/naor/Desktop/naor/study/Thesis/install/controller/lib/python3.10/site-packages/controller/rtcom/rtcom_client.py to rtcom_client.cpython-310.pyc
[0.977s] byte-compiling /home/naor/Desktop/naor/study/Thesis/install/controller/lib/python3.10/site-packages/controller/rtcom/utils.py to utils.cpython-310.pyc
[0.977s] byte-compiling /home/naor/Desktop/naor/study/Thesis/install/controller/lib/python3.10/site-packages/controller/rtcom/core.py to core.cpython-310.pyc
[0.977s] byte-compiling /home/naor/Desktop/naor/study/Thesis/install/controller/lib/python3.10/site-packages/controller/rtcom/rtcom_server.py to rtcom_server.cpython-310.pyc
[0.978s] byte-compiling /home/naor/Desktop/naor/study/Thesis/install/controller/lib/python3.10/site-packages/controller/__init__.py to __init__.cpython-310.pyc
[0.978s] byte-compiling /home/naor/Desktop/naor/study/Thesis/install/controller/lib/python3.10/site-packages/controller/controller_udp_ros.py to controller_udp_ros.cpython-310.pyc
[0.978s] running install_data
[0.978s] creating /home/naor/Desktop/naor/study/Thesis/install/controller/share/ament_index/resource_index/packages
[0.979s] copying resource/controller -> /home/naor/Desktop/naor/study/Thesis/install/controller/share/ament_index/resource_index/packages
[0.979s] copying package.xml -> /home/naor/Desktop/naor/study/Thesis/install/controller/share/controller
[0.979s] creating /home/naor/Desktop/naor/study/Thesis/install/controller/share/controller/launch
[0.979s] copying launch/joystick_launch.py -> /home/naor/Desktop/naor/study/Thesis/install/controller/share/controller/launch
[0.979s] running install_egg_info
[0.993s] Copying ../../build/controller/controller.egg-info to /home/naor/Desktop/naor/study/Thesis/install/controller/lib/python3.10/site-packages/controller-0.0.0-py3.10.egg-info
[0.993s] running install_scripts
[1.093s] writing list of installed files to '/home/naor/Desktop/naor/study/Thesis/build/controller/install.log'
[1.113s] Invoked command in '/home/naor/Desktop/naor/study/Thesis/src/controller' returned '0': PYTHONPATH=/home/naor/Desktop/naor/study/Thesis/build/controller/prefix_override:/usr/lib/python3/dist-packages/colcon_core/task/python/colcon_distutils_commands:/home/naor/Desktop/naor/study/Thesis/install/controller/lib/python3.10/site-packages:${PYTHONPATH} /usr/bin/python3 -W ignore:setup.py install is deprecated -W ignore:easy_install command is deprecated setup.py egg_info --egg-base ../../build/controller build --build-base /home/naor/Desktop/naor/study/Thesis/build/controller/build install --record /home/naor/Desktop/naor/study/Thesis/build/controller/install.log --single-version-externally-managed install_data
