[0.204s] Invoking command in '/home/naor/Desktop/naor/study/Thesis/build/roller': CMAKE_PREFIX_PATH=${CMAKE_PREFIX_PATH}:/home/naor/Desktop/naor/study/Thesis/install/camera_nav:/home/naor/Desktop/naor/study/Thesis/install/controller:/home/naor/Desktop/naor/work/capsule_repo/install/teensy_ers:/home/naor/Desktop/naor/work/capsule_repo/install/elers_bridge:/opt/ros/humble /usr/bin/cmake --build /home/naor/Desktop/naor/study/Thesis/build/roller -- -j16 -l16
[0.531s] Invoked command in '/home/naor/Desktop/naor/study/Thesis/build/roller' returned '0': CMAKE_PREFIX_PATH=${CMAKE_PREFIX_PATH}:/home/naor/Desktop/naor/study/Thesis/install/camera_nav:/home/naor/Desktop/naor/study/Thesis/install/controller:/home/naor/Desktop/naor/work/capsule_repo/install/teensy_ers:/home/naor/Desktop/naor/work/capsule_repo/install/elers_bridge:/opt/ros/humble /usr/bin/cmake --build /home/naor/Desktop/naor/study/Thesis/build/roller -- -j16 -l16
[0.533s] Invoking command in '/home/naor/Desktop/naor/study/Thesis/build/roller': CMAKE_PREFIX_PATH=${CMAKE_PREFIX_PATH}:/home/naor/Desktop/naor/study/Thesis/install/camera_nav:/home/naor/Desktop/naor/study/Thesis/install/controller:/home/naor/Desktop/naor/work/capsule_repo/install/teensy_ers:/home/naor/Desktop/naor/work/capsule_repo/install/elers_bridge:/opt/ros/humble /usr/bin/cmake --install /home/naor/Desktop/naor/study/Thesis/build/roller
[0.615s] -- Install configuration: ""
[0.615s] -- Up-to-date: /home/naor/Desktop/naor/study/Thesis/install/roller/share/ament_index/resource_index/package_run_dependencies/roller
[0.616s] -- Up-to-date: /home/naor/Desktop/naor/study/Thesis/install/roller/share/ament_index/resource_index/parent_prefix_path/roller
[0.616s] -- Up-to-date: /home/naor/Desktop/naor/study/Thesis/install/roller/share/roller/environment/ament_prefix_path.sh
[0.616s] -- Up-to-date: /home/naor/Desktop/naor/study/Thesis/install/roller/share/roller/environment/ament_prefix_path.dsv
[0.616s] -- Up-to-date: /home/naor/Desktop/naor/study/Thesis/install/roller/share/roller/environment/path.sh
[0.616s] -- Up-to-date: /home/naor/Desktop/naor/study/Thesis/install/roller/share/roller/environment/path.dsv
[0.617s] -- Up-to-date: /home/naor/Desktop/naor/study/Thesis/install/roller/share/roller/local_setup.bash
[0.617s] -- Up-to-date: /home/naor/Desktop/naor/study/Thesis/install/roller/share/roller/local_setup.sh
[0.617s] -- Up-to-date: /home/naor/Desktop/naor/study/Thesis/install/roller/share/roller/local_setup.zsh
[0.617s] -- Up-to-date: /home/naor/Desktop/naor/study/Thesis/install/roller/share/roller/local_setup.dsv
[0.617s] -- Installing: /home/naor/Desktop/naor/study/Thesis/install/roller/share/roller/package.dsv
[0.617s] -- Up-to-date: /home/naor/Desktop/naor/study/Thesis/install/roller/share/ament_index/resource_index/packages/roller
[0.617s] -- Up-to-date: /home/naor/Desktop/naor/study/Thesis/install/roller/share/roller/cmake/rollerConfig.cmake
[0.617s] -- Up-to-date: /home/naor/Desktop/naor/study/Thesis/install/roller/share/roller/cmake/rollerConfig-version.cmake
[0.617s] -- Up-to-date: /home/naor/Desktop/naor/study/Thesis/install/roller/share/roller/package.xml
[0.624s] Invoked command in '/home/naor/Desktop/naor/study/Thesis/build/roller' returned '0': CMAKE_PREFIX_PATH=${CMAKE_PREFIX_PATH}:/home/naor/Desktop/naor/study/Thesis/install/camera_nav:/home/naor/Desktop/naor/study/Thesis/install/controller:/home/naor/Desktop/naor/work/capsule_repo/install/teensy_ers:/home/naor/Desktop/naor/work/capsule_repo/install/elers_bridge:/opt/ros/humble /usr/bin/cmake --install /home/naor/Desktop/naor/study/Thesis/build/roller
