[1.011s] Invoking command in '/home/naor/Desktop/naor/study/Thesis/src/camera_nav': PYTHONPATH=/home/naor/Desktop/naor/study/Thesis/build/camera_nav/prefix_override:/usr/lib/python3/dist-packages/colcon_core/task/python/colcon_distutils_commands:/home/naor/Desktop/naor/study/Thesis/install/camera_nav/lib/python3.10/site-packages:${PYTHONPATH} /usr/bin/python3 -W ignore:setup.py install is deprecated -W ignore:easy_install command is deprecated setup.py egg_info --egg-base ../../build/camera_nav build --build-base /home/naor/Desktop/naor/study/Thesis/build/camera_nav/build install --record /home/naor/Desktop/naor/study/Thesis/build/camera_nav/install.log --single-version-externally-managed install_data
[1.224s] running egg_info
[1.240s] writing ../../build/camera_nav/camera_nav.egg-info/PKG-INFO
[1.241s] writing dependency_links to ../../build/camera_nav/camera_nav.egg-info/dependency_links.txt
[1.241s] writing requirements to ../../build/camera_nav/camera_nav.egg-info/requires.txt
[1.241s] writing top-level names to ../../build/camera_nav/camera_nav.egg-info/top_level.txt
[1.270s] reading manifest file '../../build/camera_nav/camera_nav.egg-info/SOURCES.txt'
[1.271s] writing manifest file '../../build/camera_nav/camera_nav.egg-info/SOURCES.txt'
[1.271s] running build
[1.271s] running build_py
[1.271s] copying camera_nav/__init__.py -> /home/naor/Desktop/naor/study/Thesis/build/camera_nav/build/lib/camera_nav
[1.272s] running install
[1.275s] running install_lib
[1.289s] running install_data
[1.289s] copying resource/camera_nav -> /home/naor/Desktop/naor/study/Thesis/install/camera_nav/share/ament_index/resource_index/packages
[1.289s] copying package.xml -> /home/naor/Desktop/naor/study/Thesis/install/camera_nav/share/camera_nav
[1.289s] copying config/costmap_params.yaml -> /home/naor/Desktop/naor/study/Thesis/install/camera_nav/share/camera_nav/config
[1.290s] copying launch/camera_nav_launch.py -> /home/naor/Desktop/naor/study/Thesis/install/camera_nav/share/camera_nav/launch
[1.290s] running install_egg_info
[1.306s] removing '/home/naor/Desktop/naor/study/Thesis/install/camera_nav/lib/python3.10/site-packages/camera_nav-0.0.0-py3.10.egg-info' (and everything under it)
[1.306s] Copying ../../build/camera_nav/camera_nav.egg-info to /home/naor/Desktop/naor/study/Thesis/install/camera_nav/lib/python3.10/site-packages/camera_nav-0.0.0-py3.10.egg-info
[1.307s] running install_scripts
[1.405s] writing list of installed files to '/home/naor/Desktop/naor/study/Thesis/build/camera_nav/install.log'
[1.436s] Invoked command in '/home/naor/Desktop/naor/study/Thesis/src/camera_nav' returned '0': PYTHONPATH=/home/naor/Desktop/naor/study/Thesis/build/camera_nav/prefix_override:/usr/lib/python3/dist-packages/colcon_core/task/python/colcon_distutils_commands:/home/naor/Desktop/naor/study/Thesis/install/camera_nav/lib/python3.10/site-packages:${PYTHONPATH} /usr/bin/python3 -W ignore:setup.py install is deprecated -W ignore:easy_install command is deprecated setup.py egg_info --egg-base ../../build/camera_nav build --build-base /home/naor/Desktop/naor/study/Thesis/build/camera_nav/build install --record /home/naor/Desktop/naor/study/Thesis/build/camera_nav/install.log --single-version-externally-managed install_data
