[0.575s] Invoking command in '/home/naor/Desktop/naor/study/Thesis/src/camera_nav': CMAKE_PREFIX_PATH=/home/naor/Desktop/naor/study/Thesis/install/pointcloud_to_laserscan:/home/naor/Desktop/naor/study/Thesis/install/robot_description:/home/naor/Desktop/naor/study/Thesis/install/ground_bot:/home/naor/Desktop/naor/study/Thesis/install/drone_c PYTHONPATH=/home/naor/Desktop/naor/study/Thesis/build/camera_nav/prefix_override:/usr/lib/python3/dist-packages/colcon_core/task/python/colcon_distutils_commands:/home/naor/Desktop/naor/study/Thesis/install/camera_nav/lib/python3.10/site-packages:${PYTHONPATH} /usr/bin/python3 -W ignore:setup.py install is deprecated -W ignore:easy_install command is deprecated setup.py egg_info --egg-base ../../build/camera_nav build --build-base /home/naor/Desktop/naor/study/Thesis/build/camera_nav/build install --record /home/naor/Desktop/naor/study/Thesis/build/camera_nav/install.log --single-version-externally-managed install_data
[0.771s] running egg_info
[0.783s] writing ../../build/camera_nav/camera_nav.egg-info/PKG-INFO
[0.784s] writing dependency_links to ../../build/camera_nav/camera_nav.egg-info/dependency_links.txt
[0.784s] writing requirements to ../../build/camera_nav/camera_nav.egg-info/requires.txt
[0.784s] writing top-level names to ../../build/camera_nav/camera_nav.egg-info/top_level.txt
[0.809s] reading manifest file '../../build/camera_nav/camera_nav.egg-info/SOURCES.txt'
[0.810s] writing manifest file '../../build/camera_nav/camera_nav.egg-info/SOURCES.txt'
[0.810s] running build
[0.810s] running build_py
[0.810s] copying camera_nav/__init__.py -> /home/naor/Desktop/naor/study/Thesis/build/camera_nav/build/lib/camera_nav
[0.810s] running install
[0.813s] running install_lib
[0.826s] running install_data
[0.826s] copying resource/camera_nav -> /home/naor/Desktop/naor/study/Thesis/install/camera_nav/share/ament_index/resource_index/packages
[0.826s] copying package.xml -> /home/naor/Desktop/naor/study/Thesis/install/camera_nav/share/camera_nav
[0.826s] copying config/costmap_params.yaml -> /home/naor/Desktop/naor/study/Thesis/install/camera_nav/share/camera_nav/config
[0.826s] copying launch/camera_nav_launch.py -> /home/naor/Desktop/naor/study/Thesis/install/camera_nav/share/camera_nav/launch
[0.826s] running install_egg_info
[0.839s] removing '/home/naor/Desktop/naor/study/Thesis/install/camera_nav/lib/python3.10/site-packages/camera_nav-0.0.0-py3.10.egg-info' (and everything under it)
[0.839s] Copying ../../build/camera_nav/camera_nav.egg-info to /home/naor/Desktop/naor/study/Thesis/install/camera_nav/lib/python3.10/site-packages/camera_nav-0.0.0-py3.10.egg-info
[0.840s] running install_scripts
[0.941s] writing list of installed files to '/home/naor/Desktop/naor/study/Thesis/build/camera_nav/install.log'
[0.956s] Invoked command in '/home/naor/Desktop/naor/study/Thesis/src/camera_nav' returned '0': CMAKE_PREFIX_PATH=/home/naor/Desktop/naor/study/Thesis/install/pointcloud_to_laserscan:/home/naor/Desktop/naor/study/Thesis/install/robot_description:/home/naor/Desktop/naor/study/Thesis/install/ground_bot:/home/naor/Desktop/naor/study/Thesis/install/drone_c PYTHONPATH=/home/naor/Desktop/naor/study/Thesis/build/camera_nav/prefix_override:/usr/lib/python3/dist-packages/colcon_core/task/python/colcon_distutils_commands:/home/naor/Desktop/naor/study/Thesis/install/camera_nav/lib/python3.10/site-packages:${PYTHONPATH} /usr/bin/python3 -W ignore:setup.py install is deprecated -W ignore:easy_install command is deprecated setup.py egg_info --egg-base ../../build/camera_nav build --build-base /home/naor/Desktop/naor/study/Thesis/build/camera_nav/build install --record /home/naor/Desktop/naor/study/Thesis/build/camera_nav/install.log --single-version-externally-managed install_data
