[0.676s] Invoking command in '/home/naor/Desktop/naor/study/Thesis/src/controller': PYTHONPATH=/home/naor/Desktop/naor/study/Thesis/build/controller/prefix_override:/usr/lib/python3/dist-packages/colcon_core/task/python/colcon_distutils_commands:/home/naor/Desktop/naor/study/Thesis/install/controller/lib/python3.10/site-packages:${PYTHONPATH} /usr/bin/python3 -W ignore:setup.py install is deprecated -W ignore:easy_install command is deprecated setup.py egg_info --egg-base ../../build/controller build --build-base /home/naor/Desktop/naor/study/Thesis/build/controller/build install --record /home/naor/Desktop/naor/study/Thesis/build/controller/install.log --single-version-externally-managed install_data
[0.863s] running egg_info
[0.875s] writing ../../build/controller/controller.egg-info/PKG-INFO
[0.876s] writing dependency_links to ../../build/controller/controller.egg-info/dependency_links.txt
[0.876s] writing requirements to ../../build/controller/controller.egg-info/requires.txt
[0.876s] writing top-level names to ../../build/controller/controller.egg-info/top_level.txt
[0.901s] reading manifest file '../../build/controller/controller.egg-info/SOURCES.txt'
[0.901s] adding license file 'LICENSE'
[0.902s] writing manifest file '../../build/controller/controller.egg-info/SOURCES.txt'
[0.902s] running build
[0.902s] running build_py
[0.902s] copying controller/__init__.py -> /home/naor/Desktop/naor/study/Thesis/build/controller/build/lib/controller
[0.902s] copying controller/controller_udp_ros.py -> /home/naor/Desktop/naor/study/Thesis/build/controller/build/lib/controller
[0.902s] copying controller/rtcom/__init__.py -> /home/naor/Desktop/naor/study/Thesis/build/controller/build/lib/controller/rtcom
[0.902s] copying controller/rtcom/rtcom_client.py -> /home/naor/Desktop/naor/study/Thesis/build/controller/build/lib/controller/rtcom
[0.902s] copying controller/rtcom/utils.py -> /home/naor/Desktop/naor/study/Thesis/build/controller/build/lib/controller/rtcom
[0.902s] copying controller/rtcom/core.py -> /home/naor/Desktop/naor/study/Thesis/build/controller/build/lib/controller/rtcom
[0.903s] copying controller/rtcom/rtcom_server.py -> /home/naor/Desktop/naor/study/Thesis/build/controller/build/lib/controller/rtcom
[0.903s] running install
[0.906s] running install_lib
[0.919s] running install_data
[0.919s] copying resource/controller -> /home/naor/Desktop/naor/study/Thesis/install/controller/share/ament_index/resource_index/packages
[0.919s] copying package.xml -> /home/naor/Desktop/naor/study/Thesis/install/controller/share/controller
[0.919s] copying launch/joystick_launch.py -> /home/naor/Desktop/naor/study/Thesis/install/controller/share/controller/launch
[0.919s] running install_egg_info
[0.933s] removing '/home/naor/Desktop/naor/study/Thesis/install/controller/lib/python3.10/site-packages/controller-0.0.0-py3.10.egg-info' (and everything under it)
[0.933s] Copying ../../build/controller/controller.egg-info to /home/naor/Desktop/naor/study/Thesis/install/controller/lib/python3.10/site-packages/controller-0.0.0-py3.10.egg-info
[0.933s] running install_scripts
[1.058s] writing list of installed files to '/home/naor/Desktop/naor/study/Thesis/build/controller/install.log'
[1.079s] Invoked command in '/home/naor/Desktop/naor/study/Thesis/src/controller' returned '0': PYTHONPATH=/home/naor/Desktop/naor/study/Thesis/build/controller/prefix_override:/usr/lib/python3/dist-packages/colcon_core/task/python/colcon_distutils_commands:/home/naor/Desktop/naor/study/Thesis/install/controller/lib/python3.10/site-packages:${PYTHONPATH} /usr/bin/python3 -W ignore:setup.py install is deprecated -W ignore:easy_install command is deprecated setup.py egg_info --egg-base ../../build/controller build --build-base /home/naor/Desktop/naor/study/Thesis/build/controller/build install --record /home/naor/Desktop/naor/study/Thesis/build/controller/install.log --single-version-externally-managed install_data
