[0.175s] Invoking command in '/home/naor/Desktop/naor/study/Thesis/build/drone_c': CMAKE_PREFIX_PATH=${CMAKE_PREFIX_PATH}:/home/naor/Desktop/naor/study/Thesis/install/camera_nav:/home/naor/Desktop/naor/study/Thesis/install/controller:/home/naor/Desktop/naor/work/capsule_repo/install/teensy_ers:/home/naor/Desktop/naor/work/capsule_repo/install/elers_bridge:/opt/ros/humble /usr/bin/cmake --build /home/naor/Desktop/naor/study/Thesis/build/drone_c -- -j16 -l16
[0.217s] [  1%] Built target drone_c__cpp
[0.218s] [ 12%] Built target drone_c__rosidl_generator_c
[0.229s] [ 12%] Built target ament_cmake_python_copy_drone_c
[0.254s] [ 23%] Built target drone_c__rosidl_typesupport_cpp
[0.254s] [ 34%] Built target drone_c__rosidl_typesupport_c
[0.258s] [ 47%] Built target drone_c__rosidl_typesupport_introspection_c
[0.258s] [ 67%] Built target drone_c__rosidl_typesupport_fastrtps_cpp
[0.258s] [ 67%] Built target drone_c__rosidl_typesupport_introspection_cpp
[0.258s] [ 78%] Built target drone_c__rosidl_typesupport_fastrtps_c
[0.273s] [ 78%] Built target drone_c
[0.288s] [ 80%] Built target drone_c__py
[0.308s] [ 89%] Built target drone_c__rosidl_generator_py
[0.325s] [ 92%] Built target drone_c__rosidl_typesupport_fastrtps_c__pyext
[0.326s] [ 96%] Built target drone_c__rosidl_typesupport_c__pyext
[0.329s] [100%] Built target drone_c__rosidl_typesupport_introspection_c__pyext
[0.405s] running egg_info
[0.418s] writing drone_c.egg-info/PKG-INFO
[0.418s] writing dependency_links to drone_c.egg-info/dependency_links.txt
[0.419s] writing top-level names to drone_c.egg-info/top_level.txt
[0.455s] reading manifest file 'drone_c.egg-info/SOURCES.txt'
[0.456s] writing manifest file 'drone_c.egg-info/SOURCES.txt'
[0.480s] [100%] Built target ament_cmake_python_build_drone_c_egg
