running egg_info
creating ../../build/roller/roller.egg-info
writing ../../build/roller/roller.egg-info/PKG-INFO
writing dependency_links to ../../build/roller/roller.egg-info/dependency_links.txt
writing requirements to ../../build/roller/roller.egg-info/requires.txt
writing top-level names to ../../build/roller/roller.egg-info/top_level.txt
writing manifest file '../../build/roller/roller.egg-info/SOURCES.txt'
reading manifest file '../../build/roller/roller.egg-info/SOURCES.txt'
adding license file 'LICENSE'
writing manifest file '../../build/roller/roller.egg-info/SOURCES.txt'
running build
running build_py
creating /home/naor/Desktop/naor/study/Thesis/build/roller/build/lib/roller
copying roller/__init__.py -> /home/naor/Desktop/naor/study/Thesis/build/roller/build/lib/roller
running install
running install_lib
creating /home/naor/Desktop/naor/study/Thesis/install/roller/lib/python3.10/site-packages/roller
copying /home/naor/Desktop/naor/study/Thesis/build/roller/build/lib/roller/__init__.py -> /home/naor/Desktop/naor/study/Thesis/install/roller/lib/python3.10/site-packages/roller
byte-compiling /home/naor/Desktop/naor/study/Thesis/install/roller/lib/python3.10/site-packages/roller/__init__.py to __init__.cpython-310.pyc
running install_data
creating /home/naor/Desktop/naor/study/Thesis/install/roller/share/ament_index/resource_index/packages
copying resource/roller -> /home/naor/Desktop/naor/study/Thesis/install/roller/share/ament_index/resource_index/packages
copying package.xml -> /home/naor/Desktop/naor/study/Thesis/install/roller/share/roller
running install_egg_info
Copying ../../build/roller/roller.egg-info to /home/naor/Desktop/naor/study/Thesis/install/roller/lib/python3.10/site-packages/roller-0.0.0-py3.10.egg-info
running install_scripts
writing list of installed files to '/home/naor/Desktop/naor/study/Thesis/build/roller/install.log'
