[0.167s] Invoking command in '/home/naor/Desktop/naor/study/Thesis/build/robot_description': CMAKE_PREFIX_PATH=${CMAKE_PREFIX_PATH}:/home/naor/Desktop/naor/study/Thesis/install/roller:/home/naor/Desktop/naor/study/Thesis/install/camera_nav:/home/naor/Desktop/naor/study/Thesis/install/controller:/home/naor/Desktop/naor/work/capsule_repo/install/teensy_ers:/home/naor/Desktop/naor/work/capsule_repo/install/elers_bridge:/opt/ros/humble /usr/bin/cmake --build /home/naor/Desktop/naor/study/Thesis/build/robot_description -- -j16 -l16
[0.341s] Invoked command in '/home/naor/Desktop/naor/study/Thesis/build/robot_description' returned '0': CMAKE_PREFIX_PATH=${CMAKE_PREFIX_PATH}:/home/naor/Desktop/naor/study/Thesis/install/roller:/home/naor/Desktop/naor/study/Thesis/install/camera_nav:/home/naor/Desktop/naor/study/Thesis/install/controller:/home/naor/Desktop/naor/work/capsule_repo/install/teensy_ers:/home/naor/Desktop/naor/work/capsule_repo/install/elers_bridge:/opt/ros/humble /usr/bin/cmake --build /home/naor/Desktop/naor/study/Thesis/build/robot_description -- -j16 -l16
[0.342s] Invoking command in '/home/naor/Desktop/naor/study/Thesis/build/robot_description': CMAKE_PREFIX_PATH=${CMAKE_PREFIX_PATH}:/home/naor/Desktop/naor/study/Thesis/install/roller:/home/naor/Desktop/naor/study/Thesis/install/camera_nav:/home/naor/Desktop/naor/study/Thesis/install/controller:/home/naor/Desktop/naor/work/capsule_repo/install/teensy_ers:/home/naor/Desktop/naor/work/capsule_repo/install/elers_bridge:/opt/ros/humble /usr/bin/cmake --install /home/naor/Desktop/naor/study/Thesis/build/robot_description
[0.351s] -- Install configuration: ""
[0.351s] -- Up-to-date: /home/naor/Desktop/naor/study/Thesis/install/robot_description/share/robot_description/urdf
[0.351s] -- Up-to-date: /home/naor/Desktop/naor/study/Thesis/install/robot_description/share/robot_description/urdf/motor.ros2_control.xacro
[0.351s] -- Up-to-date: /home/naor/Desktop/naor/study/Thesis/install/robot_description/share/robot_description/urdf/my_robot.urdf.xacro
[0.352s] -- Up-to-date: /home/naor/Desktop/naor/study/Thesis/install/robot_description/share/robot_description/urdf/robot_gazebo.xacro
[0.352s] -- Up-to-date: /home/naor/Desktop/naor/study/Thesis/install/robot_description/share/robot_description/urdf/main.urdf.xacro
[0.352s] -- Up-to-date: /home/naor/Desktop/naor/study/Thesis/install/robot_description/share/robot_description/launch
[0.352s] -- Up-to-date: /home/naor/Desktop/naor/study/Thesis/install/robot_description/share/robot_description/launch/display.launch.py
[0.352s] -- Up-to-date: /home/naor/Desktop/naor/study/Thesis/install/robot_description/share/robot_description/launch/controller.launch.py
[0.352s] -- Up-to-date: /home/naor/Desktop/naor/study/Thesis/install/robot_description/share/robot_description/launch/gazebo_bot.launch.py
[0.352s] -- Up-to-date: /home/naor/Desktop/naor/study/Thesis/install/robot_description/share/robot_description/rviz
[0.352s] -- Up-to-date: /home/naor/Desktop/naor/study/Thesis/install/robot_description/share/robot_description/meshes
[0.352s] -- Up-to-date: /home/naor/Desktop/naor/study/Thesis/install/robot_description/share/robot_description/meshes/WholeDrone.STL
[0.352s] -- Up-to-date: /home/naor/Desktop/naor/study/Thesis/install/robot_description/share/robot_description/meshes/PropellerForRos.STL
[0.352s] -- Up-to-date: /home/naor/Desktop/naor/study/Thesis/install/robot_description/share/robot_description/urdf
[0.352s] -- Up-to-date: /home/naor/Desktop/naor/study/Thesis/install/robot_description/share/robot_description/urdf/motor.ros2_control.xacro
[0.352s] -- Up-to-date: /home/naor/Desktop/naor/study/Thesis/install/robot_description/share/robot_description/urdf/my_robot.urdf.xacro
[0.353s] -- Up-to-date: /home/naor/Desktop/naor/study/Thesis/install/robot_description/share/robot_description/urdf/robot_gazebo.xacro
[0.353s] -- Up-to-date: /home/naor/Desktop/naor/study/Thesis/install/robot_description/share/robot_description/urdf/main.urdf.xacro
[0.353s] -- Up-to-date: /home/naor/Desktop/naor/study/Thesis/install/robot_description/share/robot_description/launch
[0.353s] -- Up-to-date: /home/naor/Desktop/naor/study/Thesis/install/robot_description/share/robot_description/launch/display.launch.py
[0.353s] -- Up-to-date: /home/naor/Desktop/naor/study/Thesis/install/robot_description/share/robot_description/launch/controller.launch.py
[0.353s] -- Up-to-date: /home/naor/Desktop/naor/study/Thesis/install/robot_description/share/robot_description/launch/gazebo_bot.launch.py
[0.353s] -- Up-to-date: /home/naor/Desktop/naor/study/Thesis/install/robot_description/share/robot_description/rviz
[0.353s] -- Up-to-date: /home/naor/Desktop/naor/study/Thesis/install/robot_description/share/robot_description/meshes
[0.353s] -- Up-to-date: /home/naor/Desktop/naor/study/Thesis/install/robot_description/share/robot_description/meshes/WholeDrone.STL
[0.353s] -- Up-to-date: /home/naor/Desktop/naor/study/Thesis/install/robot_description/share/robot_description/meshes/PropellerForRos.STL
[0.354s] -- Up-to-date: /home/naor/Desktop/naor/study/Thesis/install/robot_description/share/robot_description/launch
[0.354s] -- Up-to-date: /home/naor/Desktop/naor/study/Thesis/install/robot_description/share/robot_description/launch/display.launch.py
[0.354s] -- Up-to-date: /home/naor/Desktop/naor/study/Thesis/install/robot_description/share/robot_description/launch/controller.launch.py
[0.354s] -- Up-to-date: /home/naor/Desktop/naor/study/Thesis/install/robot_description/share/robot_description/launch/gazebo_bot.launch.py
[0.354s] -- Up-to-date: /home/naor/Desktop/naor/study/Thesis/install/robot_description/share/robot_description/config
[0.354s] -- Up-to-date: /home/naor/Desktop/naor/study/Thesis/install/robot_description/share/robot_description/config/robot_controllers.yaml
[0.354s] -- Up-to-date: /home/naor/Desktop/naor/study/Thesis/install/robot_description/share/ament_index/resource_index/package_run_dependencies/robot_description
[0.354s] -- Up-to-date: /home/naor/Desktop/naor/study/Thesis/install/robot_description/share/ament_index/resource_index/parent_prefix_path/robot_description
[0.354s] -- Up-to-date: /home/naor/Desktop/naor/study/Thesis/install/robot_description/share/robot_description/environment/ament_prefix_path.sh
[0.354s] -- Up-to-date: /home/naor/Desktop/naor/study/Thesis/install/robot_description/share/robot_description/environment/ament_prefix_path.dsv
[0.354s] -- Up-to-date: /home/naor/Desktop/naor/study/Thesis/install/robot_description/share/robot_description/environment/path.sh
[0.354s] -- Up-to-date: /home/naor/Desktop/naor/study/Thesis/install/robot_description/share/robot_description/environment/path.dsv
[0.355s] -- Up-to-date: /home/naor/Desktop/naor/study/Thesis/install/robot_description/share/robot_description/local_setup.bash
[0.355s] -- Up-to-date: /home/naor/Desktop/naor/study/Thesis/install/robot_description/share/robot_description/local_setup.sh
[0.355s] -- Up-to-date: /home/naor/Desktop/naor/study/Thesis/install/robot_description/share/robot_description/local_setup.zsh
[0.355s] -- Up-to-date: /home/naor/Desktop/naor/study/Thesis/install/robot_description/share/robot_description/local_setup.dsv
[0.355s] -- Installing: /home/naor/Desktop/naor/study/Thesis/install/robot_description/share/robot_description/package.dsv
[0.355s] -- Up-to-date: /home/naor/Desktop/naor/study/Thesis/install/robot_description/share/ament_index/resource_index/packages/robot_description
[0.355s] -- Up-to-date: /home/naor/Desktop/naor/study/Thesis/install/robot_description/share/robot_description/cmake/robot_descriptionConfig.cmake
[0.355s] -- Up-to-date: /home/naor/Desktop/naor/study/Thesis/install/robot_description/share/robot_description/cmake/robot_descriptionConfig-version.cmake
[0.355s] -- Up-to-date: /home/naor/Desktop/naor/study/Thesis/install/robot_description/share/robot_description/package.xml
[0.369s] Invoked command in '/home/naor/Desktop/naor/study/Thesis/build/robot_description' returned '0': CMAKE_PREFIX_PATH=${CMAKE_PREFIX_PATH}:/home/naor/Desktop/naor/study/Thesis/install/roller:/home/naor/Desktop/naor/study/Thesis/install/camera_nav:/home/naor/Desktop/naor/study/Thesis/install/controller:/home/naor/Desktop/naor/work/capsule_repo/install/teensy_ers:/home/naor/Desktop/naor/work/capsule_repo/install/elers_bridge:/opt/ros/humble /usr/bin/cmake --install /home/naor/Desktop/naor/study/Thesis/build/robot_description
