[0.747s] Invoking command in '/home/naor/Desktop/naor/study/Thesis/src/camera_nav': AMENT_PREFIX_PATH=/home/naor/Desktop/naor/study/Thesis/install/pointcloud_to_laserscan:${AMENT_PREFIX_PATH} CMAKE_PREFIX_PATH=/home/naor/Desktop/naor/study/Thesis/install/pointcloud_to_laserscan LD_LIBRARY_PATH=/home/naor/Desktop/naor/study/Thesis/install/pointcloud_to_laserscan/lib:${LD_LIBRARY_PATH} PYTHONPATH=/home/naor/Desktop/naor/study/Thesis/build/camera_nav/prefix_override:/usr/lib/python3/dist-packages/colcon_core/task/python/colcon_distutils_commands:/home/naor/Desktop/naor/study/Thesis/install/camera_nav/lib/python3.10/site-packages:${PYTHONPATH} /usr/bin/python3 -W ignore:setup.py install is deprecated -W ignore:easy_install command is deprecated setup.py egg_info --egg-base ../../build/camera_nav build --build-base /home/naor/Desktop/naor/study/Thesis/build/camera_nav/build install --record /home/naor/Desktop/naor/study/Thesis/build/camera_nav/install.log --single-version-externally-managed install_data
[0.948s] running egg_info
[0.962s] writing ../../build/camera_nav/camera_nav.egg-info/PKG-INFO
[0.962s] writing dependency_links to ../../build/camera_nav/camera_nav.egg-info/dependency_links.txt
[0.962s] writing requirements to ../../build/camera_nav/camera_nav.egg-info/requires.txt
[0.962s] writing top-level names to ../../build/camera_nav/camera_nav.egg-info/top_level.txt
[0.990s] reading manifest file '../../build/camera_nav/camera_nav.egg-info/SOURCES.txt'
[0.991s] writing manifest file '../../build/camera_nav/camera_nav.egg-info/SOURCES.txt'
[0.991s] running build
[0.991s] running build_py
[0.991s] copying camera_nav/__init__.py -> /home/naor/Desktop/naor/study/Thesis/build/camera_nav/build/lib/camera_nav
[0.991s] running install
[0.995s] running install_lib
[1.009s] running install_data
[1.009s] copying resource/camera_nav -> /home/naor/Desktop/naor/study/Thesis/install/camera_nav/share/ament_index/resource_index/packages
[1.009s] copying package.xml -> /home/naor/Desktop/naor/study/Thesis/install/camera_nav/share/camera_nav
[1.009s] copying config/costmap_params.yaml -> /home/naor/Desktop/naor/study/Thesis/install/camera_nav/share/camera_nav/config
[1.009s] copying launch/camera_nav_launch.py -> /home/naor/Desktop/naor/study/Thesis/install/camera_nav/share/camera_nav/launch
[1.009s] running install_egg_info
[1.024s] removing '/home/naor/Desktop/naor/study/Thesis/install/camera_nav/lib/python3.10/site-packages/camera_nav-0.0.0-py3.10.egg-info' (and everything under it)
[1.024s] Copying ../../build/camera_nav/camera_nav.egg-info to /home/naor/Desktop/naor/study/Thesis/install/camera_nav/lib/python3.10/site-packages/camera_nav-0.0.0-py3.10.egg-info
[1.024s] running install_scripts
[1.132s] writing list of installed files to '/home/naor/Desktop/naor/study/Thesis/build/camera_nav/install.log'
[1.154s] Invoked command in '/home/naor/Desktop/naor/study/Thesis/src/camera_nav' returned '0': AMENT_PREFIX_PATH=/home/naor/Desktop/naor/study/Thesis/install/pointcloud_to_laserscan:${AMENT_PREFIX_PATH} CMAKE_PREFIX_PATH=/home/naor/Desktop/naor/study/Thesis/install/pointcloud_to_laserscan LD_LIBRARY_PATH=/home/naor/Desktop/naor/study/Thesis/install/pointcloud_to_laserscan/lib:${LD_LIBRARY_PATH} PYTHONPATH=/home/naor/Desktop/naor/study/Thesis/build/camera_nav/prefix_override:/usr/lib/python3/dist-packages/colcon_core/task/python/colcon_distutils_commands:/home/naor/Desktop/naor/study/Thesis/install/camera_nav/lib/python3.10/site-packages:${PYTHONPATH} /usr/bin/python3 -W ignore:setup.py install is deprecated -W ignore:easy_install command is deprecated setup.py egg_info --egg-base ../../build/camera_nav build --build-base /home/naor/Desktop/naor/study/Thesis/build/camera_nav/build install --record /home/naor/Desktop/naor/study/Thesis/build/camera_nav/install.log --single-version-externally-managed install_data
