[0.169s] Invoking command in '/home/naor/Desktop/naor/study/Thesis/build/drone_c': CMAKE_PREFIX_PATH=${CMAKE_PREFIX_PATH}:/home/naor/Desktop/naor/study/Thesis/install/camera_nav:/home/naor/Desktop/naor/study/Thesis/install/controller:/home/naor/Desktop/naor/work/capsule_repo/install/teensy_ers:/home/naor/Desktop/naor/work/capsule_repo/install/elers_bridge:/opt/ros/humble /usr/bin/cmake /home/naor/Desktop/naor/study/Thesis/src/drone_c -DCMAKE_INSTALL_PREFIX=/home/naor/Desktop/naor/study/Thesis/install/drone_c
[0.217s] -- The C compiler identification is GNU 11.4.0
[0.259s] -- The CXX compiler identification is GNU 11.4.0
[0.264s] -- Detecting C compiler ABI info
[0.310s] -- Detecting C compiler ABI info - done
[0.315s] -- Check for working C compiler: /usr/bin/cc - skipped
[0.315s] -- Detecting C compile features
[0.315s] -- Detecting C compile features - done
[0.317s] -- Detecting CXX compiler ABI info
[0.376s] -- Detecting CXX compiler ABI info - done
[0.383s] -- Check for working CXX compiler: /usr/bin/c++ - skipped
[0.384s] -- Detecting CXX compile features
[0.384s] -- Detecting CXX compile features - done
[0.386s] -- Found ament_cmake: 1.3.11 (/opt/ros/humble/share/ament_cmake/cmake)
[0.685s] -- Found Python3: /usr/bin/python3 (found version "3.10.12") found components: Interpreter 
[0.762s] -- Found rclcpp: 16.0.12 (/opt/ros/humble/share/rclcpp/cmake)
[0.794s] -- Found rosidl_generator_c: 3.1.6 (/opt/ros/humble/share/rosidl_generator_c/cmake)
[0.798s] -- Found rosidl_adapter: 3.1.6 (/opt/ros/humble/share/rosidl_adapter/cmake)
[0.806s] -- Found rosidl_generator_cpp: 3.1.6 (/opt/ros/humble/share/rosidl_generator_cpp/cmake)
[0.819s] -- Using all available rosidl_typesupport_c: rosidl_typesupport_fastrtps_c;rosidl_typesupport_introspection_c
[0.834s] -- Using all available rosidl_typesupport_cpp: rosidl_typesupport_fastrtps_cpp;rosidl_typesupport_introspection_cpp
[0.891s] -- Found rmw_implementation_cmake: 6.1.2 (/opt/ros/humble/share/rmw_implementation_cmake/cmake)
[0.896s] -- Found rmw_fastrtps_cpp: 6.2.7 (/opt/ros/humble/share/rmw_fastrtps_cpp/cmake)
[0.980s] -- Found OpenSSL: /usr/lib/x86_64-linux-gnu/libcrypto.so (found version "3.0.2")  
[1.004s] -- Found FastRTPS: /opt/ros/humble/include  
[1.039s] -- Using RMW implementation 'rmw_fastrtps_cpp' as default
[1.047s] -- Looking for pthread.h
[1.097s] -- Looking for pthread.h - found
[1.097s] -- Performing Test CMAKE_HAVE_LIBC_PTHREAD
[1.152s] -- Performing Test CMAKE_HAVE_LIBC_PTHREAD - Success
[1.153s] -- Found Threads: TRUE  
[1.202s] -- Found rosidl_default_generators: 1.2.0 (/opt/ros/humble/share/rosidl_default_generators/cmake)
[1.461s] -- Found ament_cmake_ros: 0.10.0 (/opt/ros/humble/share/ament_cmake_ros/cmake)
[1.822s] -- Using all available rosidl_typesupport_c: rosidl_typesupport_fastrtps_c;rosidl_typesupport_introspection_c
[1.994s] -- Using all available rosidl_typesupport_cpp: rosidl_typesupport_fastrtps_cpp;rosidl_typesupport_introspection_cpp
[2.033s] -- Found PythonInterp: /usr/bin/python3 (found suitable version "3.10.12", minimum required is "3.6") 
[2.035s] -- Found python_cmake_module: 0.10.0 (/opt/ros/humble/share/python_cmake_module/cmake)
[2.080s] -- Found PythonLibs: /usr/lib/x86_64-linux-gnu/libpython3.10.so (found suitable version "3.10.12", minimum required is "3.5") 
[2.080s] -- Using PYTHON_EXECUTABLE: /usr/bin/python3
[2.080s] -- Using PYTHON_INCLUDE_DIRS: /usr/include/python3.10
[2.080s] -- Using PYTHON_LIBRARIES: /usr/lib/x86_64-linux-gnu/libpython3.10.so
[2.118s] -- Found PythonExtra: .so  
[2.192s] -- Found ament_lint_auto: 0.12.12 (/opt/ros/humble/share/ament_lint_auto/cmake)
[2.215s] -- Added test 'copyright' to check source files copyright and LICENSE
[2.221s] -- Added test 'flake8' to check Python code syntax and style conventions
[2.223s] -- Added test 'lint_cmake' to check CMake code style
[2.225s] -- Added test 'pep257' to check Python code against some of the docstring style conventions in PEP 257
[2.230s] -- Added test 'uncrustify' to check C / C++ code style
[2.230s] -- Configured uncrustify additional arguments: 
[2.231s] -- Added test 'xmllint' to check XML markup files
[2.233s] -- Configuring done
[2.266s] -- Generating done
[2.278s] -- Build files have been written to: /home/naor/Desktop/naor/study/Thesis/build/drone_c
[2.290s] Invoked command in '/home/naor/Desktop/naor/study/Thesis/build/drone_c' returned '0': CMAKE_PREFIX_PATH=${CMAKE_PREFIX_PATH}:/home/naor/Desktop/naor/study/Thesis/install/camera_nav:/home/naor/Desktop/naor/study/Thesis/install/controller:/home/naor/Desktop/naor/work/capsule_repo/install/teensy_ers:/home/naor/Desktop/naor/work/capsule_repo/install/elers_bridge:/opt/ros/humble /usr/bin/cmake /home/naor/Desktop/naor/study/Thesis/src/drone_c -DCMAKE_INSTALL_PREFIX=/home/naor/Desktop/naor/study/Thesis/install/drone_c
[2.293s] Invoking command in '/home/naor/Desktop/naor/study/Thesis/build/drone_c': CMAKE_PREFIX_PATH=${CMAKE_PREFIX_PATH}:/home/naor/Desktop/naor/study/Thesis/install/camera_nav:/home/naor/Desktop/naor/study/Thesis/install/controller:/home/naor/Desktop/naor/work/capsule_repo/install/teensy_ers:/home/naor/Desktop/naor/work/capsule_repo/install/elers_bridge:/opt/ros/humble /usr/bin/cmake --build /home/naor/Desktop/naor/study/Thesis/build/drone_c -- -j16 -l16
[2.337s] [  1%] [34m[1mGenerating C code for ROS interfaces[0m
[2.356s] [  1%] Built target ament_cmake_python_copy_drone_c
[2.356s] [  3%] [34m[1mGenerating C++ code for ROS interfaces[0m
[2.664s] running egg_info
[2.697s] creating drone_c.egg-info
[2.697s] writing drone_c.egg-info/PKG-INFO
[2.701s] writing dependency_links to drone_c.egg-info/dependency_links.txt
[2.701s] writing top-level names to drone_c.egg-info/top_level.txt
[2.701s] writing manifest file 'drone_c.egg-info/SOURCES.txt'
[2.775s] reading manifest file 'drone_c.egg-info/SOURCES.txt'
[2.780s] writing manifest file 'drone_c.egg-info/SOURCES.txt'
[2.844s] [  3%] Built target ament_cmake_python_build_drone_c_egg
[3.039s] [  3%] Built target drone_c__cpp
[3.066s] [  7%] [34m[1mGenerating C++ type support for eProsima Fast-RTPS[0m
[3.067s] [  7%] [34m[1mGenerating C++ type support dispatch for ROS interfaces[0m
[3.067s] [  9%] [32mBuilding C object CMakeFiles/drone_c__rosidl_generator_c.dir/rosidl_generator_c/drone_c/msg/detail/pid__functions.c.o[0m
[3.070s] [ 10%] [34m[1mGenerating C++ introspection for ROS interfaces[0m
[3.075s] [ 12%] [32mBuilding C object CMakeFiles/drone_c__rosidl_generator_c.dir/rosidl_generator_c/drone_c/msg/detail/euler_angles__functions.c.o[0m
[3.079s] [ 14%] [32mBuilding C object CMakeFiles/drone_c__rosidl_generator_c.dir/rosidl_generator_c/drone_c/msg/detail/motors__functions.c.o[0m
[3.084s] [ 16%] [32mBuilding C object CMakeFiles/drone_c__rosidl_generator_c.dir/rosidl_generator_c/drone_c/msg/detail/imu_filter__functions.c.o[0m
[3.239s] [ 18%] [32m[1mLinking C shared library libdrone_c__rosidl_generator_c.so[0m
[3.339s] [ 18%] Built target drone_c__rosidl_generator_c
[3.370s] [ 20%] [34m[1mGenerating C type support for eProsima Fast-RTPS[0m
[3.375s] [ 21%] [34m[1mGenerating C type support dispatch for ROS interfaces[0m
[3.382s] [ 23%] [34m[1mGenerating C introspection for ROS interfaces[0m
[3.801s] [ 25%] [32mBuilding CXX object CMakeFiles/drone_c__rosidl_typesupport_introspection_cpp.dir/rosidl_typesupport_introspection_cpp/drone_c/msg/detail/pid__type_support.cpp.o[0m
[3.804s] [ 27%] [32mBuilding CXX object CMakeFiles/drone_c__rosidl_typesupport_introspection_cpp.dir/rosidl_typesupport_introspection_cpp/drone_c/msg/detail/euler_angles__type_support.cpp.o[0m
[3.814s] [ 29%] [32mBuilding CXX object CMakeFiles/drone_c__rosidl_typesupport_introspection_cpp.dir/rosidl_typesupport_introspection_cpp/drone_c/msg/detail/imu_filter__type_support.cpp.o[0m
[3.819s] [ 30%] [32mBuilding CXX object CMakeFiles/drone_c__rosidl_typesupport_introspection_cpp.dir/rosidl_typesupport_introspection_cpp/drone_c/msg/detail/motors__type_support.cpp.o[0m
[4.176s] [ 32%] [32mBuilding CXX object CMakeFiles/drone_c__rosidl_typesupport_cpp.dir/rosidl_typesupport_cpp/drone_c/msg/pid__type_support.cpp.o[0m
[4.195s] [ 34%] [32mBuilding CXX object CMakeFiles/drone_c__rosidl_typesupport_cpp.dir/rosidl_typesupport_cpp/drone_c/msg/motors__type_support.cpp.o[0m
[4.199s] [ 36%] [32mBuilding CXX object CMakeFiles/drone_c__rosidl_typesupport_cpp.dir/rosidl_typesupport_cpp/drone_c/msg/euler_angles__type_support.cpp.o[0m
[4.208s] [ 38%] [32mBuilding CXX object CMakeFiles/drone_c__rosidl_typesupport_cpp.dir/rosidl_typesupport_cpp/drone_c/msg/imu_filter__type_support.cpp.o[0m
[4.424s] [ 40%] [32mBuilding C object CMakeFiles/drone_c__rosidl_typesupport_introspection_c.dir/rosidl_typesupport_introspection_c/drone_c/msg/detail/euler_angles__type_support.c.o[0m
[4.427s] [ 41%] [32mBuilding C object CMakeFiles/drone_c__rosidl_typesupport_introspection_c.dir/rosidl_typesupport_introspection_c/drone_c/msg/detail/motors__type_support.c.o[0m
[4.435s] [ 43%] [32mBuilding C object CMakeFiles/drone_c__rosidl_typesupport_introspection_c.dir/rosidl_typesupport_introspection_c/drone_c/msg/detail/pid__type_support.c.o[0m
[4.441s] [ 45%] [32mBuilding C object CMakeFiles/drone_c__rosidl_typesupport_introspection_c.dir/rosidl_typesupport_introspection_c/drone_c/msg/detail/imu_filter__type_support.c.o[0m
[4.466s] [ 47%] [32mBuilding CXX object CMakeFiles/drone_c__rosidl_typesupport_c.dir/rosidl_typesupport_c/drone_c/msg/pid__type_support.cpp.o[0m
[4.479s] [ 49%] [32mBuilding CXX object CMakeFiles/drone_c__rosidl_typesupport_c.dir/rosidl_typesupport_c/drone_c/msg/euler_angles__type_support.cpp.o[0m
[4.531s] [ 50%] [32mBuilding CXX object CMakeFiles/drone_c__rosidl_typesupport_c.dir/rosidl_typesupport_c/drone_c/msg/motors__type_support.cpp.o[0m
[4.534s] [ 52%] [32m[1mLinking C shared library libdrone_c__rosidl_typesupport_introspection_c.so[0m
[4.538s] [ 54%] [32mBuilding CXX object CMakeFiles/drone_c__rosidl_typesupport_c.dir/rosidl_typesupport_c/drone_c/msg/imu_filter__type_support.cpp.o[0m
[4.623s] [ 56%] [32m[1mLinking CXX shared library libdrone_c__rosidl_typesupport_c.so[0m
[4.626s] [ 58%] [32mBuilding CXX object CMakeFiles/drone_c__rosidl_typesupport_fastrtps_cpp.dir/rosidl_typesupport_fastrtps_cpp/drone_c/msg/detail/dds_fastrtps/imu_filter__type_support.cpp.o[0m
[4.629s] [ 60%] [32mBuilding CXX object CMakeFiles/drone_c__rosidl_typesupport_fastrtps_cpp.dir/rosidl_typesupport_fastrtps_cpp/drone_c/msg/detail/dds_fastrtps/pid__type_support.cpp.o[0m
[4.635s] [ 60%] Built target drone_c__rosidl_typesupport_introspection_c
[4.635s] [ 63%] [32mBuilding CXX object CMakeFiles/drone_c__rosidl_typesupport_fastrtps_cpp.dir/rosidl_typesupport_fastrtps_cpp/drone_c/msg/detail/dds_fastrtps/motors__type_support.cpp.o[0m
[4.636s] [ 61%] [32mBuilding CXX object CMakeFiles/drone_c__rosidl_typesupport_fastrtps_cpp.dir/rosidl_typesupport_fastrtps_cpp/drone_c/msg/detail/dds_fastrtps/euler_angles__type_support.cpp.o[0m
[4.714s] [ 63%] Built target drone_c__rosidl_typesupport_c
[4.722s] [ 65%] [32mBuilding CXX object CMakeFiles/drone_c__rosidl_typesupport_fastrtps_c.dir/rosidl_typesupport_fastrtps_c/drone_c/msg/detail/pid__type_support_c.cpp.o[0m
[4.723s] [ 67%] [32mBuilding CXX object CMakeFiles/drone_c__rosidl_typesupport_fastrtps_c.dir/rosidl_typesupport_fastrtps_c/drone_c/msg/detail/euler_angles__type_support_c.cpp.o[0m
[4.730s] [ 69%] [32mBuilding CXX object CMakeFiles/drone_c__rosidl_typesupport_fastrtps_c.dir/rosidl_typesupport_fastrtps_c/drone_c/msg/detail/motors__type_support_c.cpp.o[0m
[4.745s] [ 70%] [32mBuilding CXX object CMakeFiles/drone_c__rosidl_typesupport_fastrtps_c.dir/rosidl_typesupport_fastrtps_c/drone_c/msg/detail/imu_filter__type_support_c.cpp.o[0m
[5.011s] [ 72%] [32m[1mLinking CXX shared library libdrone_c__rosidl_typesupport_introspection_cpp.so[0m
[5.012s] [ 74%] [32m[1mLinking CXX shared library libdrone_c__rosidl_typesupport_cpp.so[0m
[5.099s] [ 74%] Built target drone_c__rosidl_typesupport_introspection_cpp
[5.106s] [ 74%] Built target drone_c__rosidl_typesupport_cpp
[5.254s] [ 76%] [32m[1mLinking CXX shared library libdrone_c__rosidl_typesupport_fastrtps_c.so[0m
[5.333s] [ 78%] [32m[1mLinking CXX shared library libdrone_c__rosidl_typesupport_fastrtps_cpp.so[0m
[5.346s] [ 78%] Built target drone_c__rosidl_typesupport_fastrtps_c
[5.411s] [ 78%] Built target drone_c__rosidl_typesupport_fastrtps_cpp
[5.435s] [ 78%] Built target drone_c
[5.458s] [ 80%] [34m[1mGenerating Python code for ROS interfaces[0m
[6.041s] [ 80%] Built target drone_c__py
[6.058s] [ 83%] [32mBuilding C object CMakeFiles/drone_c__rosidl_generator_py.dir/rosidl_generator_py/drone_c/msg/_motors_s.c.o[0m
[6.058s] [ 83%] [32mBuilding C object CMakeFiles/drone_c__rosidl_generator_py.dir/rosidl_generator_py/drone_c/msg/_imu_filter_s.c.o[0m
[6.060s] [ 87%] [32mBuilding C object CMakeFiles/drone_c__rosidl_generator_py.dir/rosidl_generator_py/drone_c/msg/_pid_s.c.o[0m
[6.060s] [ 87%] [32mBuilding C object CMakeFiles/drone_c__rosidl_generator_py.dir/rosidl_generator_py/drone_c/msg/_euler_angles_s.c.o[0m
[6.160s] [ 89%] [32m[1mLinking C shared library rosidl_generator_py/drone_c/libdrone_c__rosidl_generator_py.so[0m
[6.198s] [ 89%] Built target drone_c__rosidl_generator_py
[6.217s] [ 90%] [32mBuilding C object CMakeFiles/drone_c__rosidl_typesupport_fastrtps_c__pyext.dir/rosidl_generator_py/drone_c/_drone_c_s.ep.rosidl_typesupport_fastrtps_c.c.o[0m
[6.217s] [ 92%] [32mBuilding C object CMakeFiles/drone_c__rosidl_typesupport_introspection_c__pyext.dir/rosidl_generator_py/drone_c/_drone_c_s.ep.rosidl_typesupport_introspection_c.c.o[0m
[6.219s] [ 94%] [32mBuilding C object CMakeFiles/drone_c__rosidl_typesupport_c__pyext.dir/rosidl_generator_py/drone_c/_drone_c_s.ep.rosidl_typesupport_c.c.o[0m
[6.284s] [ 96%] [32m[1mLinking C shared library rosidl_generator_py/drone_c/drone_c_s__rosidl_typesupport_introspection_c.cpython-310-x86_64-linux-gnu.so[0m
[6.288s] [ 98%] [32m[1mLinking C shared library rosidl_generator_py/drone_c/drone_c_s__rosidl_typesupport_c.cpython-310-x86_64-linux-gnu.so[0m
[6.296s] [100%] [32m[1mLinking C shared library rosidl_generator_py/drone_c/drone_c_s__rosidl_typesupport_fastrtps_c.cpython-310-x86_64-linux-gnu.so[0m
[6.317s] [100%] Built target drone_c__rosidl_typesupport_introspection_c__pyext
[6.317s] [100%] Built target drone_c__rosidl_typesupport_c__pyext
[6.331s] [100%] Built target drone_c__rosidl_typesupport_fastrtps_c__pyext
[6.341s] Invoked command in '/home/naor/Desktop/naor/study/Thesis/build/drone_c' returned '0': CMAKE_PREFIX_PATH=${CMAKE_PREFIX_PATH}:/home/naor/Desktop/naor/study/Thesis/install/camera_nav:/home/naor/Desktop/naor/study/Thesis/install/controller:/home/naor/Desktop/naor/work/capsule_repo/install/teensy_ers:/home/naor/Desktop/naor/work/capsule_repo/install/elers_bridge:/opt/ros/humble /usr/bin/cmake --build /home/naor/Desktop/naor/study/Thesis/build/drone_c -- -j16 -l16
[6.343s] Invoking command in '/home/naor/Desktop/naor/study/Thesis/build/drone_c': CMAKE_PREFIX_PATH=${CMAKE_PREFIX_PATH}:/home/naor/Desktop/naor/study/Thesis/install/camera_nav:/home/naor/Desktop/naor/study/Thesis/install/controller:/home/naor/Desktop/naor/work/capsule_repo/install/teensy_ers:/home/naor/Desktop/naor/work/capsule_repo/install/elers_bridge:/opt/ros/humble /usr/bin/cmake --install /home/naor/Desktop/naor/study/Thesis/build/drone_c
[6.350s] -- Install configuration: ""
[6.350s] -- Installing: /home/naor/Desktop/naor/study/Thesis/install/drone_c/share/ament_index/resource_index/rosidl_interfaces/drone_c
[6.350s] -- Installing: /home/naor/Desktop/naor/study/Thesis/install/drone_c/include/drone_c/drone_c
[6.351s] -- Installing: /home/naor/Desktop/naor/study/Thesis/install/drone_c/include/drone_c/drone_c/msg
[6.351s] -- Installing: /home/naor/Desktop/naor/study/Thesis/install/drone_c/include/drone_c/drone_c/msg/motors.h
[6.351s] -- Installing: /home/naor/Desktop/naor/study/Thesis/install/drone_c/include/drone_c/drone_c/msg/imu_filter.h
[6.351s] -- Installing: /home/naor/Desktop/naor/study/Thesis/install/drone_c/include/drone_c/drone_c/msg/euler_angles.h
[6.351s] -- Installing: /home/naor/Desktop/naor/study/Thesis/install/drone_c/include/drone_c/drone_c/msg/pid.h
[6.351s] -- Installing: /home/naor/Desktop/naor/study/Thesis/install/drone_c/include/drone_c/drone_c/msg/rosidl_generator_c__visibility_control.h
[6.351s] -- Installing: /home/naor/Desktop/naor/study/Thesis/install/drone_c/include/drone_c/drone_c/msg/detail
[6.351s] -- Installing: /home/naor/Desktop/naor/study/Thesis/install/drone_c/include/drone_c/drone_c/msg/detail/imu_filter__functions.c
[6.351s] -- Installing: /home/naor/Desktop/naor/study/Thesis/install/drone_c/include/drone_c/drone_c/msg/detail/pid__struct.h
[6.352s] -- Installing: /home/naor/Desktop/naor/study/Thesis/install/drone_c/include/drone_c/drone_c/msg/detail/motors__struct.h
[6.352s] -- Installing: /home/naor/Desktop/naor/study/Thesis/install/drone_c/include/drone_c/drone_c/msg/detail/pid__functions.h
[6.352s] -- Installing: /home/naor/Desktop/naor/study/Thesis/install/drone_c/include/drone_c/drone_c/msg/detail/imu_filter__type_support.h
[6.352s] -- Installing: /home/naor/Desktop/naor/study/Thesis/install/drone_c/include/drone_c/drone_c/msg/detail/euler_angles__functions.h
[6.352s] -- Installing: /home/naor/Desktop/naor/study/Thesis/install/drone_c/include/drone_c/drone_c/msg/detail/pid__type_support.h
[6.352s] -- Installing: /home/naor/Desktop/naor/study/Thesis/install/drone_c/include/drone_c/drone_c/msg/detail/motors__functions.h
[6.352s] -- Installing: /home/naor/Desktop/naor/study/Thesis/install/drone_c/include/drone_c/drone_c/msg/detail/motors__type_support.h
[6.352s] -- Installing: /home/naor/Desktop/naor/study/Thesis/install/drone_c/include/drone_c/drone_c/msg/detail/euler_angles__type_support.h
[6.352s] -- Installing: /home/naor/Desktop/naor/study/Thesis/install/drone_c/include/drone_c/drone_c/msg/detail/motors__functions.c
[6.352s] -- Installing: /home/naor/Desktop/naor/study/Thesis/install/drone_c/include/drone_c/drone_c/msg/detail/imu_filter__functions.h
[6.352s] -- Installing: /home/naor/Desktop/naor/study/Thesis/install/drone_c/include/drone_c/drone_c/msg/detail/euler_angles__functions.c
[6.352s] -- Installing: /home/naor/Desktop/naor/study/Thesis/install/drone_c/include/drone_c/drone_c/msg/detail/pid__functions.c
[6.352s] -- Installing: /home/naor/Desktop/naor/study/Thesis/install/drone_c/include/drone_c/drone_c/msg/detail/euler_angles__struct.h
[6.352s] -- Installing: /home/naor/Desktop/naor/study/Thesis/install/drone_c/include/drone_c/drone_c/msg/detail/imu_filter__struct.h
[6.352s] -- Installing: /home/naor/Desktop/naor/study/Thesis/install/drone_c/share/drone_c/environment/library_path.sh
[6.352s] -- Installing: /home/naor/Desktop/naor/study/Thesis/install/drone_c/share/drone_c/environment/library_path.dsv
[6.352s] -- Installing: /home/naor/Desktop/naor/study/Thesis/install/drone_c/lib/libdrone_c__rosidl_generator_c.so
[6.353s] -- Set runtime path of "/home/naor/Desktop/naor/study/Thesis/install/drone_c/lib/libdrone_c__rosidl_generator_c.so" to ""
[6.353s] -- Up-to-date: /home/naor/Desktop/naor/study/Thesis/install/drone_c/include/drone_c/drone_c
[6.353s] -- Up-to-date: /home/naor/Desktop/naor/study/Thesis/install/drone_c/include/drone_c/drone_c/msg
[6.353s] -- Installing: /home/naor/Desktop/naor/study/Thesis/install/drone_c/include/drone_c/drone_c/msg/rosidl_typesupport_fastrtps_c__visibility_control.h
[6.353s] -- Up-to-date: /home/naor/Desktop/naor/study/Thesis/install/drone_c/include/drone_c/drone_c/msg/detail
[6.353s] -- Installing: /home/naor/Desktop/naor/study/Thesis/install/drone_c/include/drone_c/drone_c/msg/detail/euler_angles__rosidl_typesupport_fastrtps_c.h
[6.353s] -- Installing: /home/naor/Desktop/naor/study/Thesis/install/drone_c/include/drone_c/drone_c/msg/detail/imu_filter__rosidl_typesupport_fastrtps_c.h
[6.353s] -- Installing: /home/naor/Desktop/naor/study/Thesis/install/drone_c/include/drone_c/drone_c/msg/detail/pid__rosidl_typesupport_fastrtps_c.h
[6.353s] -- Installing: /home/naor/Desktop/naor/study/Thesis/install/drone_c/include/drone_c/drone_c/msg/detail/motors__rosidl_typesupport_fastrtps_c.h
[6.353s] -- Installing: /home/naor/Desktop/naor/study/Thesis/install/drone_c/lib/libdrone_c__rosidl_typesupport_fastrtps_c.so
[6.353s] -- Set runtime path of "/home/naor/Desktop/naor/study/Thesis/install/drone_c/lib/libdrone_c__rosidl_typesupport_fastrtps_c.so" to ""
[6.354s] -- Up-to-date: /home/naor/Desktop/naor/study/Thesis/install/drone_c/include/drone_c/drone_c
[6.354s] -- Up-to-date: /home/naor/Desktop/naor/study/Thesis/install/drone_c/include/drone_c/drone_c/msg
[6.354s] -- Installing: /home/naor/Desktop/naor/study/Thesis/install/drone_c/include/drone_c/drone_c/msg/pid.hpp
[6.354s] -- Installing: /home/naor/Desktop/naor/study/Thesis/install/drone_c/include/drone_c/drone_c/msg/motors.hpp
[6.354s] -- Installing: /home/naor/Desktop/naor/study/Thesis/install/drone_c/include/drone_c/drone_c/msg/rosidl_generator_cpp__visibility_control.hpp
[6.354s] -- Installing: /home/naor/Desktop/naor/study/Thesis/install/drone_c/include/drone_c/drone_c/msg/euler_angles.hpp
[6.354s] -- Installing: /home/naor/Desktop/naor/study/Thesis/install/drone_c/include/drone_c/drone_c/msg/imu_filter.hpp
[6.354s] -- Up-to-date: /home/naor/Desktop/naor/study/Thesis/install/drone_c/include/drone_c/drone_c/msg/detail
[6.354s] -- Installing: /home/naor/Desktop/naor/study/Thesis/install/drone_c/include/drone_c/drone_c/msg/detail/motors__traits.hpp
[6.354s] -- Installing: /home/naor/Desktop/naor/study/Thesis/install/drone_c/include/drone_c/drone_c/msg/detail/imu_filter__struct.hpp
[6.354s] -- Installing: /home/naor/Desktop/naor/study/Thesis/install/drone_c/include/drone_c/drone_c/msg/detail/pid__type_support.hpp
[6.354s] -- Installing: /home/naor/Desktop/naor/study/Thesis/install/drone_c/include/drone_c/drone_c/msg/detail/euler_angles__struct.hpp
[6.354s] -- Installing: /home/naor/Desktop/naor/study/Thesis/install/drone_c/include/drone_c/drone_c/msg/detail/euler_angles__traits.hpp
[6.355s] -- Installing: /home/naor/Desktop/naor/study/Thesis/install/drone_c/include/drone_c/drone_c/msg/detail/motors__builder.hpp
[6.355s] -- Installing: /home/naor/Desktop/naor/study/Thesis/install/drone_c/include/drone_c/drone_c/msg/detail/motors__struct.hpp
[6.355s] -- Installing: /home/naor/Desktop/naor/study/Thesis/install/drone_c/include/drone_c/drone_c/msg/detail/imu_filter__builder.hpp
[6.355s] -- Installing: /home/naor/Desktop/naor/study/Thesis/install/drone_c/include/drone_c/drone_c/msg/detail/pid__struct.hpp
[6.355s] -- Installing: /home/naor/Desktop/naor/study/Thesis/install/drone_c/include/drone_c/drone_c/msg/detail/euler_angles__type_support.hpp
[6.355s] -- Installing: /home/naor/Desktop/naor/study/Thesis/install/drone_c/include/drone_c/drone_c/msg/detail/imu_filter__traits.hpp
[6.355s] -- Installing: /home/naor/Desktop/naor/study/Thesis/install/drone_c/include/drone_c/drone_c/msg/detail/motors__type_support.hpp
[6.355s] -- Installing: /home/naor/Desktop/naor/study/Thesis/install/drone_c/include/drone_c/drone_c/msg/detail/pid__builder.hpp
[6.355s] -- Installing: /home/naor/Desktop/naor/study/Thesis/install/drone_c/include/drone_c/drone_c/msg/detail/pid__traits.hpp
[6.356s] -- Installing: /home/naor/Desktop/naor/study/Thesis/install/drone_c/include/drone_c/drone_c/msg/detail/imu_filter__type_support.hpp
[6.356s] -- Installing: /home/naor/Desktop/naor/study/Thesis/install/drone_c/include/drone_c/drone_c/msg/detail/euler_angles__builder.hpp
[6.356s] -- Up-to-date: /home/naor/Desktop/naor/study/Thesis/install/drone_c/include/drone_c/drone_c
[6.356s] -- Up-to-date: /home/naor/Desktop/naor/study/Thesis/install/drone_c/include/drone_c/drone_c/msg
[6.356s] -- Installing: /home/naor/Desktop/naor/study/Thesis/install/drone_c/include/drone_c/drone_c/msg/rosidl_typesupport_fastrtps_cpp__visibility_control.h
[6.356s] -- Up-to-date: /home/naor/Desktop/naor/study/Thesis/install/drone_c/include/drone_c/drone_c/msg/detail
[6.356s] -- Installing: /home/naor/Desktop/naor/study/Thesis/install/drone_c/include/drone_c/drone_c/msg/detail/euler_angles__rosidl_typesupport_fastrtps_cpp.hpp
[6.356s] -- Installing: /home/naor/Desktop/naor/study/Thesis/install/drone_c/include/drone_c/drone_c/msg/detail/imu_filter__rosidl_typesupport_fastrtps_cpp.hpp
[6.356s] -- Installing: /home/naor/Desktop/naor/study/Thesis/install/drone_c/include/drone_c/drone_c/msg/detail/dds_fastrtps
[6.356s] -- Installing: /home/naor/Desktop/naor/study/Thesis/install/drone_c/include/drone_c/drone_c/msg/detail/motors__rosidl_typesupport_fastrtps_cpp.hpp
[6.357s] -- Installing: /home/naor/Desktop/naor/study/Thesis/install/drone_c/include/drone_c/drone_c/msg/detail/pid__rosidl_typesupport_fastrtps_cpp.hpp
[6.357s] -- Installing: /home/naor/Desktop/naor/study/Thesis/install/drone_c/lib/libdrone_c__rosidl_typesupport_fastrtps_cpp.so
[6.357s] -- Set runtime path of "/home/naor/Desktop/naor/study/Thesis/install/drone_c/lib/libdrone_c__rosidl_typesupport_fastrtps_cpp.so" to ""
[6.357s] -- Up-to-date: /home/naor/Desktop/naor/study/Thesis/install/drone_c/include/drone_c/drone_c
[6.357s] -- Up-to-date: /home/naor/Desktop/naor/study/Thesis/install/drone_c/include/drone_c/drone_c/msg
[6.357s] -- Installing: /home/naor/Desktop/naor/study/Thesis/install/drone_c/include/drone_c/drone_c/msg/rosidl_typesupport_introspection_c__visibility_control.h
[6.357s] -- Up-to-date: /home/naor/Desktop/naor/study/Thesis/install/drone_c/include/drone_c/drone_c/msg/detail
[6.357s] -- Installing: /home/naor/Desktop/naor/study/Thesis/install/drone_c/include/drone_c/drone_c/msg/detail/pid__rosidl_typesupport_introspection_c.h
[6.357s] -- Installing: /home/naor/Desktop/naor/study/Thesis/install/drone_c/include/drone_c/drone_c/msg/detail/motors__type_support.c
[6.358s] -- Installing: /home/naor/Desktop/naor/study/Thesis/install/drone_c/include/drone_c/drone_c/msg/detail/euler_angles__type_support.c
[6.358s] -- Installing: /home/naor/Desktop/naor/study/Thesis/install/drone_c/include/drone_c/drone_c/msg/detail/motors__rosidl_typesupport_introspection_c.h
[6.358s] -- Installing: /home/naor/Desktop/naor/study/Thesis/install/drone_c/include/drone_c/drone_c/msg/detail/pid__type_support.c
[6.358s] -- Installing: /home/naor/Desktop/naor/study/Thesis/install/drone_c/include/drone_c/drone_c/msg/detail/imu_filter__rosidl_typesupport_introspection_c.h
[6.358s] -- Installing: /home/naor/Desktop/naor/study/Thesis/install/drone_c/include/drone_c/drone_c/msg/detail/imu_filter__type_support.c
[6.358s] -- Installing: /home/naor/Desktop/naor/study/Thesis/install/drone_c/include/drone_c/drone_c/msg/detail/euler_angles__rosidl_typesupport_introspection_c.h
[6.358s] -- Installing: /home/naor/Desktop/naor/study/Thesis/install/drone_c/lib/libdrone_c__rosidl_typesupport_introspection_c.so
[6.358s] -- Set runtime path of "/home/naor/Desktop/naor/study/Thesis/install/drone_c/lib/libdrone_c__rosidl_typesupport_introspection_c.so" to ""
[6.358s] -- Installing: /home/naor/Desktop/naor/study/Thesis/install/drone_c/lib/libdrone_c__rosidl_typesupport_c.so
[6.358s] -- Set runtime path of "/home/naor/Desktop/naor/study/Thesis/install/drone_c/lib/libdrone_c__rosidl_typesupport_c.so" to ""
[6.358s] -- Up-to-date: /home/naor/Desktop/naor/study/Thesis/install/drone_c/include/drone_c/drone_c
[6.359s] -- Up-to-date: /home/naor/Desktop/naor/study/Thesis/install/drone_c/include/drone_c/drone_c/msg
[6.359s] -- Up-to-date: /home/naor/Desktop/naor/study/Thesis/install/drone_c/include/drone_c/drone_c/msg/detail
[6.359s] -- Installing: /home/naor/Desktop/naor/study/Thesis/install/drone_c/include/drone_c/drone_c/msg/detail/motors__type_support.cpp
[6.359s] -- Installing: /home/naor/Desktop/naor/study/Thesis/install/drone_c/include/drone_c/drone_c/msg/detail/imu_filter__rosidl_typesupport_introspection_cpp.hpp
[6.359s] -- Installing: /home/naor/Desktop/naor/study/Thesis/install/drone_c/include/drone_c/drone_c/msg/detail/pid__type_support.cpp
[6.359s] -- Installing: /home/naor/Desktop/naor/study/Thesis/install/drone_c/include/drone_c/drone_c/msg/detail/euler_angles__rosidl_typesupport_introspection_cpp.hpp
[6.359s] -- Installing: /home/naor/Desktop/naor/study/Thesis/install/drone_c/include/drone_c/drone_c/msg/detail/imu_filter__type_support.cpp
[6.359s] -- Installing: /home/naor/Desktop/naor/study/Thesis/install/drone_c/include/drone_c/drone_c/msg/detail/euler_angles__type_support.cpp
[6.359s] -- Installing: /home/naor/Desktop/naor/study/Thesis/install/drone_c/include/drone_c/drone_c/msg/detail/pid__rosidl_typesupport_introspection_cpp.hpp
[6.359s] -- Installing: /home/naor/Desktop/naor/study/Thesis/install/drone_c/include/drone_c/drone_c/msg/detail/motors__rosidl_typesupport_introspection_cpp.hpp
[6.359s] -- Installing: /home/naor/Desktop/naor/study/Thesis/install/drone_c/lib/libdrone_c__rosidl_typesupport_introspection_cpp.so
[6.360s] -- Set runtime path of "/home/naor/Desktop/naor/study/Thesis/install/drone_c/lib/libdrone_c__rosidl_typesupport_introspection_cpp.so" to ""
[6.360s] -- Installing: /home/naor/Desktop/naor/study/Thesis/install/drone_c/lib/libdrone_c__rosidl_typesupport_cpp.so
[6.360s] -- Set runtime path of "/home/naor/Desktop/naor/study/Thesis/install/drone_c/lib/libdrone_c__rosidl_typesupport_cpp.so" to ""
[6.360s] -- Installing: /home/naor/Desktop/naor/study/Thesis/install/drone_c/share/drone_c/environment/pythonpath.sh
[6.360s] -- Installing: /home/naor/Desktop/naor/study/Thesis/install/drone_c/share/drone_c/environment/pythonpath.dsv
[6.360s] -- Installing: /home/naor/Desktop/naor/study/Thesis/install/drone_c/local/lib/python3.10/dist-packages/drone_c-0.0.1-py3.10.egg-info
[6.360s] -- Installing: /home/naor/Desktop/naor/study/Thesis/install/drone_c/local/lib/python3.10/dist-packages/drone_c-0.0.1-py3.10.egg-info/SOURCES.txt
[6.360s] -- Installing: /home/naor/Desktop/naor/study/Thesis/install/drone_c/local/lib/python3.10/dist-packages/drone_c-0.0.1-py3.10.egg-info/PKG-INFO
[6.360s] -- Installing: /home/naor/Desktop/naor/study/Thesis/install/drone_c/local/lib/python3.10/dist-packages/drone_c-0.0.1-py3.10.egg-info/dependency_links.txt
[6.360s] -- Installing: /home/naor/Desktop/naor/study/Thesis/install/drone_c/local/lib/python3.10/dist-packages/drone_c-0.0.1-py3.10.egg-info/top_level.txt
[6.360s] -- Installing: /home/naor/Desktop/naor/study/Thesis/install/drone_c/local/lib/python3.10/dist-packages/drone_c
[6.361s] -- Installing: /home/naor/Desktop/naor/study/Thesis/install/drone_c/local/lib/python3.10/dist-packages/drone_c/drone_c_s__rosidl_typesupport_fastrtps_c.cpython-310-x86_64-linux-gnu.so
[6.361s] -- Installing: /home/naor/Desktop/naor/study/Thesis/install/drone_c/local/lib/python3.10/dist-packages/drone_c/__init__.py
[6.361s] -- Installing: /home/naor/Desktop/naor/study/Thesis/install/drone_c/local/lib/python3.10/dist-packages/drone_c/msg
[6.361s] -- Installing: /home/naor/Desktop/naor/study/Thesis/install/drone_c/local/lib/python3.10/dist-packages/drone_c/msg/_motors_s.c
[6.361s] -- Installing: /home/naor/Desktop/naor/study/Thesis/install/drone_c/local/lib/python3.10/dist-packages/drone_c/msg/__init__.py
[6.361s] -- Installing: /home/naor/Desktop/naor/study/Thesis/install/drone_c/local/lib/python3.10/dist-packages/drone_c/msg/_pid.py
[6.361s] -- Installing: /home/naor/Desktop/naor/study/Thesis/install/drone_c/local/lib/python3.10/dist-packages/drone_c/msg/_euler_angles_s.c
[6.361s] -- Installing: /home/naor/Desktop/naor/study/Thesis/install/drone_c/local/lib/python3.10/dist-packages/drone_c/msg/_imu_filter.py
[6.361s] -- Installing: /home/naor/Desktop/naor/study/Thesis/install/drone_c/local/lib/python3.10/dist-packages/drone_c/msg/_euler_angles.py
[6.361s] -- Installing: /home/naor/Desktop/naor/study/Thesis/install/drone_c/local/lib/python3.10/dist-packages/drone_c/msg/_pid_s.c
[6.361s] -- Installing: /home/naor/Desktop/naor/study/Thesis/install/drone_c/local/lib/python3.10/dist-packages/drone_c/msg/_imu_filter_s.c
[6.361s] -- Installing: /home/naor/Desktop/naor/study/Thesis/install/drone_c/local/lib/python3.10/dist-packages/drone_c/msg/_motors.py
[6.361s] -- Installing: /home/naor/Desktop/naor/study/Thesis/install/drone_c/local/lib/python3.10/dist-packages/drone_c/_drone_c_s.ep.rosidl_typesupport_c.c
[6.362s] -- Installing: /home/naor/Desktop/naor/study/Thesis/install/drone_c/local/lib/python3.10/dist-packages/drone_c/_drone_c_s.ep.rosidl_typesupport_fastrtps_c.c
[6.362s] -- Installing: /home/naor/Desktop/naor/study/Thesis/install/drone_c/local/lib/python3.10/dist-packages/drone_c/libdrone_c__rosidl_generator_py.so
[6.362s] -- Installing: /home/naor/Desktop/naor/study/Thesis/install/drone_c/local/lib/python3.10/dist-packages/drone_c/drone_c_s__rosidl_typesupport_c.cpython-310-x86_64-linux-gnu.so
[6.362s] -- Installing: /home/naor/Desktop/naor/study/Thesis/install/drone_c/local/lib/python3.10/dist-packages/drone_c/drone_c_s__rosidl_typesupport_introspection_c.cpython-310-x86_64-linux-gnu.so
[6.362s] -- Installing: /home/naor/Desktop/naor/study/Thesis/install/drone_c/local/lib/python3.10/dist-packages/drone_c/_drone_c_s.ep.rosidl_typesupport_introspection_c.c
[6.399s] Listing '/home/naor/Desktop/naor/study/Thesis/install/drone_c/local/lib/python3.10/dist-packages/drone_c'...
[6.399s] Compiling '/home/naor/Desktop/naor/study/Thesis/install/drone_c/local/lib/python3.10/dist-packages/drone_c/__init__.py'...
[6.399s] Listing '/home/naor/Desktop/naor/study/Thesis/install/drone_c/local/lib/python3.10/dist-packages/drone_c/msg'...
[6.399s] Compiling '/home/naor/Desktop/naor/study/Thesis/install/drone_c/local/lib/python3.10/dist-packages/drone_c/msg/__init__.py'...
[6.399s] Compiling '/home/naor/Desktop/naor/study/Thesis/install/drone_c/local/lib/python3.10/dist-packages/drone_c/msg/_euler_angles.py'...
[6.399s] Compiling '/home/naor/Desktop/naor/study/Thesis/install/drone_c/local/lib/python3.10/dist-packages/drone_c/msg/_imu_filter.py'...
[6.399s] Compiling '/home/naor/Desktop/naor/study/Thesis/install/drone_c/local/lib/python3.10/dist-packages/drone_c/msg/_motors.py'...
[6.399s] Compiling '/home/naor/Desktop/naor/study/Thesis/install/drone_c/local/lib/python3.10/dist-packages/drone_c/msg/_pid.py'...
[6.402s] -- Installing: /home/naor/Desktop/naor/study/Thesis/install/drone_c/local/lib/python3.10/dist-packages/drone_c/drone_c_s__rosidl_typesupport_fastrtps_c.cpython-310-x86_64-linux-gnu.so
[6.403s] -- Set runtime path of "/home/naor/Desktop/naor/study/Thesis/install/drone_c/local/lib/python3.10/dist-packages/drone_c/drone_c_s__rosidl_typesupport_fastrtps_c.cpython-310-x86_64-linux-gnu.so" to ""
[6.403s] -- Installing: /home/naor/Desktop/naor/study/Thesis/install/drone_c/local/lib/python3.10/dist-packages/drone_c/drone_c_s__rosidl_typesupport_introspection_c.cpython-310-x86_64-linux-gnu.so
[6.403s] -- Set runtime path of "/home/naor/Desktop/naor/study/Thesis/install/drone_c/local/lib/python3.10/dist-packages/drone_c/drone_c_s__rosidl_typesupport_introspection_c.cpython-310-x86_64-linux-gnu.so" to ""
[6.403s] -- Installing: /home/naor/Desktop/naor/study/Thesis/install/drone_c/local/lib/python3.10/dist-packages/drone_c/drone_c_s__rosidl_typesupport_c.cpython-310-x86_64-linux-gnu.so
[6.403s] -- Set runtime path of "/home/naor/Desktop/naor/study/Thesis/install/drone_c/local/lib/python3.10/dist-packages/drone_c/drone_c_s__rosidl_typesupport_c.cpython-310-x86_64-linux-gnu.so" to ""
[6.404s] -- Installing: /home/naor/Desktop/naor/study/Thesis/install/drone_c/lib/libdrone_c__rosidl_generator_py.so
[6.404s] -- Set runtime path of "/home/naor/Desktop/naor/study/Thesis/install/drone_c/lib/libdrone_c__rosidl_generator_py.so" to ""
[6.404s] -- Installing: /home/naor/Desktop/naor/study/Thesis/install/drone_c/share/drone_c/msg/Pid.idl
[6.404s] -- Installing: /home/naor/Desktop/naor/study/Thesis/install/drone_c/share/drone_c/msg/EulerAngles.idl
[6.404s] -- Installing: /home/naor/Desktop/naor/study/Thesis/install/drone_c/share/drone_c/msg/Motors.idl
[6.404s] -- Installing: /home/naor/Desktop/naor/study/Thesis/install/drone_c/share/drone_c/msg/ImuFilter.idl
[6.404s] -- Installing: /home/naor/Desktop/naor/study/Thesis/install/drone_c/share/drone_c/msg/Pid.msg
[6.404s] -- Installing: /home/naor/Desktop/naor/study/Thesis/install/drone_c/share/drone_c/msg/EulerAngles.msg
[6.405s] -- Installing: /home/naor/Desktop/naor/study/Thesis/install/drone_c/share/drone_c/msg/Motors.msg
[6.405s] -- Installing: /home/naor/Desktop/naor/study/Thesis/install/drone_c/share/drone_c/msg/ImuFilter.msg
[6.405s] -- Installing: /home/naor/Desktop/naor/study/Thesis/install/drone_c/lib/drone_c/rtcom_teensy_ros.py
[6.406s] -- Installing: /home/naor/Desktop/naor/study/Thesis/install/drone_c/share/ament_index/resource_index/package_run_dependencies/drone_c
[6.406s] -- Installing: /home/naor/Desktop/naor/study/Thesis/install/drone_c/share/ament_index/resource_index/parent_prefix_path/drone_c
[6.406s] -- Installing: /home/naor/Desktop/naor/study/Thesis/install/drone_c/share/drone_c/environment/ament_prefix_path.sh
[6.406s] -- Installing: /home/naor/Desktop/naor/study/Thesis/install/drone_c/share/drone_c/environment/ament_prefix_path.dsv
[6.406s] -- Installing: /home/naor/Desktop/naor/study/Thesis/install/drone_c/share/drone_c/environment/path.sh
[6.406s] -- Installing: /home/naor/Desktop/naor/study/Thesis/install/drone_c/share/drone_c/environment/path.dsv
[6.406s] -- Installing: /home/naor/Desktop/naor/study/Thesis/install/drone_c/share/drone_c/local_setup.bash
[6.406s] -- Installing: /home/naor/Desktop/naor/study/Thesis/install/drone_c/share/drone_c/local_setup.sh
[6.407s] -- Installing: /home/naor/Desktop/naor/study/Thesis/install/drone_c/share/drone_c/local_setup.zsh
[6.407s] -- Installing: /home/naor/Desktop/naor/study/Thesis/install/drone_c/share/drone_c/local_setup.dsv
[6.407s] -- Installing: /home/naor/Desktop/naor/study/Thesis/install/drone_c/share/drone_c/package.dsv
[6.407s] -- Installing: /home/naor/Desktop/naor/study/Thesis/install/drone_c/share/ament_index/resource_index/packages/drone_c
[6.407s] -- Installing: /home/naor/Desktop/naor/study/Thesis/install/drone_c/share/drone_c/cmake/export_drone_c__rosidl_generator_cExport.cmake
[6.407s] -- Installing: /home/naor/Desktop/naor/study/Thesis/install/drone_c/share/drone_c/cmake/export_drone_c__rosidl_generator_cExport-noconfig.cmake
[6.407s] -- Installing: /home/naor/Desktop/naor/study/Thesis/install/drone_c/share/drone_c/cmake/export_drone_c__rosidl_typesupport_fastrtps_cExport.cmake
[6.407s] -- Installing: /home/naor/Desktop/naor/study/Thesis/install/drone_c/share/drone_c/cmake/export_drone_c__rosidl_typesupport_fastrtps_cExport-noconfig.cmake
[6.407s] -- Installing: /home/naor/Desktop/naor/study/Thesis/install/drone_c/share/drone_c/cmake/export_drone_c__rosidl_generator_cppExport.cmake
[6.408s] -- Installing: /home/naor/Desktop/naor/study/Thesis/install/drone_c/share/drone_c/cmake/export_drone_c__rosidl_typesupport_fastrtps_cppExport.cmake
[6.408s] -- Installing: /home/naor/Desktop/naor/study/Thesis/install/drone_c/share/drone_c/cmake/export_drone_c__rosidl_typesupport_fastrtps_cppExport-noconfig.cmake
[6.408s] -- Installing: /home/naor/Desktop/naor/study/Thesis/install/drone_c/share/drone_c/cmake/drone_c__rosidl_typesupport_introspection_cExport.cmake
[6.408s] -- Installing: /home/naor/Desktop/naor/study/Thesis/install/drone_c/share/drone_c/cmake/drone_c__rosidl_typesupport_introspection_cExport-noconfig.cmake
[6.408s] -- Installing: /home/naor/Desktop/naor/study/Thesis/install/drone_c/share/drone_c/cmake/drone_c__rosidl_typesupport_cExport.cmake
[6.408s] -- Installing: /home/naor/Desktop/naor/study/Thesis/install/drone_c/share/drone_c/cmake/drone_c__rosidl_typesupport_cExport-noconfig.cmake
[6.408s] -- Installing: /home/naor/Desktop/naor/study/Thesis/install/drone_c/share/drone_c/cmake/drone_c__rosidl_typesupport_introspection_cppExport.cmake
[6.408s] -- Installing: /home/naor/Desktop/naor/study/Thesis/install/drone_c/share/drone_c/cmake/drone_c__rosidl_typesupport_introspection_cppExport-noconfig.cmake
[6.408s] -- Installing: /home/naor/Desktop/naor/study/Thesis/install/drone_c/share/drone_c/cmake/drone_c__rosidl_typesupport_cppExport.cmake
[6.408s] -- Installing: /home/naor/Desktop/naor/study/Thesis/install/drone_c/share/drone_c/cmake/drone_c__rosidl_typesupport_cppExport-noconfig.cmake
[6.408s] -- Installing: /home/naor/Desktop/naor/study/Thesis/install/drone_c/share/drone_c/cmake/export_drone_c__rosidl_generator_pyExport.cmake
[6.408s] -- Installing: /home/naor/Desktop/naor/study/Thesis/install/drone_c/share/drone_c/cmake/export_drone_c__rosidl_generator_pyExport-noconfig.cmake
[6.408s] -- Installing: /home/naor/Desktop/naor/study/Thesis/install/drone_c/share/drone_c/cmake/rosidl_cmake-extras.cmake
[6.408s] -- Installing: /home/naor/Desktop/naor/study/Thesis/install/drone_c/share/drone_c/cmake/ament_cmake_export_dependencies-extras.cmake
[6.408s] -- Installing: /home/naor/Desktop/naor/study/Thesis/install/drone_c/share/drone_c/cmake/ament_cmake_export_include_directories-extras.cmake
[6.409s] -- Installing: /home/naor/Desktop/naor/study/Thesis/install/drone_c/share/drone_c/cmake/ament_cmake_export_libraries-extras.cmake
[6.409s] -- Installing: /home/naor/Desktop/naor/study/Thesis/install/drone_c/share/drone_c/cmake/ament_cmake_export_targets-extras.cmake
[6.409s] -- Installing: /home/naor/Desktop/naor/study/Thesis/install/drone_c/share/drone_c/cmake/rosidl_cmake_export_typesupport_targets-extras.cmake
[6.409s] -- Installing: /home/naor/Desktop/naor/study/Thesis/install/drone_c/share/drone_c/cmake/rosidl_cmake_export_typesupport_libraries-extras.cmake
[6.409s] -- Installing: /home/naor/Desktop/naor/study/Thesis/install/drone_c/share/drone_c/cmake/drone_cConfig.cmake
[6.409s] -- Installing: /home/naor/Desktop/naor/study/Thesis/install/drone_c/share/drone_c/cmake/drone_cConfig-version.cmake
[6.409s] -- Installing: /home/naor/Desktop/naor/study/Thesis/install/drone_c/share/drone_c/package.xml
[6.411s] Invoked command in '/home/naor/Desktop/naor/study/Thesis/build/drone_c' returned '0': CMAKE_PREFIX_PATH=${CMAKE_PREFIX_PATH}:/home/naor/Desktop/naor/study/Thesis/install/camera_nav:/home/naor/Desktop/naor/study/Thesis/install/controller:/home/naor/Desktop/naor/work/capsule_repo/install/teensy_ers:/home/naor/Desktop/naor/work/capsule_repo/install/elers_bridge:/opt/ros/humble /usr/bin/cmake --install /home/naor/Desktop/naor/study/Thesis/build/drone_c
