[0.314s] Invoking command in '/home/naor/Desktop/naor/study/Thesis/build/ground_bot': CMAKE_PREFIX_PATH=/home/naor/Desktop/naor/work/capsule_repo/install/teensy_ers:/home/naor/Desktop/naor/work/capsule_repo/install/elers_bridge:/opt/ros/humble /usr/bin/cmake --build /home/naor/Desktop/naor/study/Thesis/build/ground_bot -- -j16 -l16
[0.359s] [35m[1mConsolidate compiler generated dependencies of target ground_bot__rosidl_generator_c[0m
[0.365s] [  2%] Built target ground_bot__cpp
[0.370s] [ 12%] Built target ground_bot__rosidl_generator_c
[0.376s] [35m[1mConsolidate compiler generated dependencies of target ground_bot__rosidl_typesupport_cpp[0m
[0.376s] [35m[1mConsolidate compiler generated dependencies of target ground_bot__rosidl_typesupport_fastrtps_cpp[0m
[0.376s] [35m[1mConsolidate compiler generated dependencies of target ground_bot__rosidl_typesupport_introspection_cpp[0m
[0.376s] [ 12%] Built target ament_cmake_python_copy_ground_bot
[0.381s] [35m[1mConsolidate compiler generated dependencies of target ground_bot__rosidl_typesupport_c[0m
[0.381s] [35m[1mConsolidate compiler generated dependencies of target ground_bot__rosidl_typesupport_fastrtps_c[0m
[0.383s] [35m[1mConsolidate compiler generated dependencies of target ground_bot__rosidl_typesupport_introspection_c[0m
[0.388s] [ 23%] Built target ground_bot__rosidl_typesupport_fastrtps_cpp
[0.388s] [ 33%] Built target ground_bot__rosidl_typesupport_introspection_cpp
[0.390s] [ 43%] Built target ground_bot__rosidl_typesupport_cpp
[0.390s] [ 53%] Built target ground_bot__rosidl_typesupport_c
[0.392s] [ 64%] Built target ground_bot__rosidl_typesupport_fastrtps_c
[0.394s] [ 74%] Built target ground_bot__rosidl_typesupport_introspection_c
[0.411s] [ 74%] Built target ground_bot
[0.429s] [ 76%] Built target ground_bot__py
[0.439s] [35m[1mConsolidate compiler generated dependencies of target ground_bot__rosidl_generator_py[0m
[0.450s] [ 84%] Built target ground_bot__rosidl_generator_py
[0.462s] [35m[1mConsolidate compiler generated dependencies of target ground_bot__rosidl_typesupport_introspection_c__pyext[0m
[0.462s] [35m[1mConsolidate compiler generated dependencies of target ground_bot__rosidl_typesupport_fastrtps_c__pyext[0m
[0.462s] [35m[1mConsolidate compiler generated dependencies of target ground_bot__rosidl_typesupport_c__pyext[0m
[0.473s] [ 94%] Built target ground_bot__rosidl_typesupport_c__pyext
[0.473s] [ 94%] Built target ground_bot__rosidl_typesupport_fastrtps_c__pyext
[0.474s] [100%] Built target ground_bot__rosidl_typesupport_introspection_c__pyext
[0.556s] running egg_info
[0.571s] writing ground_bot.egg-info/PKG-INFO
[0.571s] writing dependency_links to ground_bot.egg-info/dependency_links.txt
[0.571s] writing top-level names to ground_bot.egg-info/top_level.txt
[0.611s] reading manifest file 'ground_bot.egg-info/SOURCES.txt'
[0.611s] writing manifest file 'ground_bot.egg-info/SOURCES.txt'
[0.632s] [100%] Built target ament_cmake_python_build_ground_bot_egg
