[0.329s] Invoking command in '/home/naor/Desktop/naor/study/Thesis/build/drone_c': CMAKE_PREFIX_PATH=${CMAKE_PREFIX_PATH}:/home/naor/Desktop/naor/study/Thesis/install/roller:/home/naor/Desktop/naor/study/Thesis/install/controller:/home/naor/Desktop/naor/study/Thesis/install/camera_nav:/home/naor/Desktop/naor/work/capsule_repo/install/teensy_ers:/home/naor/Desktop/naor/work/capsule_repo/install/elers_bridge:/opt/ros/humble /usr/bin/cmake --build /home/naor/Desktop/naor/study/Thesis/build/drone_c -- -j16 -l16
[0.349s] -- Found ament_cmake: 1.3.11 (/opt/ros/humble/share/ament_cmake/cmake)
[0.455s] -- Found rclcpp: 16.0.12 (/opt/ros/humble/share/rclcpp/cmake)
[0.477s] -- Found rosidl_generator_c: 3.1.6 (/opt/ros/humble/share/rosidl_generator_c/cmake)
[0.478s] -- Found rosidl_adapter: 3.1.6 (/opt/ros/humble/share/rosidl_adapter/cmake)
[0.482s] -- Found rosidl_generator_cpp: 3.1.6 (/opt/ros/humble/share/rosidl_generator_cpp/cmake)
[0.489s] -- Using all available rosidl_typesupport_c: rosidl_typesupport_fastrtps_c;rosidl_typesupport_introspection_c
[0.497s] -- Using all available rosidl_typesupport_cpp: rosidl_typesupport_fastrtps_cpp;rosidl_typesupport_introspection_cpp
[0.518s] -- Found rmw_implementation_cmake: 6.1.2 (/opt/ros/humble/share/rmw_implementation_cmake/cmake)
[0.519s] -- Found rmw_fastrtps_cpp: 6.2.7 (/opt/ros/humble/share/rmw_fastrtps_cpp/cmake)
[0.603s] -- Using RMW implementation 'rmw_fastrtps_cpp' as default
[0.634s] -- Found rosidl_default_generators: 1.2.0 (/opt/ros/humble/share/rosidl_default_generators/cmake)
[0.883s] -- Found ament_cmake_ros: 0.10.0 (/opt/ros/humble/share/ament_cmake_ros/cmake)
[1.235s] -- Using all available rosidl_typesupport_c: rosidl_typesupport_fastrtps_c;rosidl_typesupport_introspection_c
[1.373s] -- Using all available rosidl_typesupport_cpp: rosidl_typesupport_fastrtps_cpp;rosidl_typesupport_introspection_cpp
[1.400s] -- Found python_cmake_module: 0.10.0 (/opt/ros/humble/share/python_cmake_module/cmake)
[1.425s] -- Using PYTHON_EXECUTABLE: /usr/bin/python3
[1.425s] -- Using PYTHON_INCLUDE_DIRS: /usr/include/python3.10
[1.425s] -- Using PYTHON_LIBRARIES: /usr/lib/x86_64-linux-gnu/libpython3.10.so
[1.443s] -- Found ament_lint_auto: 0.12.12 (/opt/ros/humble/share/ament_lint_auto/cmake)
[1.448s] -- Added test 'copyright' to check source files copyright and LICENSE
[1.449s] -- Added test 'flake8' to check Python code syntax and style conventions
[1.450s] -- Added test 'lint_cmake' to check CMake code style
[1.451s] -- Added test 'pep257' to check Python code against some of the docstring style conventions in PEP 257
[1.454s] -- Added test 'uncrustify' to check C / C++ code style
[1.454s] -- Configured uncrustify additional arguments: 
[1.455s] -- Added test 'xmllint' to check XML markup files
[1.456s] -- Configuring done
[1.481s] -- Generating done
[1.489s] -- Build files have been written to: /home/naor/Desktop/naor/study/Thesis/build/drone_c
[1.515s] [35m[1mConsolidate compiler generated dependencies of target drone_c__rosidl_generator_c[0m
[1.526s] [  3%] [32mBuilding C object CMakeFiles/drone_c__rosidl_generator_c.dir/rosidl_generator_c/drone_c/msg/detail/pid__functions.c.o[0m
[1.526s] [  3%] [32mBuilding C object CMakeFiles/drone_c__rosidl_generator_c.dir/rosidl_generator_c/drone_c/msg/detail/euler_angles__functions.c.o[0m
[1.526s] [  5%] [32mBuilding C object CMakeFiles/drone_c__rosidl_generator_c.dir/rosidl_generator_c/drone_c/msg/detail/imu_filter__functions.c.o[0m
[1.526s] [  7%] [32mBuilding C object CMakeFiles/drone_c__rosidl_generator_c.dir/rosidl_generator_c/drone_c/msg/detail/motors__functions.c.o[0m
[1.533s] [  7%] Built target ament_cmake_python_copy_drone_c
[1.541s] [  9%] Built target drone_c__cpp
[1.551s] [35m[1mConsolidate compiler generated dependencies of target drone_c__rosidl_typesupport_cpp[0m
[1.553s] [35m[1mConsolidate compiler generated dependencies of target drone_c__rosidl_typesupport_introspection_cpp[0m
[1.553s] [35m[1mConsolidate compiler generated dependencies of target drone_c__rosidl_typesupport_fastrtps_cpp[0m
[1.565s] [ 10%] [32mBuilding CXX object CMakeFiles/drone_c__rosidl_typesupport_cpp.dir/rosidl_typesupport_cpp/drone_c/msg/pid__type_support.cpp.o[0m
[1.569s] [ 12%] [32mBuilding CXX object CMakeFiles/drone_c__rosidl_typesupport_cpp.dir/rosidl_typesupport_cpp/drone_c/msg/motors__type_support.cpp.o[0m
[1.569s] [ 14%] [32mBuilding CXX object CMakeFiles/drone_c__rosidl_typesupport_cpp.dir/rosidl_typesupport_cpp/drone_c/msg/euler_angles__type_support.cpp.o[0m
[1.569s] [ 16%] [32mBuilding CXX object CMakeFiles/drone_c__rosidl_typesupport_introspection_cpp.dir/rosidl_typesupport_introspection_cpp/drone_c/msg/detail/imu_filter__type_support.cpp.o[0m
[1.569s] [ 18%] [32mBuilding CXX object CMakeFiles/drone_c__rosidl_typesupport_cpp.dir/rosidl_typesupport_cpp/drone_c/msg/imu_filter__type_support.cpp.o[0m
[1.569s] [ 20%] [32mBuilding CXX object CMakeFiles/drone_c__rosidl_typesupport_introspection_cpp.dir/rosidl_typesupport_introspection_cpp/drone_c/msg/detail/motors__type_support.cpp.o[0m
[1.573s] [ 21%] [32mBuilding CXX object CMakeFiles/drone_c__rosidl_typesupport_introspection_cpp.dir/rosidl_typesupport_introspection_cpp/drone_c/msg/detail/pid__type_support.cpp.o[0m
[1.573s] [ 23%] [32mBuilding CXX object CMakeFiles/drone_c__rosidl_typesupport_fastrtps_cpp.dir/rosidl_typesupport_fastrtps_cpp/drone_c/msg/detail/dds_fastrtps/pid__type_support.cpp.o[0m
[1.576s] [ 25%] [32mBuilding CXX object CMakeFiles/drone_c__rosidl_typesupport_introspection_cpp.dir/rosidl_typesupport_introspection_cpp/drone_c/msg/detail/euler_angles__type_support.cpp.o[0m
[1.576s] [ 27%] [32mBuilding CXX object CMakeFiles/drone_c__rosidl_typesupport_fastrtps_cpp.dir/rosidl_typesupport_fastrtps_cpp/drone_c/msg/detail/dds_fastrtps/euler_angles__type_support.cpp.o[0m
[1.581s] [ 30%] [32mBuilding CXX object CMakeFiles/drone_c__rosidl_typesupport_fastrtps_cpp.dir/rosidl_typesupport_fastrtps_cpp/drone_c/msg/detail/dds_fastrtps/motors__type_support.cpp.o[0m
[1.581s] [ 30%] [32mBuilding CXX object CMakeFiles/drone_c__rosidl_typesupport_fastrtps_cpp.dir/rosidl_typesupport_fastrtps_cpp/drone_c/msg/detail/dds_fastrtps/imu_filter__type_support.cpp.o[0m
[1.589s] [ 32%] [32m[1mLinking C shared library libdrone_c__rosidl_generator_c.so[0m
[1.640s] [ 34%] Built target drone_c__rosidl_generator_c
[1.676s] [35m[1mConsolidate compiler generated dependencies of target drone_c__rosidl_typesupport_fastrtps_c[0m
[1.679s] [35m[1mConsolidate compiler generated dependencies of target drone_c__rosidl_typesupport_introspection_c[0m
[1.681s] [35m[1mConsolidate compiler generated dependencies of target drone_c__rosidl_typesupport_c[0m
[1.711s] [ 36%] [32mBuilding CXX object CMakeFiles/drone_c__rosidl_typesupport_fastrtps_c.dir/rosidl_typesupport_fastrtps_c/drone_c/msg/detail/pid__type_support_c.cpp.o[0m
[1.712s] [ 38%] [32mBuilding C object CMakeFiles/drone_c__rosidl_typesupport_introspection_c.dir/rosidl_typesupport_introspection_c/drone_c/msg/detail/pid__type_support.c.o[0m
[1.718s] [ 40%] [32mBuilding CXX object CMakeFiles/drone_c__rosidl_typesupport_c.dir/rosidl_typesupport_c/drone_c/msg/pid__type_support.cpp.o[0m
[1.796s] [ 41%] [32mBuilding CXX object CMakeFiles/drone_c__rosidl_typesupport_c.dir/rosidl_typesupport_c/drone_c/msg/euler_angles__type_support.cpp.o[0m
[1.821s] [ 43%] [32mBuilding C object CMakeFiles/drone_c__rosidl_typesupport_introspection_c.dir/rosidl_typesupport_introspection_c/drone_c/msg/detail/euler_angles__type_support.c.o[0m
[1.893s] [ 45%] [32mBuilding CXX object CMakeFiles/drone_c__rosidl_typesupport_c.dir/rosidl_typesupport_c/drone_c/msg/motors__type_support.cpp.o[0m
[1.901s] [ 47%] [32mBuilding C object CMakeFiles/drone_c__rosidl_typesupport_introspection_c.dir/rosidl_typesupport_introspection_c/drone_c/msg/detail/motors__type_support.c.o[0m
[1.914s] [ 49%] [32mBuilding C object CMakeFiles/drone_c__rosidl_typesupport_introspection_c.dir/rosidl_typesupport_introspection_c/drone_c/msg/detail/imu_filter__type_support.c.o[0m
[1.949s] [ 50%] [32mBuilding CXX object CMakeFiles/drone_c__rosidl_typesupport_c.dir/rosidl_typesupport_c/drone_c/msg/imu_filter__type_support.cpp.o[0m
[1.965s] [ 52%] [32mBuilding CXX object CMakeFiles/drone_c__rosidl_typesupport_fastrtps_c.dir/rosidl_typesupport_fastrtps_c/drone_c/msg/detail/euler_angles__type_support_c.cpp.o[0m
[1.993s] [ 54%] [32m[1mLinking C shared library libdrone_c__rosidl_typesupport_introspection_c.so[0m
[2.039s] [ 56%] Built target drone_c__rosidl_typesupport_introspection_c
[2.040s] [ 58%] [32m[1mLinking CXX shared library libdrone_c__rosidl_typesupport_c.so[0m
[2.045s] running egg_info
[2.052s] [ 60%] [32mBuilding CXX object CMakeFiles/drone_c__rosidl_typesupport_fastrtps_c.dir/rosidl_typesupport_fastrtps_c/drone_c/msg/detail/imu_filter__type_support_c.cpp.o[0m
[2.055s] [ 61%] [32mBuilding CXX object CMakeFiles/drone_c__rosidl_typesupport_fastrtps_c.dir/rosidl_typesupport_fastrtps_c/drone_c/msg/detail/motors__type_support_c.cpp.o[0m
[2.134s] writing drone_c.egg-info/PKG-INFO
[2.134s] writing dependency_links to drone_c.egg-info/dependency_links.txt
[2.134s] writing top-level names to drone_c.egg-info/top_level.txt
[2.148s] [ 63%] Built target drone_c__rosidl_typesupport_c
[2.300s] [ 65%] [32m[1mLinking CXX shared library libdrone_c__rosidl_typesupport_cpp.so[0m
[2.368s] reading manifest file 'drone_c.egg-info/SOURCES.txt'
[2.368s] writing manifest file 'drone_c.egg-info/SOURCES.txt'
[2.394s] [ 67%] [32m[1mLinking CXX shared library libdrone_c__rosidl_typesupport_introspection_cpp.so[0m
[2.410s] [ 69%] Built target drone_c__rosidl_typesupport_cpp
[2.479s] [ 69%] Built target ament_cmake_python_build_drone_c_egg
[2.493s] [ 70%] Built target drone_c__rosidl_typesupport_introspection_cpp
[2.582s] [ 72%] [32m[1mLinking CXX shared library libdrone_c__rosidl_typesupport_fastrtps_cpp.so[0m
[2.647s] [ 74%] Built target drone_c__rosidl_typesupport_fastrtps_cpp
[2.658s] [ 76%] [32m[1mLinking CXX shared library libdrone_c__rosidl_typesupport_fastrtps_c.so[0m
[2.716s] [ 78%] Built target drone_c__rosidl_typesupport_fastrtps_c
[2.731s] [ 78%] Built target drone_c
[2.747s] [ 80%] Built target drone_c__py
[2.757s] [35m[1mConsolidate compiler generated dependencies of target drone_c__rosidl_generator_py[0m
[2.766s] [ 81%] [32mBuilding C object CMakeFiles/drone_c__rosidl_generator_py.dir/rosidl_generator_py/drone_c/msg/_euler_angles_s.c.o[0m
[2.767s] [ 83%] [32mBuilding C object CMakeFiles/drone_c__rosidl_generator_py.dir/rosidl_generator_py/drone_c/msg/_motors_s.c.o[0m
[2.767s] [ 85%] [32mBuilding C object CMakeFiles/drone_c__rosidl_generator_py.dir/rosidl_generator_py/drone_c/msg/_imu_filter_s.c.o[0m
[2.771s] [ 87%] [32mBuilding C object CMakeFiles/drone_c__rosidl_generator_py.dir/rosidl_generator_py/drone_c/msg/_pid_s.c.o[0m
[2.872s] [ 89%] [32m[1mLinking C shared library rosidl_generator_py/drone_c/libdrone_c__rosidl_generator_py.so[0m
[2.907s] [ 89%] Built target drone_c__rosidl_generator_py
[2.917s] [35m[1mConsolidate compiler generated dependencies of target drone_c__rosidl_typesupport_fastrtps_c__pyext[0m
[2.917s] [35m[1mConsolidate compiler generated dependencies of target drone_c__rosidl_typesupport_c__pyext[0m
[2.918s] [35m[1mConsolidate compiler generated dependencies of target drone_c__rosidl_typesupport_introspection_c__pyext[0m
[2.926s] [ 90%] [32mBuilding C object CMakeFiles/drone_c__rosidl_typesupport_fastrtps_c__pyext.dir/rosidl_generator_py/drone_c/_drone_c_s.ep.rosidl_typesupport_fastrtps_c.c.o[0m
[2.927s] [ 92%] [32mBuilding C object CMakeFiles/drone_c__rosidl_typesupport_introspection_c__pyext.dir/rosidl_generator_py/drone_c/_drone_c_s.ep.rosidl_typesupport_introspection_c.c.o[0m
[2.928s] [ 94%] [32mBuilding C object CMakeFiles/drone_c__rosidl_typesupport_c__pyext.dir/rosidl_generator_py/drone_c/_drone_c_s.ep.rosidl_typesupport_c.c.o[0m
[2.992s] [ 96%] [32m[1mLinking C shared library rosidl_generator_py/drone_c/drone_c_s__rosidl_typesupport_fastrtps_c.cpython-310-x86_64-linux-gnu.so[0m
[2.994s] [ 98%] [32m[1mLinking C shared library rosidl_generator_py/drone_c/drone_c_s__rosidl_typesupport_c.cpython-310-x86_64-linux-gnu.so[0m
[3.021s] [ 98%] Built target drone_c__rosidl_typesupport_c__pyext
[3.021s] [ 98%] Built target drone_c__rosidl_typesupport_fastrtps_c__pyext
[3.029s] [100%] [32m[1mLinking C shared library rosidl_generator_py/drone_c/drone_c_s__rosidl_typesupport_introspection_c.cpython-310-x86_64-linux-gnu.so[0m
[3.059s] [100%] Built target drone_c__rosidl_typesupport_introspection_c__pyext
[3.069s] Invoked command in '/home/naor/Desktop/naor/study/Thesis/build/drone_c' returned '0': CMAKE_PREFIX_PATH=${CMAKE_PREFIX_PATH}:/home/naor/Desktop/naor/study/Thesis/install/roller:/home/naor/Desktop/naor/study/Thesis/install/controller:/home/naor/Desktop/naor/study/Thesis/install/camera_nav:/home/naor/Desktop/naor/work/capsule_repo/install/teensy_ers:/home/naor/Desktop/naor/work/capsule_repo/install/elers_bridge:/opt/ros/humble /usr/bin/cmake --build /home/naor/Desktop/naor/study/Thesis/build/drone_c -- -j16 -l16
[3.070s] Invoking command in '/home/naor/Desktop/naor/study/Thesis/build/drone_c': CMAKE_PREFIX_PATH=${CMAKE_PREFIX_PATH}:/home/naor/Desktop/naor/study/Thesis/install/roller:/home/naor/Desktop/naor/study/Thesis/install/controller:/home/naor/Desktop/naor/study/Thesis/install/camera_nav:/home/naor/Desktop/naor/work/capsule_repo/install/teensy_ers:/home/naor/Desktop/naor/work/capsule_repo/install/elers_bridge:/opt/ros/humble /usr/bin/cmake --install /home/naor/Desktop/naor/study/Thesis/build/drone_c
[3.077s] -- Install configuration: ""
[3.077s] -- Up-to-date: /home/naor/Desktop/naor/study/Thesis/install/drone_c/share/ament_index/resource_index/rosidl_interfaces/drone_c
[3.077s] -- Up-to-date: /home/naor/Desktop/naor/study/Thesis/install/drone_c/include/drone_c/drone_c
[3.077s] -- Up-to-date: /home/naor/Desktop/naor/study/Thesis/install/drone_c/include/drone_c/drone_c/msg
[3.077s] -- Up-to-date: /home/naor/Desktop/naor/study/Thesis/install/drone_c/include/drone_c/drone_c/msg/motors.h
[3.077s] -- Up-to-date: /home/naor/Desktop/naor/study/Thesis/install/drone_c/include/drone_c/drone_c/msg/imu_filter.h
[3.077s] -- Up-to-date: /home/naor/Desktop/naor/study/Thesis/install/drone_c/include/drone_c/drone_c/msg/euler_angles.h
[3.077s] -- Up-to-date: /home/naor/Desktop/naor/study/Thesis/install/drone_c/include/drone_c/drone_c/msg/pid.h
[3.077s] -- Up-to-date: /home/naor/Desktop/naor/study/Thesis/install/drone_c/include/drone_c/drone_c/msg/rosidl_generator_c__visibility_control.h
[3.077s] -- Up-to-date: /home/naor/Desktop/naor/study/Thesis/install/drone_c/include/drone_c/drone_c/msg/detail
[3.077s] -- Up-to-date: /home/naor/Desktop/naor/study/Thesis/install/drone_c/include/drone_c/drone_c/msg/detail/imu_filter__functions.c
[3.077s] -- Up-to-date: /home/naor/Desktop/naor/study/Thesis/install/drone_c/include/drone_c/drone_c/msg/detail/pid__struct.h
[3.077s] -- Up-to-date: /home/naor/Desktop/naor/study/Thesis/install/drone_c/include/drone_c/drone_c/msg/detail/motors__struct.h
[3.078s] -- Up-to-date: /home/naor/Desktop/naor/study/Thesis/install/drone_c/include/drone_c/drone_c/msg/detail/pid__functions.h
[3.078s] -- Up-to-date: /home/naor/Desktop/naor/study/Thesis/install/drone_c/include/drone_c/drone_c/msg/detail/imu_filter__type_support.h
[3.078s] -- Up-to-date: /home/naor/Desktop/naor/study/Thesis/install/drone_c/include/drone_c/drone_c/msg/detail/euler_angles__functions.h
[3.078s] -- Up-to-date: /home/naor/Desktop/naor/study/Thesis/install/drone_c/include/drone_c/drone_c/msg/detail/pid__type_support.h
[3.078s] -- Up-to-date: /home/naor/Desktop/naor/study/Thesis/install/drone_c/include/drone_c/drone_c/msg/detail/motors__functions.h
[3.078s] -- Up-to-date: /home/naor/Desktop/naor/study/Thesis/install/drone_c/include/drone_c/drone_c/msg/detail/motors__type_support.h
[3.078s] -- Up-to-date: /home/naor/Desktop/naor/study/Thesis/install/drone_c/include/drone_c/drone_c/msg/detail/euler_angles__type_support.h
[3.078s] -- Up-to-date: /home/naor/Desktop/naor/study/Thesis/install/drone_c/include/drone_c/drone_c/msg/detail/motors__functions.c
[3.078s] -- Up-to-date: /home/naor/Desktop/naor/study/Thesis/install/drone_c/include/drone_c/drone_c/msg/detail/imu_filter__functions.h
[3.078s] -- Up-to-date: /home/naor/Desktop/naor/study/Thesis/install/drone_c/include/drone_c/drone_c/msg/detail/euler_angles__functions.c
[3.078s] -- Up-to-date: /home/naor/Desktop/naor/study/Thesis/install/drone_c/include/drone_c/drone_c/msg/detail/pid__functions.c
[3.078s] -- Up-to-date: /home/naor/Desktop/naor/study/Thesis/install/drone_c/include/drone_c/drone_c/msg/detail/euler_angles__struct.h
[3.078s] -- Up-to-date: /home/naor/Desktop/naor/study/Thesis/install/drone_c/include/drone_c/drone_c/msg/detail/imu_filter__struct.h
[3.078s] -- Installing: /home/naor/Desktop/naor/study/Thesis/install/drone_c/share/drone_c/environment/library_path.sh
[3.078s] -- Installing: /home/naor/Desktop/naor/study/Thesis/install/drone_c/share/drone_c/environment/library_path.dsv
[3.078s] -- Installing: /home/naor/Desktop/naor/study/Thesis/install/drone_c/lib/libdrone_c__rosidl_generator_c.so
[3.078s] -- Set runtime path of "/home/naor/Desktop/naor/study/Thesis/install/drone_c/lib/libdrone_c__rosidl_generator_c.so" to ""
[3.078s] -- Up-to-date: /home/naor/Desktop/naor/study/Thesis/install/drone_c/include/drone_c/drone_c
[3.078s] -- Up-to-date: /home/naor/Desktop/naor/study/Thesis/install/drone_c/include/drone_c/drone_c/msg
[3.078s] -- Up-to-date: /home/naor/Desktop/naor/study/Thesis/install/drone_c/include/drone_c/drone_c/msg/rosidl_typesupport_fastrtps_c__visibility_control.h
[3.078s] -- Up-to-date: /home/naor/Desktop/naor/study/Thesis/install/drone_c/include/drone_c/drone_c/msg/detail
[3.078s] -- Up-to-date: /home/naor/Desktop/naor/study/Thesis/install/drone_c/include/drone_c/drone_c/msg/detail/euler_angles__rosidl_typesupport_fastrtps_c.h
[3.078s] -- Up-to-date: /home/naor/Desktop/naor/study/Thesis/install/drone_c/include/drone_c/drone_c/msg/detail/imu_filter__rosidl_typesupport_fastrtps_c.h
[3.078s] -- Up-to-date: /home/naor/Desktop/naor/study/Thesis/install/drone_c/include/drone_c/drone_c/msg/detail/pid__rosidl_typesupport_fastrtps_c.h
[3.079s] -- Up-to-date: /home/naor/Desktop/naor/study/Thesis/install/drone_c/include/drone_c/drone_c/msg/detail/motors__rosidl_typesupport_fastrtps_c.h
[3.079s] -- Installing: /home/naor/Desktop/naor/study/Thesis/install/drone_c/lib/libdrone_c__rosidl_typesupport_fastrtps_c.so
[3.079s] -- Set runtime path of "/home/naor/Desktop/naor/study/Thesis/install/drone_c/lib/libdrone_c__rosidl_typesupport_fastrtps_c.so" to ""
[3.079s] -- Up-to-date: /home/naor/Desktop/naor/study/Thesis/install/drone_c/include/drone_c/drone_c
[3.079s] -- Up-to-date: /home/naor/Desktop/naor/study/Thesis/install/drone_c/include/drone_c/drone_c/msg
[3.079s] -- Up-to-date: /home/naor/Desktop/naor/study/Thesis/install/drone_c/include/drone_c/drone_c/msg/pid.hpp
[3.079s] -- Up-to-date: /home/naor/Desktop/naor/study/Thesis/install/drone_c/include/drone_c/drone_c/msg/motors.hpp
[3.079s] -- Up-to-date: /home/naor/Desktop/naor/study/Thesis/install/drone_c/include/drone_c/drone_c/msg/rosidl_generator_cpp__visibility_control.hpp
[3.079s] -- Up-to-date: /home/naor/Desktop/naor/study/Thesis/install/drone_c/include/drone_c/drone_c/msg/euler_angles.hpp
[3.079s] -- Up-to-date: /home/naor/Desktop/naor/study/Thesis/install/drone_c/include/drone_c/drone_c/msg/imu_filter.hpp
[3.079s] -- Up-to-date: /home/naor/Desktop/naor/study/Thesis/install/drone_c/include/drone_c/drone_c/msg/detail
[3.079s] -- Up-to-date: /home/naor/Desktop/naor/study/Thesis/install/drone_c/include/drone_c/drone_c/msg/detail/motors__traits.hpp
[3.079s] -- Installing: /home/naor/Desktop/naor/study/Thesis/install/drone_c/include/drone_c/drone_c/msg/detail/imu_filter__struct.hpp
[3.079s] -- Up-to-date: /home/naor/Desktop/naor/study/Thesis/install/drone_c/include/drone_c/drone_c/msg/detail/pid__type_support.hpp
[3.079s] -- Installing: /home/naor/Desktop/naor/study/Thesis/install/drone_c/include/drone_c/drone_c/msg/detail/euler_angles__struct.hpp
[3.079s] -- Installing: /home/naor/Desktop/naor/study/Thesis/install/drone_c/include/drone_c/drone_c/msg/detail/euler_angles__traits.hpp
[3.079s] -- Up-to-date: /home/naor/Desktop/naor/study/Thesis/install/drone_c/include/drone_c/drone_c/msg/detail/motors__builder.hpp
[3.079s] -- Up-to-date: /home/naor/Desktop/naor/study/Thesis/install/drone_c/include/drone_c/drone_c/msg/detail/motors__struct.hpp
[3.079s] -- Installing: /home/naor/Desktop/naor/study/Thesis/install/drone_c/include/drone_c/drone_c/msg/detail/imu_filter__builder.hpp
[3.079s] -- Up-to-date: /home/naor/Desktop/naor/study/Thesis/install/drone_c/include/drone_c/drone_c/msg/detail/pid__struct.hpp
[3.080s] -- Installing: /home/naor/Desktop/naor/study/Thesis/install/drone_c/include/drone_c/drone_c/msg/detail/euler_angles__type_support.hpp
[3.080s] -- Up-to-date: /home/naor/Desktop/naor/study/Thesis/install/drone_c/include/drone_c/drone_c/msg/detail/imu_filter__traits.hpp
[3.080s] -- Up-to-date: /home/naor/Desktop/naor/study/Thesis/install/drone_c/include/drone_c/drone_c/msg/detail/motors__type_support.hpp
[3.080s] -- Up-to-date: /home/naor/Desktop/naor/study/Thesis/install/drone_c/include/drone_c/drone_c/msg/detail/pid__builder.hpp
[3.080s] -- Up-to-date: /home/naor/Desktop/naor/study/Thesis/install/drone_c/include/drone_c/drone_c/msg/detail/pid__traits.hpp
[3.080s] -- Up-to-date: /home/naor/Desktop/naor/study/Thesis/install/drone_c/include/drone_c/drone_c/msg/detail/imu_filter__type_support.hpp
[3.080s] -- Installing: /home/naor/Desktop/naor/study/Thesis/install/drone_c/include/drone_c/drone_c/msg/detail/euler_angles__builder.hpp
[3.080s] -- Up-to-date: /home/naor/Desktop/naor/study/Thesis/install/drone_c/include/drone_c/drone_c
[3.080s] -- Up-to-date: /home/naor/Desktop/naor/study/Thesis/install/drone_c/include/drone_c/drone_c/msg
[3.080s] -- Up-to-date: /home/naor/Desktop/naor/study/Thesis/install/drone_c/include/drone_c/drone_c/msg/rosidl_typesupport_fastrtps_cpp__visibility_control.h
[3.080s] -- Up-to-date: /home/naor/Desktop/naor/study/Thesis/install/drone_c/include/drone_c/drone_c/msg/detail
[3.080s] -- Up-to-date: /home/naor/Desktop/naor/study/Thesis/install/drone_c/include/drone_c/drone_c/msg/detail/euler_angles__rosidl_typesupport_fastrtps_cpp.hpp
[3.080s] -- Up-to-date: /home/naor/Desktop/naor/study/Thesis/install/drone_c/include/drone_c/drone_c/msg/detail/imu_filter__rosidl_typesupport_fastrtps_cpp.hpp
[3.080s] -- Up-to-date: /home/naor/Desktop/naor/study/Thesis/install/drone_c/include/drone_c/drone_c/msg/detail/dds_fastrtps
[3.081s] -- Up-to-date: /home/naor/Desktop/naor/study/Thesis/install/drone_c/include/drone_c/drone_c/msg/detail/motors__rosidl_typesupport_fastrtps_cpp.hpp
[3.081s] -- Up-to-date: /home/naor/Desktop/naor/study/Thesis/install/drone_c/include/drone_c/drone_c/msg/detail/pid__rosidl_typesupport_fastrtps_cpp.hpp
[3.081s] -- Installing: /home/naor/Desktop/naor/study/Thesis/install/drone_c/lib/libdrone_c__rosidl_typesupport_fastrtps_cpp.so
[3.081s] -- Set runtime path of "/home/naor/Desktop/naor/study/Thesis/install/drone_c/lib/libdrone_c__rosidl_typesupport_fastrtps_cpp.so" to ""
[3.081s] -- Up-to-date: /home/naor/Desktop/naor/study/Thesis/install/drone_c/include/drone_c/drone_c
[3.081s] -- Up-to-date: /home/naor/Desktop/naor/study/Thesis/install/drone_c/include/drone_c/drone_c/msg
[3.081s] -- Up-to-date: /home/naor/Desktop/naor/study/Thesis/install/drone_c/include/drone_c/drone_c/msg/rosidl_typesupport_introspection_c__visibility_control.h
[3.081s] -- Up-to-date: /home/naor/Desktop/naor/study/Thesis/install/drone_c/include/drone_c/drone_c/msg/detail
[3.081s] -- Up-to-date: /home/naor/Desktop/naor/study/Thesis/install/drone_c/include/drone_c/drone_c/msg/detail/pid__rosidl_typesupport_introspection_c.h
[3.081s] -- Up-to-date: /home/naor/Desktop/naor/study/Thesis/install/drone_c/include/drone_c/drone_c/msg/detail/motors__type_support.c
[3.081s] -- Up-to-date: /home/naor/Desktop/naor/study/Thesis/install/drone_c/include/drone_c/drone_c/msg/detail/euler_angles__type_support.c
[3.081s] -- Up-to-date: /home/naor/Desktop/naor/study/Thesis/install/drone_c/include/drone_c/drone_c/msg/detail/motors__rosidl_typesupport_introspection_c.h
[3.081s] -- Up-to-date: /home/naor/Desktop/naor/study/Thesis/install/drone_c/include/drone_c/drone_c/msg/detail/pid__type_support.c
[3.081s] -- Up-to-date: /home/naor/Desktop/naor/study/Thesis/install/drone_c/include/drone_c/drone_c/msg/detail/imu_filter__rosidl_typesupport_introspection_c.h
[3.081s] -- Up-to-date: /home/naor/Desktop/naor/study/Thesis/install/drone_c/include/drone_c/drone_c/msg/detail/imu_filter__type_support.c
[3.081s] -- Up-to-date: /home/naor/Desktop/naor/study/Thesis/install/drone_c/include/drone_c/drone_c/msg/detail/euler_angles__rosidl_typesupport_introspection_c.h
[3.081s] -- Installing: /home/naor/Desktop/naor/study/Thesis/install/drone_c/lib/libdrone_c__rosidl_typesupport_introspection_c.so
[3.081s] -- Set runtime path of "/home/naor/Desktop/naor/study/Thesis/install/drone_c/lib/libdrone_c__rosidl_typesupport_introspection_c.so" to ""
[3.081s] -- Installing: /home/naor/Desktop/naor/study/Thesis/install/drone_c/lib/libdrone_c__rosidl_typesupport_c.so
[3.081s] -- Set runtime path of "/home/naor/Desktop/naor/study/Thesis/install/drone_c/lib/libdrone_c__rosidl_typesupport_c.so" to ""
[3.081s] -- Up-to-date: /home/naor/Desktop/naor/study/Thesis/install/drone_c/include/drone_c/drone_c
[3.081s] -- Up-to-date: /home/naor/Desktop/naor/study/Thesis/install/drone_c/include/drone_c/drone_c/msg
[3.081s] -- Up-to-date: /home/naor/Desktop/naor/study/Thesis/install/drone_c/include/drone_c/drone_c/msg/detail
[3.081s] -- Up-to-date: /home/naor/Desktop/naor/study/Thesis/install/drone_c/include/drone_c/drone_c/msg/detail/motors__type_support.cpp
[3.081s] -- Up-to-date: /home/naor/Desktop/naor/study/Thesis/install/drone_c/include/drone_c/drone_c/msg/detail/imu_filter__rosidl_typesupport_introspection_cpp.hpp
[3.081s] -- Up-to-date: /home/naor/Desktop/naor/study/Thesis/install/drone_c/include/drone_c/drone_c/msg/detail/pid__type_support.cpp
[3.082s] -- Up-to-date: /home/naor/Desktop/naor/study/Thesis/install/drone_c/include/drone_c/drone_c/msg/detail/euler_angles__rosidl_typesupport_introspection_cpp.hpp
[3.082s] -- Up-to-date: /home/naor/Desktop/naor/study/Thesis/install/drone_c/include/drone_c/drone_c/msg/detail/imu_filter__type_support.cpp
[3.082s] -- Up-to-date: /home/naor/Desktop/naor/study/Thesis/install/drone_c/include/drone_c/drone_c/msg/detail/euler_angles__type_support.cpp
[3.082s] -- Up-to-date: /home/naor/Desktop/naor/study/Thesis/install/drone_c/include/drone_c/drone_c/msg/detail/pid__rosidl_typesupport_introspection_cpp.hpp
[3.082s] -- Up-to-date: /home/naor/Desktop/naor/study/Thesis/install/drone_c/include/drone_c/drone_c/msg/detail/motors__rosidl_typesupport_introspection_cpp.hpp
[3.082s] -- Installing: /home/naor/Desktop/naor/study/Thesis/install/drone_c/lib/libdrone_c__rosidl_typesupport_introspection_cpp.so
[3.082s] -- Set runtime path of "/home/naor/Desktop/naor/study/Thesis/install/drone_c/lib/libdrone_c__rosidl_typesupport_introspection_cpp.so" to ""
[3.082s] -- Installing: /home/naor/Desktop/naor/study/Thesis/install/drone_c/lib/libdrone_c__rosidl_typesupport_cpp.so
[3.082s] -- Set runtime path of "/home/naor/Desktop/naor/study/Thesis/install/drone_c/lib/libdrone_c__rosidl_typesupport_cpp.so" to ""
[3.082s] -- Up-to-date: /home/naor/Desktop/naor/study/Thesis/install/drone_c/share/drone_c/environment/pythonpath.sh
[3.082s] -- Installing: /home/naor/Desktop/naor/study/Thesis/install/drone_c/share/drone_c/environment/pythonpath.dsv
[3.082s] -- Up-to-date: /home/naor/Desktop/naor/study/Thesis/install/drone_c/local/lib/python3.10/dist-packages/drone_c-0.0.1-py3.10.egg-info
[3.082s] -- Installing: /home/naor/Desktop/naor/study/Thesis/install/drone_c/local/lib/python3.10/dist-packages/drone_c-0.0.1-py3.10.egg-info/SOURCES.txt
[3.082s] -- Installing: /home/naor/Desktop/naor/study/Thesis/install/drone_c/local/lib/python3.10/dist-packages/drone_c-0.0.1-py3.10.egg-info/PKG-INFO
[3.082s] -- Installing: /home/naor/Desktop/naor/study/Thesis/install/drone_c/local/lib/python3.10/dist-packages/drone_c-0.0.1-py3.10.egg-info/dependency_links.txt
[3.082s] -- Installing: /home/naor/Desktop/naor/study/Thesis/install/drone_c/local/lib/python3.10/dist-packages/drone_c-0.0.1-py3.10.egg-info/top_level.txt
[3.082s] -- Up-to-date: /home/naor/Desktop/naor/study/Thesis/install/drone_c/local/lib/python3.10/dist-packages/drone_c
[3.082s] -- Installing: /home/naor/Desktop/naor/study/Thesis/install/drone_c/local/lib/python3.10/dist-packages/drone_c/drone_c_s__rosidl_typesupport_fastrtps_c.cpython-310-x86_64-linux-gnu.so
[3.082s] -- Installing: /home/naor/Desktop/naor/study/Thesis/install/drone_c/local/lib/python3.10/dist-packages/drone_c/__init__.py
[3.082s] -- Up-to-date: /home/naor/Desktop/naor/study/Thesis/install/drone_c/local/lib/python3.10/dist-packages/drone_c/msg
[3.082s] -- Up-to-date: /home/naor/Desktop/naor/study/Thesis/install/drone_c/local/lib/python3.10/dist-packages/drone_c/msg/_motors_s.c
[3.082s] -- Up-to-date: /home/naor/Desktop/naor/study/Thesis/install/drone_c/local/lib/python3.10/dist-packages/drone_c/msg/__init__.py
[3.082s] -- Up-to-date: /home/naor/Desktop/naor/study/Thesis/install/drone_c/local/lib/python3.10/dist-packages/drone_c/msg/_pid.py
[3.082s] -- Up-to-date: /home/naor/Desktop/naor/study/Thesis/install/drone_c/local/lib/python3.10/dist-packages/drone_c/msg/_euler_angles_s.c
[3.082s] -- Up-to-date: /home/naor/Desktop/naor/study/Thesis/install/drone_c/local/lib/python3.10/dist-packages/drone_c/msg/_imu_filter.py
[3.083s] -- Up-to-date: /home/naor/Desktop/naor/study/Thesis/install/drone_c/local/lib/python3.10/dist-packages/drone_c/msg/_euler_angles.py
[3.083s] -- Up-to-date: /home/naor/Desktop/naor/study/Thesis/install/drone_c/local/lib/python3.10/dist-packages/drone_c/msg/_pid_s.c
[3.083s] -- Up-to-date: /home/naor/Desktop/naor/study/Thesis/install/drone_c/local/lib/python3.10/dist-packages/drone_c/msg/_imu_filter_s.c
[3.083s] -- Up-to-date: /home/naor/Desktop/naor/study/Thesis/install/drone_c/local/lib/python3.10/dist-packages/drone_c/msg/_motors.py
[3.083s] -- Up-to-date: /home/naor/Desktop/naor/study/Thesis/install/drone_c/local/lib/python3.10/dist-packages/drone_c/_drone_c_s.ep.rosidl_typesupport_c.c
[3.083s] -- Up-to-date: /home/naor/Desktop/naor/study/Thesis/install/drone_c/local/lib/python3.10/dist-packages/drone_c/_drone_c_s.ep.rosidl_typesupport_fastrtps_c.c
[3.083s] -- Installing: /home/naor/Desktop/naor/study/Thesis/install/drone_c/local/lib/python3.10/dist-packages/drone_c/libdrone_c__rosidl_generator_py.so
[3.083s] -- Installing: /home/naor/Desktop/naor/study/Thesis/install/drone_c/local/lib/python3.10/dist-packages/drone_c/drone_c_s__rosidl_typesupport_c.cpython-310-x86_64-linux-gnu.so
[3.083s] -- Installing: /home/naor/Desktop/naor/study/Thesis/install/drone_c/local/lib/python3.10/dist-packages/drone_c/drone_c_s__rosidl_typesupport_introspection_c.cpython-310-x86_64-linux-gnu.so
[3.083s] -- Up-to-date: /home/naor/Desktop/naor/study/Thesis/install/drone_c/local/lib/python3.10/dist-packages/drone_c/_drone_c_s.ep.rosidl_typesupport_introspection_c.c
[3.115s] Listing '/home/naor/Desktop/naor/study/Thesis/install/drone_c/local/lib/python3.10/dist-packages/drone_c'...
[3.115s] Compiling '/home/naor/Desktop/naor/study/Thesis/install/drone_c/local/lib/python3.10/dist-packages/drone_c/__init__.py'...
[3.115s] Listing '/home/naor/Desktop/naor/study/Thesis/install/drone_c/local/lib/python3.10/dist-packages/drone_c/msg'...
[3.115s] Compiling '/home/naor/Desktop/naor/study/Thesis/install/drone_c/local/lib/python3.10/dist-packages/drone_c/msg/__init__.py'...
[3.115s] Compiling '/home/naor/Desktop/naor/study/Thesis/install/drone_c/local/lib/python3.10/dist-packages/drone_c/msg/_euler_angles.py'...
[3.115s] Compiling '/home/naor/Desktop/naor/study/Thesis/install/drone_c/local/lib/python3.10/dist-packages/drone_c/msg/_imu_filter.py'...
[3.115s] Compiling '/home/naor/Desktop/naor/study/Thesis/install/drone_c/local/lib/python3.10/dist-packages/drone_c/msg/_motors.py'...
[3.115s] Compiling '/home/naor/Desktop/naor/study/Thesis/install/drone_c/local/lib/python3.10/dist-packages/drone_c/msg/_pid.py'...
[3.120s] -- Installing: /home/naor/Desktop/naor/study/Thesis/install/drone_c/local/lib/python3.10/dist-packages/drone_c/drone_c_s__rosidl_typesupport_fastrtps_c.cpython-310-x86_64-linux-gnu.so
[3.120s] -- Set runtime path of "/home/naor/Desktop/naor/study/Thesis/install/drone_c/local/lib/python3.10/dist-packages/drone_c/drone_c_s__rosidl_typesupport_fastrtps_c.cpython-310-x86_64-linux-gnu.so" to ""
[3.120s] -- Installing: /home/naor/Desktop/naor/study/Thesis/install/drone_c/local/lib/python3.10/dist-packages/drone_c/drone_c_s__rosidl_typesupport_introspection_c.cpython-310-x86_64-linux-gnu.so
[3.120s] -- Set runtime path of "/home/naor/Desktop/naor/study/Thesis/install/drone_c/local/lib/python3.10/dist-packages/drone_c/drone_c_s__rosidl_typesupport_introspection_c.cpython-310-x86_64-linux-gnu.so" to ""
[3.120s] -- Installing: /home/naor/Desktop/naor/study/Thesis/install/drone_c/local/lib/python3.10/dist-packages/drone_c/drone_c_s__rosidl_typesupport_c.cpython-310-x86_64-linux-gnu.so
[3.121s] -- Set runtime path of "/home/naor/Desktop/naor/study/Thesis/install/drone_c/local/lib/python3.10/dist-packages/drone_c/drone_c_s__rosidl_typesupport_c.cpython-310-x86_64-linux-gnu.so" to ""
[3.121s] -- Installing: /home/naor/Desktop/naor/study/Thesis/install/drone_c/lib/libdrone_c__rosidl_generator_py.so
[3.121s] -- Set runtime path of "/home/naor/Desktop/naor/study/Thesis/install/drone_c/lib/libdrone_c__rosidl_generator_py.so" to ""
[3.121s] -- Up-to-date: /home/naor/Desktop/naor/study/Thesis/install/drone_c/share/drone_c/msg/Pid.idl
[3.121s] -- Up-to-date: /home/naor/Desktop/naor/study/Thesis/install/drone_c/share/drone_c/msg/EulerAngles.idl
[3.121s] -- Up-to-date: /home/naor/Desktop/naor/study/Thesis/install/drone_c/share/drone_c/msg/Motors.idl
[3.121s] -- Up-to-date: /home/naor/Desktop/naor/study/Thesis/install/drone_c/share/drone_c/msg/ImuFilter.idl
[3.121s] -- Installing: /home/naor/Desktop/naor/study/Thesis/install/drone_c/share/drone_c/msg/Pid.msg
[3.122s] -- Installing: /home/naor/Desktop/naor/study/Thesis/install/drone_c/share/drone_c/msg/EulerAngles.msg
[3.122s] -- Installing: /home/naor/Desktop/naor/study/Thesis/install/drone_c/share/drone_c/msg/Motors.msg
[3.122s] -- Installing: /home/naor/Desktop/naor/study/Thesis/install/drone_c/share/drone_c/msg/ImuFilter.msg
[3.122s] -- Installing: /home/naor/Desktop/naor/study/Thesis/install/drone_c/lib/drone_c/rtcom_teensy_ros.py
[3.122s] -- Up-to-date: /home/naor/Desktop/naor/study/Thesis/install/drone_c/share/ament_index/resource_index/package_run_dependencies/drone_c
[3.122s] -- Installing: /home/naor/Desktop/naor/study/Thesis/install/drone_c/share/ament_index/resource_index/parent_prefix_path/drone_c
[3.122s] -- Installing: /home/naor/Desktop/naor/study/Thesis/install/drone_c/share/drone_c/environment/ament_prefix_path.sh
[3.122s] -- Installing: /home/naor/Desktop/naor/study/Thesis/install/drone_c/share/drone_c/environment/ament_prefix_path.dsv
[3.122s] -- Installing: /home/naor/Desktop/naor/study/Thesis/install/drone_c/share/drone_c/environment/path.sh
[3.122s] -- Installing: /home/naor/Desktop/naor/study/Thesis/install/drone_c/share/drone_c/environment/path.dsv
[3.122s] -- Up-to-date: /home/naor/Desktop/naor/study/Thesis/install/drone_c/share/drone_c/local_setup.bash
[3.122s] -- Up-to-date: /home/naor/Desktop/naor/study/Thesis/install/drone_c/share/drone_c/local_setup.sh
[3.122s] -- Up-to-date: /home/naor/Desktop/naor/study/Thesis/install/drone_c/share/drone_c/local_setup.zsh
[3.122s] -- Installing: /home/naor/Desktop/naor/study/Thesis/install/drone_c/share/drone_c/local_setup.dsv
[3.122s] -- Installing: /home/naor/Desktop/naor/study/Thesis/install/drone_c/share/drone_c/package.dsv
[3.123s] -- Up-to-date: /home/naor/Desktop/naor/study/Thesis/install/drone_c/share/ament_index/resource_index/packages/drone_c
[3.123s] -- Up-to-date: /home/naor/Desktop/naor/study/Thesis/install/drone_c/share/drone_c/cmake/export_drone_c__rosidl_generator_cExport.cmake
[3.123s] -- Up-to-date: /home/naor/Desktop/naor/study/Thesis/install/drone_c/share/drone_c/cmake/export_drone_c__rosidl_generator_cExport-noconfig.cmake
[3.123s] -- Up-to-date: /home/naor/Desktop/naor/study/Thesis/install/drone_c/share/drone_c/cmake/export_drone_c__rosidl_typesupport_fastrtps_cExport.cmake
[3.123s] -- Up-to-date: /home/naor/Desktop/naor/study/Thesis/install/drone_c/share/drone_c/cmake/export_drone_c__rosidl_typesupport_fastrtps_cExport-noconfig.cmake
[3.123s] -- Up-to-date: /home/naor/Desktop/naor/study/Thesis/install/drone_c/share/drone_c/cmake/export_drone_c__rosidl_generator_cppExport.cmake
[3.123s] -- Up-to-date: /home/naor/Desktop/naor/study/Thesis/install/drone_c/share/drone_c/cmake/export_drone_c__rosidl_typesupport_fastrtps_cppExport.cmake
[3.123s] -- Up-to-date: /home/naor/Desktop/naor/study/Thesis/install/drone_c/share/drone_c/cmake/export_drone_c__rosidl_typesupport_fastrtps_cppExport-noconfig.cmake
[3.123s] -- Up-to-date: /home/naor/Desktop/naor/study/Thesis/install/drone_c/share/drone_c/cmake/drone_c__rosidl_typesupport_introspection_cExport.cmake
[3.123s] -- Up-to-date: /home/naor/Desktop/naor/study/Thesis/install/drone_c/share/drone_c/cmake/drone_c__rosidl_typesupport_introspection_cExport-noconfig.cmake
[3.123s] -- Up-to-date: /home/naor/Desktop/naor/study/Thesis/install/drone_c/share/drone_c/cmake/drone_c__rosidl_typesupport_cExport.cmake
[3.123s] -- Up-to-date: /home/naor/Desktop/naor/study/Thesis/install/drone_c/share/drone_c/cmake/drone_c__rosidl_typesupport_cExport-noconfig.cmake
[3.123s] -- Up-to-date: /home/naor/Desktop/naor/study/Thesis/install/drone_c/share/drone_c/cmake/drone_c__rosidl_typesupport_introspection_cppExport.cmake
[3.123s] -- Up-to-date: /home/naor/Desktop/naor/study/Thesis/install/drone_c/share/drone_c/cmake/drone_c__rosidl_typesupport_introspection_cppExport-noconfig.cmake
[3.123s] -- Up-to-date: /home/naor/Desktop/naor/study/Thesis/install/drone_c/share/drone_c/cmake/drone_c__rosidl_typesupport_cppExport.cmake
[3.123s] -- Up-to-date: /home/naor/Desktop/naor/study/Thesis/install/drone_c/share/drone_c/cmake/drone_c__rosidl_typesupport_cppExport-noconfig.cmake
[3.123s] -- Up-to-date: /home/naor/Desktop/naor/study/Thesis/install/drone_c/share/drone_c/cmake/export_drone_c__rosidl_generator_pyExport.cmake
[3.123s] -- Up-to-date: /home/naor/Desktop/naor/study/Thesis/install/drone_c/share/drone_c/cmake/export_drone_c__rosidl_generator_pyExport-noconfig.cmake
[3.123s] -- Up-to-date: /home/naor/Desktop/naor/study/Thesis/install/drone_c/share/drone_c/cmake/rosidl_cmake-extras.cmake
[3.123s] -- Up-to-date: /home/naor/Desktop/naor/study/Thesis/install/drone_c/share/drone_c/cmake/ament_cmake_export_dependencies-extras.cmake
[3.124s] -- Up-to-date: /home/naor/Desktop/naor/study/Thesis/install/drone_c/share/drone_c/cmake/ament_cmake_export_include_directories-extras.cmake
[3.124s] -- Up-to-date: /home/naor/Desktop/naor/study/Thesis/install/drone_c/share/drone_c/cmake/ament_cmake_export_libraries-extras.cmake
[3.124s] -- Up-to-date: /home/naor/Desktop/naor/study/Thesis/install/drone_c/share/drone_c/cmake/ament_cmake_export_targets-extras.cmake
[3.124s] -- Up-to-date: /home/naor/Desktop/naor/study/Thesis/install/drone_c/share/drone_c/cmake/rosidl_cmake_export_typesupport_targets-extras.cmake
[3.124s] -- Up-to-date: /home/naor/Desktop/naor/study/Thesis/install/drone_c/share/drone_c/cmake/rosidl_cmake_export_typesupport_libraries-extras.cmake
[3.124s] -- Up-to-date: /home/naor/Desktop/naor/study/Thesis/install/drone_c/share/drone_c/cmake/drone_cConfig.cmake
[3.124s] -- Up-to-date: /home/naor/Desktop/naor/study/Thesis/install/drone_c/share/drone_c/cmake/drone_cConfig-version.cmake
[3.124s] -- Installing: /home/naor/Desktop/naor/study/Thesis/install/drone_c/share/drone_c/package.xml
[3.126s] Invoked command in '/home/naor/Desktop/naor/study/Thesis/build/drone_c' returned '0': CMAKE_PREFIX_PATH=${CMAKE_PREFIX_PATH}:/home/naor/Desktop/naor/study/Thesis/install/roller:/home/naor/Desktop/naor/study/Thesis/install/controller:/home/naor/Desktop/naor/study/Thesis/install/camera_nav:/home/naor/Desktop/naor/work/capsule_repo/install/teensy_ers:/home/naor/Desktop/naor/work/capsule_repo/install/elers_bridge:/opt/ros/humble /usr/bin/cmake --install /home/naor/Desktop/naor/study/Thesis/build/drone_c
