[0.614s] Invoking command in '/home/naor/Desktop/naor/study/Thesis/src/drone_tunner': CMAKE_PREFIX_PATH=/home/naor/Desktop/naor/study/Thesis/install/drone_c:/home/naor/Desktop/naor/study/Thesis/install/roller:/home/naor/Desktop/naor/study/Thesis/install/robot_description:/home/naor/Desktop/naor/study/Thesis/install/ground_bot:/home/naor/Desktop/naor/study/Thesis/install/pointcloud_to_laserscan:/home/naor/Desktop/naor/study/Thesis/install/hamma_bot LD_LIBRARY_PATH=/home/naor/Desktop/naor/study/Thesis/install/drone_c/lib:/tmp/.mount_cursortGwudL/usr/lib/:/tmp/.mount_cursortGwudL/usr/lib32/:/tmp/.mount_cursortGwudL/usr/lib64/:/tmp/.mount_cursortGwudL/lib/:/tmp/.mount_cursortGwudL/lib/i386-linux-gnu/:/tmp/.mount_cursortGwudL/lib/x86_64-linux-gnu/:/tmp/.mount_cursortGwudL/lib/aarch64-linux-gnu/:/tmp/.mount_cursortGwudL/lib32/:/tmp/.mount_cursortGwudL/lib64/:/home/naor/Desktop/naor/study/Thesis/install/ground_bot/lib:/home/naor/Desktop/naor/study/Thesis/install/pointcloud_to_laserscan/lib:/home/naor/Desktop/naor/study/Thesis/install/hamma_bot/lib:/usr/lib/x86_64-linux-gnu/gazebo-11/plugins:/opt/ros/humble/opt/rviz_ogre_vendor/lib:/opt/ros/humble/lib/x86_64-linux-gnu:/opt/ros/humble/opt/openvdb_vendor/lib:/opt/ros/humble/lib PYTHONPATH=/home/naor/Desktop/naor/study/Thesis/build/drone_tunner/prefix_override:/usr/lib/python3/dist-packages/colcon_core/task/python/colcon_distutils_commands:/home/naor/Desktop/naor/study/Thesis/install/drone_tunner/lib/python3.10/site-packages:${PYTHONPATH} /usr/bin/python3 -W ignore:setup.py install is deprecated -W ignore:easy_install command is deprecated setup.py egg_info --egg-base ../../build/drone_tunner build --build-base /home/naor/Desktop/naor/study/Thesis/build/drone_tunner/build install --record /home/naor/Desktop/naor/study/Thesis/build/drone_tunner/install.log --single-version-externally-managed install_data
[0.820s] running egg_info
[0.833s] writing ../../build/drone_tunner/drone_tunner.egg-info/PKG-INFO
[0.834s] writing dependency_links to ../../build/drone_tunner/drone_tunner.egg-info/dependency_links.txt
[0.834s] writing entry points to ../../build/drone_tunner/drone_tunner.egg-info/entry_points.txt
[0.834s] writing requirements to ../../build/drone_tunner/drone_tunner.egg-info/requires.txt
[0.834s] writing top-level names to ../../build/drone_tunner/drone_tunner.egg-info/top_level.txt
[0.860s] reading manifest file '../../build/drone_tunner/drone_tunner.egg-info/SOURCES.txt'
[0.861s] writing manifest file '../../build/drone_tunner/drone_tunner.egg-info/SOURCES.txt'
[0.861s] running build
[0.861s] running build_py
[0.861s] copying drone_tunner/__init__.py -> /home/naor/Desktop/naor/study/Thesis/build/drone_tunner/build/lib/drone_tunner
[0.862s] copying drone_tunner/drone_tunner.py -> /home/naor/Desktop/naor/study/Thesis/build/drone_tunner/build/lib/drone_tunner
[0.862s] running install
[0.865s] running install_lib
[0.878s] running install_data
[0.878s] copying resource/drone_tunner -> /home/naor/Desktop/naor/study/Thesis/install/drone_tunner/share/ament_index/resource_index/packages
[0.879s] copying package.xml -> /home/naor/Desktop/naor/study/Thesis/install/drone_tunner/share/drone_tunner
[0.879s] running install_egg_info
[0.892s] removing '/home/naor/Desktop/naor/study/Thesis/install/drone_tunner/lib/python3.10/site-packages/drone_tunner-0.0.0-py3.10.egg-info' (and everything under it)
[0.893s] Copying ../../build/drone_tunner/drone_tunner.egg-info to /home/naor/Desktop/naor/study/Thesis/install/drone_tunner/lib/python3.10/site-packages/drone_tunner-0.0.0-py3.10.egg-info
[0.893s] running install_scripts
[1.005s] Installing drone_tunner script to /home/naor/Desktop/naor/study/Thesis/install/drone_tunner/lib/drone_tunner
[1.005s] writing list of installed files to '/home/naor/Desktop/naor/study/Thesis/build/drone_tunner/install.log'
[1.045s] Invoked command in '/home/naor/Desktop/naor/study/Thesis/src/drone_tunner' returned '0': CMAKE_PREFIX_PATH=/home/naor/Desktop/naor/study/Thesis/install/drone_c:/home/naor/Desktop/naor/study/Thesis/install/roller:/home/naor/Desktop/naor/study/Thesis/install/robot_description:/home/naor/Desktop/naor/study/Thesis/install/ground_bot:/home/naor/Desktop/naor/study/Thesis/install/pointcloud_to_laserscan:/home/naor/Desktop/naor/study/Thesis/install/hamma_bot LD_LIBRARY_PATH=/home/naor/Desktop/naor/study/Thesis/install/drone_c/lib:/tmp/.mount_cursortGwudL/usr/lib/:/tmp/.mount_cursortGwudL/usr/lib32/:/tmp/.mount_cursortGwudL/usr/lib64/:/tmp/.mount_cursortGwudL/lib/:/tmp/.mount_cursortGwudL/lib/i386-linux-gnu/:/tmp/.mount_cursortGwudL/lib/x86_64-linux-gnu/:/tmp/.mount_cursortGwudL/lib/aarch64-linux-gnu/:/tmp/.mount_cursortGwudL/lib32/:/tmp/.mount_cursortGwudL/lib64/:/home/naor/Desktop/naor/study/Thesis/install/ground_bot/lib:/home/naor/Desktop/naor/study/Thesis/install/pointcloud_to_laserscan/lib:/home/naor/Desktop/naor/study/Thesis/install/hamma_bot/lib:/usr/lib/x86_64-linux-gnu/gazebo-11/plugins:/opt/ros/humble/opt/rviz_ogre_vendor/lib:/opt/ros/humble/lib/x86_64-linux-gnu:/opt/ros/humble/opt/openvdb_vendor/lib:/opt/ros/humble/lib PYTHONPATH=/home/naor/Desktop/naor/study/Thesis/build/drone_tunner/prefix_override:/usr/lib/python3/dist-packages/colcon_core/task/python/colcon_distutils_commands:/home/naor/Desktop/naor/study/Thesis/install/drone_tunner/lib/python3.10/site-packages:${PYTHONPATH} /usr/bin/python3 -W ignore:setup.py install is deprecated -W ignore:easy_install command is deprecated setup.py egg_info --egg-base ../../build/drone_tunner build --build-base /home/naor/Desktop/naor/study/Thesis/build/drone_tunner/build install --record /home/naor/Desktop/naor/study/Thesis/build/drone_tunner/install.log --single-version-externally-managed install_data
