[0.179s] Invoking command in '/home/naor/Desktop/naor/study/Thesis/build/ground_bot': CMAKE_PREFIX_PATH=/home/naor/Desktop/naor/work/capsule_repo/install/teensy_ers:/home/naor/Desktop/naor/work/capsule_repo/install/elers_bridge:/opt/ros/humble /usr/bin/cmake --build /home/naor/Desktop/naor/study/Thesis/build/ground_bot -- -j16 -l16
[0.208s] -- Found ament_cmake: 1.3.11 (/opt/ros/humble/share/ament_cmake/cmake)
[0.318s] -- Found rclcpp: 16.0.12 (/opt/ros/humble/share/rclcpp/cmake)
[0.341s] -- Found rosidl_generator_c: 3.1.6 (/opt/ros/humble/share/rosidl_generator_c/cmake)
[0.343s] -- Found rosidl_adapter: 3.1.6 (/opt/ros/humble/share/rosidl_adapter/cmake)
[0.347s] -- Found rosidl_generator_cpp: 3.1.6 (/opt/ros/humble/share/rosidl_generator_cpp/cmake)
[0.354s] -- Using all available rosidl_typesupport_c: rosidl_typesupport_fastrtps_c;rosidl_typesupport_introspection_c
[0.362s] -- Using all available rosidl_typesupport_cpp: rosidl_typesupport_fastrtps_cpp;rosidl_typesupport_introspection_cpp
[0.383s] -- Found rmw_implementation_cmake: 6.1.2 (/opt/ros/humble/share/rmw_implementation_cmake/cmake)
[0.384s] -- Found rmw_fastrtps_cpp: 6.2.7 (/opt/ros/humble/share/rmw_fastrtps_cpp/cmake)
[0.475s] -- Using RMW implementation 'rmw_fastrtps_cpp' as default
[0.516s] -- Found rosidl_default_generators: 1.2.0 (/opt/ros/humble/share/rosidl_default_generators/cmake)
[0.760s] -- Found ament_cmake_ros: 0.10.0 (/opt/ros/humble/share/ament_cmake_ros/cmake)
[1.120s] -- Using all available rosidl_typesupport_c: rosidl_typesupport_fastrtps_c;rosidl_typesupport_introspection_c
[1.256s] -- Using all available rosidl_typesupport_cpp: rosidl_typesupport_fastrtps_cpp;rosidl_typesupport_introspection_cpp
[1.281s] -- Found python_cmake_module: 0.10.0 (/opt/ros/humble/share/python_cmake_module/cmake)
[1.305s] -- Using PYTHON_EXECUTABLE: /usr/bin/python3
[1.306s] -- Using PYTHON_INCLUDE_DIRS: /usr/include/python3.10
[1.306s] -- Using PYTHON_LIBRARIES: /usr/lib/x86_64-linux-gnu/libpython3.10.so
[1.324s] -- Found ament_lint_auto: 0.12.12 (/opt/ros/humble/share/ament_lint_auto/cmake)
[1.333s] -- Added test 'copyright' to check source files copyright and LICENSE
[1.335s] -- Added test 'flake8' to check Python code syntax and style conventions
[1.336s] -- Added test 'lint_cmake' to check CMake code style
[1.337s] -- Added test 'pep257' to check Python code against some of the docstring style conventions in PEP 257
[1.338s] -- Added test 'uncrustify' to check C / C++ code style
[1.338s] -- Configured uncrustify additional arguments: 
[1.338s] -- Added test 'xmllint' to check XML markup files
[1.340s] -- Configuring done
[1.380s] -- Generating done
[1.390s] -- Build files have been written to: /home/naor/Desktop/naor/study/Thesis/build/ground_bot
[1.416s] [35m[1mConsolidate compiler generated dependencies of target ground_bot__rosidl_generator_c[0m
[1.426s] [  2%] Built target ground_bot__cpp
[1.430s] [  5%] [32mBuilding C object CMakeFiles/ground_bot__rosidl_generator_c.dir/rosidl_generator_c/ground_bot/msg/detail/pwm__functions.c.o[0m
[1.435s] [  7%] [32mBuilding C object CMakeFiles/ground_bot__rosidl_generator_c.dir/rosidl_generator_c/ground_bot/msg/detail/motor_data__functions.c.o[0m
[1.440s] [35m[1mConsolidate compiler generated dependencies of target ground_bot__rosidl_typesupport_fastrtps_cpp[0m
[1.444s] [35m[1mConsolidate compiler generated dependencies of target ground_bot__rosidl_typesupport_introspection_cpp[0m
[1.444s] [  7%] Built target ament_cmake_python_copy_ground_bot
[1.447s] [35m[1mConsolidate compiler generated dependencies of target ground_bot__rosidl_typesupport_cpp[0m
[1.455s] [ 10%] [32mBuilding CXX object CMakeFiles/ground_bot__rosidl_typesupport_fastrtps_cpp.dir/rosidl_typesupport_fastrtps_cpp/ground_bot/msg/detail/dds_fastrtps/pwm__type_support.cpp.o[0m
[1.458s] [ 15%] [32mBuilding CXX object CMakeFiles/ground_bot__rosidl_typesupport_fastrtps_cpp.dir/rosidl_typesupport_fastrtps_cpp/ground_bot/msg/detail/dds_fastrtps/motor_data__type_support.cpp.o[0m
[1.458s] [ 15%] [32mBuilding CXX object CMakeFiles/ground_bot__rosidl_typesupport_introspection_cpp.dir/rosidl_typesupport_introspection_cpp/ground_bot/msg/detail/pwm__type_support.cpp.o[0m
[1.460s] [ 17%] [32mBuilding CXX object CMakeFiles/ground_bot__rosidl_typesupport_introspection_cpp.dir/rosidl_typesupport_introspection_cpp/ground_bot/msg/detail/motor_data__type_support.cpp.o[0m
[1.461s] [ 23%] [32mBuilding CXX object CMakeFiles/ground_bot__rosidl_typesupport_cpp.dir/rosidl_typesupport_cpp/ground_bot/msg/motor_data__type_support.cpp.o[0m
[1.461s] [ 23%] [32mBuilding CXX object CMakeFiles/ground_bot__rosidl_typesupport_cpp.dir/rosidl_typesupport_cpp/ground_bot/msg/pwm__type_support.cpp.o[0m
[1.499s] [ 25%] [32m[1mLinking C shared library libground_bot__rosidl_generator_c.so[0m
[1.632s] [ 28%] Built target ground_bot__rosidl_generator_c
[1.662s] [35m[1mConsolidate compiler generated dependencies of target ground_bot__rosidl_typesupport_introspection_c[0m
[1.669s] [35m[1mConsolidate compiler generated dependencies of target ground_bot__rosidl_typesupport_c[0m
[1.672s] [35m[1mConsolidate compiler generated dependencies of target ground_bot__rosidl_typesupport_fastrtps_c[0m
[1.720s] [ 30%] [32mBuilding C object CMakeFiles/ground_bot__rosidl_typesupport_introspection_c.dir/rosidl_typesupport_introspection_c/ground_bot/msg/detail/pwm__type_support.c.o[0m
[1.720s] [ 33%] [32mBuilding CXX object CMakeFiles/ground_bot__rosidl_typesupport_fastrtps_c.dir/rosidl_typesupport_fastrtps_c/ground_bot/msg/detail/pwm__type_support_c.cpp.o[0m
[1.722s] [ 35%] [32mBuilding CXX object CMakeFiles/ground_bot__rosidl_typesupport_c.dir/rosidl_typesupport_c/ground_bot/msg/motor_data__type_support.cpp.o[0m
[1.731s] [ 38%] [32mBuilding CXX object CMakeFiles/ground_bot__rosidl_typesupport_c.dir/rosidl_typesupport_c/ground_bot/msg/pwm__type_support.cpp.o[0m
[1.752s] [ 41%] [32mBuilding CXX object CMakeFiles/ground_bot__rosidl_typesupport_fastrtps_c.dir/rosidl_typesupport_fastrtps_c/ground_bot/msg/detail/motor_data__type_support_c.cpp.o[0m
[1.759s] [ 43%] [32mBuilding C object CMakeFiles/ground_bot__rosidl_typesupport_introspection_c.dir/rosidl_typesupport_introspection_c/ground_bot/msg/detail/motor_data__type_support.c.o[0m
[1.766s] gmake[2]: *** [CMakeFiles/ground_bot__rosidl_typesupport_c.dir/build.make:122: CMakeFiles/ground_bot__rosidl_typesupport_c.dir/rosidl_typesupport_c/ground_bot/msg/pwm__type_support.cpp.o] Interrupt
[1.767s] gmake[2]: *** [CMakeFiles/ground_bot__rosidl_typesupport_introspection_c.dir/build.make:144: CMakeFiles/ground_bot__rosidl_typesupport_introspection_c.dir/rosidl_typesupport_introspection_c/ground_bot/msg/detail/motor_data__type_support.c.o] Interrupt
[1.767s] gmake[2]: *** [CMakeFiles/ground_bot__rosidl_typesupport_c.dir/build.make:136: CMakeFiles/ground_bot__rosidl_typesupport_c.dir/rosidl_typesupport_c/ground_bot/msg/motor_data__type_support.cpp.o] Interrupt
[1.767s] gmake[1]: *** [CMakeFiles/Makefile2:343: CMakeFiles/ground_bot__rosidl_typesupport_c.dir/all] Interrupt
[1.768s] gmake[2]: *** [CMakeFiles/ground_bot__rosidl_typesupport_fastrtps_c.dir/build.make:130: CMakeFiles/ground_bot__rosidl_typesupport_fastrtps_c.dir/rosidl_typesupport_fastrtps_c/ground_bot/msg/detail/pwm__type_support_c.cpp.o] Interrupt
[1.769s] gmake[2]: *** [CMakeFiles/ground_bot__rosidl_typesupport_introspection_cpp.dir/build.make:144: CMakeFiles/ground_bot__rosidl_typesupport_introspection_cpp.dir/rosidl_typesupport_introspection_cpp/ground_bot/msg/detail/motor_data__type_support.cpp.o] Interrupt
[1.770s] gmake[2]: *** [CMakeFiles/ground_bot__rosidl_typesupport_fastrtps_cpp.dir/build.make:130: CMakeFiles/ground_bot__rosidl_typesupport_fastrtps_cpp.dir/rosidl_typesupport_fastrtps_cpp/ground_bot/msg/detail/dds_fastrtps/pwm__type_support.cpp.o] Interrupt
[1.770s] gmake[2]: *** [CMakeFiles/ground_bot__rosidl_typesupport_fastrtps_cpp.dir/build.make:144: CMakeFiles/ground_bot__rosidl_typesupport_fastrtps_cpp.dir/rosidl_typesupport_fastrtps_cpp/ground_bot/msg/detail/dds_fastrtps/motor_data__type_support.cpp.o] Interrupt
[1.770s] gmake[1]: *** [CMakeFiles/Makefile2:291: CMakeFiles/ground_bot__rosidl_typesupport_fastrtps_cpp.dir/all] Interrupt
[1.772s] gmake[2]: *** [CMakeFiles/ground_bot__rosidl_typesupport_cpp.dir/build.make:122: CMakeFiles/ground_bot__rosidl_typesupport_cpp.dir/rosidl_typesupport_cpp/ground_bot/msg/pwm__type_support.cpp.o] Interrupt
[1.772s] gmake[2]: *** wait: No child processes.  Stop.
[1.772s] gmake[2]: *** Waiting for unfinished jobs....
[1.772s] gmake[2]: *** wait: No child processes.  Stop.
[1.773s] gmake[1]: *** [CMakeFiles/Makefile2:395: CMakeFiles/ground_bot__rosidl_typesupport_cpp.dir/all] Error 2
[1.773s] Traceback (most recent call last):
[1.773s]   File "/home/naor/Desktop/naor/study/Thesis/build/ground_bot/ament_cmake_python/ground_bot/setup.py", line 1, in <module>
[1.773s]     from setuptools import find_packages
[1.773s]   File "/home/naor/.local/lib/python3.10/site-packages/setuptools/__init__.py", line 27, in <module>
[1.773s]     from .dist import Distribution
[1.773s]   File "/home/naor/.local/lib/python3.10/site-packages/setuptools/dist.py", line 19, in <module>
[1.773s]     from . import (
[1.773s]   File "/home/naor/.local/lib/python3.10/site-packages/setuptools/_reqs.py", line 8, in <module>
[1.774s]     from packaging.requirements import Requirement
[1.774s]   File "<frozen importlib._bootstrap>", line 1024, in _find_and_load
[1.774s]   File "<frozen importlib._bootstrap>", line 170, in __enter__
[1.774s]   File "<frozen importlib._bootstrap>", line 196, in _get_module_lock
[1.774s]   File "<frozen importlib._bootstrap>", line 73, in __init__
[1.774s] gmake[2]: *** [CMakeFiles/ground_bot__rosidl_typesupport_fastrtps_c.dir/build.make:144: CMakeFiles/ground_bot__rosidl_typesupport_fastrtps_c.dir/rosidl_typesupport_fastrtps_c/ground_bot/msg/detail/motor_data__type_support_c.cpp.o] Interrupt
[1.774s] KeyboardInterrupt
[1.775s] gmake[2]: *** [CMakeFiles/ground_bot__rosidl_typesupport_introspection_c.dir/build.make:130: CMakeFiles/ground_bot__rosidl_typesupport_introspection_c.dir/rosidl_typesupport_introspection_c/ground_bot/msg/detail/pwm__type_support.c.o] Interrupt
[1.775s] gmake[1]: *** [CMakeFiles/Makefile2:317: CMakeFiles/ground_bot__rosidl_typesupport_introspection_c.dir/all] Interrupt
[1.775s] gmake[2]: *** [CMakeFiles/ground_bot__rosidl_typesupport_introspection_cpp.dir/build.make:130: CMakeFiles/ground_bot__rosidl_typesupport_introspection_cpp.dir/rosidl_typesupport_introspection_cpp/ground_bot/msg/detail/pwm__type_support.cpp.o] Interrupt
[1.775s] gmake[1]: *** [CMakeFiles/Makefile2:239: CMakeFiles/ground_bot__rosidl_typesupport_fastrtps_c.dir/all] Interrupt
[1.775s] gmake[1]: *** [CMakeFiles/Makefile2:369: CMakeFiles/ground_bot__rosidl_typesupport_introspection_cpp.dir/all] Interrupt
[1.795s] gmake[2]: *** [CMakeFiles/ament_cmake_python_build_ground_bot_egg.dir/build.make:70: CMakeFiles/ament_cmake_python_build_ground_bot_egg] Interrupt
[1.795s] gmake[1]: *** [CMakeFiles/Makefile2:447: CMakeFiles/ament_cmake_python_build_ground_bot_egg.dir/all] Interrupt
[1.795s] gmake: *** [Makefile:146: all] Interrupt
