[0.006s] Invoking command in '/home/naor/Desktop/naor/study/Thesis/build/sim_drone': CMAKE_PREFIX_PATH=/home/naor/Desktop/naor/work/capsule_repo/install/teensy_ers:/home/naor/Desktop/naor/work/capsule_repo/install/elers_bridge:/opt/ros/humble /usr/bin/cmake /home/naor/Desktop/naor/study/Thesis/src/sim_drone -DCMAKE_INSTALL_PREFIX=/home/naor/Desktop/naor/study/Thesis/install/sim_drone
[0.072s] -- The C compiler identification is GNU 11.4.0
[0.145s] -- The CXX compiler identification is GNU 11.4.0
[0.153s] -- Detecting C compiler ABI info
[0.241s] -- Detecting C compiler ABI info - done
[0.249s] -- Check for working C compiler: /usr/bin/cc - skipped
[0.250s] -- Detecting C compile features
[0.250s] -- Detecting C compile features - done
[0.254s] -- Detecting CXX compiler ABI info
[0.344s] -- Detecting CXX compiler ABI info - done
[0.354s] -- Check for working CXX compiler: /usr/bin/c++ - skipped
[0.354s] -- Detecting CXX compile features
[0.355s] -- Detecting CXX compile features - done
[0.358s] -- Found rclcpp: 16.0.11 (/opt/ros/humble/share/rclcpp/cmake)
[0.620s] -- Found Python3: /usr/bin/python3 (found version "3.10.12") found components: Interpreter 
[0.721s] -- Found rosidl_generator_c: 3.1.6 (/opt/ros/humble/share/rosidl_generator_c/cmake)
[0.724s] -- Found rosidl_adapter: 3.1.6 (/opt/ros/humble/share/rosidl_adapter/cmake)
[0.730s] -- Found rosidl_generator_cpp: 3.1.6 (/opt/ros/humble/share/rosidl_generator_cpp/cmake)
[0.738s] -- Using all available rosidl_typesupport_c: rosidl_typesupport_fastrtps_c;rosidl_typesupport_introspection_c
[0.748s] -- Using all available rosidl_typesupport_cpp: rosidl_typesupport_fastrtps_cpp;rosidl_typesupport_introspection_cpp
[0.776s] -- Found rmw_implementation_cmake: 6.1.2 (/opt/ros/humble/share/rmw_implementation_cmake/cmake)
[0.778s] -- Found rmw_fastrtps_cpp: 6.2.7 (/opt/ros/humble/share/rmw_fastrtps_cpp/cmake)
[0.859s] -- Found OpenSSL: /usr/lib/x86_64-linux-gnu/libcrypto.so (found version "3.0.2")  
[0.896s] -- Found FastRTPS: /opt/ros/humble/include  
[0.929s] -- Using RMW implementation 'rmw_fastrtps_cpp' as default
[0.936s] -- Looking for pthread.h
[1.009s] -- Looking for pthread.h - found
[1.009s] -- Performing Test CMAKE_HAVE_LIBC_PTHREAD
[1.089s] -- Performing Test CMAKE_HAVE_LIBC_PTHREAD - Success
[1.090s] -- Found Threads: TRUE  
[1.136s] -- Found gazebo_ros: 3.7.0 (/opt/ros/humble/share/gazebo_ros/cmake)
[1.144s] -- Found PkgConfig: /usr/bin/pkg-config (found version "0.29.2") 
[1.144s] -- Checking for module 'bullet>=2.82'
[1.156s] --   Found bullet, version 3.05
[1.282s] -- Found fcl: /usr/include (found suitable version "0.7.0", minimum required is "0.5.0") 
[1.347s] -- Found assimp: /usr/include (found version "5.2.0") 
[1.367s] -- Found DART: /usr/include (Required is at least version "6.6") found components: dart 
[1.388s] -- Found Boost: /usr/lib/x86_64-linux-gnu/cmake/Boost-1.74.0/BoostConfig.cmake (found suitable version "1.74.0", minimum required is "1.40.0") found components: thread system filesystem program_options regex iostreams date_time 
[1.401s] -- Found Protobuf: /usr/lib/x86_64-linux-gnu/libprotobuf.so (found version "3.12.4") 
[1.406s] -- Looking for ignition-math6 -- found version 6.15.1
[1.414s] -- Searching for dependencies of ignition-math6
[1.415s] -- Looking for OGRE...
[1.415s] -- OGRE_PREFIX_WATCH changed.
[1.420s] -- Checking for module 'OGRE'
[1.435s] --   Found OGRE, version 1.9.0
[1.478s] -- Found Ogre Ghadamon (1.9.0)
[1.489s] -- Found OGRE: optimized;/usr/lib/x86_64-linux-gnu/libOgreMain.so;debug;/usr/lib/x86_64-linux-gnu/libOgreMain.so
[1.498s] -- Looking for OGRE_Paging...
[1.502s] -- Found OGRE_Paging: optimized;/usr/lib/x86_64-linux-gnu/libOgrePaging.so;debug;/usr/lib/x86_64-linux-gnu/libOgrePaging.so
[1.502s] -- Looking for OGRE_Terrain...
[1.506s] -- Found OGRE_Terrain: optimized;/usr/lib/x86_64-linux-gnu/libOgreTerrain.so;debug;/usr/lib/x86_64-linux-gnu/libOgreTerrain.so
[1.506s] -- Looking for OGRE_Property...
[1.510s] -- Found OGRE_Property: optimized;/usr/lib/x86_64-linux-gnu/libOgreProperty.so;debug;/usr/lib/x86_64-linux-gnu/libOgreProperty.so
[1.510s] -- Looking for OGRE_RTShaderSystem...
[1.514s] -- Found OGRE_RTShaderSystem: optimized;/usr/lib/x86_64-linux-gnu/libOgreRTShaderSystem.so;debug;/usr/lib/x86_64-linux-gnu/libOgreRTShaderSystem.so
[1.514s] -- Looking for OGRE_Volume...
[1.518s] -- Found OGRE_Volume: optimized;/usr/lib/x86_64-linux-gnu/libOgreVolume.so;debug;/usr/lib/x86_64-linux-gnu/libOgreVolume.so
[1.518s] -- Looking for OGRE_Overlay...
[1.523s] -- Found OGRE_Overlay: optimized;/usr/lib/x86_64-linux-gnu/libOgreOverlay.so;debug;/usr/lib/x86_64-linux-gnu/libOgreOverlay.so
[1.604s] -- Looking for ignition-math6 -- found version 6.15.1
[1.608s] -- Looking for ignition-transport8 -- found version 8.2.1
[1.608s] -- Searching for dependencies of ignition-transport8
[1.621s] -- Found Protobuf: /usr/lib/x86_64-linux-gnu/libprotobuf.so (found suitable version "3.12.4", minimum required is "3") 
[1.629s] -- Config-file not installed for ZeroMQ -- checking for pkg-config
[1.634s] -- Checking for module 'libzmq >= 4'
[1.645s] --   Found libzmq , version 4.3.4
[1.689s] -- Found ZeroMQ: TRUE (Required is at least version "4") 
[1.695s] -- Checking for module 'uuid'
[1.710s] --   Found uuid, version 2.37.2
[1.753s] -- Found UUID: TRUE  
[1.756s] -- Looking for ignition-msgs5 -- found version 5.8.1
[1.757s] -- Searching for dependencies of ignition-msgs5
[1.776s] -- Looking for ignition-math6 -- found version 6.15.1
[1.780s] -- Checking for module 'tinyxml2'
[1.795s] --   Found tinyxml2, version 9.0.0
[1.837s] -- Looking for ignition-msgs5 -- found version 5.8.1
[1.842s] -- Looking for ignition-common3 -- found version 3.14.0
[1.843s] -- Searching for dependencies of ignition-common3
[1.844s] -- Looking for dlfcn.h - found
[1.845s] -- Looking for libdl - found
[1.848s] -- Found DL: TRUE  
[1.864s] -- Found tinyobjloader: /usr/lib/x86_64-linux-gnu/cmake/tinyobjloader/tinyobjloader-config.cmake (found version "2.0.0") 
[1.864s] -- Searching for <ignition-common3> component [graphics]
[1.866s] -- Looking for ignition-common3-graphics -- found version 3.14.0
[1.866s] -- Searching for dependencies of ignition-common3-graphics
[1.866s] -- Looking for ignition-math6 -- found version 6.15.1
[1.868s] -- Looking for ignition-fuel_tools4 -- found version 4.4.0
[1.868s] -- Searching for dependencies of ignition-fuel_tools4
[1.954s] -- Found CURL: /usr/lib/x86_64-linux-gnu/libcurl.so (found version "7.81.0")  
[1.965s] -- Checking for module 'jsoncpp'
[1.980s] --   Found jsoncpp, version 1.9.5
[2.025s] -- Found JSONCPP: TRUE  
[2.032s] -- Checking for module 'libzip'
[2.049s] --   Found libzip, version 1.7.3
[2.090s] -- Found ZIP: TRUE  
[2.091s] -- Looking for ignition-common3 -- found version 3.14.0
[2.092s] -- Looking for ignition-math6 -- found version 6.15.1
[2.092s] -- Looking for ignition-msgs5 -- found version 5.8.1
[2.096s] -- Gazebo version: 11.10
[2.097s] -- Checking for module 'tbb'
[2.115s] --   Found tbb, version 2021.5.0
[2.163s] -- Found sensor_msgs: 4.2.4 (/opt/ros/humble/share/sensor_msgs/cmake)
[2.234s] -- Configuring done
[2.237s] -- Generating done
[2.238s] -- Build files have been written to: /home/naor/Desktop/naor/study/Thesis/build/sim_drone
[2.245s] Invoked command in '/home/naor/Desktop/naor/study/Thesis/build/sim_drone' returned '0': CMAKE_PREFIX_PATH=/home/naor/Desktop/naor/work/capsule_repo/install/teensy_ers:/home/naor/Desktop/naor/work/capsule_repo/install/elers_bridge:/opt/ros/humble /usr/bin/cmake /home/naor/Desktop/naor/study/Thesis/src/sim_drone -DCMAKE_INSTALL_PREFIX=/home/naor/Desktop/naor/study/Thesis/install/sim_drone
[2.247s] Invoking command in '/home/naor/Desktop/naor/study/Thesis/build/sim_drone': CMAKE_PREFIX_PATH=/home/naor/Desktop/naor/work/capsule_repo/install/teensy_ers:/home/naor/Desktop/naor/work/capsule_repo/install/elers_bridge:/opt/ros/humble /usr/bin/cmake --build /home/naor/Desktop/naor/study/Thesis/build/sim_drone -- -j16 -l16
[2.285s] Invoked command in '/home/naor/Desktop/naor/study/Thesis/build/sim_drone' returned '0': CMAKE_PREFIX_PATH=/home/naor/Desktop/naor/work/capsule_repo/install/teensy_ers:/home/naor/Desktop/naor/work/capsule_repo/install/elers_bridge:/opt/ros/humble /usr/bin/cmake --build /home/naor/Desktop/naor/study/Thesis/build/sim_drone -- -j16 -l16
[2.297s] Invoking command in '/home/naor/Desktop/naor/study/Thesis/build/sim_drone': CMAKE_PREFIX_PATH=/home/naor/Desktop/naor/work/capsule_repo/install/teensy_ers:/home/naor/Desktop/naor/work/capsule_repo/install/elers_bridge:/opt/ros/humble /usr/bin/cmake --install /home/naor/Desktop/naor/study/Thesis/build/sim_drone
[2.306s] -- Install configuration: ""
[2.306s] -- Installing: /home/naor/Desktop/naor/study/Thesis/install/sim_drone/share/sim_drone/launch
[2.306s] -- Installing: /home/naor/Desktop/naor/study/Thesis/install/sim_drone/share/sim_drone/launch/gazebo_bot.launch.py
[2.307s] -- Installing: /home/naor/Desktop/naor/study/Thesis/install/sim_drone/share/sim_drone/launch/rviz_launcher.launch.py
[2.307s] -- Installing: /home/naor/Desktop/naor/study/Thesis/install/sim_drone/share/sim_drone/config
[2.308s] -- Installing: /home/naor/Desktop/naor/study/Thesis/install/sim_drone/share/sim_drone/config/motor.ros2_control.xacro
[2.308s] -- Installing: /home/naor/Desktop/naor/study/Thesis/install/sim_drone/share/sim_drone/config/my_robot.urdf.xacro
[2.308s] -- Installing: /home/naor/Desktop/naor/study/Thesis/install/sim_drone/share/sim_drone/config/main.urdf.xacro
[2.308s] -- Installing: /home/naor/Desktop/naor/study/Thesis/install/sim_drone/share/sim_drone/worlds
[2.308s] -- Installing: /home/naor/Desktop/naor/study/Thesis/install/sim_drone/share/sim_drone/worlds/empty.world
[2.308s] -- Installing: /home/naor/Desktop/naor/study/Thesis/install/sim_drone/share/sim_drone/meshes
[2.308s] -- Installing: /home/naor/Desktop/naor/study/Thesis/install/sim_drone/share/sim_drone/meshes/WholeDrone.STL
[2.360s] -- Installing: /home/naor/Desktop/naor/study/Thesis/install/sim_drone/share/sim_drone/meshes/PropellerForRos.STL
[2.362s] -- Installing: /home/naor/Desktop/naor/study/Thesis/install/sim_drone/share/ament_index/resource_index/package_run_dependencies/sim_drone
[2.363s] -- Installing: /home/naor/Desktop/naor/study/Thesis/install/sim_drone/share/ament_index/resource_index/parent_prefix_path/sim_drone
[2.363s] -- Installing: /home/naor/Desktop/naor/study/Thesis/install/sim_drone/share/sim_drone/environment/ament_prefix_path.sh
[2.363s] -- Installing: /home/naor/Desktop/naor/study/Thesis/install/sim_drone/share/sim_drone/environment/ament_prefix_path.dsv
[2.363s] -- Installing: /home/naor/Desktop/naor/study/Thesis/install/sim_drone/share/sim_drone/environment/path.sh
[2.363s] -- Installing: /home/naor/Desktop/naor/study/Thesis/install/sim_drone/share/sim_drone/environment/path.dsv
[2.363s] -- Installing: /home/naor/Desktop/naor/study/Thesis/install/sim_drone/share/sim_drone/local_setup.bash
[2.363s] -- Installing: /home/naor/Desktop/naor/study/Thesis/install/sim_drone/share/sim_drone/local_setup.sh
[2.363s] -- Installing: /home/naor/Desktop/naor/study/Thesis/install/sim_drone/share/sim_drone/local_setup.zsh
[2.363s] -- Installing: /home/naor/Desktop/naor/study/Thesis/install/sim_drone/share/sim_drone/local_setup.dsv
[2.363s] -- Installing: /home/naor/Desktop/naor/study/Thesis/install/sim_drone/share/sim_drone/package.dsv
[2.363s] -- Installing: /home/naor/Desktop/naor/study/Thesis/install/sim_drone/share/ament_index/resource_index/packages/sim_drone
[2.363s] -- Installing: /home/naor/Desktop/naor/study/Thesis/install/sim_drone/share/sim_drone/cmake/sim_droneConfig.cmake
[2.363s] -- Installing: /home/naor/Desktop/naor/study/Thesis/install/sim_drone/share/sim_drone/cmake/sim_droneConfig-version.cmake
[2.363s] -- Installing: /home/naor/Desktop/naor/study/Thesis/install/sim_drone/share/sim_drone/package.xml
[2.365s] Invoked command in '/home/naor/Desktop/naor/study/Thesis/build/sim_drone' returned '0': CMAKE_PREFIX_PATH=/home/naor/Desktop/naor/work/capsule_repo/install/teensy_ers:/home/naor/Desktop/naor/work/capsule_repo/install/elers_bridge:/opt/ros/humble /usr/bin/cmake --install /home/naor/Desktop/naor/study/Thesis/build/sim_drone
