[0.168s] Invoking command in '/home/naor/Desktop/naor/study/Thesis/build/roller': CMAKE_PREFIX_PATH=/home/naor/Desktop/naor/work/capsule_repo/install/teensy_ers:/home/naor/Desktop/naor/work/capsule_repo/install/elers_bridge:/opt/ros/humble /usr/bin/cmake /home/naor/Desktop/naor/study/Thesis/src/roller -DCMAKE_INSTALL_PREFIX=/home/naor/Desktop/naor/study/Thesis/install/roller
[0.253s] -- The C compiler identification is GNU 11.4.0
[0.311s] -- The CXX compiler identification is GNU 11.4.0
[0.318s] -- Detecting C compiler ABI info
[0.409s] -- Detecting C compiler ABI info - done
[0.414s] -- Check for working C compiler: /usr/bin/cc - skipped
[0.414s] -- Detecting C compile features
[0.414s] -- Detecting C compile features - done
[0.417s] -- Detecting CXX compiler ABI info
[0.512s] -- Detecting CXX compiler ABI info - done
[0.517s] -- Check for working CXX compiler: /usr/bin/c++ - skipped
[0.517s] -- Detecting CXX compile features
[0.517s] -- Detecting CXX compile features - done
[0.519s] -- Found ament_cmake: 1.3.11 (/opt/ros/humble/share/ament_cmake/cmake)
[0.832s] -- Found Python3: /usr/bin/python3 (found version "3.10.12") found components: Interpreter 
[0.909s] -- Found ament_lint_auto: 0.12.12 (/opt/ros/humble/share/ament_lint_auto/cmake)
[1.011s] -- Added test 'cppcheck' to perform static code analysis on C / C++ code
[1.011s] -- Configured cppcheck include dirs: 
[1.011s] -- Configured cppcheck exclude dirs and/or files: 
[1.012s] -- Added test 'flake8' to check Python code syntax and style conventions
[1.013s] -- Added test 'lint_cmake' to check CMake code style
[1.014s] -- Added test 'pep257' to check Python code against some of the docstring style conventions in PEP 257
[1.016s] -- Added test 'uncrustify' to check C / C++ code style
[1.016s] -- Configured uncrustify additional arguments: 
[1.017s] -- Added test 'xmllint' to check XML markup files
[1.019s] -- Configuring done
[1.022s] -- Generating done
[1.023s] -- Build files have been written to: /home/naor/Desktop/naor/study/Thesis/build/roller
[1.028s] Invoked command in '/home/naor/Desktop/naor/study/Thesis/build/roller' returned '0': CMAKE_PREFIX_PATH=/home/naor/Desktop/naor/work/capsule_repo/install/teensy_ers:/home/naor/Desktop/naor/work/capsule_repo/install/elers_bridge:/opt/ros/humble /usr/bin/cmake /home/naor/Desktop/naor/study/Thesis/src/roller -DCMAKE_INSTALL_PREFIX=/home/naor/Desktop/naor/study/Thesis/install/roller
[1.029s] Invoking command in '/home/naor/Desktop/naor/study/Thesis/build/roller': CMAKE_PREFIX_PATH=/home/naor/Desktop/naor/work/capsule_repo/install/teensy_ers:/home/naor/Desktop/naor/work/capsule_repo/install/elers_bridge:/opt/ros/humble /usr/bin/cmake --build /home/naor/Desktop/naor/study/Thesis/build/roller -- -j16 -l16
[1.085s] Invoked command in '/home/naor/Desktop/naor/study/Thesis/build/roller' returned '0': CMAKE_PREFIX_PATH=/home/naor/Desktop/naor/work/capsule_repo/install/teensy_ers:/home/naor/Desktop/naor/work/capsule_repo/install/elers_bridge:/opt/ros/humble /usr/bin/cmake --build /home/naor/Desktop/naor/study/Thesis/build/roller -- -j16 -l16
[1.101s] Invoking command in '/home/naor/Desktop/naor/study/Thesis/build/roller': CMAKE_PREFIX_PATH=/home/naor/Desktop/naor/work/capsule_repo/install/teensy_ers:/home/naor/Desktop/naor/work/capsule_repo/install/elers_bridge:/opt/ros/humble /usr/bin/cmake --install /home/naor/Desktop/naor/study/Thesis/build/roller
[1.115s] -- Install configuration: ""
[1.115s] -- Installing: /home/naor/Desktop/naor/study/Thesis/install/roller/share/ament_index/resource_index/package_run_dependencies/roller
[1.115s] -- Installing: /home/naor/Desktop/naor/study/Thesis/install/roller/share/ament_index/resource_index/parent_prefix_path/roller
[1.115s] -- Installing: /home/naor/Desktop/naor/study/Thesis/install/roller/share/roller/environment/ament_prefix_path.sh
[1.115s] -- Installing: /home/naor/Desktop/naor/study/Thesis/install/roller/share/roller/environment/ament_prefix_path.dsv
[1.116s] -- Installing: /home/naor/Desktop/naor/study/Thesis/install/roller/share/roller/environment/path.sh
[1.116s] -- Installing: /home/naor/Desktop/naor/study/Thesis/install/roller/share/roller/environment/path.dsv
[1.116s] -- Installing: /home/naor/Desktop/naor/study/Thesis/install/roller/share/roller/local_setup.bash
[1.116s] -- Installing: /home/naor/Desktop/naor/study/Thesis/install/roller/share/roller/local_setup.sh
[1.116s] -- Installing: /home/naor/Desktop/naor/study/Thesis/install/roller/share/roller/local_setup.zsh
[1.116s] -- Installing: /home/naor/Desktop/naor/study/Thesis/install/roller/share/roller/local_setup.dsv
[1.117s] -- Installing: /home/naor/Desktop/naor/study/Thesis/install/roller/share/roller/package.dsv
[1.117s] -- Installing: /home/naor/Desktop/naor/study/Thesis/install/roller/share/ament_index/resource_index/packages/roller
[1.117s] -- Installing: /home/naor/Desktop/naor/study/Thesis/install/roller/share/roller/cmake/rollerConfig.cmake
[1.117s] -- Installing: /home/naor/Desktop/naor/study/Thesis/install/roller/share/roller/cmake/rollerConfig-version.cmake
[1.117s] -- Installing: /home/naor/Desktop/naor/study/Thesis/install/roller/share/roller/package.xml
[1.119s] Invoked command in '/home/naor/Desktop/naor/study/Thesis/build/roller' returned '0': CMAKE_PREFIX_PATH=/home/naor/Desktop/naor/work/capsule_repo/install/teensy_ers:/home/naor/Desktop/naor/work/capsule_repo/install/elers_bridge:/opt/ros/humble /usr/bin/cmake --install /home/naor/Desktop/naor/study/Thesis/build/roller
