[0.678s] Invoking command in '/home/naor/Desktop/naor/study/Thesis/src/roller': PYTHONPATH=/home/naor/Desktop/naor/study/Thesis/build/roller/prefix_override:/usr/lib/python3/dist-packages/colcon_core/task/python/colcon_distutils_commands:/home/naor/Desktop/naor/study/Thesis/install/roller/lib/python3.10/site-packages:${PYTHONPATH} /usr/bin/python3 -W ignore:setup.py install is deprecated -W ignore:easy_install command is deprecated setup.py egg_info --egg-base ../../build/roller build --build-base /home/naor/Desktop/naor/study/Thesis/build/roller/build install --record /home/naor/Desktop/naor/study/Thesis/build/roller/install.log --single-version-externally-managed install_data
[0.782s] /home/naor/.local/lib/python3.10/site-packages/setuptools/_distutils/dist.py:270: UserWarning: Unknown distribution option: 'tests_require'
[0.783s]   warnings.warn(msg)
[0.846s] running egg_info
[0.857s] writing ../../build/roller/roller.egg-info/PKG-INFO
[0.857s] writing dependency_links to ../../build/roller/roller.egg-info/dependency_links.txt
[0.857s] writing requirements to ../../build/roller/roller.egg-info/requires.txt
[0.857s] writing top-level names to ../../build/roller/roller.egg-info/top_level.txt
[0.879s] reading manifest file '../../build/roller/roller.egg-info/SOURCES.txt'
[0.879s] adding license file 'LICENSE'
[0.880s] writing manifest file '../../build/roller/roller.egg-info/SOURCES.txt'
[0.880s] running build
[0.880s] running build_py
[0.880s] copying roller/__init__.py -> /home/naor/Desktop/naor/study/Thesis/build/roller/build/lib/roller
[0.881s] running install
[0.883s] running install_lib
[0.895s] running install_data
[0.895s] copying resource/roller -> /home/naor/Desktop/naor/study/Thesis/install/roller/share/ament_index/resource_index/packages
[0.895s] copying package.xml -> /home/naor/Desktop/naor/study/Thesis/install/roller/share/roller
[0.895s] running install_egg_info
[0.906s] removing '/home/naor/Desktop/naor/study/Thesis/install/roller/lib/python3.10/site-packages/roller-0.0.0-py3.10.egg-info' (and everything under it)
[0.906s] Copying ../../build/roller/roller.egg-info to /home/naor/Desktop/naor/study/Thesis/install/roller/lib/python3.10/site-packages/roller-0.0.0-py3.10.egg-info
[0.907s] running install_scripts
[0.992s] writing list of installed files to '/home/naor/Desktop/naor/study/Thesis/build/roller/install.log'
[1.013s] Invoked command in '/home/naor/Desktop/naor/study/Thesis/src/roller' returned '0': PYTHONPATH=/home/naor/Desktop/naor/study/Thesis/build/roller/prefix_override:/usr/lib/python3/dist-packages/colcon_core/task/python/colcon_distutils_commands:/home/naor/Desktop/naor/study/Thesis/install/roller/lib/python3.10/site-packages:${PYTHONPATH} /usr/bin/python3 -W ignore:setup.py install is deprecated -W ignore:easy_install command is deprecated setup.py egg_info --egg-base ../../build/roller build --build-base /home/naor/Desktop/naor/study/Thesis/build/roller/build install --record /home/naor/Desktop/naor/study/Thesis/build/roller/install.log --single-version-externally-managed install_data
