[0.865s] Invoking command in '/home/naor/Desktop/naor/study/Thesis/src/roller': PYTHONPATH=/home/naor/Desktop/naor/study/Thesis/build/roller/prefix_override:/usr/lib/python3/dist-packages/colcon_core/task/python/colcon_distutils_commands:/home/naor/Desktop/naor/study/Thesis/install/roller/lib/python3.10/site-packages:${PYTHONPATH} /usr/bin/python3 -W ignore:setup.py install is deprecated -W ignore:easy_install command is deprecated setup.py egg_info --egg-base ../../build/roller build --build-base /home/naor/Desktop/naor/study/Thesis/build/roller/build install --record /home/naor/Desktop/naor/study/Thesis/build/roller/install.log --single-version-externally-managed install_data
[0.972s] /home/naor/.local/lib/python3.10/site-packages/setuptools/_distutils/dist.py:270: UserWarning: Unknown distribution option: 'tests_require'
[0.972s]   warnings.warn(msg)
[1.050s] running egg_info
[1.077s] creating ../../build/roller/roller.egg-info
[1.077s] writing ../../build/roller/roller.egg-info/PKG-INFO
[1.077s] writing dependency_links to ../../build/roller/roller.egg-info/dependency_links.txt
[1.077s] writing requirements to ../../build/roller/roller.egg-info/requires.txt
[1.077s] writing top-level names to ../../build/roller/roller.egg-info/top_level.txt
[1.077s] writing manifest file '../../build/roller/roller.egg-info/SOURCES.txt'
[1.103s] reading manifest file '../../build/roller/roller.egg-info/SOURCES.txt'
[1.103s] adding license file 'LICENSE'
[1.104s] writing manifest file '../../build/roller/roller.egg-info/SOURCES.txt'
[1.104s] running build
[1.104s] running build_py
[1.104s] creating /home/naor/Desktop/naor/study/Thesis/build/roller/build/lib/roller
[1.104s] copying roller/__init__.py -> /home/naor/Desktop/naor/study/Thesis/build/roller/build/lib/roller
[1.105s] running install
[1.109s] running install_lib
[1.136s] creating /home/naor/Desktop/naor/study/Thesis/install/roller/lib/python3.10/site-packages/roller
[1.136s] copying /home/naor/Desktop/naor/study/Thesis/build/roller/build/lib/roller/__init__.py -> /home/naor/Desktop/naor/study/Thesis/install/roller/lib/python3.10/site-packages/roller
[1.137s] byte-compiling /home/naor/Desktop/naor/study/Thesis/install/roller/lib/python3.10/site-packages/roller/__init__.py to __init__.cpython-310.pyc
[1.137s] running install_data
[1.137s] creating /home/naor/Desktop/naor/study/Thesis/install/roller/share/ament_index/resource_index/packages
[1.137s] copying resource/roller -> /home/naor/Desktop/naor/study/Thesis/install/roller/share/ament_index/resource_index/packages
[1.137s] copying package.xml -> /home/naor/Desktop/naor/study/Thesis/install/roller/share/roller
[1.137s] running install_egg_info
[1.150s] Copying ../../build/roller/roller.egg-info to /home/naor/Desktop/naor/study/Thesis/install/roller/lib/python3.10/site-packages/roller-0.0.0-py3.10.egg-info
[1.151s] running install_scripts
[1.250s] writing list of installed files to '/home/naor/Desktop/naor/study/Thesis/build/roller/install.log'
[1.272s] Invoked command in '/home/naor/Desktop/naor/study/Thesis/src/roller' returned '0': PYTHONPATH=/home/naor/Desktop/naor/study/Thesis/build/roller/prefix_override:/usr/lib/python3/dist-packages/colcon_core/task/python/colcon_distutils_commands:/home/naor/Desktop/naor/study/Thesis/install/roller/lib/python3.10/site-packages:${PYTHONPATH} /usr/bin/python3 -W ignore:setup.py install is deprecated -W ignore:easy_install command is deprecated setup.py egg_info --egg-base ../../build/roller build --build-base /home/naor/Desktop/naor/study/Thesis/build/roller/build install --record /home/naor/Desktop/naor/study/Thesis/build/roller/install.log --single-version-externally-managed install_data
