[0.021s] Invoking command in '/home/naor/Desktop/naor/study/Thesis/build/pointcloud_to_laserscan': CMAKE_PREFIX_PATH=/home/naor/Desktop/naor/work/capsule_repo/install/teensy_ers:/home/naor/Desktop/naor/work/capsule_repo/install/elers_bridge:/opt/ros/humble /usr/bin/cmake /home/naor/Desktop/naor/study/Thesis/src/pointcloud_to_laserscan -DCMAKE_INSTALL_PREFIX=/home/naor/Desktop/naor/study/Thesis/install/pointcloud_to_laserscan
[0.180s] -- The C compiler identification is GNU 11.4.0
[0.180s] -- The CXX compiler identification is GNU 11.4.0
[0.180s] -- Detecting C compiler ABI info
[0.270s] -- Detecting C compiler ABI info - done
[0.275s] -- Check for working C compiler: /usr/bin/cc - skipped
[0.275s] -- Detecting C compile features
[0.275s] -- Detecting C compile features - done
[0.278s] -- Detecting CXX compiler ABI info
[0.371s] -- Detecting CXX compiler ABI info - done
[0.379s] -- Check for working CXX compiler: /usr/bin/c++ - skipped
[0.379s] -- Detecting CXX compile features
[0.379s] -- Detecting CXX compile features - done
[0.383s] -- Found ament_cmake_auto: 1.3.11 (/opt/ros/humble/share/ament_cmake_auto/cmake)
[0.703s] -- Found Python3: /usr/bin/python3 (found version "3.10.12") found components: Interpreter 
[0.931s] -- Found rosidl_generator_c: 3.1.6 (/opt/ros/humble/share/rosidl_generator_c/cmake)
[0.935s] -- Found rosidl_adapter: 3.1.6 (/opt/ros/humble/share/rosidl_adapter/cmake)
[0.949s] -- Found rosidl_generator_cpp: 3.1.6 (/opt/ros/humble/share/rosidl_generator_cpp/cmake)
[0.966s] -- Using all available rosidl_typesupport_c: rosidl_typesupport_fastrtps_c;rosidl_typesupport_introspection_c
[0.984s] -- Using all available rosidl_typesupport_cpp: rosidl_typesupport_fastrtps_cpp;rosidl_typesupport_introspection_cpp
[1.043s] -- Found rmw_implementation_cmake: 6.1.2 (/opt/ros/humble/share/rmw_implementation_cmake/cmake)
[1.046s] -- Found rmw_fastrtps_cpp: 6.2.7 (/opt/ros/humble/share/rmw_fastrtps_cpp/cmake)
[1.231s] -- Found OpenSSL: /usr/lib/x86_64-linux-gnu/libcrypto.so (found version "3.0.2")  
[1.268s] -- Found FastRTPS: /opt/ros/humble/include  
[1.304s] -- Using RMW implementation 'rmw_fastrtps_cpp' as default
[1.314s] -- Looking for pthread.h
[1.408s] -- Looking for pthread.h - found
[1.409s] -- Performing Test CMAKE_HAVE_LIBC_PTHREAD
[1.511s] -- Performing Test CMAKE_HAVE_LIBC_PTHREAD - Success
[1.512s] -- Found Threads: TRUE  
[1.689s] -- Found ament_lint_auto: 0.12.12 (/opt/ros/humble/share/ament_lint_auto/cmake)
[1.705s] -- Added test 'cppcheck' to perform static code analysis on C / C++ code
[1.706s] -- Configured cppcheck include dirs: /home/naor/Desktop/naor/study/Thesis/src/pointcloud_to_laserscan/include
[1.706s] -- Configured cppcheck exclude dirs and/or files: 
[1.707s] -- Added test 'cpplint' to check C / C++ code against the Google style
[1.707s] -- Configured cpplint exclude dirs and/or files: 
[1.707s] -- Added test 'flake8' to check Python code syntax and style conventions
[1.707s] -- Added test 'lint_cmake' to check CMake code style
[1.708s] -- Added test 'pep257' to check Python code against some of the docstring style conventions in PEP 257
[1.709s] -- Added test 'uncrustify' to check C / C++ code style
[1.709s] -- Configured uncrustify additional arguments: 
[1.709s] -- Added test 'xmllint' to check XML markup files
[1.713s] -- Configuring done
[1.743s] -- Generating done
[1.753s] -- Build files have been written to: /home/naor/Desktop/naor/study/Thesis/build/pointcloud_to_laserscan
[1.764s] Invoked command in '/home/naor/Desktop/naor/study/Thesis/build/pointcloud_to_laserscan' returned '0': CMAKE_PREFIX_PATH=/home/naor/Desktop/naor/work/capsule_repo/install/teensy_ers:/home/naor/Desktop/naor/work/capsule_repo/install/elers_bridge:/opt/ros/humble /usr/bin/cmake /home/naor/Desktop/naor/study/Thesis/src/pointcloud_to_laserscan -DCMAKE_INSTALL_PREFIX=/home/naor/Desktop/naor/study/Thesis/install/pointcloud_to_laserscan
[1.766s] Invoking command in '/home/naor/Desktop/naor/study/Thesis/build/pointcloud_to_laserscan': CMAKE_PREFIX_PATH=/home/naor/Desktop/naor/work/capsule_repo/install/teensy_ers:/home/naor/Desktop/naor/work/capsule_repo/install/elers_bridge:/opt/ros/humble /usr/bin/cmake --build /home/naor/Desktop/naor/study/Thesis/build/pointcloud_to_laserscan -- -j16 -l16
[1.884s] [ 10%] [32mBuilding CXX object CMakeFiles/laserscan_to_pointcloud.dir/src/laserscan_to_pointcloud_node.cpp.o[0m
[1.884s] [ 30%] [32mBuilding CXX object CMakeFiles/pointcloud_to_laserscan_node.dir/rclcpp_components/node_main_pointcloud_to_laserscan_node.cpp.o[0m
[1.884s] [ 30%] [32mBuilding CXX object CMakeFiles/laserscan_to_pointcloud_node.dir/rclcpp_components/node_main_laserscan_to_pointcloud_node.cpp.o[0m
[5.396s] [ 40%] [32m[1mLinking CXX executable laserscan_to_pointcloud_node[0m
[5.471s] [ 50%] [32m[1mLinking CXX executable pointcloud_to_laserscan_node[0m
[5.912s] [ 50%] Built target laserscan_to_pointcloud_node
[5.948s] [ 50%] Built target pointcloud_to_laserscan_node
[11.988s] [ 60%] [32m[1mLinking CXX shared library liblaserscan_to_pointcloud.so[0m
[12.506s] [ 60%] Built target laserscan_to_pointcloud
[12.539s] [ 70%] [32mBuilding CXX object CMakeFiles/pointcloud_to_laserscan.dir/src/pointcloud_to_laserscan_node.cpp.o[0m
[20.008s] [ 80%] [32m[1mLinking CXX shared library libpointcloud_to_laserscan.so[0m
[20.424s] [ 80%] Built target pointcloud_to_laserscan
[20.461s] [ 90%] [32mBuilding CXX object CMakeFiles/dummy_pointcloud_publisher.dir/src/dummy_pointcloud_publisher.cpp.o[0m
[23.311s] [100%] [32m[1mLinking CXX executable dummy_pointcloud_publisher[0m
[23.505s] [100%] Built target dummy_pointcloud_publisher
[23.523s] Invoked command in '/home/naor/Desktop/naor/study/Thesis/build/pointcloud_to_laserscan' returned '0': CMAKE_PREFIX_PATH=/home/naor/Desktop/naor/work/capsule_repo/install/teensy_ers:/home/naor/Desktop/naor/work/capsule_repo/install/elers_bridge:/opt/ros/humble /usr/bin/cmake --build /home/naor/Desktop/naor/study/Thesis/build/pointcloud_to_laserscan -- -j16 -l16
[23.525s] Invoking command in '/home/naor/Desktop/naor/study/Thesis/build/pointcloud_to_laserscan': CMAKE_PREFIX_PATH=/home/naor/Desktop/naor/work/capsule_repo/install/teensy_ers:/home/naor/Desktop/naor/work/capsule_repo/install/elers_bridge:/opt/ros/humble /usr/bin/cmake --install /home/naor/Desktop/naor/study/Thesis/build/pointcloud_to_laserscan
[23.537s] -- Install configuration: ""
[23.537s] -- Installing: /home/naor/Desktop/naor/study/Thesis/install/pointcloud_to_laserscan/lib/pointcloud_to_laserscan/laserscan_to_pointcloud_node
[23.538s] -- Set runtime path of "/home/naor/Desktop/naor/study/Thesis/install/pointcloud_to_laserscan/lib/pointcloud_to_laserscan/laserscan_to_pointcloud_node" to ""
[23.538s] -- Installing: /home/naor/Desktop/naor/study/Thesis/install/pointcloud_to_laserscan/lib/pointcloud_to_laserscan/pointcloud_to_laserscan_node
[23.539s] -- Set runtime path of "/home/naor/Desktop/naor/study/Thesis/install/pointcloud_to_laserscan/lib/pointcloud_to_laserscan/pointcloud_to_laserscan_node" to ""
[23.539s] -- Installing: /home/naor/Desktop/naor/study/Thesis/install/pointcloud_to_laserscan/include
[23.539s] -- Installing: /home/naor/Desktop/naor/study/Thesis/install/pointcloud_to_laserscan/include/pointcloud_to_laserscan
[23.539s] -- Installing: /home/naor/Desktop/naor/study/Thesis/install/pointcloud_to_laserscan/include/pointcloud_to_laserscan/visibility_control.h
[23.539s] -- Installing: /home/naor/Desktop/naor/study/Thesis/install/pointcloud_to_laserscan/include/pointcloud_to_laserscan/pointcloud_to_laserscan_node.hpp
[23.539s] -- Installing: /home/naor/Desktop/naor/study/Thesis/install/pointcloud_to_laserscan/include/pointcloud_to_laserscan/laserscan_to_pointcloud_node.hpp
[23.539s] -- Installing: /home/naor/Desktop/naor/study/Thesis/install/pointcloud_to_laserscan/share/pointcloud_to_laserscan/environment/library_path.sh
[23.539s] -- Installing: /home/naor/Desktop/naor/study/Thesis/install/pointcloud_to_laserscan/share/pointcloud_to_laserscan/environment/library_path.dsv
[23.539s] -- Installing: /home/naor/Desktop/naor/study/Thesis/install/pointcloud_to_laserscan/lib/liblaserscan_to_pointcloud.so
[23.544s] -- Set runtime path of "/home/naor/Desktop/naor/study/Thesis/install/pointcloud_to_laserscan/lib/liblaserscan_to_pointcloud.so" to ""
[23.544s] -- Installing: /home/naor/Desktop/naor/study/Thesis/install/pointcloud_to_laserscan/lib/libpointcloud_to_laserscan.so
[23.549s] -- Set runtime path of "/home/naor/Desktop/naor/study/Thesis/install/pointcloud_to_laserscan/lib/libpointcloud_to_laserscan.so" to ""
[23.549s] -- Installing: /home/naor/Desktop/naor/study/Thesis/install/pointcloud_to_laserscan/lib/pointcloud_to_laserscan/dummy_pointcloud_publisher
[23.549s] -- Set runtime path of "/home/naor/Desktop/naor/study/Thesis/install/pointcloud_to_laserscan/lib/pointcloud_to_laserscan/dummy_pointcloud_publisher" to ""
[23.549s] -- Installing: /home/naor/Desktop/naor/study/Thesis/install/pointcloud_to_laserscan/share/pointcloud_to_laserscan/launch
[23.549s] -- Installing: /home/naor/Desktop/naor/study/Thesis/install/pointcloud_to_laserscan/share/pointcloud_to_laserscan/launch/sample_pointcloud_to_laserscan_launch.py
[23.550s] -- Installing: /home/naor/Desktop/naor/study/Thesis/install/pointcloud_to_laserscan/share/pointcloud_to_laserscan/launch/sample_laserscan_to_pointcloud_launch.py
[23.550s] -- Installing: /home/naor/Desktop/naor/study/Thesis/install/pointcloud_to_laserscan/share/ament_index/resource_index/package_run_dependencies/pointcloud_to_laserscan
[23.551s] -- Installing: /home/naor/Desktop/naor/study/Thesis/install/pointcloud_to_laserscan/share/ament_index/resource_index/parent_prefix_path/pointcloud_to_laserscan
[23.551s] -- Installing: /home/naor/Desktop/naor/study/Thesis/install/pointcloud_to_laserscan/share/pointcloud_to_laserscan/environment/ament_prefix_path.sh
[23.551s] -- Installing: /home/naor/Desktop/naor/study/Thesis/install/pointcloud_to_laserscan/share/pointcloud_to_laserscan/environment/ament_prefix_path.dsv
[23.551s] -- Installing: /home/naor/Desktop/naor/study/Thesis/install/pointcloud_to_laserscan/share/pointcloud_to_laserscan/environment/path.sh
[23.551s] -- Installing: /home/naor/Desktop/naor/study/Thesis/install/pointcloud_to_laserscan/share/pointcloud_to_laserscan/environment/path.dsv
[23.551s] -- Installing: /home/naor/Desktop/naor/study/Thesis/install/pointcloud_to_laserscan/share/pointcloud_to_laserscan/local_setup.bash
[23.551s] -- Installing: /home/naor/Desktop/naor/study/Thesis/install/pointcloud_to_laserscan/share/pointcloud_to_laserscan/local_setup.sh
[23.551s] -- Installing: /home/naor/Desktop/naor/study/Thesis/install/pointcloud_to_laserscan/share/pointcloud_to_laserscan/local_setup.zsh
[23.551s] -- Installing: /home/naor/Desktop/naor/study/Thesis/install/pointcloud_to_laserscan/share/pointcloud_to_laserscan/local_setup.dsv
[23.551s] -- Installing: /home/naor/Desktop/naor/study/Thesis/install/pointcloud_to_laserscan/share/pointcloud_to_laserscan/package.dsv
[23.551s] -- Installing: /home/naor/Desktop/naor/study/Thesis/install/pointcloud_to_laserscan/share/ament_index/resource_index/packages/pointcloud_to_laserscan
[23.551s] -- Installing: /home/naor/Desktop/naor/study/Thesis/install/pointcloud_to_laserscan/share/ament_index/resource_index/rclcpp_components/pointcloud_to_laserscan
[23.551s] -- Installing: /home/naor/Desktop/naor/study/Thesis/install/pointcloud_to_laserscan/share/pointcloud_to_laserscan/cmake/ament_cmake_export_dependencies-extras.cmake
[23.551s] -- Installing: /home/naor/Desktop/naor/study/Thesis/install/pointcloud_to_laserscan/share/pointcloud_to_laserscan/cmake/ament_cmake_export_include_directories-extras.cmake
[23.552s] -- Installing: /home/naor/Desktop/naor/study/Thesis/install/pointcloud_to_laserscan/share/pointcloud_to_laserscan/cmake/ament_cmake_export_libraries-extras.cmake
[23.552s] -- Installing: /home/naor/Desktop/naor/study/Thesis/install/pointcloud_to_laserscan/share/pointcloud_to_laserscan/cmake/pointcloud_to_laserscanConfig.cmake
[23.552s] -- Installing: /home/naor/Desktop/naor/study/Thesis/install/pointcloud_to_laserscan/share/pointcloud_to_laserscan/cmake/pointcloud_to_laserscanConfig-version.cmake
[23.552s] -- Installing: /home/naor/Desktop/naor/study/Thesis/install/pointcloud_to_laserscan/share/pointcloud_to_laserscan/package.xml
[23.553s] Invoked command in '/home/naor/Desktop/naor/study/Thesis/build/pointcloud_to_laserscan' returned '0': CMAKE_PREFIX_PATH=/home/naor/Desktop/naor/work/capsule_repo/install/teensy_ers:/home/naor/Desktop/naor/work/capsule_repo/install/elers_bridge:/opt/ros/humble /usr/bin/cmake --install /home/naor/Desktop/naor/study/Thesis/build/pointcloud_to_laserscan
