[0.182s] Invoking command in '/home/naor/Desktop/naor/study/Thesis/build/hamma_bot': CMAKE_PREFIX_PATH=/home/naor/Desktop/naor/work/capsule_repo/install/teensy_ers:/home/naor/Desktop/naor/work/capsule_repo/install/elers_bridge:/opt/ros/humble /usr/bin/cmake --build /home/naor/Desktop/naor/study/Thesis/build/hamma_bot -- -j16 -l16
[0.414s] [  2%] Built target hamma_bot__cpp
[0.416s] [ 11%] Built target hamma_bot__rosidl_generator_c
[0.444s] [ 16%] Built target twist_to_twiststamped_node
[0.455s] [ 20%] Built target joy_twist_node
[0.488s] [ 20%] Built target ament_cmake_python_copy_hamma_bot
[0.737s] [ 30%] Built target hamma_bot__rosidl_typesupport_fastrtps_cpp
[0.739s] [ 39%] Built target hamma_bot__rosidl_typesupport_introspection_cpp
[0.749s] [ 48%] Built target hamma_bot__rosidl_typesupport_cpp
[0.754s] [ 58%] Built target hamma_bot__rosidl_typesupport_fastrtps_c
[0.764s] [ 67%] Built target hamma_bot__rosidl_typesupport_c
[0.765s] [ 76%] Built target hamma_bot__rosidl_typesupport_introspection_c
[0.807s] [ 76%] Built target hamma_bot
[0.850s] [ 79%] Built target hamma_bot__py
[0.901s] [ 86%] Built target hamma_bot__rosidl_generator_py
[0.960s] running egg_info
[0.978s] writing hamma_bot.egg-info/PKG-INFO
[0.978s] writing dependency_links to hamma_bot.egg-info/dependency_links.txt
[0.979s] writing top-level names to hamma_bot.egg-info/top_level.txt
[1.012s] [ 90%] Built target hamma_bot__rosidl_typesupport_c__pyext
[1.021s] [ 95%] Built target hamma_bot__rosidl_typesupport_fastrtps_c__pyext
[1.028s] [100%] Built target hamma_bot__rosidl_typesupport_introspection_c__pyext
[1.033s] reading manifest file 'hamma_bot.egg-info/SOURCES.txt'
[1.034s] writing manifest file 'hamma_bot.egg-info/SOURCES.txt'
[1.072s] [100%] Built target ament_cmake_python_build_hamma_bot_egg
[1.083s] Invoked command in '/home/naor/Desktop/naor/study/Thesis/build/hamma_bot' returned '0': CMAKE_PREFIX_PATH=/home/naor/Desktop/naor/work/capsule_repo/install/teensy_ers:/home/naor/Desktop/naor/work/capsule_repo/install/elers_bridge:/opt/ros/humble /usr/bin/cmake --build /home/naor/Desktop/naor/study/Thesis/build/hamma_bot -- -j16 -l16
[1.084s] Invoking command in '/home/naor/Desktop/naor/study/Thesis/build/hamma_bot': CMAKE_PREFIX_PATH=/home/naor/Desktop/naor/work/capsule_repo/install/teensy_ers:/home/naor/Desktop/naor/work/capsule_repo/install/elers_bridge:/opt/ros/humble /usr/bin/cmake --install /home/naor/Desktop/naor/study/Thesis/build/hamma_bot
[1.093s] -- Install configuration: ""
[1.093s] -- Up-to-date: /home/naor/Desktop/naor/study/Thesis/install/hamma_bot/share/ament_index/resource_index/rosidl_interfaces/hamma_bot
[1.093s] -- Up-to-date: /home/naor/Desktop/naor/study/Thesis/install/hamma_bot/include/hamma_bot/hamma_bot
[1.093s] -- Up-to-date: /home/naor/Desktop/naor/study/Thesis/install/hamma_bot/include/hamma_bot/hamma_bot/msg
[1.094s] -- Up-to-date: /home/naor/Desktop/naor/study/Thesis/install/hamma_bot/include/hamma_bot/hamma_bot/msg/motor_data.h
[1.094s] -- Up-to-date: /home/naor/Desktop/naor/study/Thesis/install/hamma_bot/include/hamma_bot/hamma_bot/msg/pwm.h
[1.094s] -- Up-to-date: /home/naor/Desktop/naor/study/Thesis/install/hamma_bot/include/hamma_bot/hamma_bot/msg/rosidl_generator_c__visibility_control.h
[1.094s] -- Up-to-date: /home/naor/Desktop/naor/study/Thesis/install/hamma_bot/include/hamma_bot/hamma_bot/msg/detail
[1.094s] -- Up-to-date: /home/naor/Desktop/naor/study/Thesis/install/hamma_bot/include/hamma_bot/hamma_bot/msg/detail/pwm__functions.c
[1.094s] -- Up-to-date: /home/naor/Desktop/naor/study/Thesis/install/hamma_bot/include/hamma_bot/hamma_bot/msg/detail/pwm__type_support.h
[1.095s] -- Up-to-date: /home/naor/Desktop/naor/study/Thesis/install/hamma_bot/include/hamma_bot/hamma_bot/msg/detail/motor_data__functions.c
[1.095s] -- Up-to-date: /home/naor/Desktop/naor/study/Thesis/install/hamma_bot/include/hamma_bot/hamma_bot/msg/detail/motor_data__type_support.h
[1.095s] -- Up-to-date: /home/naor/Desktop/naor/study/Thesis/install/hamma_bot/include/hamma_bot/hamma_bot/msg/detail/pwm__functions.h
[1.095s] -- Up-to-date: /home/naor/Desktop/naor/study/Thesis/install/hamma_bot/include/hamma_bot/hamma_bot/msg/detail/motor_data__struct.h
[1.095s] -- Up-to-date: /home/naor/Desktop/naor/study/Thesis/install/hamma_bot/include/hamma_bot/hamma_bot/msg/detail/motor_data__functions.h
[1.095s] -- Up-to-date: /home/naor/Desktop/naor/study/Thesis/install/hamma_bot/include/hamma_bot/hamma_bot/msg/detail/pwm__struct.h
[1.095s] -- Up-to-date: /home/naor/Desktop/naor/study/Thesis/install/hamma_bot/share/hamma_bot/environment/library_path.sh
[1.095s] -- Up-to-date: /home/naor/Desktop/naor/study/Thesis/install/hamma_bot/share/hamma_bot/environment/library_path.dsv
[1.095s] -- Up-to-date: /home/naor/Desktop/naor/study/Thesis/install/hamma_bot/lib/libhamma_bot__rosidl_generator_c.so
[1.096s] -- Up-to-date: /home/naor/Desktop/naor/study/Thesis/install/hamma_bot/include/hamma_bot/hamma_bot
[1.096s] -- Up-to-date: /home/naor/Desktop/naor/study/Thesis/install/hamma_bot/include/hamma_bot/hamma_bot/msg
[1.096s] -- Up-to-date: /home/naor/Desktop/naor/study/Thesis/install/hamma_bot/include/hamma_bot/hamma_bot/msg/rosidl_typesupport_fastrtps_c__visibility_control.h
[1.096s] -- Up-to-date: /home/naor/Desktop/naor/study/Thesis/install/hamma_bot/include/hamma_bot/hamma_bot/msg/detail
[1.096s] -- Up-to-date: /home/naor/Desktop/naor/study/Thesis/install/hamma_bot/include/hamma_bot/hamma_bot/msg/detail/motor_data__rosidl_typesupport_fastrtps_c.h
[1.096s] -- Up-to-date: /home/naor/Desktop/naor/study/Thesis/install/hamma_bot/include/hamma_bot/hamma_bot/msg/detail/pwm__rosidl_typesupport_fastrtps_c.h
[1.096s] -- Up-to-date: /home/naor/Desktop/naor/study/Thesis/install/hamma_bot/lib/libhamma_bot__rosidl_typesupport_fastrtps_c.so
[1.096s] -- Up-to-date: /home/naor/Desktop/naor/study/Thesis/install/hamma_bot/include/hamma_bot/hamma_bot
[1.096s] -- Up-to-date: /home/naor/Desktop/naor/study/Thesis/install/hamma_bot/include/hamma_bot/hamma_bot/msg
[1.097s] -- Up-to-date: /home/naor/Desktop/naor/study/Thesis/install/hamma_bot/include/hamma_bot/hamma_bot/msg/rosidl_generator_cpp__visibility_control.hpp
[1.097s] -- Up-to-date: /home/naor/Desktop/naor/study/Thesis/install/hamma_bot/include/hamma_bot/hamma_bot/msg/motor_data.hpp
[1.097s] -- Up-to-date: /home/naor/Desktop/naor/study/Thesis/install/hamma_bot/include/hamma_bot/hamma_bot/msg/pwm.hpp
[1.097s] -- Up-to-date: /home/naor/Desktop/naor/study/Thesis/install/hamma_bot/include/hamma_bot/hamma_bot/msg/detail
[1.097s] -- Up-to-date: /home/naor/Desktop/naor/study/Thesis/install/hamma_bot/include/hamma_bot/hamma_bot/msg/detail/motor_data__builder.hpp
[1.097s] -- Up-to-date: /home/naor/Desktop/naor/study/Thesis/install/hamma_bot/include/hamma_bot/hamma_bot/msg/detail/motor_data__struct.hpp
[1.097s] -- Up-to-date: /home/naor/Desktop/naor/study/Thesis/install/hamma_bot/include/hamma_bot/hamma_bot/msg/detail/pwm__builder.hpp
[1.097s] -- Up-to-date: /home/naor/Desktop/naor/study/Thesis/install/hamma_bot/include/hamma_bot/hamma_bot/msg/detail/pwm__struct.hpp
[1.097s] -- Up-to-date: /home/naor/Desktop/naor/study/Thesis/install/hamma_bot/include/hamma_bot/hamma_bot/msg/detail/motor_data__traits.hpp
[1.097s] -- Up-to-date: /home/naor/Desktop/naor/study/Thesis/install/hamma_bot/include/hamma_bot/hamma_bot/msg/detail/pwm__traits.hpp
[1.098s] -- Up-to-date: /home/naor/Desktop/naor/study/Thesis/install/hamma_bot/include/hamma_bot/hamma_bot/msg/detail/pwm__type_support.hpp
[1.098s] -- Up-to-date: /home/naor/Desktop/naor/study/Thesis/install/hamma_bot/include/hamma_bot/hamma_bot/msg/detail/motor_data__type_support.hpp
[1.098s] -- Up-to-date: /home/naor/Desktop/naor/study/Thesis/install/hamma_bot/include/hamma_bot/hamma_bot
[1.098s] -- Up-to-date: /home/naor/Desktop/naor/study/Thesis/install/hamma_bot/include/hamma_bot/hamma_bot/msg
[1.098s] -- Up-to-date: /home/naor/Desktop/naor/study/Thesis/install/hamma_bot/include/hamma_bot/hamma_bot/msg/rosidl_typesupport_fastrtps_cpp__visibility_control.h
[1.098s] -- Up-to-date: /home/naor/Desktop/naor/study/Thesis/install/hamma_bot/include/hamma_bot/hamma_bot/msg/detail
[1.098s] -- Up-to-date: /home/naor/Desktop/naor/study/Thesis/install/hamma_bot/include/hamma_bot/hamma_bot/msg/detail/pwm__rosidl_typesupport_fastrtps_cpp.hpp
[1.098s] -- Up-to-date: /home/naor/Desktop/naor/study/Thesis/install/hamma_bot/include/hamma_bot/hamma_bot/msg/detail/dds_fastrtps
[1.098s] -- Up-to-date: /home/naor/Desktop/naor/study/Thesis/install/hamma_bot/include/hamma_bot/hamma_bot/msg/detail/motor_data__rosidl_typesupport_fastrtps_cpp.hpp
[1.098s] -- Up-to-date: /home/naor/Desktop/naor/study/Thesis/install/hamma_bot/lib/libhamma_bot__rosidl_typesupport_fastrtps_cpp.so
[1.098s] -- Up-to-date: /home/naor/Desktop/naor/study/Thesis/install/hamma_bot/include/hamma_bot/hamma_bot
[1.098s] -- Up-to-date: /home/naor/Desktop/naor/study/Thesis/install/hamma_bot/include/hamma_bot/hamma_bot/msg
[1.098s] -- Up-to-date: /home/naor/Desktop/naor/study/Thesis/install/hamma_bot/include/hamma_bot/hamma_bot/msg/rosidl_typesupport_introspection_c__visibility_control.h
[1.098s] -- Up-to-date: /home/naor/Desktop/naor/study/Thesis/install/hamma_bot/include/hamma_bot/hamma_bot/msg/detail
[1.098s] -- Up-to-date: /home/naor/Desktop/naor/study/Thesis/install/hamma_bot/include/hamma_bot/hamma_bot/msg/detail/motor_data__type_support.c
[1.098s] -- Up-to-date: /home/naor/Desktop/naor/study/Thesis/install/hamma_bot/include/hamma_bot/hamma_bot/msg/detail/motor_data__rosidl_typesupport_introspection_c.h
[1.098s] -- Up-to-date: /home/naor/Desktop/naor/study/Thesis/install/hamma_bot/include/hamma_bot/hamma_bot/msg/detail/pwm__rosidl_typesupport_introspection_c.h
[1.098s] -- Up-to-date: /home/naor/Desktop/naor/study/Thesis/install/hamma_bot/include/hamma_bot/hamma_bot/msg/detail/pwm__type_support.c
[1.098s] -- Up-to-date: /home/naor/Desktop/naor/study/Thesis/install/hamma_bot/lib/libhamma_bot__rosidl_typesupport_introspection_c.so
[1.099s] -- Up-to-date: /home/naor/Desktop/naor/study/Thesis/install/hamma_bot/lib/libhamma_bot__rosidl_typesupport_c.so
[1.099s] -- Up-to-date: /home/naor/Desktop/naor/study/Thesis/install/hamma_bot/include/hamma_bot/hamma_bot
[1.099s] -- Up-to-date: /home/naor/Desktop/naor/study/Thesis/install/hamma_bot/include/hamma_bot/hamma_bot/msg
[1.099s] -- Up-to-date: /home/naor/Desktop/naor/study/Thesis/install/hamma_bot/include/hamma_bot/hamma_bot/msg/detail
[1.099s] -- Up-to-date: /home/naor/Desktop/naor/study/Thesis/install/hamma_bot/include/hamma_bot/hamma_bot/msg/detail/pwm__rosidl_typesupport_introspection_cpp.hpp
[1.099s] -- Up-to-date: /home/naor/Desktop/naor/study/Thesis/install/hamma_bot/include/hamma_bot/hamma_bot/msg/detail/motor_data__rosidl_typesupport_introspection_cpp.hpp
[1.099s] -- Up-to-date: /home/naor/Desktop/naor/study/Thesis/install/hamma_bot/include/hamma_bot/hamma_bot/msg/detail/pwm__type_support.cpp
[1.099s] -- Up-to-date: /home/naor/Desktop/naor/study/Thesis/install/hamma_bot/include/hamma_bot/hamma_bot/msg/detail/motor_data__type_support.cpp
[1.099s] -- Up-to-date: /home/naor/Desktop/naor/study/Thesis/install/hamma_bot/lib/libhamma_bot__rosidl_typesupport_introspection_cpp.so
[1.100s] -- Up-to-date: /home/naor/Desktop/naor/study/Thesis/install/hamma_bot/lib/libhamma_bot__rosidl_typesupport_cpp.so
[1.100s] -- Up-to-date: /home/naor/Desktop/naor/study/Thesis/install/hamma_bot/share/hamma_bot/environment/pythonpath.sh
[1.100s] -- Up-to-date: /home/naor/Desktop/naor/study/Thesis/install/hamma_bot/share/hamma_bot/environment/pythonpath.dsv
[1.101s] -- Up-to-date: /home/naor/Desktop/naor/study/Thesis/install/hamma_bot/local/lib/python3.10/dist-packages/hamma_bot-0.0.1-py3.10.egg-info
[1.101s] -- Installing: /home/naor/Desktop/naor/study/Thesis/install/hamma_bot/local/lib/python3.10/dist-packages/hamma_bot-0.0.1-py3.10.egg-info/SOURCES.txt
[1.102s] -- Installing: /home/naor/Desktop/naor/study/Thesis/install/hamma_bot/local/lib/python3.10/dist-packages/hamma_bot-0.0.1-py3.10.egg-info/PKG-INFO
[1.102s] -- Installing: /home/naor/Desktop/naor/study/Thesis/install/hamma_bot/local/lib/python3.10/dist-packages/hamma_bot-0.0.1-py3.10.egg-info/dependency_links.txt
[1.103s] -- Installing: /home/naor/Desktop/naor/study/Thesis/install/hamma_bot/local/lib/python3.10/dist-packages/hamma_bot-0.0.1-py3.10.egg-info/top_level.txt
[1.104s] -- Up-to-date: /home/naor/Desktop/naor/study/Thesis/install/hamma_bot/local/lib/python3.10/dist-packages/hamma_bot
[1.104s] -- Up-to-date: /home/naor/Desktop/naor/study/Thesis/install/hamma_bot/local/lib/python3.10/dist-packages/hamma_bot/__init__.py
[1.104s] -- Up-to-date: /home/naor/Desktop/naor/study/Thesis/install/hamma_bot/local/lib/python3.10/dist-packages/hamma_bot/msg
[1.104s] -- Up-to-date: /home/naor/Desktop/naor/study/Thesis/install/hamma_bot/local/lib/python3.10/dist-packages/hamma_bot/msg/__init__.py
[1.104s] -- Up-to-date: /home/naor/Desktop/naor/study/Thesis/install/hamma_bot/local/lib/python3.10/dist-packages/hamma_bot/msg/_motor_data_s.c
[1.104s] -- Up-to-date: /home/naor/Desktop/naor/study/Thesis/install/hamma_bot/local/lib/python3.10/dist-packages/hamma_bot/msg/_pwm_s.c
[1.104s] -- Up-to-date: /home/naor/Desktop/naor/study/Thesis/install/hamma_bot/local/lib/python3.10/dist-packages/hamma_bot/msg/_pwm.py
[1.104s] -- Up-to-date: /home/naor/Desktop/naor/study/Thesis/install/hamma_bot/local/lib/python3.10/dist-packages/hamma_bot/msg/_motor_data.py
[1.104s] -- Up-to-date: /home/naor/Desktop/naor/study/Thesis/install/hamma_bot/local/lib/python3.10/dist-packages/hamma_bot/hamma_bot_s__rosidl_typesupport_fastrtps_c.cpython-310-x86_64-linux-gnu.so
[1.104s] -- Up-to-date: /home/naor/Desktop/naor/study/Thesis/install/hamma_bot/local/lib/python3.10/dist-packages/hamma_bot/_hamma_bot_s.ep.rosidl_typesupport_fastrtps_c.c
[1.104s] -- Up-to-date: /home/naor/Desktop/naor/study/Thesis/install/hamma_bot/local/lib/python3.10/dist-packages/hamma_bot/_hamma_bot_s.ep.rosidl_typesupport_c.c
[1.104s] -- Up-to-date: /home/naor/Desktop/naor/study/Thesis/install/hamma_bot/local/lib/python3.10/dist-packages/hamma_bot/_hamma_bot_s.ep.rosidl_typesupport_introspection_c.c
[1.104s] -- Up-to-date: /home/naor/Desktop/naor/study/Thesis/install/hamma_bot/local/lib/python3.10/dist-packages/hamma_bot/hamma_bot_s__rosidl_typesupport_introspection_c.cpython-310-x86_64-linux-gnu.so
[1.105s] -- Up-to-date: /home/naor/Desktop/naor/study/Thesis/install/hamma_bot/local/lib/python3.10/dist-packages/hamma_bot/libhamma_bot__rosidl_generator_py.so
[1.105s] -- Up-to-date: /home/naor/Desktop/naor/study/Thesis/install/hamma_bot/local/lib/python3.10/dist-packages/hamma_bot/hamma_bot_s__rosidl_typesupport_c.cpython-310-x86_64-linux-gnu.so
[1.122s] Listing '/home/naor/Desktop/naor/study/Thesis/install/hamma_bot/local/lib/python3.10/dist-packages/hamma_bot'...
[1.123s] Listing '/home/naor/Desktop/naor/study/Thesis/install/hamma_bot/local/lib/python3.10/dist-packages/hamma_bot/msg'...
[1.126s] -- Up-to-date: /home/naor/Desktop/naor/study/Thesis/install/hamma_bot/local/lib/python3.10/dist-packages/hamma_bot/hamma_bot_s__rosidl_typesupport_fastrtps_c.cpython-310-x86_64-linux-gnu.so
[1.126s] -- Up-to-date: /home/naor/Desktop/naor/study/Thesis/install/hamma_bot/local/lib/python3.10/dist-packages/hamma_bot/hamma_bot_s__rosidl_typesupport_introspection_c.cpython-310-x86_64-linux-gnu.so
[1.127s] -- Up-to-date: /home/naor/Desktop/naor/study/Thesis/install/hamma_bot/local/lib/python3.10/dist-packages/hamma_bot/hamma_bot_s__rosidl_typesupport_c.cpython-310-x86_64-linux-gnu.so
[1.127s] -- Up-to-date: /home/naor/Desktop/naor/study/Thesis/install/hamma_bot/lib/libhamma_bot__rosidl_generator_py.so
[1.127s] -- Up-to-date: /home/naor/Desktop/naor/study/Thesis/install/hamma_bot/share/hamma_bot/msg/Pwm.idl
[1.127s] -- Up-to-date: /home/naor/Desktop/naor/study/Thesis/install/hamma_bot/share/hamma_bot/msg/MotorData.idl
[1.127s] -- Up-to-date: /home/naor/Desktop/naor/study/Thesis/install/hamma_bot/share/hamma_bot/msg/Pwm.msg
[1.127s] -- Up-to-date: /home/naor/Desktop/naor/study/Thesis/install/hamma_bot/share/hamma_bot/msg/MotorData.msg
[1.128s] -- Up-to-date: /home/naor/Desktop/naor/study/Thesis/install/hamma_bot/lib/hamma_bot/twist_to_twiststamped_node
[1.128s] -- Up-to-date: /home/naor/Desktop/naor/study/Thesis/install/hamma_bot/lib/hamma_bot/joy_twist_node
[1.128s] -- Up-to-date: /home/naor/Desktop/naor/study/Thesis/install/hamma_bot/share/hamma_bot/launch
[1.128s] -- Up-to-date: /home/naor/Desktop/naor/study/Thesis/install/hamma_bot/share/hamma_bot/launch/simple_joy_control.launch.py
[1.128s] -- Up-to-date: /home/naor/Desktop/naor/study/Thesis/install/hamma_bot/share/hamma_bot/launch/navigation_launch.launch.py
[1.128s] -- Up-to-date: /home/naor/Desktop/naor/study/Thesis/install/hamma_bot/share/hamma_bot/launch/ackermann_drive_example.launch.py
[1.128s] -- Up-to-date: /home/naor/Desktop/naor/study/Thesis/install/hamma_bot/share/hamma_bot/launch/hamma_bot.launch.py
[1.128s] -- Up-to-date: /home/naor/Desktop/naor/study/Thesis/install/hamma_bot/share/hamma_bot/config
[1.128s] -- Up-to-date: /home/naor/Desktop/naor/study/Thesis/install/hamma_bot/share/hamma_bot/config/costmap_params.yaml
[1.128s] -- Up-to-date: /home/naor/Desktop/naor/study/Thesis/install/hamma_bot/share/hamma_bot/config/ackermann_controller.yaml
[1.128s] -- Up-to-date: /home/naor/Desktop/naor/study/Thesis/install/hamma_bot/share/hamma_bot/config/mapper_params_online_async.yaml
[1.128s] -- Up-to-date: /home/naor/Desktop/naor/study/Thesis/install/hamma_bot/share/hamma_bot/config/slam_toolbox_params.yaml
[1.129s] -- Up-to-date: /home/naor/Desktop/naor/study/Thesis/install/hamma_bot/share/hamma_bot/config/nav2_params.yaml
[1.129s] -- Up-to-date: /home/naor/Desktop/naor/study/Thesis/install/hamma_bot/share/hamma_bot/config/ekf.yaml
[1.129s] -- Up-to-date: /home/naor/Desktop/naor/study/Thesis/install/hamma_bot/share/hamma_bot/urdf
[1.129s] -- Up-to-date: /home/naor/Desktop/naor/study/Thesis/install/hamma_bot/share/hamma_bot/urdf/robot_description.urdf
[1.129s] -- Up-to-date: /home/naor/Desktop/naor/study/Thesis/install/hamma_bot/share/hamma_bot/worlds
[1.129s] -- Up-to-date: /home/naor/Desktop/naor/study/Thesis/install/hamma_bot/share/hamma_bot/worlds/empty.sdf
[1.129s] -- Up-to-date: /home/naor/Desktop/naor/study/Thesis/install/hamma_bot/share/hamma_bot/worlds/bookstore.sdf
[1.129s] -- Up-to-date: /home/naor/Desktop/naor/study/Thesis/install/hamma_bot/share/hamma_bot/rviz
[1.130s] -- Up-to-date: /home/naor/Desktop/naor/study/Thesis/install/hamma_bot/share/hamma_bot/rviz/urdf_config.rviz
[1.131s] -- Up-to-date: /home/naor/Desktop/naor/study/Thesis/install/hamma_bot/share/hamma_bot/rviz/navigation_config.rviz
[1.131s] -- Up-to-date: /home/naor/Desktop/naor/study/Thesis/install/hamma_bot/lib/hamma_bot/hamma_bot_rtcom.py
[1.131s] -- Up-to-date: /home/naor/Desktop/naor/study/Thesis/install/hamma_bot/share/ament_index/resource_index/package_run_dependencies/hamma_bot
[1.131s] -- Up-to-date: /home/naor/Desktop/naor/study/Thesis/install/hamma_bot/share/ament_index/resource_index/parent_prefix_path/hamma_bot
[1.132s] -- Up-to-date: /home/naor/Desktop/naor/study/Thesis/install/hamma_bot/share/hamma_bot/environment/ament_prefix_path.sh
[1.132s] -- Up-to-date: /home/naor/Desktop/naor/study/Thesis/install/hamma_bot/share/hamma_bot/environment/ament_prefix_path.dsv
[1.132s] -- Up-to-date: /home/naor/Desktop/naor/study/Thesis/install/hamma_bot/share/hamma_bot/environment/path.sh
[1.133s] -- Up-to-date: /home/naor/Desktop/naor/study/Thesis/install/hamma_bot/share/hamma_bot/environment/path.dsv
[1.133s] -- Up-to-date: /home/naor/Desktop/naor/study/Thesis/install/hamma_bot/share/hamma_bot/local_setup.bash
[1.133s] -- Up-to-date: /home/naor/Desktop/naor/study/Thesis/install/hamma_bot/share/hamma_bot/local_setup.sh
[1.133s] -- Up-to-date: /home/naor/Desktop/naor/study/Thesis/install/hamma_bot/share/hamma_bot/local_setup.zsh
[1.134s] -- Up-to-date: /home/naor/Desktop/naor/study/Thesis/install/hamma_bot/share/hamma_bot/local_setup.dsv
[1.134s] -- Installing: /home/naor/Desktop/naor/study/Thesis/install/hamma_bot/share/hamma_bot/package.dsv
[1.134s] -- Up-to-date: /home/naor/Desktop/naor/study/Thesis/install/hamma_bot/share/ament_index/resource_index/packages/hamma_bot
[1.134s] -- Up-to-date: /home/naor/Desktop/naor/study/Thesis/install/hamma_bot/share/hamma_bot/cmake/export_hamma_bot__rosidl_generator_cExport.cmake
[1.134s] -- Up-to-date: /home/naor/Desktop/naor/study/Thesis/install/hamma_bot/share/hamma_bot/cmake/export_hamma_bot__rosidl_generator_cExport-noconfig.cmake
[1.134s] -- Up-to-date: /home/naor/Desktop/naor/study/Thesis/install/hamma_bot/share/hamma_bot/cmake/export_hamma_bot__rosidl_typesupport_fastrtps_cExport.cmake
[1.134s] -- Up-to-date: /home/naor/Desktop/naor/study/Thesis/install/hamma_bot/share/hamma_bot/cmake/export_hamma_bot__rosidl_typesupport_fastrtps_cExport-noconfig.cmake
[1.135s] -- Up-to-date: /home/naor/Desktop/naor/study/Thesis/install/hamma_bot/share/hamma_bot/cmake/export_hamma_bot__rosidl_generator_cppExport.cmake
[1.135s] -- Up-to-date: /home/naor/Desktop/naor/study/Thesis/install/hamma_bot/share/hamma_bot/cmake/export_hamma_bot__rosidl_typesupport_fastrtps_cppExport.cmake
[1.135s] -- Up-to-date: /home/naor/Desktop/naor/study/Thesis/install/hamma_bot/share/hamma_bot/cmake/export_hamma_bot__rosidl_typesupport_fastrtps_cppExport-noconfig.cmake
[1.135s] -- Up-to-date: /home/naor/Desktop/naor/study/Thesis/install/hamma_bot/share/hamma_bot/cmake/hamma_bot__rosidl_typesupport_introspection_cExport.cmake
[1.135s] -- Up-to-date: /home/naor/Desktop/naor/study/Thesis/install/hamma_bot/share/hamma_bot/cmake/hamma_bot__rosidl_typesupport_introspection_cExport-noconfig.cmake
[1.135s] -- Up-to-date: /home/naor/Desktop/naor/study/Thesis/install/hamma_bot/share/hamma_bot/cmake/hamma_bot__rosidl_typesupport_cExport.cmake
[1.135s] -- Up-to-date: /home/naor/Desktop/naor/study/Thesis/install/hamma_bot/share/hamma_bot/cmake/hamma_bot__rosidl_typesupport_cExport-noconfig.cmake
[1.135s] -- Up-to-date: /home/naor/Desktop/naor/study/Thesis/install/hamma_bot/share/hamma_bot/cmake/hamma_bot__rosidl_typesupport_introspection_cppExport.cmake
[1.135s] -- Up-to-date: /home/naor/Desktop/naor/study/Thesis/install/hamma_bot/share/hamma_bot/cmake/hamma_bot__rosidl_typesupport_introspection_cppExport-noconfig.cmake
[1.135s] -- Up-to-date: /home/naor/Desktop/naor/study/Thesis/install/hamma_bot/share/hamma_bot/cmake/hamma_bot__rosidl_typesupport_cppExport.cmake
[1.135s] -- Up-to-date: /home/naor/Desktop/naor/study/Thesis/install/hamma_bot/share/hamma_bot/cmake/hamma_bot__rosidl_typesupport_cppExport-noconfig.cmake
[1.136s] -- Up-to-date: /home/naor/Desktop/naor/study/Thesis/install/hamma_bot/share/hamma_bot/cmake/export_hamma_bot__rosidl_generator_pyExport.cmake
[1.136s] -- Up-to-date: /home/naor/Desktop/naor/study/Thesis/install/hamma_bot/share/hamma_bot/cmake/export_hamma_bot__rosidl_generator_pyExport-noconfig.cmake
[1.136s] -- Up-to-date: /home/naor/Desktop/naor/study/Thesis/install/hamma_bot/share/hamma_bot/cmake/rosidl_cmake-extras.cmake
[1.136s] -- Up-to-date: /home/naor/Desktop/naor/study/Thesis/install/hamma_bot/share/hamma_bot/cmake/ament_cmake_export_dependencies-extras.cmake
[1.136s] -- Up-to-date: /home/naor/Desktop/naor/study/Thesis/install/hamma_bot/share/hamma_bot/cmake/ament_cmake_export_include_directories-extras.cmake
[1.136s] -- Up-to-date: /home/naor/Desktop/naor/study/Thesis/install/hamma_bot/share/hamma_bot/cmake/ament_cmake_export_libraries-extras.cmake
[1.136s] -- Up-to-date: /home/naor/Desktop/naor/study/Thesis/install/hamma_bot/share/hamma_bot/cmake/ament_cmake_export_targets-extras.cmake
[1.136s] -- Up-to-date: /home/naor/Desktop/naor/study/Thesis/install/hamma_bot/share/hamma_bot/cmake/rosidl_cmake_export_typesupport_targets-extras.cmake
[1.136s] -- Up-to-date: /home/naor/Desktop/naor/study/Thesis/install/hamma_bot/share/hamma_bot/cmake/rosidl_cmake_export_typesupport_libraries-extras.cmake
[1.136s] -- Up-to-date: /home/naor/Desktop/naor/study/Thesis/install/hamma_bot/share/hamma_bot/cmake/hamma_botConfig.cmake
[1.136s] -- Up-to-date: /home/naor/Desktop/naor/study/Thesis/install/hamma_bot/share/hamma_bot/cmake/hamma_botConfig-version.cmake
[1.136s] -- Up-to-date: /home/naor/Desktop/naor/study/Thesis/install/hamma_bot/share/hamma_bot/package.xml
[1.137s] Invoked command in '/home/naor/Desktop/naor/study/Thesis/build/hamma_bot' returned '0': CMAKE_PREFIX_PATH=/home/naor/Desktop/naor/work/capsule_repo/install/teensy_ers:/home/naor/Desktop/naor/work/capsule_repo/install/elers_bridge:/opt/ros/humble /usr/bin/cmake --install /home/naor/Desktop/naor/study/Thesis/build/hamma_bot
