[0.299s] Invoking command in '/home/naor/Desktop/naor/study/Thesis/build/drone_c': CMAKE_PREFIX_PATH=${CMAKE_PREFIX_PATH}:/home/naor/Desktop/naor/study/Thesis/install/roller:/home/naor/Desktop/naor/study/Thesis/install/camera_nav:/home/naor/Desktop/naor/study/Thesis/install/controller:/home/naor/Desktop/naor/work/capsule_repo/install/teensy_ers:/home/naor/Desktop/naor/work/capsule_repo/install/elers_bridge:/opt/ros/humble /usr/bin/cmake --build /home/naor/Desktop/naor/study/Thesis/build/drone_c -- -j16 -l16
[0.378s] [ 10%] Built target drone_c__rosidl_generator_c
[0.379s] [ 12%] Built target drone_c__cpp
[0.391s] [ 12%] Built target ament_cmake_python_copy_drone_c
[0.405s] [ 23%] Built target drone_c__rosidl_typesupport_fastrtps_c
[0.406s] [ 43%] Built target drone_c__rosidl_typesupport_introspection_c
[0.406s] [ 45%] Built target drone_c__rosidl_typesupport_c
[0.407s] [ 56%] Built target drone_c__rosidl_typesupport_introspection_cpp
[0.414s] [ 67%] Built target drone_c__rosidl_typesupport_cpp
[0.416s] [ 78%] Built target drone_c__rosidl_typesupport_fastrtps_cpp
[0.436s] [ 78%] Built target drone_c
[0.455s] [ 80%] Built target drone_c__py
[0.478s] [ 89%] Built target drone_c__rosidl_generator_py
[0.500s] [ 96%] Built target drone_c__rosidl_typesupport_c__pyext
[0.500s] [ 96%] Built target drone_c__rosidl_typesupport_fastrtps_c__pyext
[0.501s] [100%] Built target drone_c__rosidl_typesupport_introspection_c__pyext
[0.609s] running egg_info
[0.624s] writing drone_c.egg-info/PKG-INFO
[0.625s] writing dependency_links to drone_c.egg-info/dependency_links.txt
[0.625s] writing top-level names to drone_c.egg-info/top_level.txt
[0.672s] reading manifest file 'drone_c.egg-info/SOURCES.txt'
[0.673s] writing manifest file 'drone_c.egg-info/SOURCES.txt'
[0.706s] [100%] Built target ament_cmake_python_build_drone_c_egg
[0.863s] Invoked command in '/home/naor/Desktop/naor/study/Thesis/build/drone_c' returned '0': CMAKE_PREFIX_PATH=${CMAKE_PREFIX_PATH}:/home/naor/Desktop/naor/study/Thesis/install/roller:/home/naor/Desktop/naor/study/Thesis/install/camera_nav:/home/naor/Desktop/naor/study/Thesis/install/controller:/home/naor/Desktop/naor/work/capsule_repo/install/teensy_ers:/home/naor/Desktop/naor/work/capsule_repo/install/elers_bridge:/opt/ros/humble /usr/bin/cmake --build /home/naor/Desktop/naor/study/Thesis/build/drone_c -- -j16 -l16
[0.865s] Invoking command in '/home/naor/Desktop/naor/study/Thesis/build/drone_c': CMAKE_PREFIX_PATH=${CMAKE_PREFIX_PATH}:/home/naor/Desktop/naor/study/Thesis/install/roller:/home/naor/Desktop/naor/study/Thesis/install/camera_nav:/home/naor/Desktop/naor/study/Thesis/install/controller:/home/naor/Desktop/naor/work/capsule_repo/install/teensy_ers:/home/naor/Desktop/naor/work/capsule_repo/install/elers_bridge:/opt/ros/humble /usr/bin/cmake --install /home/naor/Desktop/naor/study/Thesis/build/drone_c
[0.874s] -- Install configuration: ""
[0.874s] -- Up-to-date: /home/naor/Desktop/naor/study/Thesis/install/drone_c/share/ament_index/resource_index/rosidl_interfaces/drone_c
[0.874s] -- Up-to-date: /home/naor/Desktop/naor/study/Thesis/install/drone_c/include/drone_c/drone_c
[0.874s] -- Up-to-date: /home/naor/Desktop/naor/study/Thesis/install/drone_c/include/drone_c/drone_c/msg
[0.874s] -- Up-to-date: /home/naor/Desktop/naor/study/Thesis/install/drone_c/include/drone_c/drone_c/msg/motors.h
[0.874s] -- Up-to-date: /home/naor/Desktop/naor/study/Thesis/install/drone_c/include/drone_c/drone_c/msg/imu_filter.h
[0.874s] -- Up-to-date: /home/naor/Desktop/naor/study/Thesis/install/drone_c/include/drone_c/drone_c/msg/euler_angles.h
[0.874s] -- Up-to-date: /home/naor/Desktop/naor/study/Thesis/install/drone_c/include/drone_c/drone_c/msg/pid.h
[0.874s] -- Up-to-date: /home/naor/Desktop/naor/study/Thesis/install/drone_c/include/drone_c/drone_c/msg/rosidl_generator_c__visibility_control.h
[0.875s] -- Up-to-date: /home/naor/Desktop/naor/study/Thesis/install/drone_c/include/drone_c/drone_c/msg/detail
[0.875s] -- Up-to-date: /home/naor/Desktop/naor/study/Thesis/install/drone_c/include/drone_c/drone_c/msg/detail/imu_filter__functions.c
[0.875s] -- Up-to-date: /home/naor/Desktop/naor/study/Thesis/install/drone_c/include/drone_c/drone_c/msg/detail/pid__struct.h
[0.875s] -- Up-to-date: /home/naor/Desktop/naor/study/Thesis/install/drone_c/include/drone_c/drone_c/msg/detail/motors__struct.h
[0.875s] -- Up-to-date: /home/naor/Desktop/naor/study/Thesis/install/drone_c/include/drone_c/drone_c/msg/detail/pid__functions.h
[0.875s] -- Up-to-date: /home/naor/Desktop/naor/study/Thesis/install/drone_c/include/drone_c/drone_c/msg/detail/imu_filter__type_support.h
[0.875s] -- Up-to-date: /home/naor/Desktop/naor/study/Thesis/install/drone_c/include/drone_c/drone_c/msg/detail/euler_angles__functions.h
[0.876s] -- Up-to-date: /home/naor/Desktop/naor/study/Thesis/install/drone_c/include/drone_c/drone_c/msg/detail/pid__type_support.h
[0.876s] -- Up-to-date: /home/naor/Desktop/naor/study/Thesis/install/drone_c/include/drone_c/drone_c/msg/detail/motors__functions.h
[0.876s] -- Up-to-date: /home/naor/Desktop/naor/study/Thesis/install/drone_c/include/drone_c/drone_c/msg/detail/motors__type_support.h
[0.876s] -- Up-to-date: /home/naor/Desktop/naor/study/Thesis/install/drone_c/include/drone_c/drone_c/msg/detail/euler_angles__type_support.h
[0.876s] -- Up-to-date: /home/naor/Desktop/naor/study/Thesis/install/drone_c/include/drone_c/drone_c/msg/detail/motors__functions.c
[0.876s] -- Up-to-date: /home/naor/Desktop/naor/study/Thesis/install/drone_c/include/drone_c/drone_c/msg/detail/imu_filter__functions.h
[0.877s] -- Up-to-date: /home/naor/Desktop/naor/study/Thesis/install/drone_c/include/drone_c/drone_c/msg/detail/euler_angles__functions.c
[0.877s] -- Up-to-date: /home/naor/Desktop/naor/study/Thesis/install/drone_c/include/drone_c/drone_c/msg/detail/pid__functions.c
[0.877s] -- Up-to-date: /home/naor/Desktop/naor/study/Thesis/install/drone_c/include/drone_c/drone_c/msg/detail/euler_angles__struct.h
[0.877s] -- Up-to-date: /home/naor/Desktop/naor/study/Thesis/install/drone_c/include/drone_c/drone_c/msg/detail/imu_filter__struct.h
[0.877s] -- Up-to-date: /home/naor/Desktop/naor/study/Thesis/install/drone_c/share/drone_c/environment/library_path.sh
[0.877s] -- Up-to-date: /home/naor/Desktop/naor/study/Thesis/install/drone_c/share/drone_c/environment/library_path.dsv
[0.878s] -- Up-to-date: /home/naor/Desktop/naor/study/Thesis/install/drone_c/lib/libdrone_c__rosidl_generator_c.so
[0.878s] -- Up-to-date: /home/naor/Desktop/naor/study/Thesis/install/drone_c/include/drone_c/drone_c
[0.878s] -- Up-to-date: /home/naor/Desktop/naor/study/Thesis/install/drone_c/include/drone_c/drone_c/msg
[0.878s] -- Up-to-date: /home/naor/Desktop/naor/study/Thesis/install/drone_c/include/drone_c/drone_c/msg/rosidl_typesupport_fastrtps_c__visibility_control.h
[0.878s] -- Up-to-date: /home/naor/Desktop/naor/study/Thesis/install/drone_c/include/drone_c/drone_c/msg/detail
[0.878s] -- Up-to-date: /home/naor/Desktop/naor/study/Thesis/install/drone_c/include/drone_c/drone_c/msg/detail/euler_angles__rosidl_typesupport_fastrtps_c.h
[0.878s] -- Up-to-date: /home/naor/Desktop/naor/study/Thesis/install/drone_c/include/drone_c/drone_c/msg/detail/imu_filter__rosidl_typesupport_fastrtps_c.h
[0.878s] -- Up-to-date: /home/naor/Desktop/naor/study/Thesis/install/drone_c/include/drone_c/drone_c/msg/detail/pid__rosidl_typesupport_fastrtps_c.h
[0.878s] -- Up-to-date: /home/naor/Desktop/naor/study/Thesis/install/drone_c/include/drone_c/drone_c/msg/detail/motors__rosidl_typesupport_fastrtps_c.h
[0.878s] -- Up-to-date: /home/naor/Desktop/naor/study/Thesis/install/drone_c/lib/libdrone_c__rosidl_typesupport_fastrtps_c.so
[0.878s] -- Up-to-date: /home/naor/Desktop/naor/study/Thesis/install/drone_c/include/drone_c/drone_c
[0.879s] -- Up-to-date: /home/naor/Desktop/naor/study/Thesis/install/drone_c/include/drone_c/drone_c/msg
[0.879s] -- Up-to-date: /home/naor/Desktop/naor/study/Thesis/install/drone_c/include/drone_c/drone_c/msg/pid.hpp
[0.879s] -- Up-to-date: /home/naor/Desktop/naor/study/Thesis/install/drone_c/include/drone_c/drone_c/msg/motors.hpp
[0.879s] -- Up-to-date: /home/naor/Desktop/naor/study/Thesis/install/drone_c/include/drone_c/drone_c/msg/rosidl_generator_cpp__visibility_control.hpp
[0.879s] -- Up-to-date: /home/naor/Desktop/naor/study/Thesis/install/drone_c/include/drone_c/drone_c/msg/euler_angles.hpp
[0.879s] -- Up-to-date: /home/naor/Desktop/naor/study/Thesis/install/drone_c/include/drone_c/drone_c/msg/imu_filter.hpp
[0.879s] -- Up-to-date: /home/naor/Desktop/naor/study/Thesis/install/drone_c/include/drone_c/drone_c/msg/detail
[0.879s] -- Up-to-date: /home/naor/Desktop/naor/study/Thesis/install/drone_c/include/drone_c/drone_c/msg/detail/motors__traits.hpp
[0.879s] -- Up-to-date: /home/naor/Desktop/naor/study/Thesis/install/drone_c/include/drone_c/drone_c/msg/detail/imu_filter__struct.hpp
[0.879s] -- Up-to-date: /home/naor/Desktop/naor/study/Thesis/install/drone_c/include/drone_c/drone_c/msg/detail/pid__type_support.hpp
[0.880s] -- Up-to-date: /home/naor/Desktop/naor/study/Thesis/install/drone_c/include/drone_c/drone_c/msg/detail/euler_angles__struct.hpp
[0.880s] -- Up-to-date: /home/naor/Desktop/naor/study/Thesis/install/drone_c/include/drone_c/drone_c/msg/detail/euler_angles__traits.hpp
[0.880s] -- Up-to-date: /home/naor/Desktop/naor/study/Thesis/install/drone_c/include/drone_c/drone_c/msg/detail/motors__builder.hpp
[0.880s] -- Up-to-date: /home/naor/Desktop/naor/study/Thesis/install/drone_c/include/drone_c/drone_c/msg/detail/motors__struct.hpp
[0.880s] -- Up-to-date: /home/naor/Desktop/naor/study/Thesis/install/drone_c/include/drone_c/drone_c/msg/detail/imu_filter__builder.hpp
[0.880s] -- Up-to-date: /home/naor/Desktop/naor/study/Thesis/install/drone_c/include/drone_c/drone_c/msg/detail/pid__struct.hpp
[0.880s] -- Up-to-date: /home/naor/Desktop/naor/study/Thesis/install/drone_c/include/drone_c/drone_c/msg/detail/euler_angles__type_support.hpp
[0.880s] -- Up-to-date: /home/naor/Desktop/naor/study/Thesis/install/drone_c/include/drone_c/drone_c/msg/detail/imu_filter__traits.hpp
[0.880s] -- Up-to-date: /home/naor/Desktop/naor/study/Thesis/install/drone_c/include/drone_c/drone_c/msg/detail/motors__type_support.hpp
[0.880s] -- Up-to-date: /home/naor/Desktop/naor/study/Thesis/install/drone_c/include/drone_c/drone_c/msg/detail/pid__builder.hpp
[0.881s] -- Up-to-date: /home/naor/Desktop/naor/study/Thesis/install/drone_c/include/drone_c/drone_c/msg/detail/pid__traits.hpp
[0.881s] -- Up-to-date: /home/naor/Desktop/naor/study/Thesis/install/drone_c/include/drone_c/drone_c/msg/detail/imu_filter__type_support.hpp
[0.881s] -- Up-to-date: /home/naor/Desktop/naor/study/Thesis/install/drone_c/include/drone_c/drone_c/msg/detail/euler_angles__builder.hpp
[0.881s] -- Up-to-date: /home/naor/Desktop/naor/study/Thesis/install/drone_c/include/drone_c/drone_c
[0.881s] -- Up-to-date: /home/naor/Desktop/naor/study/Thesis/install/drone_c/include/drone_c/drone_c/msg
[0.881s] -- Up-to-date: /home/naor/Desktop/naor/study/Thesis/install/drone_c/include/drone_c/drone_c/msg/rosidl_typesupport_fastrtps_cpp__visibility_control.h
[0.881s] -- Up-to-date: /home/naor/Desktop/naor/study/Thesis/install/drone_c/include/drone_c/drone_c/msg/detail
[0.881s] -- Up-to-date: /home/naor/Desktop/naor/study/Thesis/install/drone_c/include/drone_c/drone_c/msg/detail/euler_angles__rosidl_typesupport_fastrtps_cpp.hpp
[0.881s] -- Up-to-date: /home/naor/Desktop/naor/study/Thesis/install/drone_c/include/drone_c/drone_c/msg/detail/imu_filter__rosidl_typesupport_fastrtps_cpp.hpp
[0.881s] -- Up-to-date: /home/naor/Desktop/naor/study/Thesis/install/drone_c/include/drone_c/drone_c/msg/detail/dds_fastrtps
[0.882s] -- Up-to-date: /home/naor/Desktop/naor/study/Thesis/install/drone_c/include/drone_c/drone_c/msg/detail/motors__rosidl_typesupport_fastrtps_cpp.hpp
[0.882s] -- Up-to-date: /home/naor/Desktop/naor/study/Thesis/install/drone_c/include/drone_c/drone_c/msg/detail/pid__rosidl_typesupport_fastrtps_cpp.hpp
[0.882s] -- Up-to-date: /home/naor/Desktop/naor/study/Thesis/install/drone_c/lib/libdrone_c__rosidl_typesupport_fastrtps_cpp.so
[0.882s] -- Up-to-date: /home/naor/Desktop/naor/study/Thesis/install/drone_c/include/drone_c/drone_c
[0.882s] -- Up-to-date: /home/naor/Desktop/naor/study/Thesis/install/drone_c/include/drone_c/drone_c/msg
[0.883s] -- Up-to-date: /home/naor/Desktop/naor/study/Thesis/install/drone_c/include/drone_c/drone_c/msg/rosidl_typesupport_introspection_c__visibility_control.h
[0.883s] -- Up-to-date: /home/naor/Desktop/naor/study/Thesis/install/drone_c/include/drone_c/drone_c/msg/detail
[0.883s] -- Up-to-date: /home/naor/Desktop/naor/study/Thesis/install/drone_c/include/drone_c/drone_c/msg/detail/pid__rosidl_typesupport_introspection_c.h
[0.883s] -- Up-to-date: /home/naor/Desktop/naor/study/Thesis/install/drone_c/include/drone_c/drone_c/msg/detail/motors__type_support.c
[0.883s] -- Up-to-date: /home/naor/Desktop/naor/study/Thesis/install/drone_c/include/drone_c/drone_c/msg/detail/euler_angles__type_support.c
[0.883s] -- Up-to-date: /home/naor/Desktop/naor/study/Thesis/install/drone_c/include/drone_c/drone_c/msg/detail/motors__rosidl_typesupport_introspection_c.h
[0.883s] -- Up-to-date: /home/naor/Desktop/naor/study/Thesis/install/drone_c/include/drone_c/drone_c/msg/detail/pid__type_support.c
[0.883s] -- Up-to-date: /home/naor/Desktop/naor/study/Thesis/install/drone_c/include/drone_c/drone_c/msg/detail/imu_filter__rosidl_typesupport_introspection_c.h
[0.883s] -- Up-to-date: /home/naor/Desktop/naor/study/Thesis/install/drone_c/include/drone_c/drone_c/msg/detail/imu_filter__type_support.c
[0.883s] -- Up-to-date: /home/naor/Desktop/naor/study/Thesis/install/drone_c/include/drone_c/drone_c/msg/detail/euler_angles__rosidl_typesupport_introspection_c.h
[0.883s] -- Up-to-date: /home/naor/Desktop/naor/study/Thesis/install/drone_c/lib/libdrone_c__rosidl_typesupport_introspection_c.so
[0.884s] -- Up-to-date: /home/naor/Desktop/naor/study/Thesis/install/drone_c/lib/libdrone_c__rosidl_typesupport_c.so
[0.884s] -- Up-to-date: /home/naor/Desktop/naor/study/Thesis/install/drone_c/include/drone_c/drone_c
[0.884s] -- Up-to-date: /home/naor/Desktop/naor/study/Thesis/install/drone_c/include/drone_c/drone_c/msg
[0.885s] -- Up-to-date: /home/naor/Desktop/naor/study/Thesis/install/drone_c/include/drone_c/drone_c/msg/detail
[0.885s] -- Up-to-date: /home/naor/Desktop/naor/study/Thesis/install/drone_c/include/drone_c/drone_c/msg/detail/motors__type_support.cpp
[0.885s] -- Up-to-date: /home/naor/Desktop/naor/study/Thesis/install/drone_c/include/drone_c/drone_c/msg/detail/imu_filter__rosidl_typesupport_introspection_cpp.hpp
[0.885s] -- Up-to-date: /home/naor/Desktop/naor/study/Thesis/install/drone_c/include/drone_c/drone_c/msg/detail/pid__type_support.cpp
[0.885s] -- Up-to-date: /home/naor/Desktop/naor/study/Thesis/install/drone_c/include/drone_c/drone_c/msg/detail/euler_angles__rosidl_typesupport_introspection_cpp.hpp
[0.885s] -- Up-to-date: /home/naor/Desktop/naor/study/Thesis/install/drone_c/include/drone_c/drone_c/msg/detail/imu_filter__type_support.cpp
[0.885s] -- Up-to-date: /home/naor/Desktop/naor/study/Thesis/install/drone_c/include/drone_c/drone_c/msg/detail/euler_angles__type_support.cpp
[0.886s] -- Up-to-date: /home/naor/Desktop/naor/study/Thesis/install/drone_c/include/drone_c/drone_c/msg/detail/pid__rosidl_typesupport_introspection_cpp.hpp
[0.886s] -- Up-to-date: /home/naor/Desktop/naor/study/Thesis/install/drone_c/include/drone_c/drone_c/msg/detail/motors__rosidl_typesupport_introspection_cpp.hpp
[0.886s] -- Up-to-date: /home/naor/Desktop/naor/study/Thesis/install/drone_c/lib/libdrone_c__rosidl_typesupport_introspection_cpp.so
[0.886s] -- Up-to-date: /home/naor/Desktop/naor/study/Thesis/install/drone_c/lib/libdrone_c__rosidl_typesupport_cpp.so
[0.886s] -- Up-to-date: /home/naor/Desktop/naor/study/Thesis/install/drone_c/share/drone_c/environment/pythonpath.sh
[0.886s] -- Up-to-date: /home/naor/Desktop/naor/study/Thesis/install/drone_c/share/drone_c/environment/pythonpath.dsv
[0.887s] -- Up-to-date: /home/naor/Desktop/naor/study/Thesis/install/drone_c/local/lib/python3.10/dist-packages/drone_c-0.0.1-py3.10.egg-info
[0.887s] -- Installing: /home/naor/Desktop/naor/study/Thesis/install/drone_c/local/lib/python3.10/dist-packages/drone_c-0.0.1-py3.10.egg-info/SOURCES.txt
[0.887s] -- Installing: /home/naor/Desktop/naor/study/Thesis/install/drone_c/local/lib/python3.10/dist-packages/drone_c-0.0.1-py3.10.egg-info/PKG-INFO
[0.887s] -- Installing: /home/naor/Desktop/naor/study/Thesis/install/drone_c/local/lib/python3.10/dist-packages/drone_c-0.0.1-py3.10.egg-info/dependency_links.txt
[0.887s] -- Installing: /home/naor/Desktop/naor/study/Thesis/install/drone_c/local/lib/python3.10/dist-packages/drone_c-0.0.1-py3.10.egg-info/top_level.txt
[0.887s] -- Up-to-date: /home/naor/Desktop/naor/study/Thesis/install/drone_c/local/lib/python3.10/dist-packages/drone_c
[0.887s] -- Up-to-date: /home/naor/Desktop/naor/study/Thesis/install/drone_c/local/lib/python3.10/dist-packages/drone_c/drone_c_s__rosidl_typesupport_fastrtps_c.cpython-310-x86_64-linux-gnu.so
[0.887s] -- Up-to-date: /home/naor/Desktop/naor/study/Thesis/install/drone_c/local/lib/python3.10/dist-packages/drone_c/__init__.py
[0.887s] -- Up-to-date: /home/naor/Desktop/naor/study/Thesis/install/drone_c/local/lib/python3.10/dist-packages/drone_c/msg
[0.887s] -- Up-to-date: /home/naor/Desktop/naor/study/Thesis/install/drone_c/local/lib/python3.10/dist-packages/drone_c/msg/_motors_s.c
[0.887s] -- Up-to-date: /home/naor/Desktop/naor/study/Thesis/install/drone_c/local/lib/python3.10/dist-packages/drone_c/msg/__init__.py
[0.887s] -- Up-to-date: /home/naor/Desktop/naor/study/Thesis/install/drone_c/local/lib/python3.10/dist-packages/drone_c/msg/_pid.py
[0.887s] -- Up-to-date: /home/naor/Desktop/naor/study/Thesis/install/drone_c/local/lib/python3.10/dist-packages/drone_c/msg/_euler_angles_s.c
[0.887s] -- Up-to-date: /home/naor/Desktop/naor/study/Thesis/install/drone_c/local/lib/python3.10/dist-packages/drone_c/msg/_imu_filter.py
[0.887s] -- Up-to-date: /home/naor/Desktop/naor/study/Thesis/install/drone_c/local/lib/python3.10/dist-packages/drone_c/msg/_euler_angles.py
[0.887s] -- Up-to-date: /home/naor/Desktop/naor/study/Thesis/install/drone_c/local/lib/python3.10/dist-packages/drone_c/msg/_pid_s.c
[0.887s] -- Up-to-date: /home/naor/Desktop/naor/study/Thesis/install/drone_c/local/lib/python3.10/dist-packages/drone_c/msg/_imu_filter_s.c
[0.888s] -- Up-to-date: /home/naor/Desktop/naor/study/Thesis/install/drone_c/local/lib/python3.10/dist-packages/drone_c/msg/_motors.py
[0.888s] -- Up-to-date: /home/naor/Desktop/naor/study/Thesis/install/drone_c/local/lib/python3.10/dist-packages/drone_c/_drone_c_s.ep.rosidl_typesupport_c.c
[0.888s] -- Up-to-date: /home/naor/Desktop/naor/study/Thesis/install/drone_c/local/lib/python3.10/dist-packages/drone_c/_drone_c_s.ep.rosidl_typesupport_fastrtps_c.c
[0.888s] -- Up-to-date: /home/naor/Desktop/naor/study/Thesis/install/drone_c/local/lib/python3.10/dist-packages/drone_c/libdrone_c__rosidl_generator_py.so
[0.888s] -- Up-to-date: /home/naor/Desktop/naor/study/Thesis/install/drone_c/local/lib/python3.10/dist-packages/drone_c/drone_c_s__rosidl_typesupport_c.cpython-310-x86_64-linux-gnu.so
[0.888s] -- Up-to-date: /home/naor/Desktop/naor/study/Thesis/install/drone_c/local/lib/python3.10/dist-packages/drone_c/drone_c_s__rosidl_typesupport_introspection_c.cpython-310-x86_64-linux-gnu.so
[0.888s] -- Up-to-date: /home/naor/Desktop/naor/study/Thesis/install/drone_c/local/lib/python3.10/dist-packages/drone_c/_drone_c_s.ep.rosidl_typesupport_introspection_c.c
[0.916s] Listing '/home/naor/Desktop/naor/study/Thesis/install/drone_c/local/lib/python3.10/dist-packages/drone_c'...
[0.916s] Listing '/home/naor/Desktop/naor/study/Thesis/install/drone_c/local/lib/python3.10/dist-packages/drone_c/msg'...
[0.921s] -- Up-to-date: /home/naor/Desktop/naor/study/Thesis/install/drone_c/local/lib/python3.10/dist-packages/drone_c/drone_c_s__rosidl_typesupport_fastrtps_c.cpython-310-x86_64-linux-gnu.so
[0.922s] -- Up-to-date: /home/naor/Desktop/naor/study/Thesis/install/drone_c/local/lib/python3.10/dist-packages/drone_c/drone_c_s__rosidl_typesupport_introspection_c.cpython-310-x86_64-linux-gnu.so
[0.922s] -- Up-to-date: /home/naor/Desktop/naor/study/Thesis/install/drone_c/local/lib/python3.10/dist-packages/drone_c/drone_c_s__rosidl_typesupport_c.cpython-310-x86_64-linux-gnu.so
[0.923s] -- Up-to-date: /home/naor/Desktop/naor/study/Thesis/install/drone_c/lib/libdrone_c__rosidl_generator_py.so
[0.923s] -- Up-to-date: /home/naor/Desktop/naor/study/Thesis/install/drone_c/share/drone_c/msg/Pid.idl
[0.923s] -- Up-to-date: /home/naor/Desktop/naor/study/Thesis/install/drone_c/share/drone_c/msg/EulerAngles.idl
[0.923s] -- Up-to-date: /home/naor/Desktop/naor/study/Thesis/install/drone_c/share/drone_c/msg/Motors.idl
[0.924s] -- Up-to-date: /home/naor/Desktop/naor/study/Thesis/install/drone_c/share/drone_c/msg/ImuFilter.idl
[0.924s] -- Up-to-date: /home/naor/Desktop/naor/study/Thesis/install/drone_c/share/drone_c/msg/Pid.msg
[0.924s] -- Up-to-date: /home/naor/Desktop/naor/study/Thesis/install/drone_c/share/drone_c/msg/EulerAngles.msg
[0.924s] -- Up-to-date: /home/naor/Desktop/naor/study/Thesis/install/drone_c/share/drone_c/msg/Motors.msg
[0.924s] -- Up-to-date: /home/naor/Desktop/naor/study/Thesis/install/drone_c/share/drone_c/msg/ImuFilter.msg
[0.924s] -- Up-to-date: /home/naor/Desktop/naor/study/Thesis/install/drone_c/lib/drone_c/rtcom_teensy_ros.py
[0.924s] -- Up-to-date: /home/naor/Desktop/naor/study/Thesis/install/drone_c/share/ament_index/resource_index/package_run_dependencies/drone_c
[0.924s] -- Up-to-date: /home/naor/Desktop/naor/study/Thesis/install/drone_c/share/ament_index/resource_index/parent_prefix_path/drone_c
[0.924s] -- Up-to-date: /home/naor/Desktop/naor/study/Thesis/install/drone_c/share/drone_c/environment/ament_prefix_path.sh
[0.924s] -- Up-to-date: /home/naor/Desktop/naor/study/Thesis/install/drone_c/share/drone_c/environment/ament_prefix_path.dsv
[0.924s] -- Up-to-date: /home/naor/Desktop/naor/study/Thesis/install/drone_c/share/drone_c/environment/path.sh
[0.924s] -- Up-to-date: /home/naor/Desktop/naor/study/Thesis/install/drone_c/share/drone_c/environment/path.dsv
[0.924s] -- Up-to-date: /home/naor/Desktop/naor/study/Thesis/install/drone_c/share/drone_c/local_setup.bash
[0.925s] -- Up-to-date: /home/naor/Desktop/naor/study/Thesis/install/drone_c/share/drone_c/local_setup.sh
[0.925s] -- Up-to-date: /home/naor/Desktop/naor/study/Thesis/install/drone_c/share/drone_c/local_setup.zsh
[0.925s] -- Up-to-date: /home/naor/Desktop/naor/study/Thesis/install/drone_c/share/drone_c/local_setup.dsv
[0.925s] -- Installing: /home/naor/Desktop/naor/study/Thesis/install/drone_c/share/drone_c/package.dsv
[0.925s] -- Up-to-date: /home/naor/Desktop/naor/study/Thesis/install/drone_c/share/ament_index/resource_index/packages/drone_c
[0.925s] -- Up-to-date: /home/naor/Desktop/naor/study/Thesis/install/drone_c/share/drone_c/cmake/export_drone_c__rosidl_generator_cExport.cmake
[0.925s] -- Up-to-date: /home/naor/Desktop/naor/study/Thesis/install/drone_c/share/drone_c/cmake/export_drone_c__rosidl_generator_cExport-noconfig.cmake
[0.926s] -- Up-to-date: /home/naor/Desktop/naor/study/Thesis/install/drone_c/share/drone_c/cmake/export_drone_c__rosidl_typesupport_fastrtps_cExport.cmake
[0.926s] -- Up-to-date: /home/naor/Desktop/naor/study/Thesis/install/drone_c/share/drone_c/cmake/export_drone_c__rosidl_typesupport_fastrtps_cExport-noconfig.cmake
[0.927s] -- Up-to-date: /home/naor/Desktop/naor/study/Thesis/install/drone_c/share/drone_c/cmake/export_drone_c__rosidl_generator_cppExport.cmake
[0.927s] -- Up-to-date: /home/naor/Desktop/naor/study/Thesis/install/drone_c/share/drone_c/cmake/export_drone_c__rosidl_typesupport_fastrtps_cppExport.cmake
[0.927s] -- Up-to-date: /home/naor/Desktop/naor/study/Thesis/install/drone_c/share/drone_c/cmake/export_drone_c__rosidl_typesupport_fastrtps_cppExport-noconfig.cmake
[0.927s] -- Up-to-date: /home/naor/Desktop/naor/study/Thesis/install/drone_c/share/drone_c/cmake/drone_c__rosidl_typesupport_introspection_cExport.cmake
[0.927s] -- Up-to-date: /home/naor/Desktop/naor/study/Thesis/install/drone_c/share/drone_c/cmake/drone_c__rosidl_typesupport_introspection_cExport-noconfig.cmake
[0.928s] -- Up-to-date: /home/naor/Desktop/naor/study/Thesis/install/drone_c/share/drone_c/cmake/drone_c__rosidl_typesupport_cExport.cmake
[0.928s] -- Up-to-date: /home/naor/Desktop/naor/study/Thesis/install/drone_c/share/drone_c/cmake/drone_c__rosidl_typesupport_cExport-noconfig.cmake
[0.928s] -- Up-to-date: /home/naor/Desktop/naor/study/Thesis/install/drone_c/share/drone_c/cmake/drone_c__rosidl_typesupport_introspection_cppExport.cmake
[0.928s] -- Up-to-date: /home/naor/Desktop/naor/study/Thesis/install/drone_c/share/drone_c/cmake/drone_c__rosidl_typesupport_introspection_cppExport-noconfig.cmake
[0.928s] -- Up-to-date: /home/naor/Desktop/naor/study/Thesis/install/drone_c/share/drone_c/cmake/drone_c__rosidl_typesupport_cppExport.cmake
[0.928s] -- Up-to-date: /home/naor/Desktop/naor/study/Thesis/install/drone_c/share/drone_c/cmake/drone_c__rosidl_typesupport_cppExport-noconfig.cmake
[0.928s] -- Up-to-date: /home/naor/Desktop/naor/study/Thesis/install/drone_c/share/drone_c/cmake/export_drone_c__rosidl_generator_pyExport.cmake
[0.928s] -- Up-to-date: /home/naor/Desktop/naor/study/Thesis/install/drone_c/share/drone_c/cmake/export_drone_c__rosidl_generator_pyExport-noconfig.cmake
[0.928s] -- Up-to-date: /home/naor/Desktop/naor/study/Thesis/install/drone_c/share/drone_c/cmake/rosidl_cmake-extras.cmake
[0.928s] -- Up-to-date: /home/naor/Desktop/naor/study/Thesis/install/drone_c/share/drone_c/cmake/ament_cmake_export_dependencies-extras.cmake
[0.928s] -- Up-to-date: /home/naor/Desktop/naor/study/Thesis/install/drone_c/share/drone_c/cmake/ament_cmake_export_include_directories-extras.cmake
[0.928s] -- Up-to-date: /home/naor/Desktop/naor/study/Thesis/install/drone_c/share/drone_c/cmake/ament_cmake_export_libraries-extras.cmake
[0.928s] -- Up-to-date: /home/naor/Desktop/naor/study/Thesis/install/drone_c/share/drone_c/cmake/ament_cmake_export_targets-extras.cmake
[0.928s] -- Up-to-date: /home/naor/Desktop/naor/study/Thesis/install/drone_c/share/drone_c/cmake/rosidl_cmake_export_typesupport_targets-extras.cmake
[0.928s] -- Up-to-date: /home/naor/Desktop/naor/study/Thesis/install/drone_c/share/drone_c/cmake/rosidl_cmake_export_typesupport_libraries-extras.cmake
[0.928s] -- Up-to-date: /home/naor/Desktop/naor/study/Thesis/install/drone_c/share/drone_c/cmake/drone_cConfig.cmake
[0.928s] -- Up-to-date: /home/naor/Desktop/naor/study/Thesis/install/drone_c/share/drone_c/cmake/drone_cConfig-version.cmake
[0.928s] -- Up-to-date: /home/naor/Desktop/naor/study/Thesis/install/drone_c/share/drone_c/package.xml
[0.931s] Invoked command in '/home/naor/Desktop/naor/study/Thesis/build/drone_c' returned '0': CMAKE_PREFIX_PATH=${CMAKE_PREFIX_PATH}:/home/naor/Desktop/naor/study/Thesis/install/roller:/home/naor/Desktop/naor/study/Thesis/install/camera_nav:/home/naor/Desktop/naor/study/Thesis/install/controller:/home/naor/Desktop/naor/work/capsule_repo/install/teensy_ers:/home/naor/Desktop/naor/work/capsule_repo/install/elers_bridge:/opt/ros/humble /usr/bin/cmake --install /home/naor/Desktop/naor/study/Thesis/build/drone_c
