[0.168s] Invoking command in '/home/naor/Desktop/naor/study/Thesis/build/hamma_bot': CMAKE_PREFIX_PATH=/home/naor/Desktop/naor/work/capsule_repo/install/teensy_ers:/home/naor/Desktop/naor/work/capsule_repo/install/elers_bridge:/opt/ros/humble /usr/bin/cmake /home/naor/Desktop/naor/study/Thesis/src/hamma_bot -DCMAKE_INSTALL_PREFIX=/home/naor/Desktop/naor/study/Thesis/install/hamma_bot
[0.269s] -- The C compiler identification is GNU 11.4.0
[0.339s] -- The CXX compiler identification is GNU 11.4.0
[0.346s] -- Detecting C compiler ABI info
[0.402s] -- Detecting C compiler ABI info - done
[0.407s] -- Check for working C compiler: /usr/bin/cc - skipped
[0.407s] -- Detecting C compile features
[0.408s] -- Detecting C compile features - done
[0.412s] -- Detecting CXX compiler ABI info
[0.482s] -- Detecting CXX compiler ABI info - done
[0.487s] -- Check for working CXX compiler: /usr/bin/c++ - skipped
[0.488s] -- Detecting CXX compile features
[0.488s] -- Detecting CXX compile features - done
[0.490s] -- Found ament_cmake: 1.3.11 (/opt/ros/humble/share/ament_cmake/cmake)
[0.774s] -- Found Python3: /usr/bin/python3 (found version "3.10.12") found components: Interpreter 
[0.846s] -- Found rclcpp: 16.0.12 (/opt/ros/humble/share/rclcpp/cmake)
[0.889s] -- Found rosidl_generator_c: 3.1.6 (/opt/ros/humble/share/rosidl_generator_c/cmake)
[0.893s] -- Found rosidl_adapter: 3.1.6 (/opt/ros/humble/share/rosidl_adapter/cmake)
[0.901s] -- Found rosidl_generator_cpp: 3.1.6 (/opt/ros/humble/share/rosidl_generator_cpp/cmake)
[0.912s] -- Using all available rosidl_typesupport_c: rosidl_typesupport_fastrtps_c;rosidl_typesupport_introspection_c
[0.927s] -- Using all available rosidl_typesupport_cpp: rosidl_typesupport_fastrtps_cpp;rosidl_typesupport_introspection_cpp
[0.966s] -- Found rmw_implementation_cmake: 6.1.2 (/opt/ros/humble/share/rmw_implementation_cmake/cmake)
[0.969s] -- Found rmw_fastrtps_cpp: 6.2.7 (/opt/ros/humble/share/rmw_fastrtps_cpp/cmake)
[1.044s] -- Found OpenSSL: /usr/lib/x86_64-linux-gnu/libcrypto.so (found version "3.0.2")  
[1.068s] -- Found FastRTPS: /opt/ros/humble/include  
[1.104s] -- Using RMW implementation 'rmw_fastrtps_cpp' as default
[1.112s] -- Looking for pthread.h
[1.177s] -- Looking for pthread.h - found
[1.178s] -- Performing Test CMAKE_HAVE_LIBC_PTHREAD
[1.231s] -- Performing Test CMAKE_HAVE_LIBC_PTHREAD - Success
[1.231s] -- Found Threads: TRUE  
[1.274s] -- Found sensor_msgs: 4.8.0 (/opt/ros/humble/share/sensor_msgs/cmake)
[1.299s] -- Found rosidl_default_generators: 1.2.0 (/opt/ros/humble/share/rosidl_default_generators/cmake)
[1.308s] -- Found xacro: 2.0.13 (/opt/ros/humble/share/xacro/cmake)
[1.309s] -- Found cv_bridge: 3.2.1 (/opt/ros/humble/share/cv_bridge/cmake)
[1.316s] -- Found OpenCV: /usr/local (found version "4.12.0") 
[1.545s] -- Found ament_cmake_ros: 0.10.0 (/opt/ros/humble/share/ament_cmake_ros/cmake)
[1.889s] -- Using all available rosidl_typesupport_c: rosidl_typesupport_fastrtps_c;rosidl_typesupport_introspection_c
[2.025s] -- Using all available rosidl_typesupport_cpp: rosidl_typesupport_fastrtps_cpp;rosidl_typesupport_introspection_cpp
[2.050s] -- Found PythonInterp: /usr/bin/python3 (found suitable version "3.10.12", minimum required is "3.6") 
[2.051s] -- Found python_cmake_module: 0.10.0 (/opt/ros/humble/share/python_cmake_module/cmake)
[2.080s] -- Found PythonLibs: /usr/lib/x86_64-linux-gnu/libpython3.10.so (found suitable version "3.10.12", minimum required is "3.5") 
[2.080s] -- Using PYTHON_EXECUTABLE: /usr/bin/python3
[2.080s] -- Using PYTHON_INCLUDE_DIRS: /usr/include/python3.10
[2.081s] -- Using PYTHON_LIBRARIES: /usr/lib/x86_64-linux-gnu/libpython3.10.so
[2.103s] -- Found PythonExtra: .so  
[2.147s] -- Found ament_lint_auto: 0.12.12 (/opt/ros/humble/share/ament_lint_auto/cmake)
[2.161s] -- Added test 'copyright' to check source files copyright and LICENSE
[2.162s] -- Added test 'flake8' to check Python code syntax and style conventions
[2.162s] -- Added test 'lint_cmake' to check CMake code style
[2.163s] -- Added test 'pep257' to check Python code against some of the docstring style conventions in PEP 257
[2.164s] -- Added test 'uncrustify' to check C / C++ code style
[2.164s] -- Configured uncrustify additional arguments: 
[2.164s] -- Added test 'xmllint' to check XML markup files
[2.166s] -- Configuring done
[2.193s] -- Generating done
[2.203s] -- Build files have been written to: /home/naor/Desktop/naor/study/Thesis/build/hamma_bot
[2.212s] Invoked command in '/home/naor/Desktop/naor/study/Thesis/build/hamma_bot' returned '0': CMAKE_PREFIX_PATH=/home/naor/Desktop/naor/work/capsule_repo/install/teensy_ers:/home/naor/Desktop/naor/work/capsule_repo/install/elers_bridge:/opt/ros/humble /usr/bin/cmake /home/naor/Desktop/naor/study/Thesis/src/hamma_bot -DCMAKE_INSTALL_PREFIX=/home/naor/Desktop/naor/study/Thesis/install/hamma_bot
[2.213s] Invoking command in '/home/naor/Desktop/naor/study/Thesis/build/hamma_bot': CMAKE_PREFIX_PATH=/home/naor/Desktop/naor/work/capsule_repo/install/teensy_ers:/home/naor/Desktop/naor/work/capsule_repo/install/elers_bridge:/opt/ros/humble /usr/bin/cmake --build /home/naor/Desktop/naor/study/Thesis/build/hamma_bot -- -j16 -l16
[2.251s] [  2%] [34m[1mGenerating C code for ROS interfaces[0m
[2.260s] [  9%] [32mBuilding CXX object CMakeFiles/twist_to_twiststamped_node.dir/src/twisstump_bridge.cpp.o[0m
[2.261s] [  9%] [32mBuilding CXX object CMakeFiles/joy_twist_node.dir/src/joy_twist.cpp.o[0m
[2.261s] [  9%] [34m[1mGenerating C++ code for ROS interfaces[0m
[2.268s] [  9%] Built target ament_cmake_python_copy_hamma_bot
[2.450s] running egg_info
[2.463s] creating hamma_bot.egg-info
[2.463s] writing hamma_bot.egg-info/PKG-INFO
[2.464s] writing dependency_links to hamma_bot.egg-info/dependency_links.txt
[2.464s] writing top-level names to hamma_bot.egg-info/top_level.txt
[2.464s] writing manifest file 'hamma_bot.egg-info/SOURCES.txt'
[2.466s] [  9%] Built target hamma_bot__cpp
[2.468s] [ 11%] [32mBuilding C object CMakeFiles/hamma_bot__rosidl_generator_c.dir/rosidl_generator_c/hamma_bot/msg/detail/motor_data__functions.c.o[0m
[2.470s] [ 13%] [32mBuilding C object CMakeFiles/hamma_bot__rosidl_generator_c.dir/rosidl_generator_c/hamma_bot/msg/detail/pwm__functions.c.o[0m
[2.472s] [ 16%] [34m[1mGenerating C++ introspection for ROS interfaces[0m
[2.473s] [ 18%] [34m[1mGenerating C++ type support for eProsima Fast-RTPS[0m
[2.473s] [ 20%] [34m[1mGenerating C++ type support dispatch for ROS interfaces[0m
[2.502s] reading manifest file 'hamma_bot.egg-info/SOURCES.txt'
[2.503s] [ 23%] [32m[1mLinking C shared library libhamma_bot__rosidl_generator_c.so[0m
[2.503s] writing manifest file 'hamma_bot.egg-info/SOURCES.txt'
[2.524s] [ 23%] Built target ament_cmake_python_build_hamma_bot_egg
[2.532s] [ 23%] Built target hamma_bot__rosidl_generator_c
[2.539s] [ 27%] [34m[1mGenerating C type support for eProsima Fast-RTPS[0m
[2.539s] [ 27%] [34m[1mGenerating C type support dispatch for ROS interfaces[0m
[2.540s] [ 30%] [34m[1mGenerating C introspection for ROS interfaces[0m
[2.641s] [ 34%] [32mBuilding CXX object CMakeFiles/hamma_bot__rosidl_typesupport_cpp.dir/rosidl_typesupport_cpp/hamma_bot/msg/pwm__type_support.cpp.o[0m
[2.642s] [ 34%] [32mBuilding CXX object CMakeFiles/hamma_bot__rosidl_typesupport_cpp.dir/rosidl_typesupport_cpp/hamma_bot/msg/motor_data__type_support.cpp.o[0m
[2.649s] [ 37%] [32mBuilding CXX object CMakeFiles/hamma_bot__rosidl_typesupport_introspection_cpp.dir/rosidl_typesupport_introspection_cpp/hamma_bot/msg/detail/pwm__type_support.cpp.o[0m
[2.651s] [ 39%] [32mBuilding CXX object CMakeFiles/hamma_bot__rosidl_typesupport_introspection_cpp.dir/rosidl_typesupport_introspection_cpp/hamma_bot/msg/detail/motor_data__type_support.cpp.o[0m
[2.740s] [ 41%] [32mBuilding CXX object CMakeFiles/hamma_bot__rosidl_typesupport_c.dir/rosidl_typesupport_c/hamma_bot/msg/pwm__type_support.cpp.o[0m
[2.741s] [ 44%] [32mBuilding CXX object CMakeFiles/hamma_bot__rosidl_typesupport_c.dir/rosidl_typesupport_c/hamma_bot/msg/motor_data__type_support.cpp.o[0m
[2.751s] [ 48%] [32mBuilding C object CMakeFiles/hamma_bot__rosidl_typesupport_introspection_c.dir/rosidl_typesupport_introspection_c/hamma_bot/msg/detail/pwm__type_support.c.o[0m
[2.751s] [ 48%] [32mBuilding C object CMakeFiles/hamma_bot__rosidl_typesupport_introspection_c.dir/rosidl_typesupport_introspection_c/hamma_bot/msg/detail/motor_data__type_support.c.o[0m
[2.776s] [ 51%] [32m[1mLinking CXX shared library libhamma_bot__rosidl_typesupport_c.so[0m
[2.788s] [ 53%] [32m[1mLinking C shared library libhamma_bot__rosidl_typesupport_introspection_c.so[0m
[2.790s] [ 55%] [32mBuilding CXX object CMakeFiles/hamma_bot__rosidl_typesupport_fastrtps_c.dir/rosidl_typesupport_fastrtps_c/hamma_bot/msg/detail/pwm__type_support_c.cpp.o[0m
[2.793s] [ 58%] [32mBuilding CXX object CMakeFiles/hamma_bot__rosidl_typesupport_fastrtps_c.dir/rosidl_typesupport_fastrtps_c/hamma_bot/msg/detail/motor_data__type_support_c.cpp.o[0m
[2.801s] [ 60%] [32mBuilding CXX object CMakeFiles/hamma_bot__rosidl_typesupport_fastrtps_cpp.dir/rosidl_typesupport_fastrtps_cpp/hamma_bot/msg/detail/dds_fastrtps/pwm__type_support.cpp.o[0m
[2.804s] [ 62%] [32mBuilding CXX object CMakeFiles/hamma_bot__rosidl_typesupport_fastrtps_cpp.dir/rosidl_typesupport_fastrtps_cpp/hamma_bot/msg/detail/dds_fastrtps/motor_data__type_support.cpp.o[0m
[2.820s] [ 62%] Built target hamma_bot__rosidl_typesupport_introspection_c
[2.821s] [ 62%] Built target hamma_bot__rosidl_typesupport_c
[2.873s] [ 65%] [32m[1mLinking CXX shared library libhamma_bot__rosidl_typesupport_cpp.so[0m
[2.917s] [ 65%] Built target hamma_bot__rosidl_typesupport_cpp
[3.038s] [ 67%] [32m[1mLinking CXX shared library libhamma_bot__rosidl_typesupport_fastrtps_c.so[0m
[3.076s] [ 69%] [32m[1mLinking CXX shared library libhamma_bot__rosidl_typesupport_fastrtps_cpp.so[0m
[3.081s] [ 72%] [32m[1mLinking CXX shared library libhamma_bot__rosidl_typesupport_introspection_cpp.so[0m
[3.095s] [ 72%] Built target hamma_bot__rosidl_typesupport_fastrtps_c
[3.112s] [ 72%] Built target hamma_bot__rosidl_typesupport_introspection_cpp
[3.128s] [ 72%] Built target hamma_bot__rosidl_typesupport_fastrtps_cpp
[3.147s] [ 72%] Built target hamma_bot
[3.164s] [ 74%] [34m[1mGenerating Python code for ROS interfaces[0m
[3.432s] [ 74%] Built target hamma_bot__py
[3.447s] [ 76%] [32mBuilding C object CMakeFiles/hamma_bot__rosidl_generator_py.dir/rosidl_generator_py/hamma_bot/msg/_pwm_s.c.o[0m
[3.447s] [ 79%] [32mBuilding C object CMakeFiles/hamma_bot__rosidl_generator_py.dir/rosidl_generator_py/hamma_bot/msg/_motor_data_s.c.o[0m
[3.549s] [ 81%] [32m[1mLinking C shared library rosidl_generator_py/hamma_bot/libhamma_bot__rosidl_generator_py.so[0m
[3.584s] [ 81%] Built target hamma_bot__rosidl_generator_py
[3.599s] [ 86%] [32mBuilding C object CMakeFiles/hamma_bot__rosidl_typesupport_c__pyext.dir/rosidl_generator_py/hamma_bot/_hamma_bot_s.ep.rosidl_typesupport_c.c.o[0m
[3.599s] [ 86%] [32mBuilding C object CMakeFiles/hamma_bot__rosidl_typesupport_fastrtps_c__pyext.dir/rosidl_generator_py/hamma_bot/_hamma_bot_s.ep.rosidl_typesupport_fastrtps_c.c.o[0m
[3.599s] [ 88%] [32mBuilding C object CMakeFiles/hamma_bot__rosidl_typesupport_introspection_c__pyext.dir/rosidl_generator_py/hamma_bot/_hamma_bot_s.ep.rosidl_typesupport_introspection_c.c.o[0m
[3.673s] [ 93%] [32m[1mLinking C shared library rosidl_generator_py/hamma_bot/hamma_bot_s__rosidl_typesupport_fastrtps_c.cpython-310-x86_64-linux-gnu.so[0m
[3.674s] [ 93%] [32m[1mLinking C shared library rosidl_generator_py/hamma_bot/hamma_bot_s__rosidl_typesupport_c.cpython-310-x86_64-linux-gnu.so[0m
[3.674s] [ 95%] [32m[1mLinking C shared library rosidl_generator_py/hamma_bot/hamma_bot_s__rosidl_typesupport_introspection_c.cpython-310-x86_64-linux-gnu.so[0m
[3.703s] [ 95%] Built target hamma_bot__rosidl_typesupport_c__pyext
[3.703s] [ 95%] Built target hamma_bot__rosidl_typesupport_fastrtps_c__pyext
[3.706s] [ 95%] Built target hamma_bot__rosidl_typesupport_introspection_c__pyext
[7.969s] [ 97%] [32m[1mLinking CXX executable twist_to_twiststamped_node[0m
[8.196s] [100%] [32m[1mLinking CXX executable joy_twist_node[0m
[8.254s] [100%] Built target twist_to_twiststamped_node
[8.477s] [100%] Built target joy_twist_node
[8.489s] Invoked command in '/home/naor/Desktop/naor/study/Thesis/build/hamma_bot' returned '0': CMAKE_PREFIX_PATH=/home/naor/Desktop/naor/work/capsule_repo/install/teensy_ers:/home/naor/Desktop/naor/work/capsule_repo/install/elers_bridge:/opt/ros/humble /usr/bin/cmake --build /home/naor/Desktop/naor/study/Thesis/build/hamma_bot -- -j16 -l16
[8.491s] Invoking command in '/home/naor/Desktop/naor/study/Thesis/build/hamma_bot': CMAKE_PREFIX_PATH=/home/naor/Desktop/naor/work/capsule_repo/install/teensy_ers:/home/naor/Desktop/naor/work/capsule_repo/install/elers_bridge:/opt/ros/humble /usr/bin/cmake --install /home/naor/Desktop/naor/study/Thesis/build/hamma_bot
[8.497s] -- Install configuration: ""
[8.497s] -- Installing: /home/naor/Desktop/naor/study/Thesis/install/hamma_bot/share/ament_index/resource_index/rosidl_interfaces/hamma_bot
[8.497s] -- Installing: /home/naor/Desktop/naor/study/Thesis/install/hamma_bot/include/hamma_bot/hamma_bot
[8.497s] -- Installing: /home/naor/Desktop/naor/study/Thesis/install/hamma_bot/include/hamma_bot/hamma_bot/msg
[8.497s] -- Installing: /home/naor/Desktop/naor/study/Thesis/install/hamma_bot/include/hamma_bot/hamma_bot/msg/motor_data.h
[8.497s] -- Installing: /home/naor/Desktop/naor/study/Thesis/install/hamma_bot/include/hamma_bot/hamma_bot/msg/pwm.h
[8.497s] -- Installing: /home/naor/Desktop/naor/study/Thesis/install/hamma_bot/include/hamma_bot/hamma_bot/msg/rosidl_generator_c__visibility_control.h
[8.497s] -- Installing: /home/naor/Desktop/naor/study/Thesis/install/hamma_bot/include/hamma_bot/hamma_bot/msg/detail
[8.497s] -- Installing: /home/naor/Desktop/naor/study/Thesis/install/hamma_bot/include/hamma_bot/hamma_bot/msg/detail/pwm__functions.c
[8.497s] -- Installing: /home/naor/Desktop/naor/study/Thesis/install/hamma_bot/include/hamma_bot/hamma_bot/msg/detail/pwm__type_support.h
[8.497s] -- Installing: /home/naor/Desktop/naor/study/Thesis/install/hamma_bot/include/hamma_bot/hamma_bot/msg/detail/motor_data__functions.c
[8.497s] -- Installing: /home/naor/Desktop/naor/study/Thesis/install/hamma_bot/include/hamma_bot/hamma_bot/msg/detail/motor_data__type_support.h
[8.498s] -- Installing: /home/naor/Desktop/naor/study/Thesis/install/hamma_bot/include/hamma_bot/hamma_bot/msg/detail/pwm__functions.h
[8.498s] -- Installing: /home/naor/Desktop/naor/study/Thesis/install/hamma_bot/include/hamma_bot/hamma_bot/msg/detail/motor_data__struct.h
[8.498s] -- Installing: /home/naor/Desktop/naor/study/Thesis/install/hamma_bot/include/hamma_bot/hamma_bot/msg/detail/motor_data__functions.h
[8.498s] -- Installing: /home/naor/Desktop/naor/study/Thesis/install/hamma_bot/include/hamma_bot/hamma_bot/msg/detail/pwm__struct.h
[8.498s] -- Installing: /home/naor/Desktop/naor/study/Thesis/install/hamma_bot/share/hamma_bot/environment/library_path.sh
[8.498s] -- Installing: /home/naor/Desktop/naor/study/Thesis/install/hamma_bot/share/hamma_bot/environment/library_path.dsv
[8.498s] -- Installing: /home/naor/Desktop/naor/study/Thesis/install/hamma_bot/lib/libhamma_bot__rosidl_generator_c.so
[8.498s] -- Set runtime path of "/home/naor/Desktop/naor/study/Thesis/install/hamma_bot/lib/libhamma_bot__rosidl_generator_c.so" to ""
[8.498s] -- Up-to-date: /home/naor/Desktop/naor/study/Thesis/install/hamma_bot/include/hamma_bot/hamma_bot
[8.498s] -- Up-to-date: /home/naor/Desktop/naor/study/Thesis/install/hamma_bot/include/hamma_bot/hamma_bot/msg
[8.498s] -- Installing: /home/naor/Desktop/naor/study/Thesis/install/hamma_bot/include/hamma_bot/hamma_bot/msg/rosidl_typesupport_fastrtps_c__visibility_control.h
[8.499s] -- Up-to-date: /home/naor/Desktop/naor/study/Thesis/install/hamma_bot/include/hamma_bot/hamma_bot/msg/detail
[8.499s] -- Installing: /home/naor/Desktop/naor/study/Thesis/install/hamma_bot/include/hamma_bot/hamma_bot/msg/detail/motor_data__rosidl_typesupport_fastrtps_c.h
[8.499s] -- Installing: /home/naor/Desktop/naor/study/Thesis/install/hamma_bot/include/hamma_bot/hamma_bot/msg/detail/pwm__rosidl_typesupport_fastrtps_c.h
[8.499s] -- Installing: /home/naor/Desktop/naor/study/Thesis/install/hamma_bot/lib/libhamma_bot__rosidl_typesupport_fastrtps_c.so
[8.499s] -- Set runtime path of "/home/naor/Desktop/naor/study/Thesis/install/hamma_bot/lib/libhamma_bot__rosidl_typesupport_fastrtps_c.so" to ""
[8.499s] -- Up-to-date: /home/naor/Desktop/naor/study/Thesis/install/hamma_bot/include/hamma_bot/hamma_bot
[8.499s] -- Up-to-date: /home/naor/Desktop/naor/study/Thesis/install/hamma_bot/include/hamma_bot/hamma_bot/msg
[8.499s] -- Installing: /home/naor/Desktop/naor/study/Thesis/install/hamma_bot/include/hamma_bot/hamma_bot/msg/rosidl_generator_cpp__visibility_control.hpp
[8.499s] -- Installing: /home/naor/Desktop/naor/study/Thesis/install/hamma_bot/include/hamma_bot/hamma_bot/msg/motor_data.hpp
[8.499s] -- Installing: /home/naor/Desktop/naor/study/Thesis/install/hamma_bot/include/hamma_bot/hamma_bot/msg/pwm.hpp
[8.499s] -- Up-to-date: /home/naor/Desktop/naor/study/Thesis/install/hamma_bot/include/hamma_bot/hamma_bot/msg/detail
[8.499s] -- Installing: /home/naor/Desktop/naor/study/Thesis/install/hamma_bot/include/hamma_bot/hamma_bot/msg/detail/motor_data__builder.hpp
[8.499s] -- Installing: /home/naor/Desktop/naor/study/Thesis/install/hamma_bot/include/hamma_bot/hamma_bot/msg/detail/motor_data__struct.hpp
[8.499s] -- Installing: /home/naor/Desktop/naor/study/Thesis/install/hamma_bot/include/hamma_bot/hamma_bot/msg/detail/pwm__builder.hpp
[8.499s] -- Installing: /home/naor/Desktop/naor/study/Thesis/install/hamma_bot/include/hamma_bot/hamma_bot/msg/detail/pwm__struct.hpp
[8.499s] -- Installing: /home/naor/Desktop/naor/study/Thesis/install/hamma_bot/include/hamma_bot/hamma_bot/msg/detail/motor_data__traits.hpp
[8.499s] -- Installing: /home/naor/Desktop/naor/study/Thesis/install/hamma_bot/include/hamma_bot/hamma_bot/msg/detail/pwm__traits.hpp
[8.499s] -- Installing: /home/naor/Desktop/naor/study/Thesis/install/hamma_bot/include/hamma_bot/hamma_bot/msg/detail/pwm__type_support.hpp
[8.500s] -- Installing: /home/naor/Desktop/naor/study/Thesis/install/hamma_bot/include/hamma_bot/hamma_bot/msg/detail/motor_data__type_support.hpp
[8.500s] -- Up-to-date: /home/naor/Desktop/naor/study/Thesis/install/hamma_bot/include/hamma_bot/hamma_bot
[8.500s] -- Up-to-date: /home/naor/Desktop/naor/study/Thesis/install/hamma_bot/include/hamma_bot/hamma_bot/msg
[8.500s] -- Installing: /home/naor/Desktop/naor/study/Thesis/install/hamma_bot/include/hamma_bot/hamma_bot/msg/rosidl_typesupport_fastrtps_cpp__visibility_control.h
[8.500s] -- Up-to-date: /home/naor/Desktop/naor/study/Thesis/install/hamma_bot/include/hamma_bot/hamma_bot/msg/detail
[8.500s] -- Installing: /home/naor/Desktop/naor/study/Thesis/install/hamma_bot/include/hamma_bot/hamma_bot/msg/detail/pwm__rosidl_typesupport_fastrtps_cpp.hpp
[8.500s] -- Installing: /home/naor/Desktop/naor/study/Thesis/install/hamma_bot/include/hamma_bot/hamma_bot/msg/detail/dds_fastrtps
[8.500s] -- Installing: /home/naor/Desktop/naor/study/Thesis/install/hamma_bot/include/hamma_bot/hamma_bot/msg/detail/motor_data__rosidl_typesupport_fastrtps_cpp.hpp
[8.500s] -- Installing: /home/naor/Desktop/naor/study/Thesis/install/hamma_bot/lib/libhamma_bot__rosidl_typesupport_fastrtps_cpp.so
[8.500s] -- Set runtime path of "/home/naor/Desktop/naor/study/Thesis/install/hamma_bot/lib/libhamma_bot__rosidl_typesupport_fastrtps_cpp.so" to ""
[8.500s] -- Up-to-date: /home/naor/Desktop/naor/study/Thesis/install/hamma_bot/include/hamma_bot/hamma_bot
[8.500s] -- Up-to-date: /home/naor/Desktop/naor/study/Thesis/install/hamma_bot/include/hamma_bot/hamma_bot/msg
[8.500s] -- Installing: /home/naor/Desktop/naor/study/Thesis/install/hamma_bot/include/hamma_bot/hamma_bot/msg/rosidl_typesupport_introspection_c__visibility_control.h
[8.500s] -- Up-to-date: /home/naor/Desktop/naor/study/Thesis/install/hamma_bot/include/hamma_bot/hamma_bot/msg/detail
[8.501s] -- Installing: /home/naor/Desktop/naor/study/Thesis/install/hamma_bot/include/hamma_bot/hamma_bot/msg/detail/motor_data__type_support.c
[8.501s] -- Installing: /home/naor/Desktop/naor/study/Thesis/install/hamma_bot/include/hamma_bot/hamma_bot/msg/detail/motor_data__rosidl_typesupport_introspection_c.h
[8.501s] -- Installing: /home/naor/Desktop/naor/study/Thesis/install/hamma_bot/include/hamma_bot/hamma_bot/msg/detail/pwm__rosidl_typesupport_introspection_c.h
[8.501s] -- Installing: /home/naor/Desktop/naor/study/Thesis/install/hamma_bot/include/hamma_bot/hamma_bot/msg/detail/pwm__type_support.c
[8.501s] -- Installing: /home/naor/Desktop/naor/study/Thesis/install/hamma_bot/lib/libhamma_bot__rosidl_typesupport_introspection_c.so
[8.501s] -- Set runtime path of "/home/naor/Desktop/naor/study/Thesis/install/hamma_bot/lib/libhamma_bot__rosidl_typesupport_introspection_c.so" to ""
[8.501s] -- Installing: /home/naor/Desktop/naor/study/Thesis/install/hamma_bot/lib/libhamma_bot__rosidl_typesupport_c.so
[8.501s] -- Set runtime path of "/home/naor/Desktop/naor/study/Thesis/install/hamma_bot/lib/libhamma_bot__rosidl_typesupport_c.so" to ""
[8.501s] -- Up-to-date: /home/naor/Desktop/naor/study/Thesis/install/hamma_bot/include/hamma_bot/hamma_bot
[8.501s] -- Up-to-date: /home/naor/Desktop/naor/study/Thesis/install/hamma_bot/include/hamma_bot/hamma_bot/msg
[8.501s] -- Up-to-date: /home/naor/Desktop/naor/study/Thesis/install/hamma_bot/include/hamma_bot/hamma_bot/msg/detail
[8.501s] -- Installing: /home/naor/Desktop/naor/study/Thesis/install/hamma_bot/include/hamma_bot/hamma_bot/msg/detail/pwm__rosidl_typesupport_introspection_cpp.hpp
[8.501s] -- Installing: /home/naor/Desktop/naor/study/Thesis/install/hamma_bot/include/hamma_bot/hamma_bot/msg/detail/motor_data__rosidl_typesupport_introspection_cpp.hpp
[8.501s] -- Installing: /home/naor/Desktop/naor/study/Thesis/install/hamma_bot/include/hamma_bot/hamma_bot/msg/detail/pwm__type_support.cpp
[8.501s] -- Installing: /home/naor/Desktop/naor/study/Thesis/install/hamma_bot/include/hamma_bot/hamma_bot/msg/detail/motor_data__type_support.cpp
[8.501s] -- Installing: /home/naor/Desktop/naor/study/Thesis/install/hamma_bot/lib/libhamma_bot__rosidl_typesupport_introspection_cpp.so
[8.502s] -- Set runtime path of "/home/naor/Desktop/naor/study/Thesis/install/hamma_bot/lib/libhamma_bot__rosidl_typesupport_introspection_cpp.so" to ""
[8.502s] -- Installing: /home/naor/Desktop/naor/study/Thesis/install/hamma_bot/lib/libhamma_bot__rosidl_typesupport_cpp.so
[8.502s] -- Set runtime path of "/home/naor/Desktop/naor/study/Thesis/install/hamma_bot/lib/libhamma_bot__rosidl_typesupport_cpp.so" to ""
[8.502s] -- Installing: /home/naor/Desktop/naor/study/Thesis/install/hamma_bot/share/hamma_bot/environment/pythonpath.sh
[8.502s] -- Installing: /home/naor/Desktop/naor/study/Thesis/install/hamma_bot/share/hamma_bot/environment/pythonpath.dsv
[8.502s] -- Installing: /home/naor/Desktop/naor/study/Thesis/install/hamma_bot/local/lib/python3.10/dist-packages/hamma_bot-0.0.1-py3.10.egg-info
[8.502s] -- Installing: /home/naor/Desktop/naor/study/Thesis/install/hamma_bot/local/lib/python3.10/dist-packages/hamma_bot-0.0.1-py3.10.egg-info/SOURCES.txt
[8.502s] -- Installing: /home/naor/Desktop/naor/study/Thesis/install/hamma_bot/local/lib/python3.10/dist-packages/hamma_bot-0.0.1-py3.10.egg-info/PKG-INFO
[8.502s] -- Installing: /home/naor/Desktop/naor/study/Thesis/install/hamma_bot/local/lib/python3.10/dist-packages/hamma_bot-0.0.1-py3.10.egg-info/dependency_links.txt
[8.502s] -- Installing: /home/naor/Desktop/naor/study/Thesis/install/hamma_bot/local/lib/python3.10/dist-packages/hamma_bot-0.0.1-py3.10.egg-info/top_level.txt
[8.503s] -- Installing: /home/naor/Desktop/naor/study/Thesis/install/hamma_bot/local/lib/python3.10/dist-packages/hamma_bot
[8.503s] -- Installing: /home/naor/Desktop/naor/study/Thesis/install/hamma_bot/local/lib/python3.10/dist-packages/hamma_bot/__init__.py
[8.503s] -- Installing: /home/naor/Desktop/naor/study/Thesis/install/hamma_bot/local/lib/python3.10/dist-packages/hamma_bot/msg
[8.503s] -- Installing: /home/naor/Desktop/naor/study/Thesis/install/hamma_bot/local/lib/python3.10/dist-packages/hamma_bot/msg/__init__.py
[8.503s] -- Installing: /home/naor/Desktop/naor/study/Thesis/install/hamma_bot/local/lib/python3.10/dist-packages/hamma_bot/msg/_motor_data_s.c
[8.503s] -- Installing: /home/naor/Desktop/naor/study/Thesis/install/hamma_bot/local/lib/python3.10/dist-packages/hamma_bot/msg/_pwm_s.c
[8.503s] -- Installing: /home/naor/Desktop/naor/study/Thesis/install/hamma_bot/local/lib/python3.10/dist-packages/hamma_bot/msg/_pwm.py
[8.503s] -- Installing: /home/naor/Desktop/naor/study/Thesis/install/hamma_bot/local/lib/python3.10/dist-packages/hamma_bot/msg/_motor_data.py
[8.503s] -- Installing: /home/naor/Desktop/naor/study/Thesis/install/hamma_bot/local/lib/python3.10/dist-packages/hamma_bot/hamma_bot_s__rosidl_typesupport_fastrtps_c.cpython-310-x86_64-linux-gnu.so
[8.503s] -- Installing: /home/naor/Desktop/naor/study/Thesis/install/hamma_bot/local/lib/python3.10/dist-packages/hamma_bot/_hamma_bot_s.ep.rosidl_typesupport_fastrtps_c.c
[8.503s] -- Installing: /home/naor/Desktop/naor/study/Thesis/install/hamma_bot/local/lib/python3.10/dist-packages/hamma_bot/_hamma_bot_s.ep.rosidl_typesupport_c.c
[8.503s] -- Installing: /home/naor/Desktop/naor/study/Thesis/install/hamma_bot/local/lib/python3.10/dist-packages/hamma_bot/_hamma_bot_s.ep.rosidl_typesupport_introspection_c.c
[8.503s] -- Installing: /home/naor/Desktop/naor/study/Thesis/install/hamma_bot/local/lib/python3.10/dist-packages/hamma_bot/hamma_bot_s__rosidl_typesupport_introspection_c.cpython-310-x86_64-linux-gnu.so
[8.503s] -- Installing: /home/naor/Desktop/naor/study/Thesis/install/hamma_bot/local/lib/python3.10/dist-packages/hamma_bot/libhamma_bot__rosidl_generator_py.so
[8.503s] -- Installing: /home/naor/Desktop/naor/study/Thesis/install/hamma_bot/local/lib/python3.10/dist-packages/hamma_bot/hamma_bot_s__rosidl_typesupport_c.cpython-310-x86_64-linux-gnu.so
[8.531s] Listing '/home/naor/Desktop/naor/study/Thesis/install/hamma_bot/local/lib/python3.10/dist-packages/hamma_bot'...
[8.531s] Compiling '/home/naor/Desktop/naor/study/Thesis/install/hamma_bot/local/lib/python3.10/dist-packages/hamma_bot/__init__.py'...
[8.531s] Listing '/home/naor/Desktop/naor/study/Thesis/install/hamma_bot/local/lib/python3.10/dist-packages/hamma_bot/msg'...
[8.531s] Compiling '/home/naor/Desktop/naor/study/Thesis/install/hamma_bot/local/lib/python3.10/dist-packages/hamma_bot/msg/__init__.py'...
[8.531s] Compiling '/home/naor/Desktop/naor/study/Thesis/install/hamma_bot/local/lib/python3.10/dist-packages/hamma_bot/msg/_motor_data.py'...
[8.531s] Compiling '/home/naor/Desktop/naor/study/Thesis/install/hamma_bot/local/lib/python3.10/dist-packages/hamma_bot/msg/_pwm.py'...
[8.534s] -- Installing: /home/naor/Desktop/naor/study/Thesis/install/hamma_bot/local/lib/python3.10/dist-packages/hamma_bot/hamma_bot_s__rosidl_typesupport_fastrtps_c.cpython-310-x86_64-linux-gnu.so
[8.535s] -- Set runtime path of "/home/naor/Desktop/naor/study/Thesis/install/hamma_bot/local/lib/python3.10/dist-packages/hamma_bot/hamma_bot_s__rosidl_typesupport_fastrtps_c.cpython-310-x86_64-linux-gnu.so" to ""
[8.535s] -- Installing: /home/naor/Desktop/naor/study/Thesis/install/hamma_bot/local/lib/python3.10/dist-packages/hamma_bot/hamma_bot_s__rosidl_typesupport_introspection_c.cpython-310-x86_64-linux-gnu.so
[8.535s] -- Set runtime path of "/home/naor/Desktop/naor/study/Thesis/install/hamma_bot/local/lib/python3.10/dist-packages/hamma_bot/hamma_bot_s__rosidl_typesupport_introspection_c.cpython-310-x86_64-linux-gnu.so" to ""
[8.535s] -- Installing: /home/naor/Desktop/naor/study/Thesis/install/hamma_bot/local/lib/python3.10/dist-packages/hamma_bot/hamma_bot_s__rosidl_typesupport_c.cpython-310-x86_64-linux-gnu.so
[8.535s] -- Set runtime path of "/home/naor/Desktop/naor/study/Thesis/install/hamma_bot/local/lib/python3.10/dist-packages/hamma_bot/hamma_bot_s__rosidl_typesupport_c.cpython-310-x86_64-linux-gnu.so" to ""
[8.535s] -- Installing: /home/naor/Desktop/naor/study/Thesis/install/hamma_bot/lib/libhamma_bot__rosidl_generator_py.so
[8.535s] -- Set runtime path of "/home/naor/Desktop/naor/study/Thesis/install/hamma_bot/lib/libhamma_bot__rosidl_generator_py.so" to ""
[8.536s] -- Installing: /home/naor/Desktop/naor/study/Thesis/install/hamma_bot/share/hamma_bot/msg/Pwm.idl
[8.536s] -- Installing: /home/naor/Desktop/naor/study/Thesis/install/hamma_bot/share/hamma_bot/msg/MotorData.idl
[8.536s] -- Installing: /home/naor/Desktop/naor/study/Thesis/install/hamma_bot/share/hamma_bot/msg/Pwm.msg
[8.536s] -- Installing: /home/naor/Desktop/naor/study/Thesis/install/hamma_bot/share/hamma_bot/msg/MotorData.msg
[8.536s] -- Installing: /home/naor/Desktop/naor/study/Thesis/install/hamma_bot/lib/hamma_bot/twist_to_twiststamped_node
[8.538s] -- Set runtime path of "/home/naor/Desktop/naor/study/Thesis/install/hamma_bot/lib/hamma_bot/twist_to_twiststamped_node" to ""
[8.538s] -- Installing: /home/naor/Desktop/naor/study/Thesis/install/hamma_bot/lib/hamma_bot/joy_twist_node
[8.540s] -- Set runtime path of "/home/naor/Desktop/naor/study/Thesis/install/hamma_bot/lib/hamma_bot/joy_twist_node" to ""
[8.540s] -- Installing: /home/naor/Desktop/naor/study/Thesis/install/hamma_bot/share/hamma_bot/launch
[8.540s] -- Installing: /home/naor/Desktop/naor/study/Thesis/install/hamma_bot/share/hamma_bot/launch/simple_joy_control.launch.py
[8.540s] -- Installing: /home/naor/Desktop/naor/study/Thesis/install/hamma_bot/share/hamma_bot/launch/navigation_launch.launch.py
[8.540s] -- Installing: /home/naor/Desktop/naor/study/Thesis/install/hamma_bot/share/hamma_bot/launch/ackermann_drive_example.launch.py
[8.540s] -- Installing: /home/naor/Desktop/naor/study/Thesis/install/hamma_bot/share/hamma_bot/launch/nav_diy.launch.py
[8.540s] -- Installing: /home/naor/Desktop/naor/study/Thesis/install/hamma_bot/share/hamma_bot/launch/hamma_bot.launch.py
[8.541s] -- Installing: /home/naor/Desktop/naor/study/Thesis/install/hamma_bot/share/hamma_bot/config
[8.541s] -- Installing: /home/naor/Desktop/naor/study/Thesis/install/hamma_bot/share/hamma_bot/config/costmap_params.yaml
[8.541s] -- Installing: /home/naor/Desktop/naor/study/Thesis/install/hamma_bot/share/hamma_bot/config/ackermann_controller.yaml
[8.541s] -- Installing: /home/naor/Desktop/naor/study/Thesis/install/hamma_bot/share/hamma_bot/config/mapper_params_online_async.yaml
[8.541s] -- Installing: /home/naor/Desktop/naor/study/Thesis/install/hamma_bot/share/hamma_bot/config/slam_toolbox_params.yaml
[8.541s] -- Installing: /home/naor/Desktop/naor/study/Thesis/install/hamma_bot/share/hamma_bot/config/nav2_params.yaml
[8.541s] -- Installing: /home/naor/Desktop/naor/study/Thesis/install/hamma_bot/share/hamma_bot/config/ekf.yaml
[8.541s] -- Installing: /home/naor/Desktop/naor/study/Thesis/install/hamma_bot/share/hamma_bot/urdf
[8.541s] -- Installing: /home/naor/Desktop/naor/study/Thesis/install/hamma_bot/share/hamma_bot/urdf/robot_description.urdf
[8.541s] -- Installing: /home/naor/Desktop/naor/study/Thesis/install/hamma_bot/share/hamma_bot/worlds
[8.541s] -- Installing: /home/naor/Desktop/naor/study/Thesis/install/hamma_bot/share/hamma_bot/worlds/empty.sdf
[8.541s] -- Installing: /home/naor/Desktop/naor/study/Thesis/install/hamma_bot/share/hamma_bot/worlds/bookstore.sdf
[8.541s] -- Installing: /home/naor/Desktop/naor/study/Thesis/install/hamma_bot/share/hamma_bot/rviz
[8.541s] -- Installing: /home/naor/Desktop/naor/study/Thesis/install/hamma_bot/share/hamma_bot/rviz/urdf_config.rviz
[8.541s] -- Installing: /home/naor/Desktop/naor/study/Thesis/install/hamma_bot/share/hamma_bot/rviz/navigation_config.rviz
[8.542s] [31mCMake Error at cmake_install.cmake:435 (file):
[8.542s]   file INSTALL cannot find
[8.542s]   "/home/naor/Desktop/naor/study/Thesis/src/hamma_bot/hamma_bot/hamma_bot_rtcom.py":
[8.542s]   No such file or directory.
[8.542s] 
[8.542s] [0m
[8.543s] Invoked command in '/home/naor/Desktop/naor/study/Thesis/build/hamma_bot' returned '1': CMAKE_PREFIX_PATH=/home/naor/Desktop/naor/work/capsule_repo/install/teensy_ers:/home/naor/Desktop/naor/work/capsule_repo/install/elers_bridge:/opt/ros/humble /usr/bin/cmake --install /home/naor/Desktop/naor/study/Thesis/build/hamma_bot
