[0.324s] Invoking command in '/home/naor/Desktop/naor/study/Thesis/build/ground_bot': CMAKE_PREFIX_PATH=${CMAKE_PREFIX_PATH}:/home/naor/Desktop/naor/study/Thesis/install/roller:/home/naor/Desktop/naor/study/Thesis/install/controller:/home/naor/Desktop/naor/study/Thesis/install/camera_nav:/home/naor/Desktop/naor/work/capsule_repo/install/teensy_ers:/home/naor/Desktop/naor/work/capsule_repo/install/elers_bridge:/opt/ros/humble /usr/bin/cmake --build /home/naor/Desktop/naor/study/Thesis/build/ground_bot -- -j16 -l16
[0.373s] [  2%] Built target ground_bot__cpp
[0.382s] [ 11%] Built target ground_bot__rosidl_generator_c
[0.382s] [ 16%] Built target twist_to_twiststamped_node
[0.387s] [ 16%] Built target ament_cmake_python_copy_ground_bot
[0.388s] [ 18%] [32mBuilding CXX object CMakeFiles/joy_twist_node.dir/src/joy_twist.cpp.o[0m
[0.397s] [ 27%] Built target ground_bot__rosidl_typesupport_cpp
[0.400s] [ 37%] Built target ground_bot__rosidl_typesupport_fastrtps_cpp
[0.402s] [ 46%] Built target ground_bot__rosidl_typesupport_introspection_cpp
[0.405s] [ 55%] Built target ground_bot__rosidl_typesupport_fastrtps_c
[0.406s] [ 65%] Built target ground_bot__rosidl_typesupport_introspection_c
[0.406s] [ 74%] Built target ground_bot__rosidl_typesupport_c
[0.421s] [ 74%] Built target ground_bot
[0.436s] [ 76%] Built target ground_bot__py
[0.453s] [ 83%] Built target ground_bot__rosidl_generator_py
[0.470s] [ 88%] Built target ground_bot__rosidl_typesupport_introspection_c__pyext
[0.471s] [ 93%] Built target ground_bot__rosidl_typesupport_fastrtps_c__pyext
[0.472s] [ 97%] Built target ground_bot__rosidl_typesupport_c__pyext
[0.557s] running egg_info
[0.570s] writing ground_bot.egg-info/PKG-INFO
[0.570s] writing dependency_links to ground_bot.egg-info/dependency_links.txt
[0.572s] writing top-level names to ground_bot.egg-info/top_level.txt
[0.608s] reading manifest file 'ground_bot.egg-info/SOURCES.txt'
[0.609s] writing manifest file 'ground_bot.egg-info/SOURCES.txt'
[0.630s] [ 97%] Built target ament_cmake_python_build_ground_bot_egg
[5.797s] [100%] [32m[1mLinking CXX executable joy_twist_node[0m
[6.068s] [100%] Built target joy_twist_node
[6.077s] Invoked command in '/home/naor/Desktop/naor/study/Thesis/build/ground_bot' returned '0': CMAKE_PREFIX_PATH=${CMAKE_PREFIX_PATH}:/home/naor/Desktop/naor/study/Thesis/install/roller:/home/naor/Desktop/naor/study/Thesis/install/controller:/home/naor/Desktop/naor/study/Thesis/install/camera_nav:/home/naor/Desktop/naor/work/capsule_repo/install/teensy_ers:/home/naor/Desktop/naor/work/capsule_repo/install/elers_bridge:/opt/ros/humble /usr/bin/cmake --build /home/naor/Desktop/naor/study/Thesis/build/ground_bot -- -j16 -l16
[6.078s] Invoking command in '/home/naor/Desktop/naor/study/Thesis/build/ground_bot': CMAKE_PREFIX_PATH=${CMAKE_PREFIX_PATH}:/home/naor/Desktop/naor/study/Thesis/install/roller:/home/naor/Desktop/naor/study/Thesis/install/controller:/home/naor/Desktop/naor/study/Thesis/install/camera_nav:/home/naor/Desktop/naor/work/capsule_repo/install/teensy_ers:/home/naor/Desktop/naor/work/capsule_repo/install/elers_bridge:/opt/ros/humble /usr/bin/cmake --install /home/naor/Desktop/naor/study/Thesis/build/ground_bot
[6.084s] -- Install configuration: ""
[6.085s] -- Up-to-date: /home/naor/Desktop/naor/study/Thesis/install/ground_bot/share/ament_index/resource_index/rosidl_interfaces/ground_bot
[6.085s] -- Up-to-date: /home/naor/Desktop/naor/study/Thesis/install/ground_bot/include/ground_bot/ground_bot
[6.085s] -- Up-to-date: /home/naor/Desktop/naor/study/Thesis/install/ground_bot/include/ground_bot/ground_bot/msg
[6.085s] -- Up-to-date: /home/naor/Desktop/naor/study/Thesis/install/ground_bot/include/ground_bot/ground_bot/msg/motor_data.h
[6.085s] -- Up-to-date: /home/naor/Desktop/naor/study/Thesis/install/ground_bot/include/ground_bot/ground_bot/msg/pwm.h
[6.085s] -- Up-to-date: /home/naor/Desktop/naor/study/Thesis/install/ground_bot/include/ground_bot/ground_bot/msg/rosidl_generator_c__visibility_control.h
[6.085s] -- Up-to-date: /home/naor/Desktop/naor/study/Thesis/install/ground_bot/include/ground_bot/ground_bot/msg/detail
[6.085s] -- Up-to-date: /home/naor/Desktop/naor/study/Thesis/install/ground_bot/include/ground_bot/ground_bot/msg/detail/pwm__functions.c
[6.085s] -- Up-to-date: /home/naor/Desktop/naor/study/Thesis/install/ground_bot/include/ground_bot/ground_bot/msg/detail/pwm__type_support.h
[6.085s] -- Up-to-date: /home/naor/Desktop/naor/study/Thesis/install/ground_bot/include/ground_bot/ground_bot/msg/detail/motor_data__functions.c
[6.085s] -- Up-to-date: /home/naor/Desktop/naor/study/Thesis/install/ground_bot/include/ground_bot/ground_bot/msg/detail/motor_data__type_support.h
[6.085s] -- Up-to-date: /home/naor/Desktop/naor/study/Thesis/install/ground_bot/include/ground_bot/ground_bot/msg/detail/pwm__functions.h
[6.085s] -- Up-to-date: /home/naor/Desktop/naor/study/Thesis/install/ground_bot/include/ground_bot/ground_bot/msg/detail/motor_data__struct.h
[6.085s] -- Up-to-date: /home/naor/Desktop/naor/study/Thesis/install/ground_bot/include/ground_bot/ground_bot/msg/detail/motor_data__functions.h
[6.085s] -- Up-to-date: /home/naor/Desktop/naor/study/Thesis/install/ground_bot/include/ground_bot/ground_bot/msg/detail/pwm__struct.h
[6.085s] -- Up-to-date: /home/naor/Desktop/naor/study/Thesis/install/ground_bot/share/ground_bot/environment/library_path.sh
[6.085s] -- Up-to-date: /home/naor/Desktop/naor/study/Thesis/install/ground_bot/share/ground_bot/environment/library_path.dsv
[6.085s] -- Up-to-date: /home/naor/Desktop/naor/study/Thesis/install/ground_bot/lib/libground_bot__rosidl_generator_c.so
[6.085s] -- Up-to-date: /home/naor/Desktop/naor/study/Thesis/install/ground_bot/include/ground_bot/ground_bot
[6.085s] -- Up-to-date: /home/naor/Desktop/naor/study/Thesis/install/ground_bot/include/ground_bot/ground_bot/msg
[6.085s] -- Up-to-date: /home/naor/Desktop/naor/study/Thesis/install/ground_bot/include/ground_bot/ground_bot/msg/rosidl_typesupport_fastrtps_c__visibility_control.h
[6.085s] -- Up-to-date: /home/naor/Desktop/naor/study/Thesis/install/ground_bot/include/ground_bot/ground_bot/msg/detail
[6.085s] -- Up-to-date: /home/naor/Desktop/naor/study/Thesis/install/ground_bot/include/ground_bot/ground_bot/msg/detail/motor_data__rosidl_typesupport_fastrtps_c.h
[6.085s] -- Up-to-date: /home/naor/Desktop/naor/study/Thesis/install/ground_bot/include/ground_bot/ground_bot/msg/detail/pwm__rosidl_typesupport_fastrtps_c.h
[6.085s] -- Up-to-date: /home/naor/Desktop/naor/study/Thesis/install/ground_bot/lib/libground_bot__rosidl_typesupport_fastrtps_c.so
[6.086s] -- Up-to-date: /home/naor/Desktop/naor/study/Thesis/install/ground_bot/include/ground_bot/ground_bot
[6.086s] -- Up-to-date: /home/naor/Desktop/naor/study/Thesis/install/ground_bot/include/ground_bot/ground_bot/msg
[6.086s] -- Up-to-date: /home/naor/Desktop/naor/study/Thesis/install/ground_bot/include/ground_bot/ground_bot/msg/rosidl_generator_cpp__visibility_control.hpp
[6.086s] -- Up-to-date: /home/naor/Desktop/naor/study/Thesis/install/ground_bot/include/ground_bot/ground_bot/msg/motor_data.hpp
[6.086s] -- Up-to-date: /home/naor/Desktop/naor/study/Thesis/install/ground_bot/include/ground_bot/ground_bot/msg/pwm.hpp
[6.086s] -- Up-to-date: /home/naor/Desktop/naor/study/Thesis/install/ground_bot/include/ground_bot/ground_bot/msg/detail
[6.086s] -- Up-to-date: /home/naor/Desktop/naor/study/Thesis/install/ground_bot/include/ground_bot/ground_bot/msg/detail/motor_data__builder.hpp
[6.086s] -- Up-to-date: /home/naor/Desktop/naor/study/Thesis/install/ground_bot/include/ground_bot/ground_bot/msg/detail/motor_data__struct.hpp
[6.086s] -- Up-to-date: /home/naor/Desktop/naor/study/Thesis/install/ground_bot/include/ground_bot/ground_bot/msg/detail/pwm__builder.hpp
[6.086s] -- Up-to-date: /home/naor/Desktop/naor/study/Thesis/install/ground_bot/include/ground_bot/ground_bot/msg/detail/pwm__struct.hpp
[6.086s] -- Up-to-date: /home/naor/Desktop/naor/study/Thesis/install/ground_bot/include/ground_bot/ground_bot/msg/detail/motor_data__traits.hpp
[6.086s] -- Up-to-date: /home/naor/Desktop/naor/study/Thesis/install/ground_bot/include/ground_bot/ground_bot/msg/detail/pwm__traits.hpp
[6.086s] -- Up-to-date: /home/naor/Desktop/naor/study/Thesis/install/ground_bot/include/ground_bot/ground_bot/msg/detail/pwm__type_support.hpp
[6.086s] -- Up-to-date: /home/naor/Desktop/naor/study/Thesis/install/ground_bot/include/ground_bot/ground_bot/msg/detail/motor_data__type_support.hpp
[6.086s] -- Up-to-date: /home/naor/Desktop/naor/study/Thesis/install/ground_bot/include/ground_bot/ground_bot
[6.086s] -- Up-to-date: /home/naor/Desktop/naor/study/Thesis/install/ground_bot/include/ground_bot/ground_bot/msg
[6.086s] -- Up-to-date: /home/naor/Desktop/naor/study/Thesis/install/ground_bot/include/ground_bot/ground_bot/msg/rosidl_typesupport_fastrtps_cpp__visibility_control.h
[6.086s] -- Up-to-date: /home/naor/Desktop/naor/study/Thesis/install/ground_bot/include/ground_bot/ground_bot/msg/detail
[6.086s] -- Up-to-date: /home/naor/Desktop/naor/study/Thesis/install/ground_bot/include/ground_bot/ground_bot/msg/detail/pwm__rosidl_typesupport_fastrtps_cpp.hpp
[6.086s] -- Up-to-date: /home/naor/Desktop/naor/study/Thesis/install/ground_bot/include/ground_bot/ground_bot/msg/detail/dds_fastrtps
[6.086s] -- Up-to-date: /home/naor/Desktop/naor/study/Thesis/install/ground_bot/include/ground_bot/ground_bot/msg/detail/motor_data__rosidl_typesupport_fastrtps_cpp.hpp
[6.086s] -- Up-to-date: /home/naor/Desktop/naor/study/Thesis/install/ground_bot/lib/libground_bot__rosidl_typesupport_fastrtps_cpp.so
[6.086s] -- Up-to-date: /home/naor/Desktop/naor/study/Thesis/install/ground_bot/include/ground_bot/ground_bot
[6.086s] -- Up-to-date: /home/naor/Desktop/naor/study/Thesis/install/ground_bot/include/ground_bot/ground_bot/msg
[6.086s] -- Up-to-date: /home/naor/Desktop/naor/study/Thesis/install/ground_bot/include/ground_bot/ground_bot/msg/rosidl_typesupport_introspection_c__visibility_control.h
[6.086s] -- Up-to-date: /home/naor/Desktop/naor/study/Thesis/install/ground_bot/include/ground_bot/ground_bot/msg/detail
[6.086s] -- Up-to-date: /home/naor/Desktop/naor/study/Thesis/install/ground_bot/include/ground_bot/ground_bot/msg/detail/motor_data__type_support.c
[6.086s] -- Up-to-date: /home/naor/Desktop/naor/study/Thesis/install/ground_bot/include/ground_bot/ground_bot/msg/detail/motor_data__rosidl_typesupport_introspection_c.h
[6.086s] -- Up-to-date: /home/naor/Desktop/naor/study/Thesis/install/ground_bot/include/ground_bot/ground_bot/msg/detail/pwm__rosidl_typesupport_introspection_c.h
[6.087s] -- Up-to-date: /home/naor/Desktop/naor/study/Thesis/install/ground_bot/include/ground_bot/ground_bot/msg/detail/pwm__type_support.c
[6.087s] -- Up-to-date: /home/naor/Desktop/naor/study/Thesis/install/ground_bot/lib/libground_bot__rosidl_typesupport_introspection_c.so
[6.087s] -- Up-to-date: /home/naor/Desktop/naor/study/Thesis/install/ground_bot/lib/libground_bot__rosidl_typesupport_c.so
[6.087s] -- Up-to-date: /home/naor/Desktop/naor/study/Thesis/install/ground_bot/include/ground_bot/ground_bot
[6.087s] -- Up-to-date: /home/naor/Desktop/naor/study/Thesis/install/ground_bot/include/ground_bot/ground_bot/msg
[6.087s] -- Up-to-date: /home/naor/Desktop/naor/study/Thesis/install/ground_bot/include/ground_bot/ground_bot/msg/detail
[6.087s] -- Up-to-date: /home/naor/Desktop/naor/study/Thesis/install/ground_bot/include/ground_bot/ground_bot/msg/detail/pwm__rosidl_typesupport_introspection_cpp.hpp
[6.087s] -- Up-to-date: /home/naor/Desktop/naor/study/Thesis/install/ground_bot/include/ground_bot/ground_bot/msg/detail/motor_data__rosidl_typesupport_introspection_cpp.hpp
[6.087s] -- Up-to-date: /home/naor/Desktop/naor/study/Thesis/install/ground_bot/include/ground_bot/ground_bot/msg/detail/pwm__type_support.cpp
[6.087s] -- Up-to-date: /home/naor/Desktop/naor/study/Thesis/install/ground_bot/include/ground_bot/ground_bot/msg/detail/motor_data__type_support.cpp
[6.087s] -- Up-to-date: /home/naor/Desktop/naor/study/Thesis/install/ground_bot/lib/libground_bot__rosidl_typesupport_introspection_cpp.so
[6.087s] -- Up-to-date: /home/naor/Desktop/naor/study/Thesis/install/ground_bot/lib/libground_bot__rosidl_typesupport_cpp.so
[6.087s] -- Up-to-date: /home/naor/Desktop/naor/study/Thesis/install/ground_bot/share/ground_bot/environment/pythonpath.sh
[6.087s] -- Up-to-date: /home/naor/Desktop/naor/study/Thesis/install/ground_bot/share/ground_bot/environment/pythonpath.dsv
[6.087s] -- Up-to-date: /home/naor/Desktop/naor/study/Thesis/install/ground_bot/local/lib/python3.10/dist-packages/ground_bot-0.0.1-py3.10.egg-info
[6.087s] -- Installing: /home/naor/Desktop/naor/study/Thesis/install/ground_bot/local/lib/python3.10/dist-packages/ground_bot-0.0.1-py3.10.egg-info/SOURCES.txt
[6.087s] -- Installing: /home/naor/Desktop/naor/study/Thesis/install/ground_bot/local/lib/python3.10/dist-packages/ground_bot-0.0.1-py3.10.egg-info/PKG-INFO
[6.087s] -- Installing: /home/naor/Desktop/naor/study/Thesis/install/ground_bot/local/lib/python3.10/dist-packages/ground_bot-0.0.1-py3.10.egg-info/dependency_links.txt
[6.087s] -- Installing: /home/naor/Desktop/naor/study/Thesis/install/ground_bot/local/lib/python3.10/dist-packages/ground_bot-0.0.1-py3.10.egg-info/top_level.txt
[6.087s] -- Up-to-date: /home/naor/Desktop/naor/study/Thesis/install/ground_bot/local/lib/python3.10/dist-packages/ground_bot
[6.087s] -- Up-to-date: /home/naor/Desktop/naor/study/Thesis/install/ground_bot/local/lib/python3.10/dist-packages/ground_bot/ground_bot_s__rosidl_typesupport_fastrtps_c.cpython-310-x86_64-linux-gnu.so
[6.087s] -- Up-to-date: /home/naor/Desktop/naor/study/Thesis/install/ground_bot/local/lib/python3.10/dist-packages/ground_bot/__init__.py
[6.087s] -- Up-to-date: /home/naor/Desktop/naor/study/Thesis/install/ground_bot/local/lib/python3.10/dist-packages/ground_bot/msg
[6.087s] -- Up-to-date: /home/naor/Desktop/naor/study/Thesis/install/ground_bot/local/lib/python3.10/dist-packages/ground_bot/msg/__init__.py
[6.087s] -- Up-to-date: /home/naor/Desktop/naor/study/Thesis/install/ground_bot/local/lib/python3.10/dist-packages/ground_bot/msg/_motor_data_s.c
[6.087s] -- Up-to-date: /home/naor/Desktop/naor/study/Thesis/install/ground_bot/local/lib/python3.10/dist-packages/ground_bot/msg/_pwm_s.c
[6.087s] -- Up-to-date: /home/naor/Desktop/naor/study/Thesis/install/ground_bot/local/lib/python3.10/dist-packages/ground_bot/msg/_pwm.py
[6.087s] -- Up-to-date: /home/naor/Desktop/naor/study/Thesis/install/ground_bot/local/lib/python3.10/dist-packages/ground_bot/msg/_motor_data.py
[6.087s] -- Up-to-date: /home/naor/Desktop/naor/study/Thesis/install/ground_bot/local/lib/python3.10/dist-packages/ground_bot/_ground_bot_s.ep.rosidl_typesupport_fastrtps_c.c
[6.087s] -- Up-to-date: /home/naor/Desktop/naor/study/Thesis/install/ground_bot/local/lib/python3.10/dist-packages/ground_bot/ground_bot_s__rosidl_typesupport_introspection_c.cpython-310-x86_64-linux-gnu.so
[6.087s] -- Up-to-date: /home/naor/Desktop/naor/study/Thesis/install/ground_bot/local/lib/python3.10/dist-packages/ground_bot/_ground_bot_s.ep.rosidl_typesupport_introspection_c.c
[6.088s] -- Up-to-date: /home/naor/Desktop/naor/study/Thesis/install/ground_bot/local/lib/python3.10/dist-packages/ground_bot/libground_bot__rosidl_generator_py.so
[6.088s] -- Up-to-date: /home/naor/Desktop/naor/study/Thesis/install/ground_bot/local/lib/python3.10/dist-packages/ground_bot/ground_bot_s__rosidl_typesupport_c.cpython-310-x86_64-linux-gnu.so
[6.088s] -- Up-to-date: /home/naor/Desktop/naor/study/Thesis/install/ground_bot/local/lib/python3.10/dist-packages/ground_bot/_ground_bot_s.ep.rosidl_typesupport_c.c
[6.118s] Listing '/home/naor/Desktop/naor/study/Thesis/install/ground_bot/local/lib/python3.10/dist-packages/ground_bot'...
[6.118s] Listing '/home/naor/Desktop/naor/study/Thesis/install/ground_bot/local/lib/python3.10/dist-packages/ground_bot/msg'...
[6.121s] -- Up-to-date: /home/naor/Desktop/naor/study/Thesis/install/ground_bot/local/lib/python3.10/dist-packages/ground_bot/ground_bot_s__rosidl_typesupport_fastrtps_c.cpython-310-x86_64-linux-gnu.so
[6.121s] -- Up-to-date: /home/naor/Desktop/naor/study/Thesis/install/ground_bot/local/lib/python3.10/dist-packages/ground_bot/ground_bot_s__rosidl_typesupport_introspection_c.cpython-310-x86_64-linux-gnu.so
[6.121s] -- Up-to-date: /home/naor/Desktop/naor/study/Thesis/install/ground_bot/local/lib/python3.10/dist-packages/ground_bot/ground_bot_s__rosidl_typesupport_c.cpython-310-x86_64-linux-gnu.so
[6.122s] -- Up-to-date: /home/naor/Desktop/naor/study/Thesis/install/ground_bot/lib/libground_bot__rosidl_generator_py.so
[6.122s] -- Up-to-date: /home/naor/Desktop/naor/study/Thesis/install/ground_bot/share/ground_bot/msg/Pwm.idl
[6.122s] -- Up-to-date: /home/naor/Desktop/naor/study/Thesis/install/ground_bot/share/ground_bot/msg/MotorData.idl
[6.122s] -- Up-to-date: /home/naor/Desktop/naor/study/Thesis/install/ground_bot/share/ground_bot/msg/Pwm.msg
[6.122s] -- Up-to-date: /home/naor/Desktop/naor/study/Thesis/install/ground_bot/share/ground_bot/msg/MotorData.msg
[6.122s] -- Up-to-date: /home/naor/Desktop/naor/study/Thesis/install/ground_bot/lib/ground_bot/twist_to_twiststamped_node
[6.122s] -- Installing: /home/naor/Desktop/naor/study/Thesis/install/ground_bot/lib/ground_bot/joy_twist_node
[6.125s] -- Set runtime path of "/home/naor/Desktop/naor/study/Thesis/install/ground_bot/lib/ground_bot/joy_twist_node" to ""
[6.125s] -- Up-to-date: /home/naor/Desktop/naor/study/Thesis/install/ground_bot/share/ground_bot/launch
[6.125s] -- Up-to-date: /home/naor/Desktop/naor/study/Thesis/install/ground_bot/share/ground_bot/launch/simple_joy_control.launch.py
[6.125s] -- Up-to-date: /home/naor/Desktop/naor/study/Thesis/install/ground_bot/share/ground_bot/launch/navigation_launch.launch.py
[6.125s] -- Up-to-date: /home/naor/Desktop/naor/study/Thesis/install/ground_bot/share/ground_bot/launch/hamma_bot.launch.py
[6.125s] -- Up-to-date: /home/naor/Desktop/naor/study/Thesis/install/ground_bot/share/ground_bot/config/config
[6.125s] -- Up-to-date: /home/naor/Desktop/naor/study/Thesis/install/ground_bot/share/ground_bot/config/config/ackermann_controller.yaml
[6.125s] -- Up-to-date: /home/naor/Desktop/naor/study/Thesis/install/ground_bot/share/ground_bot/config/config/nav2_params.yaml
[6.125s] -- Up-to-date: /home/naor/Desktop/naor/study/Thesis/install/ground_bot/share/ground_bot/config/config/ekf.yaml
[6.125s] -- Up-to-date: /home/naor/Desktop/naor/study/Thesis/install/ground_bot/share/ground_bot/urdf
[6.125s] -- Up-to-date: /home/naor/Desktop/naor/study/Thesis/install/ground_bot/share/ground_bot/urdf/robot_description.urdf
[6.125s] -- Up-to-date: /home/naor/Desktop/naor/study/Thesis/install/ground_bot/share/ground_bot/worlds
[6.125s] -- Up-to-date: /home/naor/Desktop/naor/study/Thesis/install/ground_bot/share/ground_bot/worlds/empty.sdf
[6.125s] -- Up-to-date: /home/naor/Desktop/naor/study/Thesis/install/ground_bot/share/ground_bot/worlds/bookstore.sdf
[6.125s] -- Up-to-date: /home/naor/Desktop/naor/study/Thesis/install/ground_bot/lib/ground_bot/ground_bot_rtcom.py
[6.125s] -- Up-to-date: /home/naor/Desktop/naor/study/Thesis/install/ground_bot/share/ament_index/resource_index/package_run_dependencies/ground_bot
[6.125s] -- Up-to-date: /home/naor/Desktop/naor/study/Thesis/install/ground_bot/share/ament_index/resource_index/parent_prefix_path/ground_bot
[6.125s] -- Up-to-date: /home/naor/Desktop/naor/study/Thesis/install/ground_bot/share/ground_bot/environment/ament_prefix_path.sh
[6.125s] -- Up-to-date: /home/naor/Desktop/naor/study/Thesis/install/ground_bot/share/ground_bot/environment/ament_prefix_path.dsv
[6.125s] -- Up-to-date: /home/naor/Desktop/naor/study/Thesis/install/ground_bot/share/ground_bot/environment/path.sh
[6.125s] -- Up-to-date: /home/naor/Desktop/naor/study/Thesis/install/ground_bot/share/ground_bot/environment/path.dsv
[6.125s] -- Up-to-date: /home/naor/Desktop/naor/study/Thesis/install/ground_bot/share/ground_bot/local_setup.bash
[6.125s] -- Up-to-date: /home/naor/Desktop/naor/study/Thesis/install/ground_bot/share/ground_bot/local_setup.sh
[6.125s] -- Up-to-date: /home/naor/Desktop/naor/study/Thesis/install/ground_bot/share/ground_bot/local_setup.zsh
[6.125s] -- Up-to-date: /home/naor/Desktop/naor/study/Thesis/install/ground_bot/share/ground_bot/local_setup.dsv
[6.125s] -- Installing: /home/naor/Desktop/naor/study/Thesis/install/ground_bot/share/ground_bot/package.dsv
[6.126s] -- Up-to-date: /home/naor/Desktop/naor/study/Thesis/install/ground_bot/share/ament_index/resource_index/packages/ground_bot
[6.126s] -- Up-to-date: /home/naor/Desktop/naor/study/Thesis/install/ground_bot/share/ground_bot/cmake/export_ground_bot__rosidl_generator_cExport.cmake
[6.126s] -- Up-to-date: /home/naor/Desktop/naor/study/Thesis/install/ground_bot/share/ground_bot/cmake/export_ground_bot__rosidl_generator_cExport-noconfig.cmake
[6.126s] -- Up-to-date: /home/naor/Desktop/naor/study/Thesis/install/ground_bot/share/ground_bot/cmake/export_ground_bot__rosidl_typesupport_fastrtps_cExport.cmake
[6.126s] -- Up-to-date: /home/naor/Desktop/naor/study/Thesis/install/ground_bot/share/ground_bot/cmake/export_ground_bot__rosidl_typesupport_fastrtps_cExport-noconfig.cmake
[6.126s] -- Up-to-date: /home/naor/Desktop/naor/study/Thesis/install/ground_bot/share/ground_bot/cmake/export_ground_bot__rosidl_generator_cppExport.cmake
[6.126s] -- Up-to-date: /home/naor/Desktop/naor/study/Thesis/install/ground_bot/share/ground_bot/cmake/export_ground_bot__rosidl_typesupport_fastrtps_cppExport.cmake
[6.126s] -- Up-to-date: /home/naor/Desktop/naor/study/Thesis/install/ground_bot/share/ground_bot/cmake/export_ground_bot__rosidl_typesupport_fastrtps_cppExport-noconfig.cmake
[6.126s] -- Up-to-date: /home/naor/Desktop/naor/study/Thesis/install/ground_bot/share/ground_bot/cmake/ground_bot__rosidl_typesupport_introspection_cExport.cmake
[6.126s] -- Up-to-date: /home/naor/Desktop/naor/study/Thesis/install/ground_bot/share/ground_bot/cmake/ground_bot__rosidl_typesupport_introspection_cExport-noconfig.cmake
[6.126s] -- Up-to-date: /home/naor/Desktop/naor/study/Thesis/install/ground_bot/share/ground_bot/cmake/ground_bot__rosidl_typesupport_cExport.cmake
[6.126s] -- Up-to-date: /home/naor/Desktop/naor/study/Thesis/install/ground_bot/share/ground_bot/cmake/ground_bot__rosidl_typesupport_cExport-noconfig.cmake
[6.126s] -- Up-to-date: /home/naor/Desktop/naor/study/Thesis/install/ground_bot/share/ground_bot/cmake/ground_bot__rosidl_typesupport_introspection_cppExport.cmake
[6.126s] -- Up-to-date: /home/naor/Desktop/naor/study/Thesis/install/ground_bot/share/ground_bot/cmake/ground_bot__rosidl_typesupport_introspection_cppExport-noconfig.cmake
[6.126s] -- Up-to-date: /home/naor/Desktop/naor/study/Thesis/install/ground_bot/share/ground_bot/cmake/ground_bot__rosidl_typesupport_cppExport.cmake
[6.126s] -- Up-to-date: /home/naor/Desktop/naor/study/Thesis/install/ground_bot/share/ground_bot/cmake/ground_bot__rosidl_typesupport_cppExport-noconfig.cmake
[6.126s] -- Up-to-date: /home/naor/Desktop/naor/study/Thesis/install/ground_bot/share/ground_bot/cmake/export_ground_bot__rosidl_generator_pyExport.cmake
[6.126s] -- Up-to-date: /home/naor/Desktop/naor/study/Thesis/install/ground_bot/share/ground_bot/cmake/export_ground_bot__rosidl_generator_pyExport-noconfig.cmake
[6.126s] -- Up-to-date: /home/naor/Desktop/naor/study/Thesis/install/ground_bot/share/ground_bot/cmake/rosidl_cmake-extras.cmake
[6.126s] -- Up-to-date: /home/naor/Desktop/naor/study/Thesis/install/ground_bot/share/ground_bot/cmake/ament_cmake_export_dependencies-extras.cmake
[6.126s] -- Up-to-date: /home/naor/Desktop/naor/study/Thesis/install/ground_bot/share/ground_bot/cmake/ament_cmake_export_include_directories-extras.cmake
[6.126s] -- Up-to-date: /home/naor/Desktop/naor/study/Thesis/install/ground_bot/share/ground_bot/cmake/ament_cmake_export_libraries-extras.cmake
[6.126s] -- Up-to-date: /home/naor/Desktop/naor/study/Thesis/install/ground_bot/share/ground_bot/cmake/ament_cmake_export_targets-extras.cmake
[6.126s] -- Up-to-date: /home/naor/Desktop/naor/study/Thesis/install/ground_bot/share/ground_bot/cmake/rosidl_cmake_export_typesupport_targets-extras.cmake
[6.126s] -- Up-to-date: /home/naor/Desktop/naor/study/Thesis/install/ground_bot/share/ground_bot/cmake/rosidl_cmake_export_typesupport_libraries-extras.cmake
[6.126s] -- Up-to-date: /home/naor/Desktop/naor/study/Thesis/install/ground_bot/share/ground_bot/cmake/ground_botConfig.cmake
[6.126s] -- Up-to-date: /home/naor/Desktop/naor/study/Thesis/install/ground_bot/share/ground_bot/cmake/ground_botConfig-version.cmake
[6.126s] -- Up-to-date: /home/naor/Desktop/naor/study/Thesis/install/ground_bot/share/ground_bot/package.xml
[6.128s] Invoked command in '/home/naor/Desktop/naor/study/Thesis/build/ground_bot' returned '0': CMAKE_PREFIX_PATH=${CMAKE_PREFIX_PATH}:/home/naor/Desktop/naor/study/Thesis/install/roller:/home/naor/Desktop/naor/study/Thesis/install/controller:/home/naor/Desktop/naor/study/Thesis/install/camera_nav:/home/naor/Desktop/naor/work/capsule_repo/install/teensy_ers:/home/naor/Desktop/naor/work/capsule_repo/install/elers_bridge:/opt/ros/humble /usr/bin/cmake --install /home/naor/Desktop/naor/study/Thesis/build/ground_bot
