[0.239s] DEBUG:colcon:Command line arguments: ['/usr/bin/colcon', 'build']
[0.239s] DEBUG:colcon:Parsed command line arguments: Namespace(log_base=None, log_level=None, verb_name='build', build_base='build', install_base='install', merge_install=False, symlink_install=False, test_result_base=None, continue_on_error=False, executor='parallel', parallel_workers=16, event_handlers=None, ignore_user_meta=False, metas=['./colcon.meta'], base_paths=['.'], packages_ignore=None, packages_ignore_regex=None, paths=None, packages_up_to=None, packages_up_to_regex=None, packages_above=None, packages_above_and_dependencies=None, packages_above_depth=None, packages_select_by_dep=None, packages_skip_by_dep=None, packages_skip_up_to=None, packages_select_build_failed=False, packages_skip_build_finished=False, packages_select_test_failures=False, packages_skip_test_passed=False, packages_select=None, packages_skip=None, packages_select_regex=None, packages_skip_regex=None, packages_start=None, packages_end=None, allow_overriding=[], cmake_args=None, cmake_target=None, cmake_target_skip_unavailable=False, cmake_clean_cache=False, cmake_clean_first=False, cmake_force_configure=False, ament_cmake_args=None, catkin_cmake_args=None, catkin_skip_building_tests=False, mixin_files=None, mixin=None, verb_parser=<colcon_mixin.mixin.mixin_argument.MixinArgumentDecorator object at 0x7506f99af430>, verb_extension=<colcon_core.verb.build.BuildVerb object at 0x7506f99aee30>, main=<bound method BuildVerb.main of <colcon_core.verb.build.BuildVerb object at 0x7506f99aee30>>, mixin_verb=('build',))
[0.280s] Level 1:colcon.colcon_core.package_discovery:discover_packages(colcon_meta) check parameters
[0.281s] Level 1:colcon.colcon_core.package_discovery:discover_packages(recursive) check parameters
[0.281s] Level 1:colcon.colcon_core.package_discovery:discover_packages(ignore) check parameters
[0.281s] Level 1:colcon.colcon_core.package_discovery:discover_packages(path) check parameters
[0.281s] Level 1:colcon.colcon_core.package_discovery:discover_packages(colcon_meta) discover
[0.281s] Level 1:colcon.colcon_core.package_discovery:discover_packages(recursive) discover
[0.281s] INFO:colcon.colcon_core.package_discovery:Crawling recursively for packages in '/home/naor/Desktop/naor/study/Thesis'
[0.281s] Level 1:colcon.colcon_core.package_identification:_identify(.) by extensions ['ignore', 'ignore_ament_install']
[0.281s] Level 1:colcon.colcon_core.package_identification:_identify(.) by extension 'ignore'
[0.281s] Level 1:colcon.colcon_core.package_identification:_identify(.) by extension 'ignore_ament_install'
[0.281s] Level 1:colcon.colcon_core.package_identification:_identify(.) by extensions ['colcon_pkg']
[0.281s] Level 1:colcon.colcon_core.package_identification:_identify(.) by extension 'colcon_pkg'
[0.281s] Level 1:colcon.colcon_core.package_identification:_identify(.) by extensions ['colcon_meta']
[0.281s] Level 1:colcon.colcon_core.package_identification:_identify(.) by extension 'colcon_meta'
[0.281s] Level 1:colcon.colcon_core.package_identification:_identify(.) by extensions ['ros']
[0.281s] Level 1:colcon.colcon_core.package_identification:_identify(.) by extension 'ros'
[0.291s] Level 1:colcon.colcon_core.package_identification:_identify(.) by extensions ['cmake', 'python']
[0.291s] Level 1:colcon.colcon_core.package_identification:_identify(.) by extension 'cmake'
[0.291s] Level 1:colcon.colcon_core.package_identification:_identify(.) by extension 'python'
[0.291s] Level 1:colcon.colcon_core.package_identification:_identify(.) by extensions ['python_setup_py']
[0.291s] Level 1:colcon.colcon_core.package_identification:_identify(.) by extension 'python_setup_py'
[0.292s] Level 1:colcon.colcon_core.package_identification:_identify(build) by extensions ['ignore', 'ignore_ament_install']
[0.292s] Level 1:colcon.colcon_core.package_identification:_identify(build) by extension 'ignore'
[0.292s] Level 1:colcon.colcon_core.package_identification:_identify(build) ignored
[0.292s] Level 1:colcon.colcon_core.package_identification:_identify(install) by extensions ['ignore', 'ignore_ament_install']
[0.292s] Level 1:colcon.colcon_core.package_identification:_identify(install) by extension 'ignore'
[0.292s] Level 1:colcon.colcon_core.package_identification:_identify(install) ignored
[0.292s] Level 1:colcon.colcon_core.package_identification:_identify(log) by extensions ['ignore', 'ignore_ament_install']
[0.292s] Level 1:colcon.colcon_core.package_identification:_identify(log) by extension 'ignore'
[0.292s] Level 1:colcon.colcon_core.package_identification:_identify(log) ignored
[0.292s] Level 1:colcon.colcon_core.package_identification:_identify(src) by extensions ['ignore', 'ignore_ament_install']
[0.292s] Level 1:colcon.colcon_core.package_identification:_identify(src) by extension 'ignore'
[0.292s] Level 1:colcon.colcon_core.package_identification:_identify(src) by extension 'ignore_ament_install'
[0.292s] Level 1:colcon.colcon_core.package_identification:_identify(src) by extensions ['colcon_pkg']
[0.292s] Level 1:colcon.colcon_core.package_identification:_identify(src) by extension 'colcon_pkg'
[0.292s] Level 1:colcon.colcon_core.package_identification:_identify(src) by extensions ['colcon_meta']
[0.292s] Level 1:colcon.colcon_core.package_identification:_identify(src) by extension 'colcon_meta'
[0.292s] Level 1:colcon.colcon_core.package_identification:_identify(src) by extensions ['ros']
[0.292s] Level 1:colcon.colcon_core.package_identification:_identify(src) by extension 'ros'
[0.292s] Level 1:colcon.colcon_core.package_identification:_identify(src) by extensions ['cmake', 'python']
[0.292s] Level 1:colcon.colcon_core.package_identification:_identify(src) by extension 'cmake'
[0.292s] Level 1:colcon.colcon_core.package_identification:_identify(src) by extension 'python'
[0.292s] Level 1:colcon.colcon_core.package_identification:_identify(src) by extensions ['python_setup_py']
[0.292s] Level 1:colcon.colcon_core.package_identification:_identify(src) by extension 'python_setup_py'
[0.293s] Level 1:colcon.colcon_core.package_identification:_identify(src/camera_nav) by extensions ['ignore', 'ignore_ament_install']
[0.293s] Level 1:colcon.colcon_core.package_identification:_identify(src/camera_nav) by extension 'ignore'
[0.293s] Level 1:colcon.colcon_core.package_identification:_identify(src/camera_nav) by extension 'ignore_ament_install'
[0.293s] Level 1:colcon.colcon_core.package_identification:_identify(src/camera_nav) by extensions ['colcon_pkg']
[0.293s] Level 1:colcon.colcon_core.package_identification:_identify(src/camera_nav) by extension 'colcon_pkg'
[0.293s] Level 1:colcon.colcon_core.package_identification:_identify(src/camera_nav) by extensions ['colcon_meta']
[0.293s] Level 1:colcon.colcon_core.package_identification:_identify(src/camera_nav) by extension 'colcon_meta'
[0.293s] Level 1:colcon.colcon_core.package_identification:_identify(src/camera_nav) by extensions ['ros']
[0.293s] Level 1:colcon.colcon_core.package_identification:_identify(src/camera_nav) by extension 'ros'
[0.295s] DEBUG:colcon.colcon_core.package_identification:Package 'src/camera_nav' with type 'ros.ament_python' and name 'camera_nav'
[0.295s] Level 1:colcon.colcon_core.package_identification:_identify(src/controller) by extensions ['ignore', 'ignore_ament_install']
[0.295s] Level 1:colcon.colcon_core.package_identification:_identify(src/controller) by extension 'ignore'
[0.295s] Level 1:colcon.colcon_core.package_identification:_identify(src/controller) by extension 'ignore_ament_install'
[0.296s] Level 1:colcon.colcon_core.package_identification:_identify(src/controller) by extensions ['colcon_pkg']
[0.296s] Level 1:colcon.colcon_core.package_identification:_identify(src/controller) by extension 'colcon_pkg'
[0.296s] Level 1:colcon.colcon_core.package_identification:_identify(src/controller) by extensions ['colcon_meta']
[0.296s] Level 1:colcon.colcon_core.package_identification:_identify(src/controller) by extension 'colcon_meta'
[0.296s] Level 1:colcon.colcon_core.package_identification:_identify(src/controller) by extensions ['ros']
[0.296s] Level 1:colcon.colcon_core.package_identification:_identify(src/controller) by extension 'ros'
[0.296s] DEBUG:colcon.colcon_core.package_identification:Package 'src/controller' with type 'ros.ament_python' and name 'controller'
[0.296s] Level 1:colcon.colcon_core.package_identification:_identify(src/drone_c) by extensions ['ignore', 'ignore_ament_install']
[0.296s] Level 1:colcon.colcon_core.package_identification:_identify(src/drone_c) by extension 'ignore'
[0.296s] Level 1:colcon.colcon_core.package_identification:_identify(src/drone_c) by extension 'ignore_ament_install'
[0.296s] Level 1:colcon.colcon_core.package_identification:_identify(src/drone_c) by extensions ['colcon_pkg']
[0.296s] Level 1:colcon.colcon_core.package_identification:_identify(src/drone_c) by extension 'colcon_pkg'
[0.296s] Level 1:colcon.colcon_core.package_identification:_identify(src/drone_c) by extensions ['colcon_meta']
[0.296s] Level 1:colcon.colcon_core.package_identification:_identify(src/drone_c) by extension 'colcon_meta'
[0.296s] Level 1:colcon.colcon_core.package_identification:_identify(src/drone_c) by extensions ['ros']
[0.296s] Level 1:colcon.colcon_core.package_identification:_identify(src/drone_c) by extension 'ros'
[0.297s] DEBUG:colcon.colcon_core.package_identification:Package 'src/drone_c' with type 'ros.ament_cmake' and name 'drone_c'
[0.297s] Level 1:colcon.colcon_core.package_identification:_identify(src/ground_bot) by extensions ['ignore', 'ignore_ament_install']
[0.297s] Level 1:colcon.colcon_core.package_identification:_identify(src/ground_bot) by extension 'ignore'
[0.297s] Level 1:colcon.colcon_core.package_identification:_identify(src/ground_bot) by extension 'ignore_ament_install'
[0.297s] Level 1:colcon.colcon_core.package_identification:_identify(src/ground_bot) by extensions ['colcon_pkg']
[0.297s] Level 1:colcon.colcon_core.package_identification:_identify(src/ground_bot) by extension 'colcon_pkg'
[0.297s] Level 1:colcon.colcon_core.package_identification:_identify(src/ground_bot) by extensions ['colcon_meta']
[0.297s] Level 1:colcon.colcon_core.package_identification:_identify(src/ground_bot) by extension 'colcon_meta'
[0.297s] Level 1:colcon.colcon_core.package_identification:_identify(src/ground_bot) by extensions ['ros']
[0.297s] Level 1:colcon.colcon_core.package_identification:_identify(src/ground_bot) by extension 'ros'
[0.298s] DEBUG:colcon.colcon_core.package_identification:Package 'src/ground_bot' with type 'ros.ament_cmake' and name 'ground_bot'
[0.299s] Level 1:colcon.colcon_core.package_identification:_identify(src/pointcloud_to_laserscan) by extensions ['ignore', 'ignore_ament_install']
[0.299s] Level 1:colcon.colcon_core.package_identification:_identify(src/pointcloud_to_laserscan) by extension 'ignore'
[0.299s] Level 1:colcon.colcon_core.package_identification:_identify(src/pointcloud_to_laserscan) by extension 'ignore_ament_install'
[0.299s] Level 1:colcon.colcon_core.package_identification:_identify(src/pointcloud_to_laserscan) by extensions ['colcon_pkg']
[0.299s] Level 1:colcon.colcon_core.package_identification:_identify(src/pointcloud_to_laserscan) by extension 'colcon_pkg'
[0.299s] Level 1:colcon.colcon_core.package_identification:_identify(src/pointcloud_to_laserscan) by extensions ['colcon_meta']
[0.299s] Level 1:colcon.colcon_core.package_identification:_identify(src/pointcloud_to_laserscan) by extension 'colcon_meta'
[0.299s] Level 1:colcon.colcon_core.package_identification:_identify(src/pointcloud_to_laserscan) by extensions ['ros']
[0.299s] Level 1:colcon.colcon_core.package_identification:_identify(src/pointcloud_to_laserscan) by extension 'ros'
[0.300s] DEBUG:colcon.colcon_core.package_identification:Package 'src/pointcloud_to_laserscan' with type 'ros.ament_cmake' and name 'pointcloud_to_laserscan'
[0.300s] Level 1:colcon.colcon_core.package_identification:_identify(src/robot_description) by extensions ['ignore', 'ignore_ament_install']
[0.300s] Level 1:colcon.colcon_core.package_identification:_identify(src/robot_description) by extension 'ignore'
[0.300s] Level 1:colcon.colcon_core.package_identification:_identify(src/robot_description) by extension 'ignore_ament_install'
[0.300s] Level 1:colcon.colcon_core.package_identification:_identify(src/robot_description) by extensions ['colcon_pkg']
[0.300s] Level 1:colcon.colcon_core.package_identification:_identify(src/robot_description) by extension 'colcon_pkg'
[0.300s] Level 1:colcon.colcon_core.package_identification:_identify(src/robot_description) by extensions ['colcon_meta']
[0.300s] Level 1:colcon.colcon_core.package_identification:_identify(src/robot_description) by extension 'colcon_meta'
[0.300s] Level 1:colcon.colcon_core.package_identification:_identify(src/robot_description) by extensions ['ros']
[0.300s] Level 1:colcon.colcon_core.package_identification:_identify(src/robot_description) by extension 'ros'
[0.301s] DEBUG:colcon.colcon_core.package_identification:Package 'src/robot_description' with type 'ros.ament_cmake' and name 'robot_description'
[0.301s] Level 1:colcon.colcon_core.package_identification:_identify(src/roller) by extensions ['ignore', 'ignore_ament_install']
[0.301s] Level 1:colcon.colcon_core.package_identification:_identify(src/roller) by extension 'ignore'
[0.301s] Level 1:colcon.colcon_core.package_identification:_identify(src/roller) by extension 'ignore_ament_install'
[0.301s] Level 1:colcon.colcon_core.package_identification:_identify(src/roller) by extensions ['colcon_pkg']
[0.301s] Level 1:colcon.colcon_core.package_identification:_identify(src/roller) by extension 'colcon_pkg'
[0.301s] Level 1:colcon.colcon_core.package_identification:_identify(src/roller) by extensions ['colcon_meta']
[0.301s] Level 1:colcon.colcon_core.package_identification:_identify(src/roller) by extension 'colcon_meta'
[0.301s] Level 1:colcon.colcon_core.package_identification:_identify(src/roller) by extensions ['ros']
[0.301s] Level 1:colcon.colcon_core.package_identification:_identify(src/roller) by extension 'ros'
[0.302s] DEBUG:colcon.colcon_core.package_identification:Package 'src/roller' with type 'ros.ament_python' and name 'roller'
[0.302s] Level 1:colcon.colcon_core.package_discovery:discover_packages(recursive) using defaults
[0.302s] Level 1:colcon.colcon_core.package_discovery:discover_packages(ignore) discover
[0.302s] Level 1:colcon.colcon_core.package_discovery:discover_packages(ignore) using defaults
[0.302s] Level 1:colcon.colcon_core.package_discovery:discover_packages(path) discover
[0.302s] Level 1:colcon.colcon_core.package_discovery:discover_packages(path) using defaults
[0.324s] Level 1:colcon.colcon_core.package_discovery:discover_packages(prefix_path) check parameters
[0.324s] Level 1:colcon.colcon_core.package_discovery:discover_packages(prefix_path) discover
[0.326s] DEBUG:colcon.colcon_installed_package_information.package_discovery:Found 2 installed packages in /home/naor/Desktop/naor/work/capsule_repo/install
[0.327s] DEBUG:colcon.colcon_installed_package_information.package_discovery:Found 417 installed packages in /opt/ros/humble
[0.329s] Level 1:colcon.colcon_core.package_discovery:discover_packages(prefix_path) using defaults
[0.366s] Level 5:colcon.colcon_core.verb:set package 'controller' build argument 'cmake_args' from command line to 'None'
[0.366s] Level 5:colcon.colcon_core.verb:set package 'controller' build argument 'cmake_target' from command line to 'None'
[0.366s] Level 5:colcon.colcon_core.verb:set package 'controller' build argument 'cmake_target_skip_unavailable' from command line to 'False'
[0.366s] Level 5:colcon.colcon_core.verb:set package 'controller' build argument 'cmake_clean_cache' from command line to 'False'
[0.366s] Level 5:colcon.colcon_core.verb:set package 'controller' build argument 'cmake_clean_first' from command line to 'False'
[0.366s] Level 5:colcon.colcon_core.verb:set package 'controller' build argument 'cmake_force_configure' from command line to 'False'
[0.366s] Level 5:colcon.colcon_core.verb:set package 'controller' build argument 'ament_cmake_args' from command line to 'None'
[0.366s] Level 5:colcon.colcon_core.verb:set package 'controller' build argument 'catkin_cmake_args' from command line to 'None'
[0.366s] Level 5:colcon.colcon_core.verb:set package 'controller' build argument 'catkin_skip_building_tests' from command line to 'False'
[0.366s] DEBUG:colcon.colcon_core.verb:Building package 'controller' with the following arguments: {'ament_cmake_args': None, 'build_base': '/home/naor/Desktop/naor/study/Thesis/build/controller', 'catkin_cmake_args': None, 'catkin_skip_building_tests': False, 'cmake_args': None, 'cmake_clean_cache': False, 'cmake_clean_first': False, 'cmake_force_configure': False, 'cmake_target': None, 'cmake_target_skip_unavailable': False, 'install_base': '/home/naor/Desktop/naor/study/Thesis/install/controller', 'merge_install': False, 'path': '/home/naor/Desktop/naor/study/Thesis/src/controller', 'symlink_install': False, 'test_result_base': None}
[0.366s] Level 5:colcon.colcon_core.verb:set package 'drone_c' build argument 'cmake_args' from command line to 'None'
[0.366s] Level 5:colcon.colcon_core.verb:set package 'drone_c' build argument 'cmake_target' from command line to 'None'
[0.366s] Level 5:colcon.colcon_core.verb:set package 'drone_c' build argument 'cmake_target_skip_unavailable' from command line to 'False'
[0.366s] Level 5:colcon.colcon_core.verb:set package 'drone_c' build argument 'cmake_clean_cache' from command line to 'False'
[0.367s] Level 5:colcon.colcon_core.verb:set package 'drone_c' build argument 'cmake_clean_first' from command line to 'False'
[0.367s] Level 5:colcon.colcon_core.verb:set package 'drone_c' build argument 'cmake_force_configure' from command line to 'False'
[0.367s] Level 5:colcon.colcon_core.verb:set package 'drone_c' build argument 'ament_cmake_args' from command line to 'None'
[0.367s] Level 5:colcon.colcon_core.verb:set package 'drone_c' build argument 'catkin_cmake_args' from command line to 'None'
[0.367s] Level 5:colcon.colcon_core.verb:set package 'drone_c' build argument 'catkin_skip_building_tests' from command line to 'False'
[0.367s] DEBUG:colcon.colcon_core.verb:Building package 'drone_c' with the following arguments: {'ament_cmake_args': None, 'build_base': '/home/naor/Desktop/naor/study/Thesis/build/drone_c', 'catkin_cmake_args': None, 'catkin_skip_building_tests': False, 'cmake_args': None, 'cmake_clean_cache': False, 'cmake_clean_first': False, 'cmake_force_configure': False, 'cmake_target': None, 'cmake_target_skip_unavailable': False, 'install_base': '/home/naor/Desktop/naor/study/Thesis/install/drone_c', 'merge_install': False, 'path': '/home/naor/Desktop/naor/study/Thesis/src/drone_c', 'symlink_install': False, 'test_result_base': None}
[0.367s] Level 5:colcon.colcon_core.verb:set package 'ground_bot' build argument 'cmake_args' from command line to 'None'
[0.367s] Level 5:colcon.colcon_core.verb:set package 'ground_bot' build argument 'cmake_target' from command line to 'None'
[0.367s] Level 5:colcon.colcon_core.verb:set package 'ground_bot' build argument 'cmake_target_skip_unavailable' from command line to 'False'
[0.367s] Level 5:colcon.colcon_core.verb:set package 'ground_bot' build argument 'cmake_clean_cache' from command line to 'False'
[0.367s] Level 5:colcon.colcon_core.verb:set package 'ground_bot' build argument 'cmake_clean_first' from command line to 'False'
[0.367s] Level 5:colcon.colcon_core.verb:set package 'ground_bot' build argument 'cmake_force_configure' from command line to 'False'
[0.367s] Level 5:colcon.colcon_core.verb:set package 'ground_bot' build argument 'ament_cmake_args' from command line to 'None'
[0.367s] Level 5:colcon.colcon_core.verb:set package 'ground_bot' build argument 'catkin_cmake_args' from command line to 'None'
[0.367s] Level 5:colcon.colcon_core.verb:set package 'ground_bot' build argument 'catkin_skip_building_tests' from command line to 'False'
[0.367s] DEBUG:colcon.colcon_core.verb:Building package 'ground_bot' with the following arguments: {'ament_cmake_args': None, 'build_base': '/home/naor/Desktop/naor/study/Thesis/build/ground_bot', 'catkin_cmake_args': None, 'catkin_skip_building_tests': False, 'cmake_args': None, 'cmake_clean_cache': False, 'cmake_clean_first': False, 'cmake_force_configure': False, 'cmake_target': None, 'cmake_target_skip_unavailable': False, 'install_base': '/home/naor/Desktop/naor/study/Thesis/install/ground_bot', 'merge_install': False, 'path': '/home/naor/Desktop/naor/study/Thesis/src/ground_bot', 'symlink_install': False, 'test_result_base': None}
[0.367s] Level 5:colcon.colcon_core.verb:set package 'pointcloud_to_laserscan' build argument 'cmake_args' from command line to 'None'
[0.367s] Level 5:colcon.colcon_core.verb:set package 'pointcloud_to_laserscan' build argument 'cmake_target' from command line to 'None'
[0.367s] Level 5:colcon.colcon_core.verb:set package 'pointcloud_to_laserscan' build argument 'cmake_target_skip_unavailable' from command line to 'False'
[0.367s] Level 5:colcon.colcon_core.verb:set package 'pointcloud_to_laserscan' build argument 'cmake_clean_cache' from command line to 'False'
[0.367s] Level 5:colcon.colcon_core.verb:set package 'pointcloud_to_laserscan' build argument 'cmake_clean_first' from command line to 'False'
[0.367s] Level 5:colcon.colcon_core.verb:set package 'pointcloud_to_laserscan' build argument 'cmake_force_configure' from command line to 'False'
[0.367s] Level 5:colcon.colcon_core.verb:set package 'pointcloud_to_laserscan' build argument 'ament_cmake_args' from command line to 'None'
[0.367s] Level 5:colcon.colcon_core.verb:set package 'pointcloud_to_laserscan' build argument 'catkin_cmake_args' from command line to 'None'
[0.367s] Level 5:colcon.colcon_core.verb:set package 'pointcloud_to_laserscan' build argument 'catkin_skip_building_tests' from command line to 'False'
[0.367s] DEBUG:colcon.colcon_core.verb:Building package 'pointcloud_to_laserscan' with the following arguments: {'ament_cmake_args': None, 'build_base': '/home/naor/Desktop/naor/study/Thesis/build/pointcloud_to_laserscan', 'catkin_cmake_args': None, 'catkin_skip_building_tests': False, 'cmake_args': None, 'cmake_clean_cache': False, 'cmake_clean_first': False, 'cmake_force_configure': False, 'cmake_target': None, 'cmake_target_skip_unavailable': False, 'install_base': '/home/naor/Desktop/naor/study/Thesis/install/pointcloud_to_laserscan', 'merge_install': False, 'path': '/home/naor/Desktop/naor/study/Thesis/src/pointcloud_to_laserscan', 'symlink_install': False, 'test_result_base': None}
[0.367s] Level 5:colcon.colcon_core.verb:set package 'robot_description' build argument 'cmake_args' from command line to 'None'
[0.367s] Level 5:colcon.colcon_core.verb:set package 'robot_description' build argument 'cmake_target' from command line to 'None'
[0.367s] Level 5:colcon.colcon_core.verb:set package 'robot_description' build argument 'cmake_target_skip_unavailable' from command line to 'False'
[0.367s] Level 5:colcon.colcon_core.verb:set package 'robot_description' build argument 'cmake_clean_cache' from command line to 'False'
[0.367s] Level 5:colcon.colcon_core.verb:set package 'robot_description' build argument 'cmake_clean_first' from command line to 'False'
[0.367s] Level 5:colcon.colcon_core.verb:set package 'robot_description' build argument 'cmake_force_configure' from command line to 'False'
[0.367s] Level 5:colcon.colcon_core.verb:set package 'robot_description' build argument 'ament_cmake_args' from command line to 'None'
[0.367s] Level 5:colcon.colcon_core.verb:set package 'robot_description' build argument 'catkin_cmake_args' from command line to 'None'
[0.368s] Level 5:colcon.colcon_core.verb:set package 'robot_description' build argument 'catkin_skip_building_tests' from command line to 'False'
[0.368s] DEBUG:colcon.colcon_core.verb:Building package 'robot_description' with the following arguments: {'ament_cmake_args': None, 'build_base': '/home/naor/Desktop/naor/study/Thesis/build/robot_description', 'catkin_cmake_args': None, 'catkin_skip_building_tests': False, 'cmake_args': None, 'cmake_clean_cache': False, 'cmake_clean_first': False, 'cmake_force_configure': False, 'cmake_target': None, 'cmake_target_skip_unavailable': False, 'install_base': '/home/naor/Desktop/naor/study/Thesis/install/robot_description', 'merge_install': False, 'path': '/home/naor/Desktop/naor/study/Thesis/src/robot_description', 'symlink_install': False, 'test_result_base': None}
[0.368s] Level 5:colcon.colcon_core.verb:set package 'roller' build argument 'cmake_args' from command line to 'None'
[0.368s] Level 5:colcon.colcon_core.verb:set package 'roller' build argument 'cmake_target' from command line to 'None'
[0.368s] Level 5:colcon.colcon_core.verb:set package 'roller' build argument 'cmake_target_skip_unavailable' from command line to 'False'
[0.368s] Level 5:colcon.colcon_core.verb:set package 'roller' build argument 'cmake_clean_cache' from command line to 'False'
[0.368s] Level 5:colcon.colcon_core.verb:set package 'roller' build argument 'cmake_clean_first' from command line to 'False'
[0.368s] Level 5:colcon.colcon_core.verb:set package 'roller' build argument 'cmake_force_configure' from command line to 'False'
[0.368s] Level 5:colcon.colcon_core.verb:set package 'roller' build argument 'ament_cmake_args' from command line to 'None'
[0.368s] Level 5:colcon.colcon_core.verb:set package 'roller' build argument 'catkin_cmake_args' from command line to 'None'
[0.368s] Level 5:colcon.colcon_core.verb:set package 'roller' build argument 'catkin_skip_building_tests' from command line to 'False'
[0.368s] DEBUG:colcon.colcon_core.verb:Building package 'roller' with the following arguments: {'ament_cmake_args': None, 'build_base': '/home/naor/Desktop/naor/study/Thesis/build/roller', 'catkin_cmake_args': None, 'catkin_skip_building_tests': False, 'cmake_args': None, 'cmake_clean_cache': False, 'cmake_clean_first': False, 'cmake_force_configure': False, 'cmake_target': None, 'cmake_target_skip_unavailable': False, 'install_base': '/home/naor/Desktop/naor/study/Thesis/install/roller', 'merge_install': False, 'path': '/home/naor/Desktop/naor/study/Thesis/src/roller', 'symlink_install': False, 'test_result_base': None}
[0.368s] Level 5:colcon.colcon_core.verb:set package 'camera_nav' build argument 'cmake_args' from command line to 'None'
[0.368s] Level 5:colcon.colcon_core.verb:set package 'camera_nav' build argument 'cmake_target' from command line to 'None'
[0.368s] Level 5:colcon.colcon_core.verb:set package 'camera_nav' build argument 'cmake_target_skip_unavailable' from command line to 'False'
[0.368s] Level 5:colcon.colcon_core.verb:set package 'camera_nav' build argument 'cmake_clean_cache' from command line to 'False'
[0.368s] Level 5:colcon.colcon_core.verb:set package 'camera_nav' build argument 'cmake_clean_first' from command line to 'False'
[0.368s] Level 5:colcon.colcon_core.verb:set package 'camera_nav' build argument 'cmake_force_configure' from command line to 'False'
[0.368s] Level 5:colcon.colcon_core.verb:set package 'camera_nav' build argument 'ament_cmake_args' from command line to 'None'
[0.368s] Level 5:colcon.colcon_core.verb:set package 'camera_nav' build argument 'catkin_cmake_args' from command line to 'None'
[0.368s] Level 5:colcon.colcon_core.verb:set package 'camera_nav' build argument 'catkin_skip_building_tests' from command line to 'False'
[0.368s] DEBUG:colcon.colcon_core.verb:Building package 'camera_nav' with the following arguments: {'ament_cmake_args': None, 'build_base': '/home/naor/Desktop/naor/study/Thesis/build/camera_nav', 'catkin_cmake_args': None, 'catkin_skip_building_tests': False, 'cmake_args': None, 'cmake_clean_cache': False, 'cmake_clean_first': False, 'cmake_force_configure': False, 'cmake_target': None, 'cmake_target_skip_unavailable': False, 'install_base': '/home/naor/Desktop/naor/study/Thesis/install/camera_nav', 'merge_install': False, 'path': '/home/naor/Desktop/naor/study/Thesis/src/camera_nav', 'symlink_install': False, 'test_result_base': None}
[0.368s] INFO:colcon.colcon_core.executor:Executing jobs using 'parallel' executor
[0.369s] DEBUG:colcon.colcon_parallel_executor.executor.parallel:run_until_complete
[0.369s] INFO:colcon.colcon_ros.task.ament_cmake.build:Building ROS package in '/home/naor/Desktop/naor/study/Thesis/src/pointcloud_to_laserscan' with build type 'ament_cmake'
[0.369s] INFO:colcon.colcon_cmake.task.cmake.build:Building CMake package in '/home/naor/Desktop/naor/study/Thesis/src/pointcloud_to_laserscan'
[0.373s] INFO:colcon.colcon_core.plugin_system:Skipping extension 'colcon_core.shell.bat': Not used on non-Windows systems
[0.373s] INFO:colcon.colcon_core.shell:Skip shell extension 'powershell' for command environment: Not usable outside of PowerShell
[0.373s] DEBUG:colcon.colcon_core.shell:Skip shell extension 'dsv' for command environment
[0.376s] INFO:colcon.colcon_ros.task.ament_python.build:Building ROS package in '/home/naor/Desktop/naor/study/Thesis/src/controller' with build type 'ament_python'
[0.376s] Level 1:colcon.colcon_core.shell:create_environment_hook('controller', 'ament_prefix_path')
[0.376s] INFO:colcon.colcon_core.shell:Creating environment hook '/home/naor/Desktop/naor/study/Thesis/install/controller/share/controller/hook/ament_prefix_path.ps1'
[0.377s] INFO:colcon.colcon_core.shell:Creating environment descriptor '/home/naor/Desktop/naor/study/Thesis/install/controller/share/controller/hook/ament_prefix_path.dsv'
[0.377s] INFO:colcon.colcon_core.shell:Creating environment hook '/home/naor/Desktop/naor/study/Thesis/install/controller/share/controller/hook/ament_prefix_path.sh'
[0.378s] INFO:colcon.colcon_core.shell:Skip shell extension 'powershell' for command environment: Not usable outside of PowerShell
[0.378s] DEBUG:colcon.colcon_core.shell:Skip shell extension 'dsv' for command environment
[0.380s] INFO:colcon.colcon_ros.task.ament_cmake.build:Building ROS package in '/home/naor/Desktop/naor/study/Thesis/src/drone_c' with build type 'ament_cmake'
[0.380s] INFO:colcon.colcon_cmake.task.cmake.build:Building CMake package in '/home/naor/Desktop/naor/study/Thesis/src/drone_c'
[0.380s] INFO:colcon.colcon_core.shell:Skip shell extension 'powershell' for command environment: Not usable outside of PowerShell
[0.380s] DEBUG:colcon.colcon_core.shell:Skip shell extension 'dsv' for command environment
[0.382s] INFO:colcon.colcon_ros.task.ament_cmake.build:Building ROS package in '/home/naor/Desktop/naor/study/Thesis/src/ground_bot' with build type 'ament_cmake'
[0.383s] INFO:colcon.colcon_cmake.task.cmake.build:Building CMake package in '/home/naor/Desktop/naor/study/Thesis/src/ground_bot'
[0.383s] INFO:colcon.colcon_core.shell:Skip shell extension 'powershell' for command environment: Not usable outside of PowerShell
[0.383s] DEBUG:colcon.colcon_core.shell:Skip shell extension 'dsv' for command environment
[0.385s] INFO:colcon.colcon_ros.task.ament_cmake.build:Building ROS package in '/home/naor/Desktop/naor/study/Thesis/src/robot_description' with build type 'ament_cmake'
[0.385s] INFO:colcon.colcon_cmake.task.cmake.build:Building CMake package in '/home/naor/Desktop/naor/study/Thesis/src/robot_description'
[0.385s] INFO:colcon.colcon_core.shell:Skip shell extension 'powershell' for command environment: Not usable outside of PowerShell
[0.385s] DEBUG:colcon.colcon_core.shell:Skip shell extension 'dsv' for command environment
[0.388s] INFO:colcon.colcon_ros.task.ament_python.build:Building ROS package in '/home/naor/Desktop/naor/study/Thesis/src/roller' with build type 'ament_python'
[0.388s] Level 1:colcon.colcon_core.shell:create_environment_hook('roller', 'ament_prefix_path')
[0.388s] INFO:colcon.colcon_core.shell:Creating environment hook '/home/naor/Desktop/naor/study/Thesis/install/roller/share/roller/hook/ament_prefix_path.ps1'
[0.389s] INFO:colcon.colcon_core.shell:Creating environment descriptor '/home/naor/Desktop/naor/study/Thesis/install/roller/share/roller/hook/ament_prefix_path.dsv'
[0.389s] INFO:colcon.colcon_core.shell:Creating environment hook '/home/naor/Desktop/naor/study/Thesis/install/roller/share/roller/hook/ament_prefix_path.sh'
[0.390s] INFO:colcon.colcon_core.shell:Skip shell extension 'powershell' for command environment: Not usable outside of PowerShell
[0.390s] DEBUG:colcon.colcon_core.shell:Skip shell extension 'dsv' for command environment
[0.395s] DEBUG:colcon.colcon_core.event_handler.log_command:Invoking command in '/home/naor/Desktop/naor/study/Thesis/build/pointcloud_to_laserscan': CMAKE_PREFIX_PATH=/home/naor/Desktop/naor/work/capsule_repo/install/teensy_ers:/home/naor/Desktop/naor/work/capsule_repo/install/elers_bridge:/opt/ros/humble /usr/bin/cmake --build /home/naor/Desktop/naor/study/Thesis/build/pointcloud_to_laserscan -- -j16 -l16
[0.550s] INFO:colcon.colcon_core.task.python.build:Building Python package in '/home/naor/Desktop/naor/study/Thesis/src/controller'
[0.551s] INFO:colcon.colcon_core.shell:Skip shell extension 'powershell' for command environment: Not usable outside of PowerShell
[0.551s] DEBUG:colcon.colcon_core.shell:Skip shell extension 'dsv' for command environment
[0.555s] DEBUG:colcon.colcon_core.event_handler.log_command:Invoking command in '/home/naor/Desktop/naor/study/Thesis/build/drone_c': CMAKE_PREFIX_PATH=/home/naor/Desktop/naor/work/capsule_repo/install/teensy_ers:/home/naor/Desktop/naor/work/capsule_repo/install/elers_bridge:/opt/ros/humble /usr/bin/cmake --build /home/naor/Desktop/naor/study/Thesis/build/drone_c -- -j16 -l16
[0.557s] DEBUG:colcon.colcon_core.event_handler.log_command:Invoking command in '/home/naor/Desktop/naor/study/Thesis/build/ground_bot': CMAKE_PREFIX_PATH=/home/naor/Desktop/naor/work/capsule_repo/install/teensy_ers:/home/naor/Desktop/naor/work/capsule_repo/install/elers_bridge:/opt/ros/humble /usr/bin/cmake --build /home/naor/Desktop/naor/study/Thesis/build/ground_bot -- -j16 -l16
[0.560s] DEBUG:colcon.colcon_core.event_handler.log_command:Invoking command in '/home/naor/Desktop/naor/study/Thesis/build/robot_description': CMAKE_PREFIX_PATH=/home/naor/Desktop/naor/work/capsule_repo/install/teensy_ers:/home/naor/Desktop/naor/work/capsule_repo/install/elers_bridge:/opt/ros/humble /usr/bin/cmake --build /home/naor/Desktop/naor/study/Thesis/build/robot_description -- -j16 -l16
[0.741s] INFO:colcon.colcon_core.task.python.build:Building Python package in '/home/naor/Desktop/naor/study/Thesis/src/roller'
[0.742s] INFO:colcon.colcon_core.shell:Skip shell extension 'powershell' for command environment: Not usable outside of PowerShell
[0.742s] DEBUG:colcon.colcon_core.shell:Skip shell extension 'dsv' for command environment
[0.745s] DEBUG:colcon.colcon_core.event_handler.log_command:Invoked command in '/home/naor/Desktop/naor/study/Thesis/build/pointcloud_to_laserscan' returned '0': CMAKE_PREFIX_PATH=/home/naor/Desktop/naor/work/capsule_repo/install/teensy_ers:/home/naor/Desktop/naor/work/capsule_repo/install/elers_bridge:/opt/ros/humble /usr/bin/cmake --build /home/naor/Desktop/naor/study/Thesis/build/pointcloud_to_laserscan -- -j16 -l16
[0.753s] DEBUG:colcon.colcon_core.event_handler.log_command:Invoking command in '/home/naor/Desktop/naor/study/Thesis/build/pointcloud_to_laserscan': CMAKE_PREFIX_PATH=/home/naor/Desktop/naor/work/capsule_repo/install/teensy_ers:/home/naor/Desktop/naor/work/capsule_repo/install/elers_bridge:/opt/ros/humble /usr/bin/cmake --install /home/naor/Desktop/naor/study/Thesis/build/pointcloud_to_laserscan
[0.756s] DEBUG:colcon.colcon_core.event_handler.log_command:Invoked command in '/home/naor/Desktop/naor/study/Thesis/build/robot_description' returned '0': CMAKE_PREFIX_PATH=/home/naor/Desktop/naor/work/capsule_repo/install/teensy_ers:/home/naor/Desktop/naor/work/capsule_repo/install/elers_bridge:/opt/ros/humble /usr/bin/cmake --build /home/naor/Desktop/naor/study/Thesis/build/robot_description -- -j16 -l16
[0.758s] DEBUG:colcon.colcon_core.event_handler.log_command:Invoking command in '/home/naor/Desktop/naor/study/Thesis/build/robot_description': CMAKE_PREFIX_PATH=/home/naor/Desktop/naor/work/capsule_repo/install/teensy_ers:/home/naor/Desktop/naor/work/capsule_repo/install/elers_bridge:/opt/ros/humble /usr/bin/cmake --install /home/naor/Desktop/naor/study/Thesis/build/robot_description
[0.768s] Level 1:colcon.colcon_core.environment:create_environment_scripts_only(pointcloud_to_laserscan)
[0.768s] DEBUG:colcon.colcon_core.event_handler.log_command:Invoked command in '/home/naor/Desktop/naor/study/Thesis/build/pointcloud_to_laserscan' returned '0': CMAKE_PREFIX_PATH=/home/naor/Desktop/naor/work/capsule_repo/install/teensy_ers:/home/naor/Desktop/naor/work/capsule_repo/install/elers_bridge:/opt/ros/humble /usr/bin/cmake --install /home/naor/Desktop/naor/study/Thesis/build/pointcloud_to_laserscan
[0.774s] Level 1:colcon.colcon_core.environment:checking '/home/naor/Desktop/naor/study/Thesis/install/pointcloud_to_laserscan' for CMake module files
[0.775s] Level 1:colcon.colcon_core.environment:checking '/home/naor/Desktop/naor/study/Thesis/install/pointcloud_to_laserscan' for CMake config files
[0.775s] Level 1:colcon.colcon_core.shell:create_environment_hook('pointcloud_to_laserscan', 'cmake_prefix_path')
[0.776s] INFO:colcon.colcon_core.shell:Creating environment hook '/home/naor/Desktop/naor/study/Thesis/install/pointcloud_to_laserscan/share/pointcloud_to_laserscan/hook/cmake_prefix_path.ps1'
[0.777s] INFO:colcon.colcon_core.shell:Creating environment descriptor '/home/naor/Desktop/naor/study/Thesis/install/pointcloud_to_laserscan/share/pointcloud_to_laserscan/hook/cmake_prefix_path.dsv'
[0.777s] INFO:colcon.colcon_core.shell:Creating environment hook '/home/naor/Desktop/naor/study/Thesis/install/pointcloud_to_laserscan/share/pointcloud_to_laserscan/hook/cmake_prefix_path.sh'
[0.778s] Level 1:colcon.colcon_core.environment:checking '/home/naor/Desktop/naor/study/Thesis/install/pointcloud_to_laserscan/lib'
[0.778s] Level 1:colcon.colcon_core.shell:create_environment_hook('pointcloud_to_laserscan', 'ld_library_path_lib')
[0.778s] INFO:colcon.colcon_core.shell:Creating environment hook '/home/naor/Desktop/naor/study/Thesis/install/pointcloud_to_laserscan/share/pointcloud_to_laserscan/hook/ld_library_path_lib.ps1'
[0.779s] INFO:colcon.colcon_core.shell:Creating environment descriptor '/home/naor/Desktop/naor/study/Thesis/install/pointcloud_to_laserscan/share/pointcloud_to_laserscan/hook/ld_library_path_lib.dsv'
[0.779s] INFO:colcon.colcon_core.shell:Creating environment hook '/home/naor/Desktop/naor/study/Thesis/install/pointcloud_to_laserscan/share/pointcloud_to_laserscan/hook/ld_library_path_lib.sh'
[0.780s] Level 1:colcon.colcon_core.environment:checking '/home/naor/Desktop/naor/study/Thesis/install/pointcloud_to_laserscan/bin'
[0.780s] Level 1:colcon.colcon_core.environment:checking '/home/naor/Desktop/naor/study/Thesis/install/pointcloud_to_laserscan/lib/pkgconfig/pointcloud_to_laserscan.pc'
[0.780s] Level 1:colcon.colcon_core.environment:checking '/home/naor/Desktop/naor/study/Thesis/install/pointcloud_to_laserscan/lib/python3.10/site-packages'
[0.780s] Level 1:colcon.colcon_core.environment:checking '/home/naor/Desktop/naor/study/Thesis/install/pointcloud_to_laserscan/bin'
[0.781s] INFO:colcon.colcon_core.shell:Creating package script '/home/naor/Desktop/naor/study/Thesis/install/pointcloud_to_laserscan/share/pointcloud_to_laserscan/package.ps1'
[0.782s] INFO:colcon.colcon_core.shell:Creating package descriptor '/home/naor/Desktop/naor/study/Thesis/install/pointcloud_to_laserscan/share/pointcloud_to_laserscan/package.dsv'
[0.782s] INFO:colcon.colcon_core.shell:Creating package script '/home/naor/Desktop/naor/study/Thesis/install/pointcloud_to_laserscan/share/pointcloud_to_laserscan/package.sh'
[0.783s] INFO:colcon.colcon_core.shell:Creating package script '/home/naor/Desktop/naor/study/Thesis/install/pointcloud_to_laserscan/share/pointcloud_to_laserscan/package.bash'
[0.783s] INFO:colcon.colcon_core.shell:Creating package script '/home/naor/Desktop/naor/study/Thesis/install/pointcloud_to_laserscan/share/pointcloud_to_laserscan/package.zsh'
[0.784s] Level 1:colcon.colcon_core.environment:create_file_with_runtime_dependencies(/home/naor/Desktop/naor/study/Thesis/install/pointcloud_to_laserscan/share/colcon-core/packages/pointcloud_to_laserscan)
[0.784s] Level 1:colcon.colcon_core.environment:create_environment_scripts_only(pointcloud_to_laserscan)
[0.784s] Level 1:colcon.colcon_core.environment:checking '/home/naor/Desktop/naor/study/Thesis/install/pointcloud_to_laserscan' for CMake module files
[0.785s] Level 1:colcon.colcon_core.environment:checking '/home/naor/Desktop/naor/study/Thesis/install/pointcloud_to_laserscan' for CMake config files
[0.785s] Level 1:colcon.colcon_core.shell:create_environment_hook('pointcloud_to_laserscan', 'cmake_prefix_path')
[0.785s] INFO:colcon.colcon_core.shell:Creating environment hook '/home/naor/Desktop/naor/study/Thesis/install/pointcloud_to_laserscan/share/pointcloud_to_laserscan/hook/cmake_prefix_path.ps1'
[0.785s] INFO:colcon.colcon_core.shell:Creating environment descriptor '/home/naor/Desktop/naor/study/Thesis/install/pointcloud_to_laserscan/share/pointcloud_to_laserscan/hook/cmake_prefix_path.dsv'
[0.786s] INFO:colcon.colcon_core.shell:Creating environment hook '/home/naor/Desktop/naor/study/Thesis/install/pointcloud_to_laserscan/share/pointcloud_to_laserscan/hook/cmake_prefix_path.sh'
[0.786s] Level 1:colcon.colcon_core.environment:checking '/home/naor/Desktop/naor/study/Thesis/install/pointcloud_to_laserscan/lib'
[0.786s] Level 1:colcon.colcon_core.shell:create_environment_hook('pointcloud_to_laserscan', 'ld_library_path_lib')
[0.786s] INFO:colcon.colcon_core.shell:Creating environment hook '/home/naor/Desktop/naor/study/Thesis/install/pointcloud_to_laserscan/share/pointcloud_to_laserscan/hook/ld_library_path_lib.ps1'
[0.786s] INFO:colcon.colcon_core.shell:Creating environment descriptor '/home/naor/Desktop/naor/study/Thesis/install/pointcloud_to_laserscan/share/pointcloud_to_laserscan/hook/ld_library_path_lib.dsv'
[0.787s] INFO:colcon.colcon_core.shell:Creating environment hook '/home/naor/Desktop/naor/study/Thesis/install/pointcloud_to_laserscan/share/pointcloud_to_laserscan/hook/ld_library_path_lib.sh'
[0.787s] Level 1:colcon.colcon_core.environment:checking '/home/naor/Desktop/naor/study/Thesis/install/pointcloud_to_laserscan/bin'
[0.787s] Level 1:colcon.colcon_core.environment:checking '/home/naor/Desktop/naor/study/Thesis/install/pointcloud_to_laserscan/lib/pkgconfig/pointcloud_to_laserscan.pc'
[0.787s] Level 1:colcon.colcon_core.environment:checking '/home/naor/Desktop/naor/study/Thesis/install/pointcloud_to_laserscan/lib/python3.10/site-packages'
[0.787s] Level 1:colcon.colcon_core.environment:checking '/home/naor/Desktop/naor/study/Thesis/install/pointcloud_to_laserscan/bin'
[0.788s] INFO:colcon.colcon_core.shell:Creating package script '/home/naor/Desktop/naor/study/Thesis/install/pointcloud_to_laserscan/share/pointcloud_to_laserscan/package.ps1'
[0.788s] INFO:colcon.colcon_core.shell:Creating package descriptor '/home/naor/Desktop/naor/study/Thesis/install/pointcloud_to_laserscan/share/pointcloud_to_laserscan/package.dsv'
[0.788s] INFO:colcon.colcon_core.shell:Creating package script '/home/naor/Desktop/naor/study/Thesis/install/pointcloud_to_laserscan/share/pointcloud_to_laserscan/package.sh'
[0.789s] INFO:colcon.colcon_core.shell:Creating package script '/home/naor/Desktop/naor/study/Thesis/install/pointcloud_to_laserscan/share/pointcloud_to_laserscan/package.bash'
[0.789s] INFO:colcon.colcon_core.shell:Creating package script '/home/naor/Desktop/naor/study/Thesis/install/pointcloud_to_laserscan/share/pointcloud_to_laserscan/package.zsh'
[0.789s] Level 1:colcon.colcon_core.environment:create_file_with_runtime_dependencies(/home/naor/Desktop/naor/study/Thesis/install/pointcloud_to_laserscan/share/colcon-core/packages/pointcloud_to_laserscan)
[0.789s] INFO:colcon.colcon_ros.task.ament_python.build:Building ROS package in '/home/naor/Desktop/naor/study/Thesis/src/camera_nav' with build type 'ament_python'
[0.790s] Level 1:colcon.colcon_core.shell:create_environment_hook('camera_nav', 'ament_prefix_path')
[0.790s] INFO:colcon.colcon_core.shell:Creating environment hook '/home/naor/Desktop/naor/study/Thesis/install/camera_nav/share/camera_nav/hook/ament_prefix_path.ps1'
[0.790s] INFO:colcon.colcon_core.shell:Creating environment descriptor '/home/naor/Desktop/naor/study/Thesis/install/camera_nav/share/camera_nav/hook/ament_prefix_path.dsv'
[0.791s] INFO:colcon.colcon_core.shell:Creating environment hook '/home/naor/Desktop/naor/study/Thesis/install/camera_nav/share/camera_nav/hook/ament_prefix_path.sh'
[0.791s] INFO:colcon.colcon_core.shell:Skip shell extension 'powershell' for command environment: Not usable outside of PowerShell
[0.791s] DEBUG:colcon.colcon_core.shell:Skip shell extension 'dsv' for command environment
[0.794s] Level 1:colcon.colcon_core.environment:create_environment_scripts_only(robot_description)
[0.795s] Level 1:colcon.colcon_core.environment:checking '/home/naor/Desktop/naor/study/Thesis/install/robot_description' for CMake module files
[0.795s] DEBUG:colcon.colcon_core.event_handler.log_command:Invoked command in '/home/naor/Desktop/naor/study/Thesis/build/robot_description' returned '0': CMAKE_PREFIX_PATH=/home/naor/Desktop/naor/work/capsule_repo/install/teensy_ers:/home/naor/Desktop/naor/work/capsule_repo/install/elers_bridge:/opt/ros/humble /usr/bin/cmake --install /home/naor/Desktop/naor/study/Thesis/build/robot_description
[0.795s] Level 1:colcon.colcon_core.environment:checking '/home/naor/Desktop/naor/study/Thesis/install/robot_description' for CMake config files
[0.795s] Level 1:colcon.colcon_core.shell:create_environment_hook('robot_description', 'cmake_prefix_path')
[0.796s] INFO:colcon.colcon_core.shell:Creating environment hook '/home/naor/Desktop/naor/study/Thesis/install/robot_description/share/robot_description/hook/cmake_prefix_path.ps1'
[0.797s] INFO:colcon.colcon_core.shell:Creating environment descriptor '/home/naor/Desktop/naor/study/Thesis/install/robot_description/share/robot_description/hook/cmake_prefix_path.dsv'
[0.797s] INFO:colcon.colcon_core.shell:Creating environment hook '/home/naor/Desktop/naor/study/Thesis/install/robot_description/share/robot_description/hook/cmake_prefix_path.sh'
[0.798s] Level 1:colcon.colcon_core.environment:checking '/home/naor/Desktop/naor/study/Thesis/install/robot_description/bin'
[0.798s] Level 1:colcon.colcon_core.environment:checking '/home/naor/Desktop/naor/study/Thesis/install/robot_description/lib/pkgconfig/robot_description.pc'
[0.798s] Level 1:colcon.colcon_core.environment:checking '/home/naor/Desktop/naor/study/Thesis/install/robot_description/lib/python3.10/site-packages'
[0.798s] Level 1:colcon.colcon_core.environment:checking '/home/naor/Desktop/naor/study/Thesis/install/robot_description/bin'
[0.799s] INFO:colcon.colcon_core.shell:Creating package script '/home/naor/Desktop/naor/study/Thesis/install/robot_description/share/robot_description/package.ps1'
[0.799s] INFO:colcon.colcon_core.shell:Creating package descriptor '/home/naor/Desktop/naor/study/Thesis/install/robot_description/share/robot_description/package.dsv'
[0.799s] INFO:colcon.colcon_core.shell:Creating package script '/home/naor/Desktop/naor/study/Thesis/install/robot_description/share/robot_description/package.sh'
[0.799s] INFO:colcon.colcon_core.shell:Creating package script '/home/naor/Desktop/naor/study/Thesis/install/robot_description/share/robot_description/package.bash'
[0.800s] INFO:colcon.colcon_core.shell:Creating package script '/home/naor/Desktop/naor/study/Thesis/install/robot_description/share/robot_description/package.zsh'
[0.800s] Level 1:colcon.colcon_core.environment:create_file_with_runtime_dependencies(/home/naor/Desktop/naor/study/Thesis/install/robot_description/share/colcon-core/packages/robot_description)
[0.801s] Level 1:colcon.colcon_core.environment:create_environment_scripts_only(robot_description)
[0.802s] Level 1:colcon.colcon_core.environment:checking '/home/naor/Desktop/naor/study/Thesis/install/robot_description' for CMake module files
[0.802s] Level 1:colcon.colcon_core.environment:checking '/home/naor/Desktop/naor/study/Thesis/install/robot_description' for CMake config files
[0.802s] Level 1:colcon.colcon_core.shell:create_environment_hook('robot_description', 'cmake_prefix_path')
[0.803s] INFO:colcon.colcon_core.shell:Creating environment hook '/home/naor/Desktop/naor/study/Thesis/install/robot_description/share/robot_description/hook/cmake_prefix_path.ps1'
[0.803s] INFO:colcon.colcon_core.shell:Creating environment descriptor '/home/naor/Desktop/naor/study/Thesis/install/robot_description/share/robot_description/hook/cmake_prefix_path.dsv'
[0.804s] INFO:colcon.colcon_core.shell:Creating environment hook '/home/naor/Desktop/naor/study/Thesis/install/robot_description/share/robot_description/hook/cmake_prefix_path.sh'
[0.804s] Level 1:colcon.colcon_core.environment:checking '/home/naor/Desktop/naor/study/Thesis/install/robot_description/bin'
[0.804s] Level 1:colcon.colcon_core.environment:checking '/home/naor/Desktop/naor/study/Thesis/install/robot_description/lib/pkgconfig/robot_description.pc'
[0.804s] Level 1:colcon.colcon_core.environment:checking '/home/naor/Desktop/naor/study/Thesis/install/robot_description/lib/python3.10/site-packages'
[0.805s] Level 1:colcon.colcon_core.environment:checking '/home/naor/Desktop/naor/study/Thesis/install/robot_description/bin'
[0.805s] INFO:colcon.colcon_core.shell:Creating package script '/home/naor/Desktop/naor/study/Thesis/install/robot_description/share/robot_description/package.ps1'
[0.805s] INFO:colcon.colcon_core.shell:Creating package descriptor '/home/naor/Desktop/naor/study/Thesis/install/robot_description/share/robot_description/package.dsv'
[0.805s] INFO:colcon.colcon_core.shell:Creating package script '/home/naor/Desktop/naor/study/Thesis/install/robot_description/share/robot_description/package.sh'
[0.806s] INFO:colcon.colcon_core.shell:Creating package script '/home/naor/Desktop/naor/study/Thesis/install/robot_description/share/robot_description/package.bash'
[0.806s] INFO:colcon.colcon_core.shell:Creating package script '/home/naor/Desktop/naor/study/Thesis/install/robot_description/share/robot_description/package.zsh'
[0.806s] Level 1:colcon.colcon_core.environment:create_file_with_runtime_dependencies(/home/naor/Desktop/naor/study/Thesis/install/robot_description/share/colcon-core/packages/robot_description)
[0.966s] INFO:colcon.colcon_core.task.python.build:Building Python package in '/home/naor/Desktop/naor/study/Thesis/src/camera_nav'
[0.966s] INFO:colcon.colcon_core.shell:Skip shell extension 'powershell' for command environment: Not usable outside of PowerShell
[0.966s] DEBUG:colcon.colcon_core.shell:Skip shell extension 'dsv' for command environment
[0.970s] DEBUG:colcon.colcon_core.event_handler.log_command:Invoked command in '/home/naor/Desktop/naor/study/Thesis/build/ground_bot' returned '0': CMAKE_PREFIX_PATH=/home/naor/Desktop/naor/work/capsule_repo/install/teensy_ers:/home/naor/Desktop/naor/work/capsule_repo/install/elers_bridge:/opt/ros/humble /usr/bin/cmake --build /home/naor/Desktop/naor/study/Thesis/build/ground_bot -- -j16 -l16
[0.972s] DEBUG:colcon.colcon_core.event_handler.log_command:Invoking command in '/home/naor/Desktop/naor/study/Thesis/build/ground_bot': CMAKE_PREFIX_PATH=/home/naor/Desktop/naor/work/capsule_repo/install/teensy_ers:/home/naor/Desktop/naor/work/capsule_repo/install/elers_bridge:/opt/ros/humble /usr/bin/cmake --install /home/naor/Desktop/naor/study/Thesis/build/ground_bot
[0.973s] DEBUG:colcon.colcon_core.event_handler.log_command:Invoked command in '/home/naor/Desktop/naor/study/Thesis/build/drone_c' returned '0': CMAKE_PREFIX_PATH=/home/naor/Desktop/naor/work/capsule_repo/install/teensy_ers:/home/naor/Desktop/naor/work/capsule_repo/install/elers_bridge:/opt/ros/humble /usr/bin/cmake --build /home/naor/Desktop/naor/study/Thesis/build/drone_c -- -j16 -l16
[0.974s] DEBUG:colcon.colcon_core.event_handler.log_command:Invoking command in '/home/naor/Desktop/naor/study/Thesis/build/drone_c': CMAKE_PREFIX_PATH=/home/naor/Desktop/naor/work/capsule_repo/install/teensy_ers:/home/naor/Desktop/naor/work/capsule_repo/install/elers_bridge:/opt/ros/humble /usr/bin/cmake --install /home/naor/Desktop/naor/study/Thesis/build/drone_c
[1.026s] Level 1:colcon.colcon_core.environment:create_environment_scripts_only(drone_c)
[1.026s] Level 1:colcon.colcon_core.environment:checking '/home/naor/Desktop/naor/study/Thesis/install/drone_c' for CMake module files
[1.027s] DEBUG:colcon.colcon_core.event_handler.log_command:Invoked command in '/home/naor/Desktop/naor/study/Thesis/build/drone_c' returned '0': CMAKE_PREFIX_PATH=/home/naor/Desktop/naor/work/capsule_repo/install/teensy_ers:/home/naor/Desktop/naor/work/capsule_repo/install/elers_bridge:/opt/ros/humble /usr/bin/cmake --install /home/naor/Desktop/naor/study/Thesis/build/drone_c
[1.028s] Level 1:colcon.colcon_core.environment:checking '/home/naor/Desktop/naor/study/Thesis/install/drone_c' for CMake config files
[1.028s] Level 1:colcon.colcon_core.shell:create_environment_hook('drone_c', 'cmake_prefix_path')
[1.028s] INFO:colcon.colcon_core.shell:Creating environment hook '/home/naor/Desktop/naor/study/Thesis/install/drone_c/share/drone_c/hook/cmake_prefix_path.ps1'
[1.029s] INFO:colcon.colcon_core.shell:Creating environment descriptor '/home/naor/Desktop/naor/study/Thesis/install/drone_c/share/drone_c/hook/cmake_prefix_path.dsv'
[1.030s] INFO:colcon.colcon_core.shell:Creating environment hook '/home/naor/Desktop/naor/study/Thesis/install/drone_c/share/drone_c/hook/cmake_prefix_path.sh'
[1.031s] Level 1:colcon.colcon_core.environment:checking '/home/naor/Desktop/naor/study/Thesis/install/drone_c/lib'
[1.031s] Level 1:colcon.colcon_core.shell:create_environment_hook('drone_c', 'ld_library_path_lib')
[1.031s] INFO:colcon.colcon_core.shell:Creating environment hook '/home/naor/Desktop/naor/study/Thesis/install/drone_c/share/drone_c/hook/ld_library_path_lib.ps1'
[1.032s] INFO:colcon.colcon_core.shell:Creating environment descriptor '/home/naor/Desktop/naor/study/Thesis/install/drone_c/share/drone_c/hook/ld_library_path_lib.dsv'
[1.032s] INFO:colcon.colcon_core.shell:Creating environment hook '/home/naor/Desktop/naor/study/Thesis/install/drone_c/share/drone_c/hook/ld_library_path_lib.sh'
[1.032s] Level 1:colcon.colcon_core.environment:checking '/home/naor/Desktop/naor/study/Thesis/install/drone_c/bin'
[1.032s] Level 1:colcon.colcon_core.environment:checking '/home/naor/Desktop/naor/study/Thesis/install/drone_c/lib/pkgconfig/drone_c.pc'
[1.033s] Level 1:colcon.colcon_core.environment:checking '/home/naor/Desktop/naor/study/Thesis/install/drone_c/lib/python3.10/site-packages'
[1.033s] Level 1:colcon.colcon_core.environment:checking '/home/naor/Desktop/naor/study/Thesis/install/drone_c/bin'
[1.033s] INFO:colcon.colcon_core.shell:Creating package script '/home/naor/Desktop/naor/study/Thesis/install/drone_c/share/drone_c/package.ps1'
[1.034s] INFO:colcon.colcon_core.shell:Creating package descriptor '/home/naor/Desktop/naor/study/Thesis/install/drone_c/share/drone_c/package.dsv'
[1.034s] INFO:colcon.colcon_core.shell:Creating package script '/home/naor/Desktop/naor/study/Thesis/install/drone_c/share/drone_c/package.sh'
[1.035s] INFO:colcon.colcon_core.shell:Creating package script '/home/naor/Desktop/naor/study/Thesis/install/drone_c/share/drone_c/package.bash'
[1.035s] INFO:colcon.colcon_core.shell:Creating package script '/home/naor/Desktop/naor/study/Thesis/install/drone_c/share/drone_c/package.zsh'
[1.036s] Level 1:colcon.colcon_core.environment:create_file_with_runtime_dependencies(/home/naor/Desktop/naor/study/Thesis/install/drone_c/share/colcon-core/packages/drone_c)
[1.036s] Level 1:colcon.colcon_core.environment:create_environment_scripts_only(drone_c)
[1.037s] Level 1:colcon.colcon_core.environment:checking '/home/naor/Desktop/naor/study/Thesis/install/drone_c' for CMake module files
[1.037s] Level 1:colcon.colcon_core.environment:checking '/home/naor/Desktop/naor/study/Thesis/install/drone_c' for CMake config files
[1.037s] Level 1:colcon.colcon_core.shell:create_environment_hook('drone_c', 'cmake_prefix_path')
[1.038s] INFO:colcon.colcon_core.shell:Creating environment hook '/home/naor/Desktop/naor/study/Thesis/install/drone_c/share/drone_c/hook/cmake_prefix_path.ps1'
[1.038s] INFO:colcon.colcon_core.shell:Creating environment descriptor '/home/naor/Desktop/naor/study/Thesis/install/drone_c/share/drone_c/hook/cmake_prefix_path.dsv'
[1.038s] INFO:colcon.colcon_core.shell:Creating environment hook '/home/naor/Desktop/naor/study/Thesis/install/drone_c/share/drone_c/hook/cmake_prefix_path.sh'
[1.039s] Level 1:colcon.colcon_core.environment:checking '/home/naor/Desktop/naor/study/Thesis/install/drone_c/lib'
[1.039s] Level 1:colcon.colcon_core.shell:create_environment_hook('drone_c', 'ld_library_path_lib')
[1.039s] INFO:colcon.colcon_core.shell:Creating environment hook '/home/naor/Desktop/naor/study/Thesis/install/drone_c/share/drone_c/hook/ld_library_path_lib.ps1'
[1.039s] INFO:colcon.colcon_core.shell:Creating environment descriptor '/home/naor/Desktop/naor/study/Thesis/install/drone_c/share/drone_c/hook/ld_library_path_lib.dsv'
[1.039s] INFO:colcon.colcon_core.shell:Creating environment hook '/home/naor/Desktop/naor/study/Thesis/install/drone_c/share/drone_c/hook/ld_library_path_lib.sh'
[1.040s] Level 1:colcon.colcon_core.environment:checking '/home/naor/Desktop/naor/study/Thesis/install/drone_c/bin'
[1.040s] Level 1:colcon.colcon_core.environment:checking '/home/naor/Desktop/naor/study/Thesis/install/drone_c/lib/pkgconfig/drone_c.pc'
[1.040s] Level 1:colcon.colcon_core.environment:checking '/home/naor/Desktop/naor/study/Thesis/install/drone_c/lib/python3.10/site-packages'
[1.040s] Level 1:colcon.colcon_core.environment:checking '/home/naor/Desktop/naor/study/Thesis/install/drone_c/bin'
[1.040s] INFO:colcon.colcon_core.shell:Creating package script '/home/naor/Desktop/naor/study/Thesis/install/drone_c/share/drone_c/package.ps1'
[1.040s] INFO:colcon.colcon_core.shell:Creating package descriptor '/home/naor/Desktop/naor/study/Thesis/install/drone_c/share/drone_c/package.dsv'
[1.041s] INFO:colcon.colcon_core.shell:Creating package script '/home/naor/Desktop/naor/study/Thesis/install/drone_c/share/drone_c/package.sh'
[1.041s] INFO:colcon.colcon_core.shell:Creating package script '/home/naor/Desktop/naor/study/Thesis/install/drone_c/share/drone_c/package.bash'
[1.041s] INFO:colcon.colcon_core.shell:Creating package script '/home/naor/Desktop/naor/study/Thesis/install/drone_c/share/drone_c/package.zsh'
[1.042s] Level 1:colcon.colcon_core.environment:create_file_with_runtime_dependencies(/home/naor/Desktop/naor/study/Thesis/install/drone_c/share/colcon-core/packages/drone_c)
[1.042s] Level 1:colcon.colcon_core.environment:create_environment_scripts_only(ground_bot)
[1.043s] Level 1:colcon.colcon_core.environment:checking '/home/naor/Desktop/naor/study/Thesis/install/ground_bot' for CMake module files
[1.043s] DEBUG:colcon.colcon_core.event_handler.log_command:Invoked command in '/home/naor/Desktop/naor/study/Thesis/build/ground_bot' returned '0': CMAKE_PREFIX_PATH=/home/naor/Desktop/naor/work/capsule_repo/install/teensy_ers:/home/naor/Desktop/naor/work/capsule_repo/install/elers_bridge:/opt/ros/humble /usr/bin/cmake --install /home/naor/Desktop/naor/study/Thesis/build/ground_bot
[1.044s] Level 1:colcon.colcon_core.environment:checking '/home/naor/Desktop/naor/study/Thesis/install/ground_bot' for CMake config files
[1.044s] Level 1:colcon.colcon_core.shell:create_environment_hook('ground_bot', 'cmake_prefix_path')
[1.045s] INFO:colcon.colcon_core.shell:Creating environment hook '/home/naor/Desktop/naor/study/Thesis/install/ground_bot/share/ground_bot/hook/cmake_prefix_path.ps1'
[1.045s] INFO:colcon.colcon_core.shell:Creating environment descriptor '/home/naor/Desktop/naor/study/Thesis/install/ground_bot/share/ground_bot/hook/cmake_prefix_path.dsv'
[1.046s] INFO:colcon.colcon_core.shell:Creating environment hook '/home/naor/Desktop/naor/study/Thesis/install/ground_bot/share/ground_bot/hook/cmake_prefix_path.sh'
[1.046s] Level 1:colcon.colcon_core.environment:checking '/home/naor/Desktop/naor/study/Thesis/install/ground_bot/lib'
[1.046s] Level 1:colcon.colcon_core.shell:create_environment_hook('ground_bot', 'ld_library_path_lib')
[1.046s] INFO:colcon.colcon_core.shell:Creating environment hook '/home/naor/Desktop/naor/study/Thesis/install/ground_bot/share/ground_bot/hook/ld_library_path_lib.ps1'
[1.047s] INFO:colcon.colcon_core.shell:Creating environment descriptor '/home/naor/Desktop/naor/study/Thesis/install/ground_bot/share/ground_bot/hook/ld_library_path_lib.dsv'
[1.047s] INFO:colcon.colcon_core.shell:Creating environment hook '/home/naor/Desktop/naor/study/Thesis/install/ground_bot/share/ground_bot/hook/ld_library_path_lib.sh'
[1.047s] Level 1:colcon.colcon_core.environment:checking '/home/naor/Desktop/naor/study/Thesis/install/ground_bot/bin'
[1.047s] Level 1:colcon.colcon_core.environment:checking '/home/naor/Desktop/naor/study/Thesis/install/ground_bot/lib/pkgconfig/ground_bot.pc'
[1.047s] Level 1:colcon.colcon_core.environment:checking '/home/naor/Desktop/naor/study/Thesis/install/ground_bot/lib/python3.10/site-packages'
[1.047s] Level 1:colcon.colcon_core.environment:checking '/home/naor/Desktop/naor/study/Thesis/install/ground_bot/bin'
[1.048s] INFO:colcon.colcon_core.shell:Creating package script '/home/naor/Desktop/naor/study/Thesis/install/ground_bot/share/ground_bot/package.ps1'
[1.048s] INFO:colcon.colcon_core.shell:Creating package descriptor '/home/naor/Desktop/naor/study/Thesis/install/ground_bot/share/ground_bot/package.dsv'
[1.048s] INFO:colcon.colcon_core.shell:Creating package script '/home/naor/Desktop/naor/study/Thesis/install/ground_bot/share/ground_bot/package.sh'
[1.049s] INFO:colcon.colcon_core.shell:Creating package script '/home/naor/Desktop/naor/study/Thesis/install/ground_bot/share/ground_bot/package.bash'
[1.049s] INFO:colcon.colcon_core.shell:Creating package script '/home/naor/Desktop/naor/study/Thesis/install/ground_bot/share/ground_bot/package.zsh'
[1.049s] Level 1:colcon.colcon_core.environment:create_file_with_runtime_dependencies(/home/naor/Desktop/naor/study/Thesis/install/ground_bot/share/colcon-core/packages/ground_bot)
[1.049s] Level 1:colcon.colcon_core.environment:create_environment_scripts_only(ground_bot)
[1.050s] Level 1:colcon.colcon_core.environment:checking '/home/naor/Desktop/naor/study/Thesis/install/ground_bot' for CMake module files
[1.050s] Level 1:colcon.colcon_core.environment:checking '/home/naor/Desktop/naor/study/Thesis/install/ground_bot' for CMake config files
[1.050s] Level 1:colcon.colcon_core.shell:create_environment_hook('ground_bot', 'cmake_prefix_path')
[1.050s] INFO:colcon.colcon_core.shell:Creating environment hook '/home/naor/Desktop/naor/study/Thesis/install/ground_bot/share/ground_bot/hook/cmake_prefix_path.ps1'
[1.051s] INFO:colcon.colcon_core.shell:Creating environment descriptor '/home/naor/Desktop/naor/study/Thesis/install/ground_bot/share/ground_bot/hook/cmake_prefix_path.dsv'
[1.051s] INFO:colcon.colcon_core.shell:Creating environment hook '/home/naor/Desktop/naor/study/Thesis/install/ground_bot/share/ground_bot/hook/cmake_prefix_path.sh'
[1.051s] Level 1:colcon.colcon_core.environment:checking '/home/naor/Desktop/naor/study/Thesis/install/ground_bot/lib'
[1.051s] Level 1:colcon.colcon_core.shell:create_environment_hook('ground_bot', 'ld_library_path_lib')
[1.051s] INFO:colcon.colcon_core.shell:Creating environment hook '/home/naor/Desktop/naor/study/Thesis/install/ground_bot/share/ground_bot/hook/ld_library_path_lib.ps1'
[1.052s] INFO:colcon.colcon_core.shell:Creating environment descriptor '/home/naor/Desktop/naor/study/Thesis/install/ground_bot/share/ground_bot/hook/ld_library_path_lib.dsv'
[1.052s] INFO:colcon.colcon_core.shell:Creating environment hook '/home/naor/Desktop/naor/study/Thesis/install/ground_bot/share/ground_bot/hook/ld_library_path_lib.sh'
[1.052s] Level 1:colcon.colcon_core.environment:checking '/home/naor/Desktop/naor/study/Thesis/install/ground_bot/bin'
[1.052s] Level 1:colcon.colcon_core.environment:checking '/home/naor/Desktop/naor/study/Thesis/install/ground_bot/lib/pkgconfig/ground_bot.pc'
[1.052s] Level 1:colcon.colcon_core.environment:checking '/home/naor/Desktop/naor/study/Thesis/install/ground_bot/lib/python3.10/site-packages'
[1.053s] Level 1:colcon.colcon_core.environment:checking '/home/naor/Desktop/naor/study/Thesis/install/ground_bot/bin'
[1.053s] INFO:colcon.colcon_core.shell:Creating package script '/home/naor/Desktop/naor/study/Thesis/install/ground_bot/share/ground_bot/package.ps1'
[1.053s] INFO:colcon.colcon_core.shell:Creating package descriptor '/home/naor/Desktop/naor/study/Thesis/install/ground_bot/share/ground_bot/package.dsv'
[1.054s] INFO:colcon.colcon_core.shell:Creating package script '/home/naor/Desktop/naor/study/Thesis/install/ground_bot/share/ground_bot/package.sh'
[1.054s] INFO:colcon.colcon_core.shell:Creating package script '/home/naor/Desktop/naor/study/Thesis/install/ground_bot/share/ground_bot/package.bash'
[1.054s] INFO:colcon.colcon_core.shell:Creating package script '/home/naor/Desktop/naor/study/Thesis/install/ground_bot/share/ground_bot/package.zsh'
[1.054s] Level 1:colcon.colcon_core.environment:create_file_with_runtime_dependencies(/home/naor/Desktop/naor/study/Thesis/install/ground_bot/share/colcon-core/packages/ground_bot)
[1.224s] DEBUG:colcon.colcon_core.event_handler.log_command:Invoking command in '/home/naor/Desktop/naor/study/Thesis/src/roller': PYTHONPATH=/home/naor/Desktop/naor/study/Thesis/build/roller/prefix_override:/usr/lib/python3/dist-packages/colcon_core/task/python/colcon_distutils_commands:/home/naor/Desktop/naor/study/Thesis/install/roller/lib/python3.10/site-packages:${PYTHONPATH} /usr/bin/python3 -W ignore:setup.py install is deprecated -W ignore:easy_install command is deprecated setup.py egg_info --egg-base ../../build/roller build --build-base /home/naor/Desktop/naor/study/Thesis/build/roller/build install --record /home/naor/Desktop/naor/study/Thesis/build/roller/install.log --single-version-externally-managed install_data
[1.229s] DEBUG:colcon.colcon_core.event_handler.log_command:Invoking command in '/home/naor/Desktop/naor/study/Thesis/src/controller': PYTHONPATH=/home/naor/Desktop/naor/study/Thesis/build/controller/prefix_override:/usr/lib/python3/dist-packages/colcon_core/task/python/colcon_distutils_commands:/home/naor/Desktop/naor/study/Thesis/install/controller/lib/python3.10/site-packages:${PYTHONPATH} /usr/bin/python3 -W ignore:setup.py install is deprecated -W ignore:easy_install command is deprecated setup.py egg_info --egg-base ../../build/controller build --build-base /home/naor/Desktop/naor/study/Thesis/build/controller/build install --record /home/naor/Desktop/naor/study/Thesis/build/controller/install.log --single-version-externally-managed install_data
[1.356s] DEBUG:colcon.colcon_core.event_handler.log_command:Invoking command in '/home/naor/Desktop/naor/study/Thesis/src/camera_nav': AMENT_PREFIX_PATH=/home/naor/Desktop/naor/study/Thesis/install/pointcloud_to_laserscan:${AMENT_PREFIX_PATH} CMAKE_PREFIX_PATH=/home/naor/Desktop/naor/study/Thesis/install/pointcloud_to_laserscan LD_LIBRARY_PATH=/home/naor/Desktop/naor/study/Thesis/install/pointcloud_to_laserscan/lib:${LD_LIBRARY_PATH} PYTHONPATH=/home/naor/Desktop/naor/study/Thesis/build/camera_nav/prefix_override:/usr/lib/python3/dist-packages/colcon_core/task/python/colcon_distutils_commands:/home/naor/Desktop/naor/study/Thesis/install/camera_nav/lib/python3.10/site-packages:${PYTHONPATH} /usr/bin/python3 -W ignore:setup.py install is deprecated -W ignore:easy_install command is deprecated setup.py egg_info --egg-base ../../build/camera_nav build --build-base /home/naor/Desktop/naor/study/Thesis/build/camera_nav/build install --record /home/naor/Desktop/naor/study/Thesis/build/camera_nav/install.log --single-version-externally-managed install_data
[1.593s] Level 1:colcon.colcon_core.environment:checking '/home/naor/Desktop/naor/study/Thesis/install/controller' for CMake module files
[1.593s] DEBUG:colcon.colcon_core.event_handler.log_command:Invoked command in '/home/naor/Desktop/naor/study/Thesis/src/controller' returned '0': PYTHONPATH=/home/naor/Desktop/naor/study/Thesis/build/controller/prefix_override:/usr/lib/python3/dist-packages/colcon_core/task/python/colcon_distutils_commands:/home/naor/Desktop/naor/study/Thesis/install/controller/lib/python3.10/site-packages:${PYTHONPATH} /usr/bin/python3 -W ignore:setup.py install is deprecated -W ignore:easy_install command is deprecated setup.py egg_info --egg-base ../../build/controller build --build-base /home/naor/Desktop/naor/study/Thesis/build/controller/build install --record /home/naor/Desktop/naor/study/Thesis/build/controller/install.log --single-version-externally-managed install_data
[1.594s] Level 1:colcon.colcon_core.environment:checking '/home/naor/Desktop/naor/study/Thesis/install/controller' for CMake config files
[1.594s] Level 1:colcon.colcon_core.environment:checking '/home/naor/Desktop/naor/study/Thesis/install/controller/lib'
[1.594s] Level 1:colcon.colcon_core.environment:checking '/home/naor/Desktop/naor/study/Thesis/install/controller/bin'
[1.594s] Level 1:colcon.colcon_core.environment:checking '/home/naor/Desktop/naor/study/Thesis/install/controller/lib/pkgconfig/controller.pc'
[1.595s] Level 1:colcon.colcon_core.environment:checking '/home/naor/Desktop/naor/study/Thesis/install/controller/lib/python3.10/site-packages'
[1.595s] Level 1:colcon.colcon_core.shell:create_environment_hook('controller', 'pythonpath')
[1.595s] INFO:colcon.colcon_core.shell:Creating environment hook '/home/naor/Desktop/naor/study/Thesis/install/controller/share/controller/hook/pythonpath.ps1'
[1.595s] INFO:colcon.colcon_core.shell:Creating environment descriptor '/home/naor/Desktop/naor/study/Thesis/install/controller/share/controller/hook/pythonpath.dsv'
[1.596s] INFO:colcon.colcon_core.shell:Creating environment hook '/home/naor/Desktop/naor/study/Thesis/install/controller/share/controller/hook/pythonpath.sh'
[1.596s] Level 1:colcon.colcon_core.environment:checking '/home/naor/Desktop/naor/study/Thesis/install/controller/bin'
[1.596s] Level 1:colcon.colcon_core.environment:create_environment_scripts_only(controller)
[1.596s] INFO:colcon.colcon_core.shell:Creating package script '/home/naor/Desktop/naor/study/Thesis/install/controller/share/controller/package.ps1'
[1.597s] INFO:colcon.colcon_core.shell:Creating package descriptor '/home/naor/Desktop/naor/study/Thesis/install/controller/share/controller/package.dsv'
[1.598s] INFO:colcon.colcon_core.shell:Creating package script '/home/naor/Desktop/naor/study/Thesis/install/controller/share/controller/package.sh'
[1.598s] INFO:colcon.colcon_core.shell:Creating package script '/home/naor/Desktop/naor/study/Thesis/install/controller/share/controller/package.bash'
[1.598s] INFO:colcon.colcon_core.shell:Creating package script '/home/naor/Desktop/naor/study/Thesis/install/controller/share/controller/package.zsh'
[1.599s] Level 1:colcon.colcon_core.environment:create_file_with_runtime_dependencies(/home/naor/Desktop/naor/study/Thesis/install/controller/share/colcon-core/packages/controller)
[1.611s] Level 1:colcon.colcon_core.environment:checking '/home/naor/Desktop/naor/study/Thesis/install/roller' for CMake module files
[1.612s] DEBUG:colcon.colcon_core.event_handler.log_command:Invoked command in '/home/naor/Desktop/naor/study/Thesis/src/roller' returned '0': PYTHONPATH=/home/naor/Desktop/naor/study/Thesis/build/roller/prefix_override:/usr/lib/python3/dist-packages/colcon_core/task/python/colcon_distutils_commands:/home/naor/Desktop/naor/study/Thesis/install/roller/lib/python3.10/site-packages:${PYTHONPATH} /usr/bin/python3 -W ignore:setup.py install is deprecated -W ignore:easy_install command is deprecated setup.py egg_info --egg-base ../../build/roller build --build-base /home/naor/Desktop/naor/study/Thesis/build/roller/build install --record /home/naor/Desktop/naor/study/Thesis/build/roller/install.log --single-version-externally-managed install_data
[1.612s] Level 1:colcon.colcon_core.environment:checking '/home/naor/Desktop/naor/study/Thesis/install/roller' for CMake config files
[1.612s] Level 1:colcon.colcon_core.environment:checking '/home/naor/Desktop/naor/study/Thesis/install/roller/lib'
[1.613s] Level 1:colcon.colcon_core.environment:checking '/home/naor/Desktop/naor/study/Thesis/install/roller/bin'
[1.613s] Level 1:colcon.colcon_core.environment:checking '/home/naor/Desktop/naor/study/Thesis/install/roller/lib/pkgconfig/roller.pc'
[1.613s] Level 1:colcon.colcon_core.environment:checking '/home/naor/Desktop/naor/study/Thesis/install/roller/lib/python3.10/site-packages'
[1.613s] Level 1:colcon.colcon_core.shell:create_environment_hook('roller', 'pythonpath')
[1.613s] INFO:colcon.colcon_core.shell:Creating environment hook '/home/naor/Desktop/naor/study/Thesis/install/roller/share/roller/hook/pythonpath.ps1'
[1.614s] INFO:colcon.colcon_core.shell:Creating environment descriptor '/home/naor/Desktop/naor/study/Thesis/install/roller/share/roller/hook/pythonpath.dsv'
[1.614s] INFO:colcon.colcon_core.shell:Creating environment hook '/home/naor/Desktop/naor/study/Thesis/install/roller/share/roller/hook/pythonpath.sh'
[1.614s] Level 1:colcon.colcon_core.environment:checking '/home/naor/Desktop/naor/study/Thesis/install/roller/bin'
[1.614s] Level 1:colcon.colcon_core.environment:create_environment_scripts_only(roller)
[1.614s] INFO:colcon.colcon_core.shell:Creating package script '/home/naor/Desktop/naor/study/Thesis/install/roller/share/roller/package.ps1'
[1.615s] INFO:colcon.colcon_core.shell:Creating package descriptor '/home/naor/Desktop/naor/study/Thesis/install/roller/share/roller/package.dsv'
[1.615s] INFO:colcon.colcon_core.shell:Creating package script '/home/naor/Desktop/naor/study/Thesis/install/roller/share/roller/package.sh'
[1.615s] INFO:colcon.colcon_core.shell:Creating package script '/home/naor/Desktop/naor/study/Thesis/install/roller/share/roller/package.bash'
[1.616s] INFO:colcon.colcon_core.shell:Creating package script '/home/naor/Desktop/naor/study/Thesis/install/roller/share/roller/package.zsh'
[1.616s] Level 1:colcon.colcon_core.environment:create_file_with_runtime_dependencies(/home/naor/Desktop/naor/study/Thesis/install/roller/share/colcon-core/packages/roller)
[1.733s] Level 1:colcon.colcon_core.environment:checking '/home/naor/Desktop/naor/study/Thesis/install/camera_nav' for CMake module files
[1.734s] DEBUG:colcon.colcon_core.event_handler.log_command:Invoked command in '/home/naor/Desktop/naor/study/Thesis/src/camera_nav' returned '0': AMENT_PREFIX_PATH=/home/naor/Desktop/naor/study/Thesis/install/pointcloud_to_laserscan:${AMENT_PREFIX_PATH} CMAKE_PREFIX_PATH=/home/naor/Desktop/naor/study/Thesis/install/pointcloud_to_laserscan LD_LIBRARY_PATH=/home/naor/Desktop/naor/study/Thesis/install/pointcloud_to_laserscan/lib:${LD_LIBRARY_PATH} PYTHONPATH=/home/naor/Desktop/naor/study/Thesis/build/camera_nav/prefix_override:/usr/lib/python3/dist-packages/colcon_core/task/python/colcon_distutils_commands:/home/naor/Desktop/naor/study/Thesis/install/camera_nav/lib/python3.10/site-packages:${PYTHONPATH} /usr/bin/python3 -W ignore:setup.py install is deprecated -W ignore:easy_install command is deprecated setup.py egg_info --egg-base ../../build/camera_nav build --build-base /home/naor/Desktop/naor/study/Thesis/build/camera_nav/build install --record /home/naor/Desktop/naor/study/Thesis/build/camera_nav/install.log --single-version-externally-managed install_data
[1.734s] Level 1:colcon.colcon_core.environment:checking '/home/naor/Desktop/naor/study/Thesis/install/camera_nav' for CMake config files
[1.735s] Level 1:colcon.colcon_core.environment:checking '/home/naor/Desktop/naor/study/Thesis/install/camera_nav/lib'
[1.735s] Level 1:colcon.colcon_core.environment:checking '/home/naor/Desktop/naor/study/Thesis/install/camera_nav/bin'
[1.735s] Level 1:colcon.colcon_core.environment:checking '/home/naor/Desktop/naor/study/Thesis/install/camera_nav/lib/pkgconfig/camera_nav.pc'
[1.735s] Level 1:colcon.colcon_core.environment:checking '/home/naor/Desktop/naor/study/Thesis/install/camera_nav/lib/python3.10/site-packages'
[1.735s] Level 1:colcon.colcon_core.shell:create_environment_hook('camera_nav', 'pythonpath')
[1.735s] INFO:colcon.colcon_core.shell:Creating environment hook '/home/naor/Desktop/naor/study/Thesis/install/camera_nav/share/camera_nav/hook/pythonpath.ps1'
[1.735s] INFO:colcon.colcon_core.shell:Creating environment descriptor '/home/naor/Desktop/naor/study/Thesis/install/camera_nav/share/camera_nav/hook/pythonpath.dsv'
[1.736s] INFO:colcon.colcon_core.shell:Creating environment hook '/home/naor/Desktop/naor/study/Thesis/install/camera_nav/share/camera_nav/hook/pythonpath.sh'
[1.736s] Level 1:colcon.colcon_core.environment:checking '/home/naor/Desktop/naor/study/Thesis/install/camera_nav/bin'
[1.736s] Level 1:colcon.colcon_core.environment:create_environment_scripts_only(camera_nav)
[1.736s] INFO:colcon.colcon_core.shell:Creating package script '/home/naor/Desktop/naor/study/Thesis/install/camera_nav/share/camera_nav/package.ps1'
[1.737s] INFO:colcon.colcon_core.shell:Creating package descriptor '/home/naor/Desktop/naor/study/Thesis/install/camera_nav/share/camera_nav/package.dsv'
[1.737s] INFO:colcon.colcon_core.shell:Creating package script '/home/naor/Desktop/naor/study/Thesis/install/camera_nav/share/camera_nav/package.sh'
[1.737s] INFO:colcon.colcon_core.shell:Creating package script '/home/naor/Desktop/naor/study/Thesis/install/camera_nav/share/camera_nav/package.bash'
[1.737s] INFO:colcon.colcon_core.shell:Creating package script '/home/naor/Desktop/naor/study/Thesis/install/camera_nav/share/camera_nav/package.zsh'
[1.737s] Level 1:colcon.colcon_core.environment:create_file_with_runtime_dependencies(/home/naor/Desktop/naor/study/Thesis/install/camera_nav/share/colcon-core/packages/camera_nav)
[1.738s] DEBUG:colcon.colcon_parallel_executor.executor.parallel:closing loop
[1.738s] DEBUG:colcon.colcon_parallel_executor.executor.parallel:loop closed
[1.738s] DEBUG:colcon.colcon_parallel_executor.executor.parallel:run_until_complete finished with '0'
[1.738s] DEBUG:colcon.colcon_core.event_reactor:joining thread
[1.742s] INFO:colcon.colcon_core.plugin_system:Skipping extension 'colcon_notification.desktop_notification.terminal_notifier': Not used on non-Darwin systems
[1.742s] INFO:colcon.colcon_core.plugin_system:Skipping extension 'colcon_notification.desktop_notification.win32': Not used on non-Windows systems
[1.742s] INFO:colcon.colcon_notification.desktop_notification:Sending desktop notification using 'notify2'
[1.755s] DEBUG:colcon.colcon_core.event_reactor:joined thread
[1.755s] INFO:colcon.colcon_core.shell:Creating prefix script '/home/naor/Desktop/naor/study/Thesis/install/local_setup.ps1'
[1.756s] INFO:colcon.colcon_core.shell:Creating prefix util module '/home/naor/Desktop/naor/study/Thesis/install/_local_setup_util_ps1.py'
[1.758s] INFO:colcon.colcon_core.shell:Creating prefix chain script '/home/naor/Desktop/naor/study/Thesis/install/setup.ps1'
[1.759s] INFO:colcon.colcon_core.shell:Creating prefix script '/home/naor/Desktop/naor/study/Thesis/install/local_setup.sh'
[1.759s] INFO:colcon.colcon_core.shell:Creating prefix util module '/home/naor/Desktop/naor/study/Thesis/install/_local_setup_util_sh.py'
[1.760s] INFO:colcon.colcon_core.shell:Creating prefix chain script '/home/naor/Desktop/naor/study/Thesis/install/setup.sh'
[1.761s] INFO:colcon.colcon_core.shell:Creating prefix script '/home/naor/Desktop/naor/study/Thesis/install/local_setup.bash'
[1.761s] INFO:colcon.colcon_core.shell:Creating prefix chain script '/home/naor/Desktop/naor/study/Thesis/install/setup.bash'
[1.762s] INFO:colcon.colcon_core.shell:Creating prefix script '/home/naor/Desktop/naor/study/Thesis/install/local_setup.zsh'
[1.762s] INFO:colcon.colcon_core.shell:Creating prefix chain script '/home/naor/Desktop/naor/study/Thesis/install/setup.zsh'
