[0.896s] Invoking command in '/home/naor/Desktop/naor/study/Thesis/src/controller': PYTHONPATH=/home/naor/Desktop/naor/study/Thesis/build/controller/prefix_override:/usr/lib/python3/dist-packages/colcon_core/task/python/colcon_distutils_commands:/home/naor/Desktop/naor/study/Thesis/install/controller/lib/python3.10/site-packages:${PYTHONPATH} /usr/bin/python3 -W ignore:setup.py install is deprecated -W ignore:easy_install command is deprecated setup.py egg_info --egg-base ../../build/controller build --build-base /home/naor/Desktop/naor/study/Thesis/build/controller/build install --record /home/naor/Desktop/naor/study/Thesis/build/controller/install.log --single-version-externally-managed install_data
[1.117s] running egg_info
[1.129s] writing ../../build/controller/controller.egg-info/PKG-INFO
[1.129s] writing dependency_links to ../../build/controller/controller.egg-info/dependency_links.txt
[1.129s] writing requirements to ../../build/controller/controller.egg-info/requires.txt
[1.129s] writing top-level names to ../../build/controller/controller.egg-info/top_level.txt
[1.154s] reading manifest file '../../build/controller/controller.egg-info/SOURCES.txt'
[1.154s] adding license file 'LICENSE'
[1.155s] writing manifest file '../../build/controller/controller.egg-info/SOURCES.txt'
[1.155s] running build
[1.155s] running build_py
[1.155s] running install
[1.158s] running install_lib
[1.170s] copying /home/naor/Desktop/naor/study/Thesis/build/controller/build/lib/controller/rtcom/__init__.py -> /home/naor/Desktop/naor/study/Thesis/install/controller/lib/python3.10/site-packages/controller/rtcom
[1.170s] copying /home/naor/Desktop/naor/study/Thesis/build/controller/build/lib/controller/rtcom/rtcom_client.py -> /home/naor/Desktop/naor/study/Thesis/install/controller/lib/python3.10/site-packages/controller/rtcom
[1.170s] copying /home/naor/Desktop/naor/study/Thesis/build/controller/build/lib/controller/rtcom/utils.py -> /home/naor/Desktop/naor/study/Thesis/install/controller/lib/python3.10/site-packages/controller/rtcom
[1.170s] copying /home/naor/Desktop/naor/study/Thesis/build/controller/build/lib/controller/rtcom/core.py -> /home/naor/Desktop/naor/study/Thesis/install/controller/lib/python3.10/site-packages/controller/rtcom
[1.170s] copying /home/naor/Desktop/naor/study/Thesis/build/controller/build/lib/controller/rtcom/rtcom_server.py -> /home/naor/Desktop/naor/study/Thesis/install/controller/lib/python3.10/site-packages/controller/rtcom
[1.170s] copying /home/naor/Desktop/naor/study/Thesis/build/controller/build/lib/controller/__init__.py -> /home/naor/Desktop/naor/study/Thesis/install/controller/lib/python3.10/site-packages/controller
[1.171s] copying /home/naor/Desktop/naor/study/Thesis/build/controller/build/lib/controller/controller_udp_ros.py -> /home/naor/Desktop/naor/study/Thesis/install/controller/lib/python3.10/site-packages/controller
[1.171s] running install_data
[1.171s] running install_egg_info
[1.184s] removing '/home/naor/Desktop/naor/study/Thesis/install/controller/lib/python3.10/site-packages/controller-0.0.0-py3.10.egg-info' (and everything under it)
[1.184s] Copying ../../build/controller/controller.egg-info to /home/naor/Desktop/naor/study/Thesis/install/controller/lib/python3.10/site-packages/controller-0.0.0-py3.10.egg-info
[1.184s] running install_scripts
[1.285s] writing list of installed files to '/home/naor/Desktop/naor/study/Thesis/build/controller/install.log'
[1.305s] Invoked command in '/home/naor/Desktop/naor/study/Thesis/src/controller' returned '0': PYTHONPATH=/home/naor/Desktop/naor/study/Thesis/build/controller/prefix_override:/usr/lib/python3/dist-packages/colcon_core/task/python/colcon_distutils_commands:/home/naor/Desktop/naor/study/Thesis/install/controller/lib/python3.10/site-packages:${PYTHONPATH} /usr/bin/python3 -W ignore:setup.py install is deprecated -W ignore:easy_install command is deprecated setup.py egg_info --egg-base ../../build/controller build --build-base /home/naor/Desktop/naor/study/Thesis/build/controller/build install --record /home/naor/Desktop/naor/study/Thesis/build/controller/install.log --single-version-externally-managed install_data
