[0.072s] DEBUG:colcon:Command line arguments: ['/usr/bin/colcon', 'build', '--packages-select', 'drone_c']
[0.072s] DEBUG:colcon:Parsed command line arguments: Namespace(log_base=None, log_level=None, verb_name='build', build_base='build', install_base='install', merge_install=False, symlink_install=False, test_result_base=None, continue_on_error=False, executor='parallel', parallel_workers=16, event_handlers=None, ignore_user_meta=False, metas=['./colcon.meta'], base_paths=['.'], packages_ignore=None, packages_ignore_regex=None, paths=None, packages_up_to=None, packages_up_to_regex=None, packages_above=None, packages_above_and_dependencies=None, packages_above_depth=None, packages_select_by_dep=None, packages_skip_by_dep=None, packages_skip_up_to=None, packages_select_build_failed=False, packages_skip_build_finished=False, packages_select_test_failures=False, packages_skip_test_passed=False, packages_select=['drone_c'], packages_skip=None, packages_select_regex=None, packages_skip_regex=None, packages_start=None, packages_end=None, allow_overriding=[], cmake_args=None, cmake_target=None, cmake_target_skip_unavailable=False, cmake_clean_cache=False, cmake_clean_first=False, cmake_force_configure=False, ament_cmake_args=None, catkin_cmake_args=None, catkin_skip_building_tests=False, mixin_files=None, mixin=None, verb_parser=<colcon_mixin.mixin.mixin_argument.MixinArgumentDecorator object at 0x7b2c52fcf460>, verb_extension=<colcon_core.verb.build.BuildVerb object at 0x7b2c52fcee60>, main=<bound method BuildVerb.main of <colcon_core.verb.build.BuildVerb object at 0x7b2c52fcee60>>, mixin_verb=('build',))
[0.098s] Level 1:colcon.colcon_core.package_discovery:discover_packages(colcon_meta) check parameters
[0.098s] Level 1:colcon.colcon_core.package_discovery:discover_packages(recursive) check parameters
[0.098s] Level 1:colcon.colcon_core.package_discovery:discover_packages(ignore) check parameters
[0.098s] Level 1:colcon.colcon_core.package_discovery:discover_packages(path) check parameters
[0.099s] Level 1:colcon.colcon_core.package_discovery:discover_packages(colcon_meta) discover
[0.099s] Level 1:colcon.colcon_core.package_discovery:discover_packages(recursive) discover
[0.099s] INFO:colcon.colcon_core.package_discovery:Crawling recursively for packages in '/home/naor/Desktop/naor/study/Thesis'
[0.099s] Level 1:colcon.colcon_core.package_identification:_identify(.) by extensions ['ignore', 'ignore_ament_install']
[0.099s] Level 1:colcon.colcon_core.package_identification:_identify(.) by extension 'ignore'
[0.099s] Level 1:colcon.colcon_core.package_identification:_identify(.) by extension 'ignore_ament_install'
[0.099s] Level 1:colcon.colcon_core.package_identification:_identify(.) by extensions ['colcon_pkg']
[0.099s] Level 1:colcon.colcon_core.package_identification:_identify(.) by extension 'colcon_pkg'
[0.099s] Level 1:colcon.colcon_core.package_identification:_identify(.) by extensions ['colcon_meta']
[0.099s] Level 1:colcon.colcon_core.package_identification:_identify(.) by extension 'colcon_meta'
[0.099s] Level 1:colcon.colcon_core.package_identification:_identify(.) by extensions ['ros']
[0.099s] Level 1:colcon.colcon_core.package_identification:_identify(.) by extension 'ros'
[0.116s] Level 1:colcon.colcon_core.package_identification:_identify(.) by extensions ['cmake', 'python']
[0.116s] Level 1:colcon.colcon_core.package_identification:_identify(.) by extension 'cmake'
[0.116s] Level 1:colcon.colcon_core.package_identification:_identify(.) by extension 'python'
[0.116s] Level 1:colcon.colcon_core.package_identification:_identify(.) by extensions ['python_setup_py']
[0.116s] Level 1:colcon.colcon_core.package_identification:_identify(.) by extension 'python_setup_py'
[0.116s] Level 1:colcon.colcon_core.package_identification:_identify(build) by extensions ['ignore', 'ignore_ament_install']
[0.116s] Level 1:colcon.colcon_core.package_identification:_identify(build) by extension 'ignore'
[0.116s] Level 1:colcon.colcon_core.package_identification:_identify(build) ignored
[0.116s] Level 1:colcon.colcon_core.package_identification:_identify(install) by extensions ['ignore', 'ignore_ament_install']
[0.117s] Level 1:colcon.colcon_core.package_identification:_identify(install) by extension 'ignore'
[0.117s] Level 1:colcon.colcon_core.package_identification:_identify(install) ignored
[0.117s] Level 1:colcon.colcon_core.package_identification:_identify(log) by extensions ['ignore', 'ignore_ament_install']
[0.117s] Level 1:colcon.colcon_core.package_identification:_identify(log) by extension 'ignore'
[0.117s] Level 1:colcon.colcon_core.package_identification:_identify(log) ignored
[0.117s] Level 1:colcon.colcon_core.package_identification:_identify(src) by extensions ['ignore', 'ignore_ament_install']
[0.117s] Level 1:colcon.colcon_core.package_identification:_identify(src) by extension 'ignore'
[0.117s] Level 1:colcon.colcon_core.package_identification:_identify(src) by extension 'ignore_ament_install'
[0.117s] Level 1:colcon.colcon_core.package_identification:_identify(src) by extensions ['colcon_pkg']
[0.117s] Level 1:colcon.colcon_core.package_identification:_identify(src) by extension 'colcon_pkg'
[0.117s] Level 1:colcon.colcon_core.package_identification:_identify(src) by extensions ['colcon_meta']
[0.117s] Level 1:colcon.colcon_core.package_identification:_identify(src) by extension 'colcon_meta'
[0.117s] Level 1:colcon.colcon_core.package_identification:_identify(src) by extensions ['ros']
[0.117s] Level 1:colcon.colcon_core.package_identification:_identify(src) by extension 'ros'
[0.117s] Level 1:colcon.colcon_core.package_identification:_identify(src) by extensions ['cmake', 'python']
[0.117s] Level 1:colcon.colcon_core.package_identification:_identify(src) by extension 'cmake'
[0.117s] Level 1:colcon.colcon_core.package_identification:_identify(src) by extension 'python'
[0.117s] Level 1:colcon.colcon_core.package_identification:_identify(src) by extensions ['python_setup_py']
[0.117s] Level 1:colcon.colcon_core.package_identification:_identify(src) by extension 'python_setup_py'
[0.117s] Level 1:colcon.colcon_core.package_identification:_identify(src/camera_nav) by extensions ['ignore', 'ignore_ament_install']
[0.117s] Level 1:colcon.colcon_core.package_identification:_identify(src/camera_nav) by extension 'ignore'
[0.117s] Level 1:colcon.colcon_core.package_identification:_identify(src/camera_nav) by extension 'ignore_ament_install'
[0.117s] Level 1:colcon.colcon_core.package_identification:_identify(src/camera_nav) by extensions ['colcon_pkg']
[0.117s] Level 1:colcon.colcon_core.package_identification:_identify(src/camera_nav) by extension 'colcon_pkg'
[0.117s] Level 1:colcon.colcon_core.package_identification:_identify(src/camera_nav) by extensions ['colcon_meta']
[0.117s] Level 1:colcon.colcon_core.package_identification:_identify(src/camera_nav) by extension 'colcon_meta'
[0.117s] Level 1:colcon.colcon_core.package_identification:_identify(src/camera_nav) by extensions ['ros']
[0.117s] Level 1:colcon.colcon_core.package_identification:_identify(src/camera_nav) by extension 'ros'
[0.119s] DEBUG:colcon.colcon_core.package_identification:Package 'src/camera_nav' with type 'ros.ament_python' and name 'camera_nav'
[0.119s] Level 1:colcon.colcon_core.package_identification:_identify(src/controller) by extensions ['ignore', 'ignore_ament_install']
[0.119s] Level 1:colcon.colcon_core.package_identification:_identify(src/controller) by extension 'ignore'
[0.119s] Level 1:colcon.colcon_core.package_identification:_identify(src/controller) by extension 'ignore_ament_install'
[0.119s] Level 1:colcon.colcon_core.package_identification:_identify(src/controller) by extensions ['colcon_pkg']
[0.119s] Level 1:colcon.colcon_core.package_identification:_identify(src/controller) by extension 'colcon_pkg'
[0.119s] Level 1:colcon.colcon_core.package_identification:_identify(src/controller) by extensions ['colcon_meta']
[0.119s] Level 1:colcon.colcon_core.package_identification:_identify(src/controller) by extension 'colcon_meta'
[0.119s] Level 1:colcon.colcon_core.package_identification:_identify(src/controller) by extensions ['ros']
[0.119s] Level 1:colcon.colcon_core.package_identification:_identify(src/controller) by extension 'ros'
[0.120s] DEBUG:colcon.colcon_core.package_identification:Package 'src/controller' with type 'ros.ament_python' and name 'controller'
[0.120s] Level 1:colcon.colcon_core.package_identification:_identify(src/drone_c) by extensions ['ignore', 'ignore_ament_install']
[0.120s] Level 1:colcon.colcon_core.package_identification:_identify(src/drone_c) by extension 'ignore'
[0.120s] Level 1:colcon.colcon_core.package_identification:_identify(src/drone_c) by extension 'ignore_ament_install'
[0.120s] Level 1:colcon.colcon_core.package_identification:_identify(src/drone_c) by extensions ['colcon_pkg']
[0.120s] Level 1:colcon.colcon_core.package_identification:_identify(src/drone_c) by extension 'colcon_pkg'
[0.120s] Level 1:colcon.colcon_core.package_identification:_identify(src/drone_c) by extensions ['colcon_meta']
[0.120s] Level 1:colcon.colcon_core.package_identification:_identify(src/drone_c) by extension 'colcon_meta'
[0.120s] Level 1:colcon.colcon_core.package_identification:_identify(src/drone_c) by extensions ['ros']
[0.120s] Level 1:colcon.colcon_core.package_identification:_identify(src/drone_c) by extension 'ros'
[0.121s] DEBUG:colcon.colcon_core.package_identification:Package 'src/drone_c' with type 'ros.ament_cmake' and name 'drone_c'
[0.121s] Level 1:colcon.colcon_core.package_identification:_identify(src/ground_bot) by extensions ['ignore', 'ignore_ament_install']
[0.121s] Level 1:colcon.colcon_core.package_identification:_identify(src/ground_bot) by extension 'ignore'
[0.121s] Level 1:colcon.colcon_core.package_identification:_identify(src/ground_bot) by extension 'ignore_ament_install'
[0.121s] Level 1:colcon.colcon_core.package_identification:_identify(src/ground_bot) by extensions ['colcon_pkg']
[0.121s] Level 1:colcon.colcon_core.package_identification:_identify(src/ground_bot) by extension 'colcon_pkg'
[0.121s] Level 1:colcon.colcon_core.package_identification:_identify(src/ground_bot) by extensions ['colcon_meta']
[0.121s] Level 1:colcon.colcon_core.package_identification:_identify(src/ground_bot) by extension 'colcon_meta'
[0.121s] Level 1:colcon.colcon_core.package_identification:_identify(src/ground_bot) by extensions ['ros']
[0.121s] Level 1:colcon.colcon_core.package_identification:_identify(src/ground_bot) by extension 'ros'
[0.121s] DEBUG:colcon.colcon_core.package_identification:Package 'src/ground_bot' with type 'ros.ament_cmake' and name 'ground_bot'
[0.121s] Level 1:colcon.colcon_core.package_identification:_identify(src/hamma_bot) by extensions ['ignore', 'ignore_ament_install']
[0.121s] Level 1:colcon.colcon_core.package_identification:_identify(src/hamma_bot) by extension 'ignore'
[0.121s] Level 1:colcon.colcon_core.package_identification:_identify(src/hamma_bot) by extension 'ignore_ament_install'
[0.121s] Level 1:colcon.colcon_core.package_identification:_identify(src/hamma_bot) by extensions ['colcon_pkg']
[0.121s] Level 1:colcon.colcon_core.package_identification:_identify(src/hamma_bot) by extension 'colcon_pkg'
[0.121s] Level 1:colcon.colcon_core.package_identification:_identify(src/hamma_bot) by extensions ['colcon_meta']
[0.121s] Level 1:colcon.colcon_core.package_identification:_identify(src/hamma_bot) by extension 'colcon_meta'
[0.122s] Level 1:colcon.colcon_core.package_identification:_identify(src/hamma_bot) by extensions ['ros']
[0.122s] Level 1:colcon.colcon_core.package_identification:_identify(src/hamma_bot) by extension 'ros'
[0.122s] DEBUG:colcon.colcon_core.package_identification:Package 'src/hamma_bot' with type 'ros.ament_cmake' and name 'hamma_bot'
[0.122s] Level 1:colcon.colcon_core.package_identification:_identify(src/pointcloud_to_laserscan) by extensions ['ignore', 'ignore_ament_install']
[0.122s] Level 1:colcon.colcon_core.package_identification:_identify(src/pointcloud_to_laserscan) by extension 'ignore'
[0.122s] Level 1:colcon.colcon_core.package_identification:_identify(src/pointcloud_to_laserscan) by extension 'ignore_ament_install'
[0.122s] Level 1:colcon.colcon_core.package_identification:_identify(src/pointcloud_to_laserscan) by extensions ['colcon_pkg']
[0.122s] Level 1:colcon.colcon_core.package_identification:_identify(src/pointcloud_to_laserscan) by extension 'colcon_pkg'
[0.122s] Level 1:colcon.colcon_core.package_identification:_identify(src/pointcloud_to_laserscan) by extensions ['colcon_meta']
[0.122s] Level 1:colcon.colcon_core.package_identification:_identify(src/pointcloud_to_laserscan) by extension 'colcon_meta'
[0.122s] Level 1:colcon.colcon_core.package_identification:_identify(src/pointcloud_to_laserscan) by extensions ['ros']
[0.122s] Level 1:colcon.colcon_core.package_identification:_identify(src/pointcloud_to_laserscan) by extension 'ros'
[0.123s] DEBUG:colcon.colcon_core.package_identification:Package 'src/pointcloud_to_laserscan' with type 'ros.ament_cmake' and name 'pointcloud_to_laserscan'
[0.123s] Level 1:colcon.colcon_core.package_identification:_identify(src/robot_description) by extensions ['ignore', 'ignore_ament_install']
[0.123s] Level 1:colcon.colcon_core.package_identification:_identify(src/robot_description) by extension 'ignore'
[0.123s] Level 1:colcon.colcon_core.package_identification:_identify(src/robot_description) by extension 'ignore_ament_install'
[0.123s] Level 1:colcon.colcon_core.package_identification:_identify(src/robot_description) by extensions ['colcon_pkg']
[0.123s] Level 1:colcon.colcon_core.package_identification:_identify(src/robot_description) by extension 'colcon_pkg'
[0.123s] Level 1:colcon.colcon_core.package_identification:_identify(src/robot_description) by extensions ['colcon_meta']
[0.123s] Level 1:colcon.colcon_core.package_identification:_identify(src/robot_description) by extension 'colcon_meta'
[0.123s] Level 1:colcon.colcon_core.package_identification:_identify(src/robot_description) by extensions ['ros']
[0.123s] Level 1:colcon.colcon_core.package_identification:_identify(src/robot_description) by extension 'ros'
[0.124s] DEBUG:colcon.colcon_core.package_identification:Package 'src/robot_description' with type 'ros.ament_cmake' and name 'robot_description'
[0.124s] Level 1:colcon.colcon_core.package_identification:_identify(src/roller) by extensions ['ignore', 'ignore_ament_install']
[0.124s] Level 1:colcon.colcon_core.package_identification:_identify(src/roller) by extension 'ignore'
[0.124s] Level 1:colcon.colcon_core.package_identification:_identify(src/roller) by extension 'ignore_ament_install'
[0.124s] Level 1:colcon.colcon_core.package_identification:_identify(src/roller) by extensions ['colcon_pkg']
[0.124s] Level 1:colcon.colcon_core.package_identification:_identify(src/roller) by extension 'colcon_pkg'
[0.124s] Level 1:colcon.colcon_core.package_identification:_identify(src/roller) by extensions ['colcon_meta']
[0.124s] Level 1:colcon.colcon_core.package_identification:_identify(src/roller) by extension 'colcon_meta'
[0.124s] Level 1:colcon.colcon_core.package_identification:_identify(src/roller) by extensions ['ros']
[0.124s] Level 1:colcon.colcon_core.package_identification:_identify(src/roller) by extension 'ros'
[0.124s] DEBUG:colcon.colcon_core.package_identification:Package 'src/roller' with type 'ros.ament_cmake' and name 'roller'
[0.124s] Level 1:colcon.colcon_core.package_discovery:discover_packages(recursive) using defaults
[0.124s] Level 1:colcon.colcon_core.package_discovery:discover_packages(ignore) discover
[0.124s] Level 1:colcon.colcon_core.package_discovery:discover_packages(ignore) using defaults
[0.124s] Level 1:colcon.colcon_core.package_discovery:discover_packages(path) discover
[0.124s] Level 1:colcon.colcon_core.package_discovery:discover_packages(path) using defaults
[0.138s] INFO:colcon.colcon_core.package_selection:Skipping not selected package 'controller' in 'src/controller'
[0.138s] INFO:colcon.colcon_core.package_selection:Skipping not selected package 'hamma_bot' in 'src/hamma_bot'
[0.138s] INFO:colcon.colcon_core.package_selection:Skipping not selected package 'pointcloud_to_laserscan' in 'src/pointcloud_to_laserscan'
[0.138s] INFO:colcon.colcon_core.package_selection:Skipping not selected package 'robot_description' in 'src/robot_description'
[0.138s] INFO:colcon.colcon_core.package_selection:Skipping not selected package 'roller' in 'src/roller'
[0.138s] INFO:colcon.colcon_core.package_selection:Skipping not selected package 'camera_nav' in 'src/camera_nav'
[0.138s] INFO:colcon.colcon_core.package_selection:Skipping not selected package 'ground_bot' in 'src/ground_bot'
[0.139s] Level 1:colcon.colcon_core.package_discovery:discover_packages(prefix_path) check parameters
[0.139s] Level 1:colcon.colcon_core.package_discovery:discover_packages(prefix_path) discover
[0.140s] DEBUG:colcon.colcon_installed_package_information.package_discovery:Found 2 installed packages in /home/naor/Desktop/naor/work/capsule_repo/install
[0.141s] DEBUG:colcon.colcon_installed_package_information.package_discovery:Found 418 installed packages in /opt/ros/humble
[0.142s] Level 1:colcon.colcon_core.package_discovery:discover_packages(prefix_path) using defaults
[0.176s] Level 5:colcon.colcon_core.verb:set package 'drone_c' build argument 'cmake_args' from command line to 'None'
[0.176s] Level 5:colcon.colcon_core.verb:set package 'drone_c' build argument 'cmake_target' from command line to 'None'
[0.176s] Level 5:colcon.colcon_core.verb:set package 'drone_c' build argument 'cmake_target_skip_unavailable' from command line to 'False'
[0.176s] Level 5:colcon.colcon_core.verb:set package 'drone_c' build argument 'cmake_clean_cache' from command line to 'False'
[0.176s] Level 5:colcon.colcon_core.verb:set package 'drone_c' build argument 'cmake_clean_first' from command line to 'False'
[0.176s] Level 5:colcon.colcon_core.verb:set package 'drone_c' build argument 'cmake_force_configure' from command line to 'False'
[0.176s] Level 5:colcon.colcon_core.verb:set package 'drone_c' build argument 'ament_cmake_args' from command line to 'None'
[0.176s] Level 5:colcon.colcon_core.verb:set package 'drone_c' build argument 'catkin_cmake_args' from command line to 'None'
[0.176s] Level 5:colcon.colcon_core.verb:set package 'drone_c' build argument 'catkin_skip_building_tests' from command line to 'False'
[0.176s] DEBUG:colcon.colcon_core.verb:Building package 'drone_c' with the following arguments: {'ament_cmake_args': None, 'build_base': '/home/naor/Desktop/naor/study/Thesis/build/drone_c', 'catkin_cmake_args': None, 'catkin_skip_building_tests': False, 'cmake_args': None, 'cmake_clean_cache': False, 'cmake_clean_first': False, 'cmake_force_configure': False, 'cmake_target': None, 'cmake_target_skip_unavailable': False, 'install_base': '/home/naor/Desktop/naor/study/Thesis/install/drone_c', 'merge_install': False, 'path': '/home/naor/Desktop/naor/study/Thesis/src/drone_c', 'symlink_install': False, 'test_result_base': None}
[0.176s] INFO:colcon.colcon_core.executor:Executing jobs using 'parallel' executor
[0.177s] DEBUG:colcon.colcon_parallel_executor.executor.parallel:run_until_complete
[0.177s] INFO:colcon.colcon_ros.task.ament_cmake.build:Building ROS package in '/home/naor/Desktop/naor/study/Thesis/src/drone_c' with build type 'ament_cmake'
[0.177s] INFO:colcon.colcon_cmake.task.cmake.build:Building CMake package in '/home/naor/Desktop/naor/study/Thesis/src/drone_c'
[0.179s] INFO:colcon.colcon_core.plugin_system:Skipping extension 'colcon_core.shell.bat': Not used on non-Windows systems
[0.179s] INFO:colcon.colcon_core.shell:Skip shell extension 'powershell' for command environment: Not usable outside of PowerShell
[0.179s] DEBUG:colcon.colcon_core.shell:Skip shell extension 'dsv' for command environment
[0.188s] DEBUG:colcon.colcon_core.event_handler.log_command:Invoking command in '/home/naor/Desktop/naor/study/Thesis/build/drone_c': CMAKE_PREFIX_PATH=/home/naor/Desktop/naor/work/capsule_repo/install/teensy_ers:/home/naor/Desktop/naor/work/capsule_repo/install/elers_bridge:/opt/ros/humble /usr/bin/cmake --build /home/naor/Desktop/naor/study/Thesis/build/drone_c -- -j16 -l16
[3.622s] DEBUG:colcon.colcon_core.event_handler.log_command:Invoked command in '/home/naor/Desktop/naor/study/Thesis/build/drone_c' returned '0': CMAKE_PREFIX_PATH=/home/naor/Desktop/naor/work/capsule_repo/install/teensy_ers:/home/naor/Desktop/naor/work/capsule_repo/install/elers_bridge:/opt/ros/humble /usr/bin/cmake --build /home/naor/Desktop/naor/study/Thesis/build/drone_c -- -j16 -l16
[3.628s] DEBUG:colcon.colcon_core.event_handler.log_command:Invoking command in '/home/naor/Desktop/naor/study/Thesis/build/drone_c': CMAKE_PREFIX_PATH=/home/naor/Desktop/naor/work/capsule_repo/install/teensy_ers:/home/naor/Desktop/naor/work/capsule_repo/install/elers_bridge:/opt/ros/humble /usr/bin/cmake --install /home/naor/Desktop/naor/study/Thesis/build/drone_c
[3.700s] Level 1:colcon.colcon_core.environment:create_environment_scripts_only(drone_c)
[3.701s] DEBUG:colcon.colcon_core.event_handler.log_command:Invoked command in '/home/naor/Desktop/naor/study/Thesis/build/drone_c' returned '0': CMAKE_PREFIX_PATH=/home/naor/Desktop/naor/work/capsule_repo/install/teensy_ers:/home/naor/Desktop/naor/work/capsule_repo/install/elers_bridge:/opt/ros/humble /usr/bin/cmake --install /home/naor/Desktop/naor/study/Thesis/build/drone_c
[3.702s] Level 1:colcon.colcon_core.environment:checking '/home/naor/Desktop/naor/study/Thesis/install/drone_c' for CMake module files
[3.703s] Level 1:colcon.colcon_core.environment:checking '/home/naor/Desktop/naor/study/Thesis/install/drone_c' for CMake config files
[3.703s] Level 1:colcon.colcon_core.shell:create_environment_hook('drone_c', 'cmake_prefix_path')
[3.703s] INFO:colcon.colcon_core.shell:Creating environment hook '/home/naor/Desktop/naor/study/Thesis/install/drone_c/share/drone_c/hook/cmake_prefix_path.ps1'
[3.703s] INFO:colcon.colcon_core.shell:Creating environment descriptor '/home/naor/Desktop/naor/study/Thesis/install/drone_c/share/drone_c/hook/cmake_prefix_path.dsv'
[3.704s] INFO:colcon.colcon_core.shell:Creating environment hook '/home/naor/Desktop/naor/study/Thesis/install/drone_c/share/drone_c/hook/cmake_prefix_path.sh'
[3.704s] Level 1:colcon.colcon_core.environment:checking '/home/naor/Desktop/naor/study/Thesis/install/drone_c/lib'
[3.704s] Level 1:colcon.colcon_core.shell:create_environment_hook('drone_c', 'ld_library_path_lib')
[3.704s] INFO:colcon.colcon_core.shell:Creating environment hook '/home/naor/Desktop/naor/study/Thesis/install/drone_c/share/drone_c/hook/ld_library_path_lib.ps1'
[3.705s] INFO:colcon.colcon_core.shell:Creating environment descriptor '/home/naor/Desktop/naor/study/Thesis/install/drone_c/share/drone_c/hook/ld_library_path_lib.dsv'
[3.705s] INFO:colcon.colcon_core.shell:Creating environment hook '/home/naor/Desktop/naor/study/Thesis/install/drone_c/share/drone_c/hook/ld_library_path_lib.sh'
[3.705s] Level 1:colcon.colcon_core.environment:checking '/home/naor/Desktop/naor/study/Thesis/install/drone_c/bin'
[3.705s] Level 1:colcon.colcon_core.environment:checking '/home/naor/Desktop/naor/study/Thesis/install/drone_c/lib/pkgconfig/drone_c.pc'
[3.705s] Level 1:colcon.colcon_core.environment:checking '/home/naor/Desktop/naor/study/Thesis/install/drone_c/lib/python3.10/site-packages'
[3.705s] Level 1:colcon.colcon_core.environment:checking '/home/naor/Desktop/naor/study/Thesis/install/drone_c/bin'
[3.706s] INFO:colcon.colcon_core.shell:Creating package script '/home/naor/Desktop/naor/study/Thesis/install/drone_c/share/drone_c/package.ps1'
[3.706s] INFO:colcon.colcon_core.shell:Creating package descriptor '/home/naor/Desktop/naor/study/Thesis/install/drone_c/share/drone_c/package.dsv'
[3.706s] INFO:colcon.colcon_core.shell:Creating package script '/home/naor/Desktop/naor/study/Thesis/install/drone_c/share/drone_c/package.sh'
[3.707s] INFO:colcon.colcon_core.shell:Creating package script '/home/naor/Desktop/naor/study/Thesis/install/drone_c/share/drone_c/package.bash'
[3.707s] INFO:colcon.colcon_core.shell:Creating package script '/home/naor/Desktop/naor/study/Thesis/install/drone_c/share/drone_c/package.zsh'
[3.708s] Level 1:colcon.colcon_core.environment:create_file_with_runtime_dependencies(/home/naor/Desktop/naor/study/Thesis/install/drone_c/share/colcon-core/packages/drone_c)
[3.708s] Level 1:colcon.colcon_core.environment:create_environment_scripts_only(drone_c)
[3.708s] Level 1:colcon.colcon_core.environment:checking '/home/naor/Desktop/naor/study/Thesis/install/drone_c' for CMake module files
[3.709s] Level 1:colcon.colcon_core.environment:checking '/home/naor/Desktop/naor/study/Thesis/install/drone_c' for CMake config files
[3.709s] Level 1:colcon.colcon_core.shell:create_environment_hook('drone_c', 'cmake_prefix_path')
[3.709s] INFO:colcon.colcon_core.shell:Creating environment hook '/home/naor/Desktop/naor/study/Thesis/install/drone_c/share/drone_c/hook/cmake_prefix_path.ps1'
[3.709s] INFO:colcon.colcon_core.shell:Creating environment descriptor '/home/naor/Desktop/naor/study/Thesis/install/drone_c/share/drone_c/hook/cmake_prefix_path.dsv'
[3.709s] INFO:colcon.colcon_core.shell:Creating environment hook '/home/naor/Desktop/naor/study/Thesis/install/drone_c/share/drone_c/hook/cmake_prefix_path.sh'
[3.710s] Level 1:colcon.colcon_core.environment:checking '/home/naor/Desktop/naor/study/Thesis/install/drone_c/lib'
[3.710s] Level 1:colcon.colcon_core.shell:create_environment_hook('drone_c', 'ld_library_path_lib')
[3.710s] INFO:colcon.colcon_core.shell:Creating environment hook '/home/naor/Desktop/naor/study/Thesis/install/drone_c/share/drone_c/hook/ld_library_path_lib.ps1'
[3.710s] INFO:colcon.colcon_core.shell:Creating environment descriptor '/home/naor/Desktop/naor/study/Thesis/install/drone_c/share/drone_c/hook/ld_library_path_lib.dsv'
[3.710s] INFO:colcon.colcon_core.shell:Creating environment hook '/home/naor/Desktop/naor/study/Thesis/install/drone_c/share/drone_c/hook/ld_library_path_lib.sh'
[3.711s] Level 1:colcon.colcon_core.environment:checking '/home/naor/Desktop/naor/study/Thesis/install/drone_c/bin'
[3.711s] Level 1:colcon.colcon_core.environment:checking '/home/naor/Desktop/naor/study/Thesis/install/drone_c/lib/pkgconfig/drone_c.pc'
[3.711s] Level 1:colcon.colcon_core.environment:checking '/home/naor/Desktop/naor/study/Thesis/install/drone_c/lib/python3.10/site-packages'
[3.711s] Level 1:colcon.colcon_core.environment:checking '/home/naor/Desktop/naor/study/Thesis/install/drone_c/bin'
[3.711s] INFO:colcon.colcon_core.shell:Creating package script '/home/naor/Desktop/naor/study/Thesis/install/drone_c/share/drone_c/package.ps1'
[3.711s] INFO:colcon.colcon_core.shell:Creating package descriptor '/home/naor/Desktop/naor/study/Thesis/install/drone_c/share/drone_c/package.dsv'
[3.712s] INFO:colcon.colcon_core.shell:Creating package script '/home/naor/Desktop/naor/study/Thesis/install/drone_c/share/drone_c/package.sh'
[3.712s] INFO:colcon.colcon_core.shell:Creating package script '/home/naor/Desktop/naor/study/Thesis/install/drone_c/share/drone_c/package.bash'
[3.712s] INFO:colcon.colcon_core.shell:Creating package script '/home/naor/Desktop/naor/study/Thesis/install/drone_c/share/drone_c/package.zsh'
[3.713s] Level 1:colcon.colcon_core.environment:create_file_with_runtime_dependencies(/home/naor/Desktop/naor/study/Thesis/install/drone_c/share/colcon-core/packages/drone_c)
[3.713s] DEBUG:colcon.colcon_parallel_executor.executor.parallel:closing loop
[3.713s] DEBUG:colcon.colcon_parallel_executor.executor.parallel:loop closed
[3.713s] DEBUG:colcon.colcon_parallel_executor.executor.parallel:run_until_complete finished with '0'
[3.713s] DEBUG:colcon.colcon_core.event_reactor:joining thread
[3.716s] INFO:colcon.colcon_core.plugin_system:Skipping extension 'colcon_notification.desktop_notification.terminal_notifier': Not used on non-Darwin systems
[3.716s] INFO:colcon.colcon_core.plugin_system:Skipping extension 'colcon_notification.desktop_notification.win32': Not used on non-Windows systems
[3.716s] INFO:colcon.colcon_notification.desktop_notification:Sending desktop notification using 'notify2'
[3.724s] DEBUG:colcon.colcon_core.event_reactor:joined thread
[3.724s] INFO:colcon.colcon_core.shell:Creating prefix script '/home/naor/Desktop/naor/study/Thesis/install/local_setup.ps1'
[3.725s] INFO:colcon.colcon_core.shell:Creating prefix util module '/home/naor/Desktop/naor/study/Thesis/install/_local_setup_util_ps1.py'
[3.725s] INFO:colcon.colcon_core.shell:Creating prefix chain script '/home/naor/Desktop/naor/study/Thesis/install/setup.ps1'
[3.726s] INFO:colcon.colcon_core.shell:Creating prefix script '/home/naor/Desktop/naor/study/Thesis/install/local_setup.sh'
[3.727s] INFO:colcon.colcon_core.shell:Creating prefix util module '/home/naor/Desktop/naor/study/Thesis/install/_local_setup_util_sh.py'
[3.727s] INFO:colcon.colcon_core.shell:Creating prefix chain script '/home/naor/Desktop/naor/study/Thesis/install/setup.sh'
[3.728s] INFO:colcon.colcon_core.shell:Creating prefix script '/home/naor/Desktop/naor/study/Thesis/install/local_setup.bash'
[3.728s] INFO:colcon.colcon_core.shell:Creating prefix chain script '/home/naor/Desktop/naor/study/Thesis/install/setup.bash'
[3.729s] INFO:colcon.colcon_core.shell:Creating prefix script '/home/naor/Desktop/naor/study/Thesis/install/local_setup.zsh'
[3.729s] INFO:colcon.colcon_core.shell:Creating prefix chain script '/home/naor/Desktop/naor/study/Thesis/install/setup.zsh'
