[0.739s] Invoking command in '/home/naor/Desktop/naor/study/Thesis/src/controller': PYTHONPATH=/home/naor/Desktop/naor/study/Thesis/build/controller/prefix_override:/usr/lib/python3/dist-packages/colcon_core/task/python/colcon_distutils_commands:/home/naor/Desktop/naor/study/Thesis/install/controller/lib/python3.10/site-packages:${PYTHONPATH} /usr/bin/python3 -W ignore:setup.py install is deprecated -W ignore:easy_install command is deprecated setup.py egg_info --egg-base ../../build/controller build --build-base /home/naor/Desktop/naor/study/Thesis/build/controller/build install --record /home/naor/Desktop/naor/study/Thesis/build/controller/install.log --single-version-externally-managed install_data
[0.996s] running egg_info
[1.014s] writing ../../build/controller/controller.egg-info/PKG-INFO
[1.014s] writing dependency_links to ../../build/controller/controller.egg-info/dependency_links.txt
[1.014s] writing requirements to ../../build/controller/controller.egg-info/requires.txt
[1.014s] writing top-level names to ../../build/controller/controller.egg-info/top_level.txt
[1.047s] reading manifest file '../../build/controller/controller.egg-info/SOURCES.txt'
[1.047s] adding license file 'LICENSE'
[1.048s] writing manifest file '../../build/controller/controller.egg-info/SOURCES.txt'
[1.048s] running build
[1.048s] running build_py
[1.048s] copying controller/__init__.py -> /home/naor/Desktop/naor/study/Thesis/build/controller/build/lib/controller
[1.048s] copying controller/controller_udp_ros.py -> /home/naor/Desktop/naor/study/Thesis/build/controller/build/lib/controller
[1.048s] copying controller/rtcom/__init__.py -> /home/naor/Desktop/naor/study/Thesis/build/controller/build/lib/controller/rtcom
[1.049s] copying controller/rtcom/rtcom_client.py -> /home/naor/Desktop/naor/study/Thesis/build/controller/build/lib/controller/rtcom
[1.049s] copying controller/rtcom/utils.py -> /home/naor/Desktop/naor/study/Thesis/build/controller/build/lib/controller/rtcom
[1.049s] copying controller/rtcom/core.py -> /home/naor/Desktop/naor/study/Thesis/build/controller/build/lib/controller/rtcom
[1.049s] copying controller/rtcom/rtcom_server.py -> /home/naor/Desktop/naor/study/Thesis/build/controller/build/lib/controller/rtcom
[1.049s] running install
[1.053s] running install_lib
[1.066s] running install_data
[1.066s] copying resource/controller -> /home/naor/Desktop/naor/study/Thesis/install/controller/share/ament_index/resource_index/packages
[1.066s] copying package.xml -> /home/naor/Desktop/naor/study/Thesis/install/controller/share/controller
[1.066s] copying launch/joystick_launch.py -> /home/naor/Desktop/naor/study/Thesis/install/controller/share/controller/launch
[1.066s] running install_egg_info
[1.084s] removing '/home/naor/Desktop/naor/study/Thesis/install/controller/lib/python3.10/site-packages/controller-0.0.0-py3.10.egg-info' (and everything under it)
[1.084s] Copying ../../build/controller/controller.egg-info to /home/naor/Desktop/naor/study/Thesis/install/controller/lib/python3.10/site-packages/controller-0.0.0-py3.10.egg-info
[1.084s] running install_scripts
[1.185s] writing list of installed files to '/home/naor/Desktop/naor/study/Thesis/build/controller/install.log'
[1.204s] Invoked command in '/home/naor/Desktop/naor/study/Thesis/src/controller' returned '0': PYTHONPATH=/home/naor/Desktop/naor/study/Thesis/build/controller/prefix_override:/usr/lib/python3/dist-packages/colcon_core/task/python/colcon_distutils_commands:/home/naor/Desktop/naor/study/Thesis/install/controller/lib/python3.10/site-packages:${PYTHONPATH} /usr/bin/python3 -W ignore:setup.py install is deprecated -W ignore:easy_install command is deprecated setup.py egg_info --egg-base ../../build/controller build --build-base /home/naor/Desktop/naor/study/Thesis/build/controller/build install --record /home/naor/Desktop/naor/study/Thesis/build/controller/install.log --single-version-externally-managed install_data
