[0.020s] Invoking command in '/home/naor/Desktop/naor/study/Thesis/build/pointcloud_to_laserscan': CMAKE_PREFIX_PATH=${CMAKE_PREFIX_PATH}:/home/naor/Desktop/naor/study/Thesis/install/roller:/home/naor/Desktop/naor/study/Thesis/install/camera_nav:/home/naor/Desktop/naor/study/Thesis/install/controller:/home/naor/Desktop/naor/work/capsule_repo/install/teensy_ers:/home/naor/Desktop/naor/work/capsule_repo/install/elers_bridge:/opt/ros/humble /usr/bin/cmake --build /home/naor/Desktop/naor/study/Thesis/build/pointcloud_to_laserscan -- -j16 -l16
[0.176s] [35m[1mConsolidate compiler generated dependencies of target pointcloud_to_laserscan_node[0m
[0.176s] [35m[1mConsolidate compiler generated dependencies of target laserscan_to_pointcloud_node[0m
[0.176s] [35m[1mConsolidate compiler generated dependencies of target laserscan_to_pointcloud[0m
[0.176s] [ 20%] Built target pointcloud_to_laserscan_node
[0.176s] [ 40%] Built target laserscan_to_pointcloud_node
[0.176s] [ 60%] Built target laserscan_to_pointcloud
[0.176s] [35m[1mConsolidate compiler generated dependencies of target pointcloud_to_laserscan[0m
[0.176s] [ 80%] Built target pointcloud_to_laserscan
[0.176s] [35m[1mConsolidate compiler generated dependencies of target dummy_pointcloud_publisher[0m
[0.176s] [100%] Built target dummy_pointcloud_publisher
[0.319s] Invoked command in '/home/naor/Desktop/naor/study/Thesis/build/pointcloud_to_laserscan' returned '0': CMAKE_PREFIX_PATH=${CMAKE_PREFIX_PATH}:/home/naor/Desktop/naor/study/Thesis/install/roller:/home/naor/Desktop/naor/study/Thesis/install/camera_nav:/home/naor/Desktop/naor/study/Thesis/install/controller:/home/naor/Desktop/naor/work/capsule_repo/install/teensy_ers:/home/naor/Desktop/naor/work/capsule_repo/install/elers_bridge:/opt/ros/humble /usr/bin/cmake --build /home/naor/Desktop/naor/study/Thesis/build/pointcloud_to_laserscan -- -j16 -l16
[0.327s] Invoking command in '/home/naor/Desktop/naor/study/Thesis/build/pointcloud_to_laserscan': CMAKE_PREFIX_PATH=${CMAKE_PREFIX_PATH}:/home/naor/Desktop/naor/study/Thesis/install/roller:/home/naor/Desktop/naor/study/Thesis/install/camera_nav:/home/naor/Desktop/naor/study/Thesis/install/controller:/home/naor/Desktop/naor/work/capsule_repo/install/teensy_ers:/home/naor/Desktop/naor/work/capsule_repo/install/elers_bridge:/opt/ros/humble /usr/bin/cmake --install /home/naor/Desktop/naor/study/Thesis/build/pointcloud_to_laserscan
[0.334s] -- Install configuration: ""
[0.334s] -- Installing: /home/naor/Desktop/naor/study/Thesis/install/pointcloud_to_laserscan/lib/pointcloud_to_laserscan/laserscan_to_pointcloud_node
[0.335s] -- Set runtime path of "/home/naor/Desktop/naor/study/Thesis/install/pointcloud_to_laserscan/lib/pointcloud_to_laserscan/laserscan_to_pointcloud_node" to ""
[0.335s] -- Installing: /home/naor/Desktop/naor/study/Thesis/install/pointcloud_to_laserscan/lib/pointcloud_to_laserscan/pointcloud_to_laserscan_node
[0.335s] -- Set runtime path of "/home/naor/Desktop/naor/study/Thesis/install/pointcloud_to_laserscan/lib/pointcloud_to_laserscan/pointcloud_to_laserscan_node" to ""
[0.335s] -- Installing: /home/naor/Desktop/naor/study/Thesis/install/pointcloud_to_laserscan/include
[0.335s] -- Installing: /home/naor/Desktop/naor/study/Thesis/install/pointcloud_to_laserscan/include/pointcloud_to_laserscan
[0.335s] -- Installing: /home/naor/Desktop/naor/study/Thesis/install/pointcloud_to_laserscan/include/pointcloud_to_laserscan/visibility_control.h
[0.335s] -- Installing: /home/naor/Desktop/naor/study/Thesis/install/pointcloud_to_laserscan/include/pointcloud_to_laserscan/pointcloud_to_laserscan_node.hpp
[0.335s] -- Installing: /home/naor/Desktop/naor/study/Thesis/install/pointcloud_to_laserscan/include/pointcloud_to_laserscan/laserscan_to_pointcloud_node.hpp
[0.335s] -- Installing: /home/naor/Desktop/naor/study/Thesis/install/pointcloud_to_laserscan/share/pointcloud_to_laserscan/environment/library_path.sh
[0.335s] -- Installing: /home/naor/Desktop/naor/study/Thesis/install/pointcloud_to_laserscan/share/pointcloud_to_laserscan/environment/library_path.dsv
[0.335s] -- Installing: /home/naor/Desktop/naor/study/Thesis/install/pointcloud_to_laserscan/lib/liblaserscan_to_pointcloud.so
[0.339s] -- Set runtime path of "/home/naor/Desktop/naor/study/Thesis/install/pointcloud_to_laserscan/lib/liblaserscan_to_pointcloud.so" to ""
[0.339s] -- Installing: /home/naor/Desktop/naor/study/Thesis/install/pointcloud_to_laserscan/lib/libpointcloud_to_laserscan.so
[0.346s] -- Set runtime path of "/home/naor/Desktop/naor/study/Thesis/install/pointcloud_to_laserscan/lib/libpointcloud_to_laserscan.so" to ""
[0.347s] -- Installing: /home/naor/Desktop/naor/study/Thesis/install/pointcloud_to_laserscan/lib/pointcloud_to_laserscan/dummy_pointcloud_publisher
[0.347s] -- Set runtime path of "/home/naor/Desktop/naor/study/Thesis/install/pointcloud_to_laserscan/lib/pointcloud_to_laserscan/dummy_pointcloud_publisher" to ""
[0.347s] -- Installing: /home/naor/Desktop/naor/study/Thesis/install/pointcloud_to_laserscan/share/pointcloud_to_laserscan/launch
[0.347s] -- Installing: /home/naor/Desktop/naor/study/Thesis/install/pointcloud_to_laserscan/share/pointcloud_to_laserscan/launch/sample_pointcloud_to_laserscan_launch.py
[0.347s] -- Installing: /home/naor/Desktop/naor/study/Thesis/install/pointcloud_to_laserscan/share/pointcloud_to_laserscan/launch/my_launch.py
[0.348s] -- Installing: /home/naor/Desktop/naor/study/Thesis/install/pointcloud_to_laserscan/share/pointcloud_to_laserscan/launch/sample_laserscan_to_pointcloud_launch.py
[0.348s] -- Installing: /home/naor/Desktop/naor/study/Thesis/install/pointcloud_to_laserscan/share/ament_index/resource_index/package_run_dependencies/pointcloud_to_laserscan
[0.348s] -- Installing: /home/naor/Desktop/naor/study/Thesis/install/pointcloud_to_laserscan/share/ament_index/resource_index/parent_prefix_path/pointcloud_to_laserscan
[0.348s] -- Installing: /home/naor/Desktop/naor/study/Thesis/install/pointcloud_to_laserscan/share/pointcloud_to_laserscan/environment/ament_prefix_path.sh
[0.348s] -- Installing: /home/naor/Desktop/naor/study/Thesis/install/pointcloud_to_laserscan/share/pointcloud_to_laserscan/environment/ament_prefix_path.dsv
[0.348s] -- Installing: /home/naor/Desktop/naor/study/Thesis/install/pointcloud_to_laserscan/share/pointcloud_to_laserscan/environment/path.sh
[0.348s] -- Installing: /home/naor/Desktop/naor/study/Thesis/install/pointcloud_to_laserscan/share/pointcloud_to_laserscan/environment/path.dsv
[0.348s] -- Installing: /home/naor/Desktop/naor/study/Thesis/install/pointcloud_to_laserscan/share/pointcloud_to_laserscan/local_setup.bash
[0.348s] -- Installing: /home/naor/Desktop/naor/study/Thesis/install/pointcloud_to_laserscan/share/pointcloud_to_laserscan/local_setup.sh
[0.348s] -- Installing: /home/naor/Desktop/naor/study/Thesis/install/pointcloud_to_laserscan/share/pointcloud_to_laserscan/local_setup.zsh
[0.349s] -- Installing: /home/naor/Desktop/naor/study/Thesis/install/pointcloud_to_laserscan/share/pointcloud_to_laserscan/local_setup.dsv
[0.349s] -- Installing: /home/naor/Desktop/naor/study/Thesis/install/pointcloud_to_laserscan/share/pointcloud_to_laserscan/package.dsv
[0.349s] -- Installing: /home/naor/Desktop/naor/study/Thesis/install/pointcloud_to_laserscan/share/ament_index/resource_index/packages/pointcloud_to_laserscan
[0.349s] -- Installing: /home/naor/Desktop/naor/study/Thesis/install/pointcloud_to_laserscan/share/ament_index/resource_index/rclcpp_components/pointcloud_to_laserscan
[0.349s] -- Installing: /home/naor/Desktop/naor/study/Thesis/install/pointcloud_to_laserscan/share/pointcloud_to_laserscan/cmake/ament_cmake_export_dependencies-extras.cmake
[0.349s] -- Installing: /home/naor/Desktop/naor/study/Thesis/install/pointcloud_to_laserscan/share/pointcloud_to_laserscan/cmake/ament_cmake_export_include_directories-extras.cmake
[0.349s] -- Installing: /home/naor/Desktop/naor/study/Thesis/install/pointcloud_to_laserscan/share/pointcloud_to_laserscan/cmake/ament_cmake_export_libraries-extras.cmake
[0.349s] -- Installing: /home/naor/Desktop/naor/study/Thesis/install/pointcloud_to_laserscan/share/pointcloud_to_laserscan/cmake/pointcloud_to_laserscanConfig.cmake
[0.350s] -- Installing: /home/naor/Desktop/naor/study/Thesis/install/pointcloud_to_laserscan/share/pointcloud_to_laserscan/cmake/pointcloud_to_laserscanConfig-version.cmake
[0.350s] -- Installing: /home/naor/Desktop/naor/study/Thesis/install/pointcloud_to_laserscan/share/pointcloud_to_laserscan/package.xml
[0.358s] Invoked command in '/home/naor/Desktop/naor/study/Thesis/build/pointcloud_to_laserscan' returned '0': CMAKE_PREFIX_PATH=${CMAKE_PREFIX_PATH}:/home/naor/Desktop/naor/study/Thesis/install/roller:/home/naor/Desktop/naor/study/Thesis/install/camera_nav:/home/naor/Desktop/naor/study/Thesis/install/controller:/home/naor/Desktop/naor/work/capsule_repo/install/teensy_ers:/home/naor/Desktop/naor/work/capsule_repo/install/elers_bridge:/opt/ros/humble /usr/bin/cmake --install /home/naor/Desktop/naor/study/Thesis/build/pointcloud_to_laserscan
