[0.248s] DEBUG:colcon:Command line arguments: ['/usr/bin/colcon', 'build']
[0.248s] DEBUG:colcon:Parsed command line arguments: Namespace(log_base=None, log_level=None, verb_name='build', build_base='build', install_base='install', merge_install=False, symlink_install=False, test_result_base=None, continue_on_error=False, executor='parallel', parallel_workers=16, event_handlers=None, ignore_user_meta=False, metas=['./colcon.meta'], base_paths=['.'], packages_ignore=None, packages_ignore_regex=None, paths=None, packages_up_to=None, packages_up_to_regex=None, packages_above=None, packages_above_and_dependencies=None, packages_above_depth=None, packages_select_by_dep=None, packages_skip_by_dep=None, packages_skip_up_to=None, packages_select_build_failed=False, packages_skip_build_finished=False, packages_select_test_failures=False, packages_skip_test_passed=False, packages_select=None, packages_skip=None, packages_select_regex=None, packages_skip_regex=None, packages_start=None, packages_end=None, allow_overriding=[], cmake_args=None, cmake_target=None, cmake_target_skip_unavailable=False, cmake_clean_cache=False, cmake_clean_first=False, cmake_force_configure=False, ament_cmake_args=None, catkin_cmake_args=None, catkin_skip_building_tests=False, mixin_files=None, mixin=None, verb_parser=<colcon_mixin.mixin.mixin_argument.MixinArgumentDecorator object at 0x7d81a8c8b460>, verb_extension=<colcon_core.verb.build.BuildVerb object at 0x7d81a8c8ae60>, main=<bound method BuildVerb.main of <colcon_core.verb.build.BuildVerb object at 0x7d81a8c8ae60>>, mixin_verb=('build',))
[0.296s] Level 1:colcon.colcon_core.package_discovery:discover_packages(colcon_meta) check parameters
[0.296s] Level 1:colcon.colcon_core.package_discovery:discover_packages(recursive) check parameters
[0.296s] Level 1:colcon.colcon_core.package_discovery:discover_packages(ignore) check parameters
[0.296s] Level 1:colcon.colcon_core.package_discovery:discover_packages(path) check parameters
[0.296s] Level 1:colcon.colcon_core.package_discovery:discover_packages(colcon_meta) discover
[0.296s] Level 1:colcon.colcon_core.package_discovery:discover_packages(recursive) discover
[0.296s] INFO:colcon.colcon_core.package_discovery:Crawling recursively for packages in '/home/naor/Desktop/naor/study/Thesis'
[0.296s] Level 1:colcon.colcon_core.package_identification:_identify(.) by extensions ['ignore', 'ignore_ament_install']
[0.297s] Level 1:colcon.colcon_core.package_identification:_identify(.) by extension 'ignore'
[0.297s] Level 1:colcon.colcon_core.package_identification:_identify(.) by extension 'ignore_ament_install'
[0.297s] Level 1:colcon.colcon_core.package_identification:_identify(.) by extensions ['colcon_pkg']
[0.297s] Level 1:colcon.colcon_core.package_identification:_identify(.) by extension 'colcon_pkg'
[0.297s] Level 1:colcon.colcon_core.package_identification:_identify(.) by extensions ['colcon_meta']
[0.297s] Level 1:colcon.colcon_core.package_identification:_identify(.) by extension 'colcon_meta'
[0.297s] Level 1:colcon.colcon_core.package_identification:_identify(.) by extensions ['ros']
[0.297s] Level 1:colcon.colcon_core.package_identification:_identify(.) by extension 'ros'
[0.308s] Level 1:colcon.colcon_core.package_identification:_identify(.) by extensions ['cmake', 'python']
[0.308s] Level 1:colcon.colcon_core.package_identification:_identify(.) by extension 'cmake'
[0.308s] Level 1:colcon.colcon_core.package_identification:_identify(.) by extension 'python'
[0.308s] Level 1:colcon.colcon_core.package_identification:_identify(.) by extensions ['python_setup_py']
[0.308s] Level 1:colcon.colcon_core.package_identification:_identify(.) by extension 'python_setup_py'
[0.308s] Level 1:colcon.colcon_core.package_identification:_identify(build) by extensions ['ignore', 'ignore_ament_install']
[0.308s] Level 1:colcon.colcon_core.package_identification:_identify(build) by extension 'ignore'
[0.308s] Level 1:colcon.colcon_core.package_identification:_identify(build) ignored
[0.308s] Level 1:colcon.colcon_core.package_identification:_identify(install) by extensions ['ignore', 'ignore_ament_install']
[0.308s] Level 1:colcon.colcon_core.package_identification:_identify(install) by extension 'ignore'
[0.308s] Level 1:colcon.colcon_core.package_identification:_identify(install) ignored
[0.308s] Level 1:colcon.colcon_core.package_identification:_identify(log) by extensions ['ignore', 'ignore_ament_install']
[0.308s] Level 1:colcon.colcon_core.package_identification:_identify(log) by extension 'ignore'
[0.308s] Level 1:colcon.colcon_core.package_identification:_identify(log) ignored
[0.309s] Level 1:colcon.colcon_core.package_identification:_identify(src) by extensions ['ignore', 'ignore_ament_install']
[0.309s] Level 1:colcon.colcon_core.package_identification:_identify(src) by extension 'ignore'
[0.309s] Level 1:colcon.colcon_core.package_identification:_identify(src) by extension 'ignore_ament_install'
[0.309s] Level 1:colcon.colcon_core.package_identification:_identify(src) by extensions ['colcon_pkg']
[0.309s] Level 1:colcon.colcon_core.package_identification:_identify(src) by extension 'colcon_pkg'
[0.309s] Level 1:colcon.colcon_core.package_identification:_identify(src) by extensions ['colcon_meta']
[0.309s] Level 1:colcon.colcon_core.package_identification:_identify(src) by extension 'colcon_meta'
[0.309s] Level 1:colcon.colcon_core.package_identification:_identify(src) by extensions ['ros']
[0.309s] Level 1:colcon.colcon_core.package_identification:_identify(src) by extension 'ros'
[0.309s] Level 1:colcon.colcon_core.package_identification:_identify(src) by extensions ['cmake', 'python']
[0.309s] Level 1:colcon.colcon_core.package_identification:_identify(src) by extension 'cmake'
[0.309s] Level 1:colcon.colcon_core.package_identification:_identify(src) by extension 'python'
[0.309s] Level 1:colcon.colcon_core.package_identification:_identify(src) by extensions ['python_setup_py']
[0.309s] Level 1:colcon.colcon_core.package_identification:_identify(src) by extension 'python_setup_py'
[0.309s] Level 1:colcon.colcon_core.package_identification:_identify(src/camera_nav) by extensions ['ignore', 'ignore_ament_install']
[0.309s] Level 1:colcon.colcon_core.package_identification:_identify(src/camera_nav) by extension 'ignore'
[0.309s] Level 1:colcon.colcon_core.package_identification:_identify(src/camera_nav) by extension 'ignore_ament_install'
[0.309s] Level 1:colcon.colcon_core.package_identification:_identify(src/camera_nav) by extensions ['colcon_pkg']
[0.309s] Level 1:colcon.colcon_core.package_identification:_identify(src/camera_nav) by extension 'colcon_pkg'
[0.309s] Level 1:colcon.colcon_core.package_identification:_identify(src/camera_nav) by extensions ['colcon_meta']
[0.309s] Level 1:colcon.colcon_core.package_identification:_identify(src/camera_nav) by extension 'colcon_meta'
[0.309s] Level 1:colcon.colcon_core.package_identification:_identify(src/camera_nav) by extensions ['ros']
[0.309s] Level 1:colcon.colcon_core.package_identification:_identify(src/camera_nav) by extension 'ros'
[0.312s] DEBUG:colcon.colcon_core.package_identification:Package 'src/camera_nav' with type 'ros.ament_python' and name 'camera_nav'
[0.313s] Level 1:colcon.colcon_core.package_identification:_identify(src/controller) by extensions ['ignore', 'ignore_ament_install']
[0.313s] Level 1:colcon.colcon_core.package_identification:_identify(src/controller) by extension 'ignore'
[0.313s] Level 1:colcon.colcon_core.package_identification:_identify(src/controller) by extension 'ignore_ament_install'
[0.313s] Level 1:colcon.colcon_core.package_identification:_identify(src/controller) by extensions ['colcon_pkg']
[0.313s] Level 1:colcon.colcon_core.package_identification:_identify(src/controller) by extension 'colcon_pkg'
[0.313s] Level 1:colcon.colcon_core.package_identification:_identify(src/controller) by extensions ['colcon_meta']
[0.313s] Level 1:colcon.colcon_core.package_identification:_identify(src/controller) by extension 'colcon_meta'
[0.313s] Level 1:colcon.colcon_core.package_identification:_identify(src/controller) by extensions ['ros']
[0.313s] Level 1:colcon.colcon_core.package_identification:_identify(src/controller) by extension 'ros'
[0.314s] DEBUG:colcon.colcon_core.package_identification:Package 'src/controller' with type 'ros.ament_python' and name 'controller'
[0.314s] Level 1:colcon.colcon_core.package_identification:_identify(src/drone_c) by extensions ['ignore', 'ignore_ament_install']
[0.314s] Level 1:colcon.colcon_core.package_identification:_identify(src/drone_c) by extension 'ignore'
[0.314s] Level 1:colcon.colcon_core.package_identification:_identify(src/drone_c) by extension 'ignore_ament_install'
[0.314s] Level 1:colcon.colcon_core.package_identification:_identify(src/drone_c) by extensions ['colcon_pkg']
[0.314s] Level 1:colcon.colcon_core.package_identification:_identify(src/drone_c) by extension 'colcon_pkg'
[0.314s] Level 1:colcon.colcon_core.package_identification:_identify(src/drone_c) by extensions ['colcon_meta']
[0.314s] Level 1:colcon.colcon_core.package_identification:_identify(src/drone_c) by extension 'colcon_meta'
[0.314s] Level 1:colcon.colcon_core.package_identification:_identify(src/drone_c) by extensions ['ros']
[0.314s] Level 1:colcon.colcon_core.package_identification:_identify(src/drone_c) by extension 'ros'
[0.315s] DEBUG:colcon.colcon_core.package_identification:Package 'src/drone_c' with type 'ros.ament_cmake' and name 'drone_c'
[0.315s] Level 1:colcon.colcon_core.package_identification:_identify(src/ground_bot) by extensions ['ignore', 'ignore_ament_install']
[0.315s] Level 1:colcon.colcon_core.package_identification:_identify(src/ground_bot) by extension 'ignore'
[0.315s] Level 1:colcon.colcon_core.package_identification:_identify(src/ground_bot) by extension 'ignore_ament_install'
[0.315s] Level 1:colcon.colcon_core.package_identification:_identify(src/ground_bot) by extensions ['colcon_pkg']
[0.315s] Level 1:colcon.colcon_core.package_identification:_identify(src/ground_bot) by extension 'colcon_pkg'
[0.315s] Level 1:colcon.colcon_core.package_identification:_identify(src/ground_bot) by extensions ['colcon_meta']
[0.315s] Level 1:colcon.colcon_core.package_identification:_identify(src/ground_bot) by extension 'colcon_meta'
[0.315s] Level 1:colcon.colcon_core.package_identification:_identify(src/ground_bot) by extensions ['ros']
[0.315s] Level 1:colcon.colcon_core.package_identification:_identify(src/ground_bot) by extension 'ros'
[0.316s] DEBUG:colcon.colcon_core.package_identification:Package 'src/ground_bot' with type 'ros.ament_cmake' and name 'ground_bot'
[0.317s] Level 1:colcon.colcon_core.package_identification:_identify(src/hamma_bot) by extensions ['ignore', 'ignore_ament_install']
[0.317s] Level 1:colcon.colcon_core.package_identification:_identify(src/hamma_bot) by extension 'ignore'
[0.317s] Level 1:colcon.colcon_core.package_identification:_identify(src/hamma_bot) by extension 'ignore_ament_install'
[0.317s] Level 1:colcon.colcon_core.package_identification:_identify(src/hamma_bot) by extensions ['colcon_pkg']
[0.317s] Level 1:colcon.colcon_core.package_identification:_identify(src/hamma_bot) by extension 'colcon_pkg'
[0.317s] Level 1:colcon.colcon_core.package_identification:_identify(src/hamma_bot) by extensions ['colcon_meta']
[0.317s] Level 1:colcon.colcon_core.package_identification:_identify(src/hamma_bot) by extension 'colcon_meta'
[0.317s] Level 1:colcon.colcon_core.package_identification:_identify(src/hamma_bot) by extensions ['ros']
[0.317s] Level 1:colcon.colcon_core.package_identification:_identify(src/hamma_bot) by extension 'ros'
[0.318s] DEBUG:colcon.colcon_core.package_identification:Package 'src/hamma_bot' with type 'ros.ament_cmake' and name 'hamma_bot'
[0.319s] Level 1:colcon.colcon_core.package_identification:_identify(src/pointcloud_to_laserscan) by extensions ['ignore', 'ignore_ament_install']
[0.319s] Level 1:colcon.colcon_core.package_identification:_identify(src/pointcloud_to_laserscan) by extension 'ignore'
[0.319s] Level 1:colcon.colcon_core.package_identification:_identify(src/pointcloud_to_laserscan) by extension 'ignore_ament_install'
[0.319s] Level 1:colcon.colcon_core.package_identification:_identify(src/pointcloud_to_laserscan) by extensions ['colcon_pkg']
[0.319s] Level 1:colcon.colcon_core.package_identification:_identify(src/pointcloud_to_laserscan) by extension 'colcon_pkg'
[0.319s] Level 1:colcon.colcon_core.package_identification:_identify(src/pointcloud_to_laserscan) by extensions ['colcon_meta']
[0.319s] Level 1:colcon.colcon_core.package_identification:_identify(src/pointcloud_to_laserscan) by extension 'colcon_meta'
[0.319s] Level 1:colcon.colcon_core.package_identification:_identify(src/pointcloud_to_laserscan) by extensions ['ros']
[0.319s] Level 1:colcon.colcon_core.package_identification:_identify(src/pointcloud_to_laserscan) by extension 'ros'
[0.320s] DEBUG:colcon.colcon_core.package_identification:Package 'src/pointcloud_to_laserscan' with type 'ros.ament_cmake' and name 'pointcloud_to_laserscan'
[0.320s] Level 1:colcon.colcon_core.package_identification:_identify(src/robot_description) by extensions ['ignore', 'ignore_ament_install']
[0.320s] Level 1:colcon.colcon_core.package_identification:_identify(src/robot_description) by extension 'ignore'
[0.321s] Level 1:colcon.colcon_core.package_identification:_identify(src/robot_description) by extension 'ignore_ament_install'
[0.321s] Level 1:colcon.colcon_core.package_identification:_identify(src/robot_description) by extensions ['colcon_pkg']
[0.321s] Level 1:colcon.colcon_core.package_identification:_identify(src/robot_description) by extension 'colcon_pkg'
[0.321s] Level 1:colcon.colcon_core.package_identification:_identify(src/robot_description) by extensions ['colcon_meta']
[0.321s] Level 1:colcon.colcon_core.package_identification:_identify(src/robot_description) by extension 'colcon_meta'
[0.321s] Level 1:colcon.colcon_core.package_identification:_identify(src/robot_description) by extensions ['ros']
[0.321s] Level 1:colcon.colcon_core.package_identification:_identify(src/robot_description) by extension 'ros'
[0.321s] DEBUG:colcon.colcon_core.package_identification:Package 'src/robot_description' with type 'ros.ament_cmake' and name 'robot_description'
[0.321s] Level 1:colcon.colcon_core.package_identification:_identify(src/roller) by extensions ['ignore', 'ignore_ament_install']
[0.322s] Level 1:colcon.colcon_core.package_identification:_identify(src/roller) by extension 'ignore'
[0.322s] Level 1:colcon.colcon_core.package_identification:_identify(src/roller) by extension 'ignore_ament_install'
[0.322s] Level 1:colcon.colcon_core.package_identification:_identify(src/roller) by extensions ['colcon_pkg']
[0.322s] Level 1:colcon.colcon_core.package_identification:_identify(src/roller) by extension 'colcon_pkg'
[0.322s] Level 1:colcon.colcon_core.package_identification:_identify(src/roller) by extensions ['colcon_meta']
[0.322s] Level 1:colcon.colcon_core.package_identification:_identify(src/roller) by extension 'colcon_meta'
[0.322s] Level 1:colcon.colcon_core.package_identification:_identify(src/roller) by extensions ['ros']
[0.322s] Level 1:colcon.colcon_core.package_identification:_identify(src/roller) by extension 'ros'
[0.322s] DEBUG:colcon.colcon_core.package_identification:Package 'src/roller' with type 'ros.ament_cmake' and name 'roller'
[0.322s] Level 1:colcon.colcon_core.package_discovery:discover_packages(recursive) using defaults
[0.322s] Level 1:colcon.colcon_core.package_discovery:discover_packages(ignore) discover
[0.323s] Level 1:colcon.colcon_core.package_discovery:discover_packages(ignore) using defaults
[0.323s] Level 1:colcon.colcon_core.package_discovery:discover_packages(path) discover
[0.323s] Level 1:colcon.colcon_core.package_discovery:discover_packages(path) using defaults
[0.344s] Level 1:colcon.colcon_core.package_discovery:discover_packages(prefix_path) check parameters
[0.344s] Level 1:colcon.colcon_core.package_discovery:discover_packages(prefix_path) discover
[0.346s] DEBUG:colcon.colcon_installed_package_information.package_discovery:Found 2 installed packages in /home/naor/Desktop/naor/work/capsule_repo/install
[0.347s] DEBUG:colcon.colcon_installed_package_information.package_discovery:Found 418 installed packages in /opt/ros/humble
[0.348s] Level 1:colcon.colcon_core.package_discovery:discover_packages(prefix_path) using defaults
[0.385s] Level 5:colcon.colcon_core.verb:set package 'controller' build argument 'cmake_args' from command line to 'None'
[0.386s] Level 5:colcon.colcon_core.verb:set package 'controller' build argument 'cmake_target' from command line to 'None'
[0.386s] Level 5:colcon.colcon_core.verb:set package 'controller' build argument 'cmake_target_skip_unavailable' from command line to 'False'
[0.386s] Level 5:colcon.colcon_core.verb:set package 'controller' build argument 'cmake_clean_cache' from command line to 'False'
[0.386s] Level 5:colcon.colcon_core.verb:set package 'controller' build argument 'cmake_clean_first' from command line to 'False'
[0.386s] Level 5:colcon.colcon_core.verb:set package 'controller' build argument 'cmake_force_configure' from command line to 'False'
[0.386s] Level 5:colcon.colcon_core.verb:set package 'controller' build argument 'ament_cmake_args' from command line to 'None'
[0.386s] Level 5:colcon.colcon_core.verb:set package 'controller' build argument 'catkin_cmake_args' from command line to 'None'
[0.386s] Level 5:colcon.colcon_core.verb:set package 'controller' build argument 'catkin_skip_building_tests' from command line to 'False'
[0.386s] DEBUG:colcon.colcon_core.verb:Building package 'controller' with the following arguments: {'ament_cmake_args': None, 'build_base': '/home/naor/Desktop/naor/study/Thesis/build/controller', 'catkin_cmake_args': None, 'catkin_skip_building_tests': False, 'cmake_args': None, 'cmake_clean_cache': False, 'cmake_clean_first': False, 'cmake_force_configure': False, 'cmake_target': None, 'cmake_target_skip_unavailable': False, 'install_base': '/home/naor/Desktop/naor/study/Thesis/install/controller', 'merge_install': False, 'path': '/home/naor/Desktop/naor/study/Thesis/src/controller', 'symlink_install': False, 'test_result_base': None}
[0.386s] Level 5:colcon.colcon_core.verb:set package 'drone_c' build argument 'cmake_args' from command line to 'None'
[0.386s] Level 5:colcon.colcon_core.verb:set package 'drone_c' build argument 'cmake_target' from command line to 'None'
[0.386s] Level 5:colcon.colcon_core.verb:set package 'drone_c' build argument 'cmake_target_skip_unavailable' from command line to 'False'
[0.386s] Level 5:colcon.colcon_core.verb:set package 'drone_c' build argument 'cmake_clean_cache' from command line to 'False'
[0.386s] Level 5:colcon.colcon_core.verb:set package 'drone_c' build argument 'cmake_clean_first' from command line to 'False'
[0.386s] Level 5:colcon.colcon_core.verb:set package 'drone_c' build argument 'cmake_force_configure' from command line to 'False'
[0.386s] Level 5:colcon.colcon_core.verb:set package 'drone_c' build argument 'ament_cmake_args' from command line to 'None'
[0.386s] Level 5:colcon.colcon_core.verb:set package 'drone_c' build argument 'catkin_cmake_args' from command line to 'None'
[0.386s] Level 5:colcon.colcon_core.verb:set package 'drone_c' build argument 'catkin_skip_building_tests' from command line to 'False'
[0.386s] DEBUG:colcon.colcon_core.verb:Building package 'drone_c' with the following arguments: {'ament_cmake_args': None, 'build_base': '/home/naor/Desktop/naor/study/Thesis/build/drone_c', 'catkin_cmake_args': None, 'catkin_skip_building_tests': False, 'cmake_args': None, 'cmake_clean_cache': False, 'cmake_clean_first': False, 'cmake_force_configure': False, 'cmake_target': None, 'cmake_target_skip_unavailable': False, 'install_base': '/home/naor/Desktop/naor/study/Thesis/install/drone_c', 'merge_install': False, 'path': '/home/naor/Desktop/naor/study/Thesis/src/drone_c', 'symlink_install': False, 'test_result_base': None}
[0.386s] Level 5:colcon.colcon_core.verb:set package 'hamma_bot' build argument 'cmake_args' from command line to 'None'
[0.386s] Level 5:colcon.colcon_core.verb:set package 'hamma_bot' build argument 'cmake_target' from command line to 'None'
[0.386s] Level 5:colcon.colcon_core.verb:set package 'hamma_bot' build argument 'cmake_target_skip_unavailable' from command line to 'False'
[0.386s] Level 5:colcon.colcon_core.verb:set package 'hamma_bot' build argument 'cmake_clean_cache' from command line to 'False'
[0.386s] Level 5:colcon.colcon_core.verb:set package 'hamma_bot' build argument 'cmake_clean_first' from command line to 'False'
[0.386s] Level 5:colcon.colcon_core.verb:set package 'hamma_bot' build argument 'cmake_force_configure' from command line to 'False'
[0.386s] Level 5:colcon.colcon_core.verb:set package 'hamma_bot' build argument 'ament_cmake_args' from command line to 'None'
[0.386s] Level 5:colcon.colcon_core.verb:set package 'hamma_bot' build argument 'catkin_cmake_args' from command line to 'None'
[0.386s] Level 5:colcon.colcon_core.verb:set package 'hamma_bot' build argument 'catkin_skip_building_tests' from command line to 'False'
[0.386s] DEBUG:colcon.colcon_core.verb:Building package 'hamma_bot' with the following arguments: {'ament_cmake_args': None, 'build_base': '/home/naor/Desktop/naor/study/Thesis/build/hamma_bot', 'catkin_cmake_args': None, 'catkin_skip_building_tests': False, 'cmake_args': None, 'cmake_clean_cache': False, 'cmake_clean_first': False, 'cmake_force_configure': False, 'cmake_target': None, 'cmake_target_skip_unavailable': False, 'install_base': '/home/naor/Desktop/naor/study/Thesis/install/hamma_bot', 'merge_install': False, 'path': '/home/naor/Desktop/naor/study/Thesis/src/hamma_bot', 'symlink_install': False, 'test_result_base': None}
[0.387s] Level 5:colcon.colcon_core.verb:set package 'pointcloud_to_laserscan' build argument 'cmake_args' from command line to 'None'
[0.387s] Level 5:colcon.colcon_core.verb:set package 'pointcloud_to_laserscan' build argument 'cmake_target' from command line to 'None'
[0.387s] Level 5:colcon.colcon_core.verb:set package 'pointcloud_to_laserscan' build argument 'cmake_target_skip_unavailable' from command line to 'False'
[0.387s] Level 5:colcon.colcon_core.verb:set package 'pointcloud_to_laserscan' build argument 'cmake_clean_cache' from command line to 'False'
[0.387s] Level 5:colcon.colcon_core.verb:set package 'pointcloud_to_laserscan' build argument 'cmake_clean_first' from command line to 'False'
[0.387s] Level 5:colcon.colcon_core.verb:set package 'pointcloud_to_laserscan' build argument 'cmake_force_configure' from command line to 'False'
[0.387s] Level 5:colcon.colcon_core.verb:set package 'pointcloud_to_laserscan' build argument 'ament_cmake_args' from command line to 'None'
[0.387s] Level 5:colcon.colcon_core.verb:set package 'pointcloud_to_laserscan' build argument 'catkin_cmake_args' from command line to 'None'
[0.387s] Level 5:colcon.colcon_core.verb:set package 'pointcloud_to_laserscan' build argument 'catkin_skip_building_tests' from command line to 'False'
[0.387s] DEBUG:colcon.colcon_core.verb:Building package 'pointcloud_to_laserscan' with the following arguments: {'ament_cmake_args': None, 'build_base': '/home/naor/Desktop/naor/study/Thesis/build/pointcloud_to_laserscan', 'catkin_cmake_args': None, 'catkin_skip_building_tests': False, 'cmake_args': None, 'cmake_clean_cache': False, 'cmake_clean_first': False, 'cmake_force_configure': False, 'cmake_target': None, 'cmake_target_skip_unavailable': False, 'install_base': '/home/naor/Desktop/naor/study/Thesis/install/pointcloud_to_laserscan', 'merge_install': False, 'path': '/home/naor/Desktop/naor/study/Thesis/src/pointcloud_to_laserscan', 'symlink_install': False, 'test_result_base': None}
[0.387s] Level 5:colcon.colcon_core.verb:set package 'robot_description' build argument 'cmake_args' from command line to 'None'
[0.387s] Level 5:colcon.colcon_core.verb:set package 'robot_description' build argument 'cmake_target' from command line to 'None'
[0.387s] Level 5:colcon.colcon_core.verb:set package 'robot_description' build argument 'cmake_target_skip_unavailable' from command line to 'False'
[0.387s] Level 5:colcon.colcon_core.verb:set package 'robot_description' build argument 'cmake_clean_cache' from command line to 'False'
[0.387s] Level 5:colcon.colcon_core.verb:set package 'robot_description' build argument 'cmake_clean_first' from command line to 'False'
[0.387s] Level 5:colcon.colcon_core.verb:set package 'robot_description' build argument 'cmake_force_configure' from command line to 'False'
[0.387s] Level 5:colcon.colcon_core.verb:set package 'robot_description' build argument 'ament_cmake_args' from command line to 'None'
[0.387s] Level 5:colcon.colcon_core.verb:set package 'robot_description' build argument 'catkin_cmake_args' from command line to 'None'
[0.387s] Level 5:colcon.colcon_core.verb:set package 'robot_description' build argument 'catkin_skip_building_tests' from command line to 'False'
[0.387s] DEBUG:colcon.colcon_core.verb:Building package 'robot_description' with the following arguments: {'ament_cmake_args': None, 'build_base': '/home/naor/Desktop/naor/study/Thesis/build/robot_description', 'catkin_cmake_args': None, 'catkin_skip_building_tests': False, 'cmake_args': None, 'cmake_clean_cache': False, 'cmake_clean_first': False, 'cmake_force_configure': False, 'cmake_target': None, 'cmake_target_skip_unavailable': False, 'install_base': '/home/naor/Desktop/naor/study/Thesis/install/robot_description', 'merge_install': False, 'path': '/home/naor/Desktop/naor/study/Thesis/src/robot_description', 'symlink_install': False, 'test_result_base': None}
[0.387s] Level 5:colcon.colcon_core.verb:set package 'roller' build argument 'cmake_args' from command line to 'None'
[0.387s] Level 5:colcon.colcon_core.verb:set package 'roller' build argument 'cmake_target' from command line to 'None'
[0.387s] Level 5:colcon.colcon_core.verb:set package 'roller' build argument 'cmake_target_skip_unavailable' from command line to 'False'
[0.387s] Level 5:colcon.colcon_core.verb:set package 'roller' build argument 'cmake_clean_cache' from command line to 'False'
[0.387s] Level 5:colcon.colcon_core.verb:set package 'roller' build argument 'cmake_clean_first' from command line to 'False'
[0.387s] Level 5:colcon.colcon_core.verb:set package 'roller' build argument 'cmake_force_configure' from command line to 'False'
[0.387s] Level 5:colcon.colcon_core.verb:set package 'roller' build argument 'ament_cmake_args' from command line to 'None'
[0.387s] Level 5:colcon.colcon_core.verb:set package 'roller' build argument 'catkin_cmake_args' from command line to 'None'
[0.387s] Level 5:colcon.colcon_core.verb:set package 'roller' build argument 'catkin_skip_building_tests' from command line to 'False'
[0.387s] DEBUG:colcon.colcon_core.verb:Building package 'roller' with the following arguments: {'ament_cmake_args': None, 'build_base': '/home/naor/Desktop/naor/study/Thesis/build/roller', 'catkin_cmake_args': None, 'catkin_skip_building_tests': False, 'cmake_args': None, 'cmake_clean_cache': False, 'cmake_clean_first': False, 'cmake_force_configure': False, 'cmake_target': None, 'cmake_target_skip_unavailable': False, 'install_base': '/home/naor/Desktop/naor/study/Thesis/install/roller', 'merge_install': False, 'path': '/home/naor/Desktop/naor/study/Thesis/src/roller', 'symlink_install': False, 'test_result_base': None}
[0.388s] Level 5:colcon.colcon_core.verb:set package 'camera_nav' build argument 'cmake_args' from command line to 'None'
[0.388s] Level 5:colcon.colcon_core.verb:set package 'camera_nav' build argument 'cmake_target' from command line to 'None'
[0.388s] Level 5:colcon.colcon_core.verb:set package 'camera_nav' build argument 'cmake_target_skip_unavailable' from command line to 'False'
[0.388s] Level 5:colcon.colcon_core.verb:set package 'camera_nav' build argument 'cmake_clean_cache' from command line to 'False'
[0.388s] Level 5:colcon.colcon_core.verb:set package 'camera_nav' build argument 'cmake_clean_first' from command line to 'False'
[0.388s] Level 5:colcon.colcon_core.verb:set package 'camera_nav' build argument 'cmake_force_configure' from command line to 'False'
[0.388s] Level 5:colcon.colcon_core.verb:set package 'camera_nav' build argument 'ament_cmake_args' from command line to 'None'
[0.388s] Level 5:colcon.colcon_core.verb:set package 'camera_nav' build argument 'catkin_cmake_args' from command line to 'None'
[0.388s] Level 5:colcon.colcon_core.verb:set package 'camera_nav' build argument 'catkin_skip_building_tests' from command line to 'False'
[0.388s] DEBUG:colcon.colcon_core.verb:Building package 'camera_nav' with the following arguments: {'ament_cmake_args': None, 'build_base': '/home/naor/Desktop/naor/study/Thesis/build/camera_nav', 'catkin_cmake_args': None, 'catkin_skip_building_tests': False, 'cmake_args': None, 'cmake_clean_cache': False, 'cmake_clean_first': False, 'cmake_force_configure': False, 'cmake_target': None, 'cmake_target_skip_unavailable': False, 'install_base': '/home/naor/Desktop/naor/study/Thesis/install/camera_nav', 'merge_install': False, 'path': '/home/naor/Desktop/naor/study/Thesis/src/camera_nav', 'symlink_install': False, 'test_result_base': None}
[0.388s] Level 5:colcon.colcon_core.verb:set package 'ground_bot' build argument 'cmake_args' from command line to 'None'
[0.388s] Level 5:colcon.colcon_core.verb:set package 'ground_bot' build argument 'cmake_target' from command line to 'None'
[0.388s] Level 5:colcon.colcon_core.verb:set package 'ground_bot' build argument 'cmake_target_skip_unavailable' from command line to 'False'
[0.388s] Level 5:colcon.colcon_core.verb:set package 'ground_bot' build argument 'cmake_clean_cache' from command line to 'False'
[0.388s] Level 5:colcon.colcon_core.verb:set package 'ground_bot' build argument 'cmake_clean_first' from command line to 'False'
[0.388s] Level 5:colcon.colcon_core.verb:set package 'ground_bot' build argument 'cmake_force_configure' from command line to 'False'
[0.388s] Level 5:colcon.colcon_core.verb:set package 'ground_bot' build argument 'ament_cmake_args' from command line to 'None'
[0.388s] Level 5:colcon.colcon_core.verb:set package 'ground_bot' build argument 'catkin_cmake_args' from command line to 'None'
[0.388s] Level 5:colcon.colcon_core.verb:set package 'ground_bot' build argument 'catkin_skip_building_tests' from command line to 'False'
[0.388s] DEBUG:colcon.colcon_core.verb:Building package 'ground_bot' with the following arguments: {'ament_cmake_args': None, 'build_base': '/home/naor/Desktop/naor/study/Thesis/build/ground_bot', 'catkin_cmake_args': None, 'catkin_skip_building_tests': False, 'cmake_args': None, 'cmake_clean_cache': False, 'cmake_clean_first': False, 'cmake_force_configure': False, 'cmake_target': None, 'cmake_target_skip_unavailable': False, 'install_base': '/home/naor/Desktop/naor/study/Thesis/install/ground_bot', 'merge_install': False, 'path': '/home/naor/Desktop/naor/study/Thesis/src/ground_bot', 'symlink_install': False, 'test_result_base': None}
[0.388s] INFO:colcon.colcon_core.executor:Executing jobs using 'parallel' executor
[0.389s] DEBUG:colcon.colcon_parallel_executor.executor.parallel:run_until_complete
[0.389s] INFO:colcon.colcon_ros.task.ament_cmake.build:Building ROS package in '/home/naor/Desktop/naor/study/Thesis/src/pointcloud_to_laserscan' with build type 'ament_cmake'
[0.389s] INFO:colcon.colcon_cmake.task.cmake.build:Building CMake package in '/home/naor/Desktop/naor/study/Thesis/src/pointcloud_to_laserscan'
[0.393s] INFO:colcon.colcon_core.plugin_system:Skipping extension 'colcon_core.shell.bat': Not used on non-Windows systems
[0.393s] INFO:colcon.colcon_core.shell:Skip shell extension 'powershell' for command environment: Not usable outside of PowerShell
[0.393s] DEBUG:colcon.colcon_core.shell:Skip shell extension 'dsv' for command environment
[0.396s] INFO:colcon.colcon_ros.task.ament_python.build:Building ROS package in '/home/naor/Desktop/naor/study/Thesis/src/controller' with build type 'ament_python'
[0.396s] Level 1:colcon.colcon_core.shell:create_environment_hook('controller', 'ament_prefix_path')
[0.396s] INFO:colcon.colcon_core.shell:Creating environment hook '/home/naor/Desktop/naor/study/Thesis/install/controller/share/controller/hook/ament_prefix_path.ps1'
[0.397s] INFO:colcon.colcon_core.shell:Creating environment descriptor '/home/naor/Desktop/naor/study/Thesis/install/controller/share/controller/hook/ament_prefix_path.dsv'
[0.398s] INFO:colcon.colcon_core.shell:Creating environment hook '/home/naor/Desktop/naor/study/Thesis/install/controller/share/controller/hook/ament_prefix_path.sh'
[0.398s] INFO:colcon.colcon_core.shell:Skip shell extension 'powershell' for command environment: Not usable outside of PowerShell
[0.398s] DEBUG:colcon.colcon_core.shell:Skip shell extension 'dsv' for command environment
[0.401s] INFO:colcon.colcon_ros.task.ament_cmake.build:Building ROS package in '/home/naor/Desktop/naor/study/Thesis/src/drone_c' with build type 'ament_cmake'
[0.401s] INFO:colcon.colcon_cmake.task.cmake.build:Building CMake package in '/home/naor/Desktop/naor/study/Thesis/src/drone_c'
[0.401s] INFO:colcon.colcon_core.shell:Skip shell extension 'powershell' for command environment: Not usable outside of PowerShell
[0.401s] DEBUG:colcon.colcon_core.shell:Skip shell extension 'dsv' for command environment
[0.403s] INFO:colcon.colcon_ros.task.ament_cmake.build:Building ROS package in '/home/naor/Desktop/naor/study/Thesis/src/hamma_bot' with build type 'ament_cmake'
[0.403s] INFO:colcon.colcon_cmake.task.cmake.build:Building CMake package in '/home/naor/Desktop/naor/study/Thesis/src/hamma_bot'
[0.403s] INFO:colcon.colcon_core.shell:Skip shell extension 'powershell' for command environment: Not usable outside of PowerShell
[0.403s] DEBUG:colcon.colcon_core.shell:Skip shell extension 'dsv' for command environment
[0.406s] INFO:colcon.colcon_ros.task.ament_cmake.build:Building ROS package in '/home/naor/Desktop/naor/study/Thesis/src/robot_description' with build type 'ament_cmake'
[0.406s] INFO:colcon.colcon_cmake.task.cmake.build:Building CMake package in '/home/naor/Desktop/naor/study/Thesis/src/robot_description'
[0.406s] INFO:colcon.colcon_core.shell:Skip shell extension 'powershell' for command environment: Not usable outside of PowerShell
[0.406s] DEBUG:colcon.colcon_core.shell:Skip shell extension 'dsv' for command environment
[0.408s] INFO:colcon.colcon_ros.task.ament_cmake.build:Building ROS package in '/home/naor/Desktop/naor/study/Thesis/src/roller' with build type 'ament_cmake'
[0.408s] INFO:colcon.colcon_cmake.task.cmake.build:Building CMake package in '/home/naor/Desktop/naor/study/Thesis/src/roller'
[0.408s] INFO:colcon.colcon_core.shell:Skip shell extension 'powershell' for command environment: Not usable outside of PowerShell
[0.408s] DEBUG:colcon.colcon_core.shell:Skip shell extension 'dsv' for command environment
[0.414s] DEBUG:colcon.colcon_core.event_handler.log_command:Invoking command in '/home/naor/Desktop/naor/study/Thesis/build/pointcloud_to_laserscan': CMAKE_PREFIX_PATH=/home/naor/Desktop/naor/work/capsule_repo/install/teensy_ers:/home/naor/Desktop/naor/work/capsule_repo/install/elers_bridge:/opt/ros/humble /usr/bin/cmake --build /home/naor/Desktop/naor/study/Thesis/build/pointcloud_to_laserscan -- -j16 -l16
[0.567s] INFO:colcon.colcon_core.task.python.build:Building Python package in '/home/naor/Desktop/naor/study/Thesis/src/controller'
[0.567s] INFO:colcon.colcon_core.shell:Skip shell extension 'powershell' for command environment: Not usable outside of PowerShell
[0.567s] DEBUG:colcon.colcon_core.shell:Skip shell extension 'dsv' for command environment
[0.572s] DEBUG:colcon.colcon_core.event_handler.log_command:Invoking command in '/home/naor/Desktop/naor/study/Thesis/build/drone_c': CMAKE_PREFIX_PATH=/home/naor/Desktop/naor/work/capsule_repo/install/teensy_ers:/home/naor/Desktop/naor/work/capsule_repo/install/elers_bridge:/opt/ros/humble /usr/bin/cmake --build /home/naor/Desktop/naor/study/Thesis/build/drone_c -- -j16 -l16
[0.573s] DEBUG:colcon.colcon_core.event_handler.log_command:Invoking command in '/home/naor/Desktop/naor/study/Thesis/build/hamma_bot': CMAKE_PREFIX_PATH=/home/naor/Desktop/naor/work/capsule_repo/install/teensy_ers:/home/naor/Desktop/naor/work/capsule_repo/install/elers_bridge:/opt/ros/humble /usr/bin/cmake --build /home/naor/Desktop/naor/study/Thesis/build/hamma_bot -- -j16 -l16
[0.575s] DEBUG:colcon.colcon_core.event_handler.log_command:Invoking command in '/home/naor/Desktop/naor/study/Thesis/build/robot_description': CMAKE_PREFIX_PATH=/home/naor/Desktop/naor/work/capsule_repo/install/teensy_ers:/home/naor/Desktop/naor/work/capsule_repo/install/elers_bridge:/opt/ros/humble /usr/bin/cmake --build /home/naor/Desktop/naor/study/Thesis/build/robot_description -- -j16 -l16
[0.581s] DEBUG:colcon.colcon_core.event_handler.log_command:Invoking command in '/home/naor/Desktop/naor/study/Thesis/build/roller': CMAKE_PREFIX_PATH=/home/naor/Desktop/naor/work/capsule_repo/install/teensy_ers:/home/naor/Desktop/naor/work/capsule_repo/install/elers_bridge:/opt/ros/humble /usr/bin/cmake --build /home/naor/Desktop/naor/study/Thesis/build/roller -- -j16 -l16
[0.583s] DEBUG:colcon.colcon_core.event_handler.log_command:Invoked command in '/home/naor/Desktop/naor/study/Thesis/build/pointcloud_to_laserscan' returned '0': CMAKE_PREFIX_PATH=/home/naor/Desktop/naor/work/capsule_repo/install/teensy_ers:/home/naor/Desktop/naor/work/capsule_repo/install/elers_bridge:/opt/ros/humble /usr/bin/cmake --build /home/naor/Desktop/naor/study/Thesis/build/pointcloud_to_laserscan -- -j16 -l16
[0.592s] DEBUG:colcon.colcon_core.event_handler.log_command:Invoking command in '/home/naor/Desktop/naor/study/Thesis/build/pointcloud_to_laserscan': CMAKE_PREFIX_PATH=/home/naor/Desktop/naor/work/capsule_repo/install/teensy_ers:/home/naor/Desktop/naor/work/capsule_repo/install/elers_bridge:/opt/ros/humble /usr/bin/cmake --install /home/naor/Desktop/naor/study/Thesis/build/pointcloud_to_laserscan
[0.605s] DEBUG:colcon.colcon_core.event_handler.log_command:Invoked command in '/home/naor/Desktop/naor/study/Thesis/build/robot_description' returned '0': CMAKE_PREFIX_PATH=/home/naor/Desktop/naor/work/capsule_repo/install/teensy_ers:/home/naor/Desktop/naor/work/capsule_repo/install/elers_bridge:/opt/ros/humble /usr/bin/cmake --build /home/naor/Desktop/naor/study/Thesis/build/robot_description -- -j16 -l16
[0.607s] DEBUG:colcon.colcon_core.event_handler.log_command:Invoking command in '/home/naor/Desktop/naor/study/Thesis/build/robot_description': CMAKE_PREFIX_PATH=/home/naor/Desktop/naor/work/capsule_repo/install/teensy_ers:/home/naor/Desktop/naor/work/capsule_repo/install/elers_bridge:/opt/ros/humble /usr/bin/cmake --install /home/naor/Desktop/naor/study/Thesis/build/robot_description
[0.609s] Level 1:colcon.colcon_core.environment:create_environment_scripts_only(pointcloud_to_laserscan)
[0.610s] DEBUG:colcon.colcon_core.event_handler.log_command:Invoked command in '/home/naor/Desktop/naor/study/Thesis/build/pointcloud_to_laserscan' returned '0': CMAKE_PREFIX_PATH=/home/naor/Desktop/naor/work/capsule_repo/install/teensy_ers:/home/naor/Desktop/naor/work/capsule_repo/install/elers_bridge:/opt/ros/humble /usr/bin/cmake --install /home/naor/Desktop/naor/study/Thesis/build/pointcloud_to_laserscan
[0.619s] Level 1:colcon.colcon_core.environment:checking '/home/naor/Desktop/naor/study/Thesis/install/pointcloud_to_laserscan' for CMake module files
[0.620s] Level 1:colcon.colcon_core.environment:checking '/home/naor/Desktop/naor/study/Thesis/install/pointcloud_to_laserscan' for CMake config files
[0.620s] Level 1:colcon.colcon_core.shell:create_environment_hook('pointcloud_to_laserscan', 'cmake_prefix_path')
[0.621s] INFO:colcon.colcon_core.shell:Creating environment hook '/home/naor/Desktop/naor/study/Thesis/install/pointcloud_to_laserscan/share/pointcloud_to_laserscan/hook/cmake_prefix_path.ps1'
[0.621s] INFO:colcon.colcon_core.shell:Creating environment descriptor '/home/naor/Desktop/naor/study/Thesis/install/pointcloud_to_laserscan/share/pointcloud_to_laserscan/hook/cmake_prefix_path.dsv'
[0.622s] INFO:colcon.colcon_core.shell:Creating environment hook '/home/naor/Desktop/naor/study/Thesis/install/pointcloud_to_laserscan/share/pointcloud_to_laserscan/hook/cmake_prefix_path.sh'
[0.623s] Level 1:colcon.colcon_core.environment:checking '/home/naor/Desktop/naor/study/Thesis/install/pointcloud_to_laserscan/lib'
[0.624s] Level 1:colcon.colcon_core.shell:create_environment_hook('pointcloud_to_laserscan', 'ld_library_path_lib')
[0.624s] INFO:colcon.colcon_core.shell:Creating environment hook '/home/naor/Desktop/naor/study/Thesis/install/pointcloud_to_laserscan/share/pointcloud_to_laserscan/hook/ld_library_path_lib.ps1'
[0.625s] INFO:colcon.colcon_core.shell:Creating environment descriptor '/home/naor/Desktop/naor/study/Thesis/install/pointcloud_to_laserscan/share/pointcloud_to_laserscan/hook/ld_library_path_lib.dsv'
[0.626s] INFO:colcon.colcon_core.shell:Creating environment hook '/home/naor/Desktop/naor/study/Thesis/install/pointcloud_to_laserscan/share/pointcloud_to_laserscan/hook/ld_library_path_lib.sh'
[0.627s] Level 1:colcon.colcon_core.environment:checking '/home/naor/Desktop/naor/study/Thesis/install/pointcloud_to_laserscan/bin'
[0.627s] Level 1:colcon.colcon_core.environment:checking '/home/naor/Desktop/naor/study/Thesis/install/pointcloud_to_laserscan/lib/pkgconfig/pointcloud_to_laserscan.pc'
[0.627s] Level 1:colcon.colcon_core.environment:checking '/home/naor/Desktop/naor/study/Thesis/install/pointcloud_to_laserscan/lib/python3.10/site-packages'
[0.627s] Level 1:colcon.colcon_core.environment:checking '/home/naor/Desktop/naor/study/Thesis/install/pointcloud_to_laserscan/bin'
[0.628s] INFO:colcon.colcon_core.shell:Creating package script '/home/naor/Desktop/naor/study/Thesis/install/pointcloud_to_laserscan/share/pointcloud_to_laserscan/package.ps1'
[0.630s] INFO:colcon.colcon_core.shell:Creating package descriptor '/home/naor/Desktop/naor/study/Thesis/install/pointcloud_to_laserscan/share/pointcloud_to_laserscan/package.dsv'
[0.631s] INFO:colcon.colcon_core.shell:Creating package script '/home/naor/Desktop/naor/study/Thesis/install/pointcloud_to_laserscan/share/pointcloud_to_laserscan/package.sh'
[0.632s] INFO:colcon.colcon_core.shell:Creating package script '/home/naor/Desktop/naor/study/Thesis/install/pointcloud_to_laserscan/share/pointcloud_to_laserscan/package.bash'
[0.634s] INFO:colcon.colcon_core.shell:Creating package script '/home/naor/Desktop/naor/study/Thesis/install/pointcloud_to_laserscan/share/pointcloud_to_laserscan/package.zsh'
[0.635s] Level 1:colcon.colcon_core.environment:create_file_with_runtime_dependencies(/home/naor/Desktop/naor/study/Thesis/install/pointcloud_to_laserscan/share/colcon-core/packages/pointcloud_to_laserscan)
[0.635s] Level 1:colcon.colcon_core.environment:create_environment_scripts_only(pointcloud_to_laserscan)
[0.636s] Level 1:colcon.colcon_core.environment:checking '/home/naor/Desktop/naor/study/Thesis/install/pointcloud_to_laserscan' for CMake module files
[0.636s] Level 1:colcon.colcon_core.environment:checking '/home/naor/Desktop/naor/study/Thesis/install/pointcloud_to_laserscan' for CMake config files
[0.637s] Level 1:colcon.colcon_core.shell:create_environment_hook('pointcloud_to_laserscan', 'cmake_prefix_path')
[0.637s] INFO:colcon.colcon_core.shell:Creating environment hook '/home/naor/Desktop/naor/study/Thesis/install/pointcloud_to_laserscan/share/pointcloud_to_laserscan/hook/cmake_prefix_path.ps1'
[0.637s] INFO:colcon.colcon_core.shell:Creating environment descriptor '/home/naor/Desktop/naor/study/Thesis/install/pointcloud_to_laserscan/share/pointcloud_to_laserscan/hook/cmake_prefix_path.dsv'
[0.638s] INFO:colcon.colcon_core.shell:Creating environment hook '/home/naor/Desktop/naor/study/Thesis/install/pointcloud_to_laserscan/share/pointcloud_to_laserscan/hook/cmake_prefix_path.sh'
[0.638s] Level 1:colcon.colcon_core.environment:checking '/home/naor/Desktop/naor/study/Thesis/install/pointcloud_to_laserscan/lib'
[0.639s] Level 1:colcon.colcon_core.shell:create_environment_hook('pointcloud_to_laserscan', 'ld_library_path_lib')
[0.639s] INFO:colcon.colcon_core.shell:Creating environment hook '/home/naor/Desktop/naor/study/Thesis/install/pointcloud_to_laserscan/share/pointcloud_to_laserscan/hook/ld_library_path_lib.ps1'
[0.640s] INFO:colcon.colcon_core.shell:Creating environment descriptor '/home/naor/Desktop/naor/study/Thesis/install/pointcloud_to_laserscan/share/pointcloud_to_laserscan/hook/ld_library_path_lib.dsv'
[0.640s] INFO:colcon.colcon_core.shell:Creating environment hook '/home/naor/Desktop/naor/study/Thesis/install/pointcloud_to_laserscan/share/pointcloud_to_laserscan/hook/ld_library_path_lib.sh'
[0.641s] Level 1:colcon.colcon_core.environment:checking '/home/naor/Desktop/naor/study/Thesis/install/pointcloud_to_laserscan/bin'
[0.641s] Level 1:colcon.colcon_core.environment:checking '/home/naor/Desktop/naor/study/Thesis/install/pointcloud_to_laserscan/lib/pkgconfig/pointcloud_to_laserscan.pc'
[0.641s] Level 1:colcon.colcon_core.environment:checking '/home/naor/Desktop/naor/study/Thesis/install/pointcloud_to_laserscan/lib/python3.10/site-packages'
[0.641s] Level 1:colcon.colcon_core.environment:checking '/home/naor/Desktop/naor/study/Thesis/install/pointcloud_to_laserscan/bin'
[0.642s] INFO:colcon.colcon_core.shell:Creating package script '/home/naor/Desktop/naor/study/Thesis/install/pointcloud_to_laserscan/share/pointcloud_to_laserscan/package.ps1'
[0.643s] INFO:colcon.colcon_core.shell:Creating package descriptor '/home/naor/Desktop/naor/study/Thesis/install/pointcloud_to_laserscan/share/pointcloud_to_laserscan/package.dsv'
[0.644s] INFO:colcon.colcon_core.shell:Creating package script '/home/naor/Desktop/naor/study/Thesis/install/pointcloud_to_laserscan/share/pointcloud_to_laserscan/package.sh'
[0.645s] INFO:colcon.colcon_core.shell:Creating package script '/home/naor/Desktop/naor/study/Thesis/install/pointcloud_to_laserscan/share/pointcloud_to_laserscan/package.bash'
[0.645s] INFO:colcon.colcon_core.shell:Creating package script '/home/naor/Desktop/naor/study/Thesis/install/pointcloud_to_laserscan/share/pointcloud_to_laserscan/package.zsh'
[0.646s] Level 1:colcon.colcon_core.environment:create_file_with_runtime_dependencies(/home/naor/Desktop/naor/study/Thesis/install/pointcloud_to_laserscan/share/colcon-core/packages/pointcloud_to_laserscan)
[0.646s] DEBUG:colcon.colcon_core.event_handler.log_command:Invoked command in '/home/naor/Desktop/naor/study/Thesis/build/roller' returned '0': CMAKE_PREFIX_PATH=/home/naor/Desktop/naor/work/capsule_repo/install/teensy_ers:/home/naor/Desktop/naor/work/capsule_repo/install/elers_bridge:/opt/ros/humble /usr/bin/cmake --build /home/naor/Desktop/naor/study/Thesis/build/roller -- -j16 -l16
[0.648s] DEBUG:colcon.colcon_core.event_handler.log_command:Invoking command in '/home/naor/Desktop/naor/study/Thesis/build/roller': CMAKE_PREFIX_PATH=/home/naor/Desktop/naor/work/capsule_repo/install/teensy_ers:/home/naor/Desktop/naor/work/capsule_repo/install/elers_bridge:/opt/ros/humble /usr/bin/cmake --install /home/naor/Desktop/naor/study/Thesis/build/roller
[0.648s] INFO:colcon.colcon_ros.task.ament_python.build:Building ROS package in '/home/naor/Desktop/naor/study/Thesis/src/camera_nav' with build type 'ament_python'
[0.649s] Level 1:colcon.colcon_core.shell:create_environment_hook('camera_nav', 'ament_prefix_path')
[0.649s] INFO:colcon.colcon_core.shell:Creating environment hook '/home/naor/Desktop/naor/study/Thesis/install/camera_nav/share/camera_nav/hook/ament_prefix_path.ps1'
[0.650s] INFO:colcon.colcon_core.shell:Creating environment descriptor '/home/naor/Desktop/naor/study/Thesis/install/camera_nav/share/camera_nav/hook/ament_prefix_path.dsv'
[0.650s] INFO:colcon.colcon_core.shell:Creating environment hook '/home/naor/Desktop/naor/study/Thesis/install/camera_nav/share/camera_nav/hook/ament_prefix_path.sh'
[0.651s] INFO:colcon.colcon_core.shell:Skip shell extension 'powershell' for command environment: Not usable outside of PowerShell
[0.651s] DEBUG:colcon.colcon_core.shell:Skip shell extension 'dsv' for command environment
[0.653s] INFO:colcon.colcon_ros.task.ament_cmake.build:Building ROS package in '/home/naor/Desktop/naor/study/Thesis/src/ground_bot' with build type 'ament_cmake'
[0.654s] INFO:colcon.colcon_cmake.task.cmake.build:Building CMake package in '/home/naor/Desktop/naor/study/Thesis/src/ground_bot'
[0.654s] INFO:colcon.colcon_core.shell:Skip shell extension 'powershell' for command environment: Not usable outside of PowerShell
[0.654s] DEBUG:colcon.colcon_core.shell:Skip shell extension 'dsv' for command environment
[0.659s] Level 1:colcon.colcon_core.environment:create_environment_scripts_only(robot_description)
[0.659s] Level 1:colcon.colcon_core.environment:checking '/home/naor/Desktop/naor/study/Thesis/install/robot_description' for CMake module files
[0.661s] DEBUG:colcon.colcon_core.event_handler.log_command:Invoked command in '/home/naor/Desktop/naor/study/Thesis/build/robot_description' returned '0': CMAKE_PREFIX_PATH=/home/naor/Desktop/naor/work/capsule_repo/install/teensy_ers:/home/naor/Desktop/naor/work/capsule_repo/install/elers_bridge:/opt/ros/humble /usr/bin/cmake --install /home/naor/Desktop/naor/study/Thesis/build/robot_description
[0.661s] Level 1:colcon.colcon_core.environment:checking '/home/naor/Desktop/naor/study/Thesis/install/robot_description' for CMake config files
[0.662s] Level 1:colcon.colcon_core.shell:create_environment_hook('robot_description', 'cmake_prefix_path')
[0.662s] INFO:colcon.colcon_core.shell:Creating environment hook '/home/naor/Desktop/naor/study/Thesis/install/robot_description/share/robot_description/hook/cmake_prefix_path.ps1'
[0.662s] INFO:colcon.colcon_core.shell:Creating environment descriptor '/home/naor/Desktop/naor/study/Thesis/install/robot_description/share/robot_description/hook/cmake_prefix_path.dsv'
[0.662s] INFO:colcon.colcon_core.shell:Creating environment hook '/home/naor/Desktop/naor/study/Thesis/install/robot_description/share/robot_description/hook/cmake_prefix_path.sh'
[0.663s] Level 1:colcon.colcon_core.environment:checking '/home/naor/Desktop/naor/study/Thesis/install/robot_description/bin'
[0.663s] Level 1:colcon.colcon_core.environment:checking '/home/naor/Desktop/naor/study/Thesis/install/robot_description/lib/pkgconfig/robot_description.pc'
[0.663s] Level 1:colcon.colcon_core.environment:checking '/home/naor/Desktop/naor/study/Thesis/install/robot_description/lib/python3.10/site-packages'
[0.663s] Level 1:colcon.colcon_core.environment:checking '/home/naor/Desktop/naor/study/Thesis/install/robot_description/bin'
[0.663s] INFO:colcon.colcon_core.shell:Creating package script '/home/naor/Desktop/naor/study/Thesis/install/robot_description/share/robot_description/package.ps1'
[0.664s] INFO:colcon.colcon_core.shell:Creating package descriptor '/home/naor/Desktop/naor/study/Thesis/install/robot_description/share/robot_description/package.dsv'
[0.664s] INFO:colcon.colcon_core.shell:Creating package script '/home/naor/Desktop/naor/study/Thesis/install/robot_description/share/robot_description/package.sh'
[0.664s] INFO:colcon.colcon_core.shell:Creating package script '/home/naor/Desktop/naor/study/Thesis/install/robot_description/share/robot_description/package.bash'
[0.664s] INFO:colcon.colcon_core.shell:Creating package script '/home/naor/Desktop/naor/study/Thesis/install/robot_description/share/robot_description/package.zsh'
[0.665s] Level 1:colcon.colcon_core.environment:create_file_with_runtime_dependencies(/home/naor/Desktop/naor/study/Thesis/install/robot_description/share/colcon-core/packages/robot_description)
[0.666s] Level 1:colcon.colcon_core.environment:create_environment_scripts_only(robot_description)
[0.666s] Level 1:colcon.colcon_core.environment:checking '/home/naor/Desktop/naor/study/Thesis/install/robot_description' for CMake module files
[0.666s] Level 1:colcon.colcon_core.environment:checking '/home/naor/Desktop/naor/study/Thesis/install/robot_description' for CMake config files
[0.667s] Level 1:colcon.colcon_core.shell:create_environment_hook('robot_description', 'cmake_prefix_path')
[0.667s] INFO:colcon.colcon_core.shell:Creating environment hook '/home/naor/Desktop/naor/study/Thesis/install/robot_description/share/robot_description/hook/cmake_prefix_path.ps1'
[0.668s] INFO:colcon.colcon_core.shell:Creating environment descriptor '/home/naor/Desktop/naor/study/Thesis/install/robot_description/share/robot_description/hook/cmake_prefix_path.dsv'
[0.668s] INFO:colcon.colcon_core.shell:Creating environment hook '/home/naor/Desktop/naor/study/Thesis/install/robot_description/share/robot_description/hook/cmake_prefix_path.sh'
[0.669s] Level 1:colcon.colcon_core.environment:checking '/home/naor/Desktop/naor/study/Thesis/install/robot_description/bin'
[0.669s] Level 1:colcon.colcon_core.environment:checking '/home/naor/Desktop/naor/study/Thesis/install/robot_description/lib/pkgconfig/robot_description.pc'
[0.669s] Level 1:colcon.colcon_core.environment:checking '/home/naor/Desktop/naor/study/Thesis/install/robot_description/lib/python3.10/site-packages'
[0.669s] Level 1:colcon.colcon_core.environment:checking '/home/naor/Desktop/naor/study/Thesis/install/robot_description/bin'
[0.669s] INFO:colcon.colcon_core.shell:Creating package script '/home/naor/Desktop/naor/study/Thesis/install/robot_description/share/robot_description/package.ps1'
[0.670s] INFO:colcon.colcon_core.shell:Creating package descriptor '/home/naor/Desktop/naor/study/Thesis/install/robot_description/share/robot_description/package.dsv'
[0.670s] INFO:colcon.colcon_core.shell:Creating package script '/home/naor/Desktop/naor/study/Thesis/install/robot_description/share/robot_description/package.sh'
[0.670s] INFO:colcon.colcon_core.shell:Creating package script '/home/naor/Desktop/naor/study/Thesis/install/robot_description/share/robot_description/package.bash'
[0.671s] INFO:colcon.colcon_core.shell:Creating package script '/home/naor/Desktop/naor/study/Thesis/install/robot_description/share/robot_description/package.zsh'
[0.671s] Level 1:colcon.colcon_core.environment:create_file_with_runtime_dependencies(/home/naor/Desktop/naor/study/Thesis/install/robot_description/share/colcon-core/packages/robot_description)
[0.828s] INFO:colcon.colcon_core.task.python.build:Building Python package in '/home/naor/Desktop/naor/study/Thesis/src/camera_nav'
[0.828s] INFO:colcon.colcon_core.shell:Skip shell extension 'powershell' for command environment: Not usable outside of PowerShell
[0.828s] DEBUG:colcon.colcon_core.shell:Skip shell extension 'dsv' for command environment
[0.834s] Level 1:colcon.colcon_core.environment:create_environment_scripts_only(roller)
[0.834s] Level 1:colcon.colcon_core.environment:checking '/home/naor/Desktop/naor/study/Thesis/install/roller' for CMake module files
[0.835s] DEBUG:colcon.colcon_core.event_handler.log_command:Invoking command in '/home/naor/Desktop/naor/study/Thesis/build/ground_bot': AMENT_PREFIX_PATH=/home/naor/Desktop/naor/study/Thesis/install/pointcloud_to_laserscan:${AMENT_PREFIX_PATH} CMAKE_PREFIX_PATH=/home/naor/Desktop/naor/study/Thesis/install/pointcloud_to_laserscan:/home/naor/Desktop/naor/work/capsule_repo/install/teensy_ers:/home/naor/Desktop/naor/work/capsule_repo/install/elers_bridge:/opt/ros/humble LD_LIBRARY_PATH=/home/naor/Desktop/naor/study/Thesis/install/pointcloud_to_laserscan/lib:${LD_LIBRARY_PATH} /usr/bin/cmake --build /home/naor/Desktop/naor/study/Thesis/build/ground_bot -- -j16 -l16
[0.836s] DEBUG:colcon.colcon_core.event_handler.log_command:Invoked command in '/home/naor/Desktop/naor/study/Thesis/build/roller' returned '0': CMAKE_PREFIX_PATH=/home/naor/Desktop/naor/work/capsule_repo/install/teensy_ers:/home/naor/Desktop/naor/work/capsule_repo/install/elers_bridge:/opt/ros/humble /usr/bin/cmake --install /home/naor/Desktop/naor/study/Thesis/build/roller
[0.836s] Level 1:colcon.colcon_core.environment:checking '/home/naor/Desktop/naor/study/Thesis/install/roller' for CMake config files
[0.837s] Level 1:colcon.colcon_core.shell:create_environment_hook('roller', 'cmake_prefix_path')
[0.837s] INFO:colcon.colcon_core.shell:Creating environment hook '/home/naor/Desktop/naor/study/Thesis/install/roller/share/roller/hook/cmake_prefix_path.ps1'
[0.837s] INFO:colcon.colcon_core.shell:Creating environment descriptor '/home/naor/Desktop/naor/study/Thesis/install/roller/share/roller/hook/cmake_prefix_path.dsv'
[0.837s] INFO:colcon.colcon_core.shell:Creating environment hook '/home/naor/Desktop/naor/study/Thesis/install/roller/share/roller/hook/cmake_prefix_path.sh'
[0.838s] Level 1:colcon.colcon_core.environment:checking '/home/naor/Desktop/naor/study/Thesis/install/roller/bin'
[0.838s] Level 1:colcon.colcon_core.environment:checking '/home/naor/Desktop/naor/study/Thesis/install/roller/lib/pkgconfig/roller.pc'
[0.838s] Level 1:colcon.colcon_core.environment:checking '/home/naor/Desktop/naor/study/Thesis/install/roller/lib/python3.10/site-packages'
[0.839s] Level 1:colcon.colcon_core.environment:checking '/home/naor/Desktop/naor/study/Thesis/install/roller/bin'
[0.839s] INFO:colcon.colcon_core.shell:Creating package script '/home/naor/Desktop/naor/study/Thesis/install/roller/share/roller/package.ps1'
[0.839s] INFO:colcon.colcon_core.shell:Creating package descriptor '/home/naor/Desktop/naor/study/Thesis/install/roller/share/roller/package.dsv'
[0.839s] INFO:colcon.colcon_core.shell:Creating package script '/home/naor/Desktop/naor/study/Thesis/install/roller/share/roller/package.sh'
[0.840s] INFO:colcon.colcon_core.shell:Creating package script '/home/naor/Desktop/naor/study/Thesis/install/roller/share/roller/package.bash'
[0.840s] INFO:colcon.colcon_core.shell:Creating package script '/home/naor/Desktop/naor/study/Thesis/install/roller/share/roller/package.zsh'
[0.840s] Level 1:colcon.colcon_core.environment:create_file_with_runtime_dependencies(/home/naor/Desktop/naor/study/Thesis/install/roller/share/colcon-core/packages/roller)
[0.840s] Level 1:colcon.colcon_core.environment:create_environment_scripts_only(roller)
[0.840s] Level 1:colcon.colcon_core.environment:checking '/home/naor/Desktop/naor/study/Thesis/install/roller' for CMake module files
[0.841s] Level 1:colcon.colcon_core.environment:checking '/home/naor/Desktop/naor/study/Thesis/install/roller' for CMake config files
[0.841s] Level 1:colcon.colcon_core.shell:create_environment_hook('roller', 'cmake_prefix_path')
[0.841s] INFO:colcon.colcon_core.shell:Creating environment hook '/home/naor/Desktop/naor/study/Thesis/install/roller/share/roller/hook/cmake_prefix_path.ps1'
[0.841s] INFO:colcon.colcon_core.shell:Creating environment descriptor '/home/naor/Desktop/naor/study/Thesis/install/roller/share/roller/hook/cmake_prefix_path.dsv'
[0.841s] INFO:colcon.colcon_core.shell:Creating environment hook '/home/naor/Desktop/naor/study/Thesis/install/roller/share/roller/hook/cmake_prefix_path.sh'
[0.842s] Level 1:colcon.colcon_core.environment:checking '/home/naor/Desktop/naor/study/Thesis/install/roller/bin'
[0.842s] Level 1:colcon.colcon_core.environment:checking '/home/naor/Desktop/naor/study/Thesis/install/roller/lib/pkgconfig/roller.pc'
[0.842s] Level 1:colcon.colcon_core.environment:checking '/home/naor/Desktop/naor/study/Thesis/install/roller/lib/python3.10/site-packages'
[0.842s] Level 1:colcon.colcon_core.environment:checking '/home/naor/Desktop/naor/study/Thesis/install/roller/bin'
[0.842s] INFO:colcon.colcon_core.shell:Creating package script '/home/naor/Desktop/naor/study/Thesis/install/roller/share/roller/package.ps1'
[0.842s] INFO:colcon.colcon_core.shell:Creating package descriptor '/home/naor/Desktop/naor/study/Thesis/install/roller/share/roller/package.dsv'
[0.843s] INFO:colcon.colcon_core.shell:Creating package script '/home/naor/Desktop/naor/study/Thesis/install/roller/share/roller/package.sh'
[0.843s] INFO:colcon.colcon_core.shell:Creating package script '/home/naor/Desktop/naor/study/Thesis/install/roller/share/roller/package.bash'
[0.843s] INFO:colcon.colcon_core.shell:Creating package script '/home/naor/Desktop/naor/study/Thesis/install/roller/share/roller/package.zsh'
[0.843s] Level 1:colcon.colcon_core.environment:create_file_with_runtime_dependencies(/home/naor/Desktop/naor/study/Thesis/install/roller/share/colcon-core/packages/roller)
[0.878s] DEBUG:colcon.colcon_core.event_handler.log_command:Invoked command in '/home/naor/Desktop/naor/study/Thesis/build/drone_c' returned '0': CMAKE_PREFIX_PATH=/home/naor/Desktop/naor/work/capsule_repo/install/teensy_ers:/home/naor/Desktop/naor/work/capsule_repo/install/elers_bridge:/opt/ros/humble /usr/bin/cmake --build /home/naor/Desktop/naor/study/Thesis/build/drone_c -- -j16 -l16
[0.879s] DEBUG:colcon.colcon_core.event_handler.log_command:Invoking command in '/home/naor/Desktop/naor/study/Thesis/build/drone_c': CMAKE_PREFIX_PATH=/home/naor/Desktop/naor/work/capsule_repo/install/teensy_ers:/home/naor/Desktop/naor/work/capsule_repo/install/elers_bridge:/opt/ros/humble /usr/bin/cmake --install /home/naor/Desktop/naor/study/Thesis/build/drone_c
[0.885s] DEBUG:colcon.colcon_core.event_handler.log_command:Invoked command in '/home/naor/Desktop/naor/study/Thesis/build/hamma_bot' returned '0': CMAKE_PREFIX_PATH=/home/naor/Desktop/naor/work/capsule_repo/install/teensy_ers:/home/naor/Desktop/naor/work/capsule_repo/install/elers_bridge:/opt/ros/humble /usr/bin/cmake --build /home/naor/Desktop/naor/study/Thesis/build/hamma_bot -- -j16 -l16
[0.887s] DEBUG:colcon.colcon_core.event_handler.log_command:Invoking command in '/home/naor/Desktop/naor/study/Thesis/build/hamma_bot': CMAKE_PREFIX_PATH=/home/naor/Desktop/naor/work/capsule_repo/install/teensy_ers:/home/naor/Desktop/naor/work/capsule_repo/install/elers_bridge:/opt/ros/humble /usr/bin/cmake --install /home/naor/Desktop/naor/study/Thesis/build/hamma_bot
[0.943s] Level 1:colcon.colcon_core.environment:create_environment_scripts_only(drone_c)
[0.943s] Level 1:colcon.colcon_core.environment:checking '/home/naor/Desktop/naor/study/Thesis/install/drone_c' for CMake module files
[0.944s] DEBUG:colcon.colcon_core.event_handler.log_command:Invoked command in '/home/naor/Desktop/naor/study/Thesis/build/drone_c' returned '0': CMAKE_PREFIX_PATH=/home/naor/Desktop/naor/work/capsule_repo/install/teensy_ers:/home/naor/Desktop/naor/work/capsule_repo/install/elers_bridge:/opt/ros/humble /usr/bin/cmake --install /home/naor/Desktop/naor/study/Thesis/build/drone_c
[0.944s] Level 1:colcon.colcon_core.environment:checking '/home/naor/Desktop/naor/study/Thesis/install/drone_c' for CMake config files
[0.945s] Level 1:colcon.colcon_core.shell:create_environment_hook('drone_c', 'cmake_prefix_path')
[0.945s] INFO:colcon.colcon_core.shell:Creating environment hook '/home/naor/Desktop/naor/study/Thesis/install/drone_c/share/drone_c/hook/cmake_prefix_path.ps1'
[0.945s] INFO:colcon.colcon_core.shell:Creating environment descriptor '/home/naor/Desktop/naor/study/Thesis/install/drone_c/share/drone_c/hook/cmake_prefix_path.dsv'
[0.946s] INFO:colcon.colcon_core.shell:Creating environment hook '/home/naor/Desktop/naor/study/Thesis/install/drone_c/share/drone_c/hook/cmake_prefix_path.sh'
[0.947s] Level 1:colcon.colcon_core.environment:checking '/home/naor/Desktop/naor/study/Thesis/install/drone_c/lib'
[0.947s] Level 1:colcon.colcon_core.shell:create_environment_hook('drone_c', 'ld_library_path_lib')
[0.947s] INFO:colcon.colcon_core.shell:Creating environment hook '/home/naor/Desktop/naor/study/Thesis/install/drone_c/share/drone_c/hook/ld_library_path_lib.ps1'
[0.947s] INFO:colcon.colcon_core.shell:Creating environment descriptor '/home/naor/Desktop/naor/study/Thesis/install/drone_c/share/drone_c/hook/ld_library_path_lib.dsv'
[0.947s] INFO:colcon.colcon_core.shell:Creating environment hook '/home/naor/Desktop/naor/study/Thesis/install/drone_c/share/drone_c/hook/ld_library_path_lib.sh'
[0.948s] Level 1:colcon.colcon_core.environment:checking '/home/naor/Desktop/naor/study/Thesis/install/drone_c/bin'
[0.948s] Level 1:colcon.colcon_core.environment:checking '/home/naor/Desktop/naor/study/Thesis/install/drone_c/lib/pkgconfig/drone_c.pc'
[0.948s] Level 1:colcon.colcon_core.environment:checking '/home/naor/Desktop/naor/study/Thesis/install/drone_c/lib/python3.10/site-packages'
[0.948s] Level 1:colcon.colcon_core.environment:checking '/home/naor/Desktop/naor/study/Thesis/install/drone_c/bin'
[0.948s] INFO:colcon.colcon_core.shell:Creating package script '/home/naor/Desktop/naor/study/Thesis/install/drone_c/share/drone_c/package.ps1'
[0.948s] INFO:colcon.colcon_core.shell:Creating package descriptor '/home/naor/Desktop/naor/study/Thesis/install/drone_c/share/drone_c/package.dsv'
[0.949s] INFO:colcon.colcon_core.shell:Creating package script '/home/naor/Desktop/naor/study/Thesis/install/drone_c/share/drone_c/package.sh'
[0.949s] INFO:colcon.colcon_core.shell:Creating package script '/home/naor/Desktop/naor/study/Thesis/install/drone_c/share/drone_c/package.bash'
[0.949s] INFO:colcon.colcon_core.shell:Creating package script '/home/naor/Desktop/naor/study/Thesis/install/drone_c/share/drone_c/package.zsh'
[0.950s] Level 1:colcon.colcon_core.environment:create_file_with_runtime_dependencies(/home/naor/Desktop/naor/study/Thesis/install/drone_c/share/colcon-core/packages/drone_c)
[0.950s] Level 1:colcon.colcon_core.environment:create_environment_scripts_only(drone_c)
[0.950s] Level 1:colcon.colcon_core.environment:checking '/home/naor/Desktop/naor/study/Thesis/install/drone_c' for CMake module files
[0.950s] Level 1:colcon.colcon_core.environment:checking '/home/naor/Desktop/naor/study/Thesis/install/drone_c' for CMake config files
[0.951s] Level 1:colcon.colcon_core.shell:create_environment_hook('drone_c', 'cmake_prefix_path')
[0.951s] INFO:colcon.colcon_core.shell:Creating environment hook '/home/naor/Desktop/naor/study/Thesis/install/drone_c/share/drone_c/hook/cmake_prefix_path.ps1'
[0.951s] INFO:colcon.colcon_core.shell:Creating environment descriptor '/home/naor/Desktop/naor/study/Thesis/install/drone_c/share/drone_c/hook/cmake_prefix_path.dsv'
[0.951s] INFO:colcon.colcon_core.shell:Creating environment hook '/home/naor/Desktop/naor/study/Thesis/install/drone_c/share/drone_c/hook/cmake_prefix_path.sh'
[0.952s] Level 1:colcon.colcon_core.environment:checking '/home/naor/Desktop/naor/study/Thesis/install/drone_c/lib'
[0.952s] Level 1:colcon.colcon_core.shell:create_environment_hook('drone_c', 'ld_library_path_lib')
[0.952s] INFO:colcon.colcon_core.shell:Creating environment hook '/home/naor/Desktop/naor/study/Thesis/install/drone_c/share/drone_c/hook/ld_library_path_lib.ps1'
[0.952s] INFO:colcon.colcon_core.shell:Creating environment descriptor '/home/naor/Desktop/naor/study/Thesis/install/drone_c/share/drone_c/hook/ld_library_path_lib.dsv'
[0.952s] INFO:colcon.colcon_core.shell:Creating environment hook '/home/naor/Desktop/naor/study/Thesis/install/drone_c/share/drone_c/hook/ld_library_path_lib.sh'
[0.953s] Level 1:colcon.colcon_core.environment:checking '/home/naor/Desktop/naor/study/Thesis/install/drone_c/bin'
[0.953s] Level 1:colcon.colcon_core.environment:checking '/home/naor/Desktop/naor/study/Thesis/install/drone_c/lib/pkgconfig/drone_c.pc'
[0.953s] Level 1:colcon.colcon_core.environment:checking '/home/naor/Desktop/naor/study/Thesis/install/drone_c/lib/python3.10/site-packages'
[0.953s] Level 1:colcon.colcon_core.environment:checking '/home/naor/Desktop/naor/study/Thesis/install/drone_c/bin'
[0.953s] INFO:colcon.colcon_core.shell:Creating package script '/home/naor/Desktop/naor/study/Thesis/install/drone_c/share/drone_c/package.ps1'
[0.953s] INFO:colcon.colcon_core.shell:Creating package descriptor '/home/naor/Desktop/naor/study/Thesis/install/drone_c/share/drone_c/package.dsv'
[0.954s] INFO:colcon.colcon_core.shell:Creating package script '/home/naor/Desktop/naor/study/Thesis/install/drone_c/share/drone_c/package.sh'
[0.954s] INFO:colcon.colcon_core.shell:Creating package script '/home/naor/Desktop/naor/study/Thesis/install/drone_c/share/drone_c/package.bash'
[0.954s] INFO:colcon.colcon_core.shell:Creating package script '/home/naor/Desktop/naor/study/Thesis/install/drone_c/share/drone_c/package.zsh'
[0.955s] Level 1:colcon.colcon_core.environment:create_file_with_runtime_dependencies(/home/naor/Desktop/naor/study/Thesis/install/drone_c/share/colcon-core/packages/drone_c)
[0.955s] Level 1:colcon.colcon_core.environment:create_environment_scripts_only(hamma_bot)
[0.956s] Level 1:colcon.colcon_core.environment:checking '/home/naor/Desktop/naor/study/Thesis/install/hamma_bot' for CMake module files
[0.957s] DEBUG:colcon.colcon_core.event_handler.log_command:Invoked command in '/home/naor/Desktop/naor/study/Thesis/build/hamma_bot' returned '0': CMAKE_PREFIX_PATH=/home/naor/Desktop/naor/work/capsule_repo/install/teensy_ers:/home/naor/Desktop/naor/work/capsule_repo/install/elers_bridge:/opt/ros/humble /usr/bin/cmake --install /home/naor/Desktop/naor/study/Thesis/build/hamma_bot
[0.957s] Level 1:colcon.colcon_core.environment:checking '/home/naor/Desktop/naor/study/Thesis/install/hamma_bot' for CMake config files
[0.957s] Level 1:colcon.colcon_core.shell:create_environment_hook('hamma_bot', 'cmake_prefix_path')
[0.957s] INFO:colcon.colcon_core.shell:Creating environment hook '/home/naor/Desktop/naor/study/Thesis/install/hamma_bot/share/hamma_bot/hook/cmake_prefix_path.ps1'
[0.957s] INFO:colcon.colcon_core.shell:Creating environment descriptor '/home/naor/Desktop/naor/study/Thesis/install/hamma_bot/share/hamma_bot/hook/cmake_prefix_path.dsv'
[0.958s] INFO:colcon.colcon_core.shell:Creating environment hook '/home/naor/Desktop/naor/study/Thesis/install/hamma_bot/share/hamma_bot/hook/cmake_prefix_path.sh'
[0.958s] Level 1:colcon.colcon_core.environment:checking '/home/naor/Desktop/naor/study/Thesis/install/hamma_bot/lib'
[0.958s] Level 1:colcon.colcon_core.shell:create_environment_hook('hamma_bot', 'ld_library_path_lib')
[0.958s] INFO:colcon.colcon_core.shell:Creating environment hook '/home/naor/Desktop/naor/study/Thesis/install/hamma_bot/share/hamma_bot/hook/ld_library_path_lib.ps1'
[0.959s] INFO:colcon.colcon_core.shell:Creating environment descriptor '/home/naor/Desktop/naor/study/Thesis/install/hamma_bot/share/hamma_bot/hook/ld_library_path_lib.dsv'
[0.959s] INFO:colcon.colcon_core.shell:Creating environment hook '/home/naor/Desktop/naor/study/Thesis/install/hamma_bot/share/hamma_bot/hook/ld_library_path_lib.sh'
[0.959s] Level 1:colcon.colcon_core.environment:checking '/home/naor/Desktop/naor/study/Thesis/install/hamma_bot/bin'
[0.959s] Level 1:colcon.colcon_core.environment:checking '/home/naor/Desktop/naor/study/Thesis/install/hamma_bot/lib/pkgconfig/hamma_bot.pc'
[0.959s] Level 1:colcon.colcon_core.environment:checking '/home/naor/Desktop/naor/study/Thesis/install/hamma_bot/lib/python3.10/site-packages'
[0.959s] Level 1:colcon.colcon_core.environment:checking '/home/naor/Desktop/naor/study/Thesis/install/hamma_bot/bin'
[0.960s] INFO:colcon.colcon_core.shell:Creating package script '/home/naor/Desktop/naor/study/Thesis/install/hamma_bot/share/hamma_bot/package.ps1'
[0.960s] INFO:colcon.colcon_core.shell:Creating package descriptor '/home/naor/Desktop/naor/study/Thesis/install/hamma_bot/share/hamma_bot/package.dsv'
[0.961s] INFO:colcon.colcon_core.shell:Creating package script '/home/naor/Desktop/naor/study/Thesis/install/hamma_bot/share/hamma_bot/package.sh'
[0.961s] INFO:colcon.colcon_core.shell:Creating package script '/home/naor/Desktop/naor/study/Thesis/install/hamma_bot/share/hamma_bot/package.bash'
[0.961s] INFO:colcon.colcon_core.shell:Creating package script '/home/naor/Desktop/naor/study/Thesis/install/hamma_bot/share/hamma_bot/package.zsh'
[0.961s] Level 1:colcon.colcon_core.environment:create_file_with_runtime_dependencies(/home/naor/Desktop/naor/study/Thesis/install/hamma_bot/share/colcon-core/packages/hamma_bot)
[0.962s] Level 1:colcon.colcon_core.environment:create_environment_scripts_only(hamma_bot)
[0.962s] Level 1:colcon.colcon_core.environment:checking '/home/naor/Desktop/naor/study/Thesis/install/hamma_bot' for CMake module files
[0.963s] Level 1:colcon.colcon_core.environment:checking '/home/naor/Desktop/naor/study/Thesis/install/hamma_bot' for CMake config files
[0.963s] Level 1:colcon.colcon_core.shell:create_environment_hook('hamma_bot', 'cmake_prefix_path')
[0.963s] INFO:colcon.colcon_core.shell:Creating environment hook '/home/naor/Desktop/naor/study/Thesis/install/hamma_bot/share/hamma_bot/hook/cmake_prefix_path.ps1'
[0.963s] INFO:colcon.colcon_core.shell:Creating environment descriptor '/home/naor/Desktop/naor/study/Thesis/install/hamma_bot/share/hamma_bot/hook/cmake_prefix_path.dsv'
[0.963s] INFO:colcon.colcon_core.shell:Creating environment hook '/home/naor/Desktop/naor/study/Thesis/install/hamma_bot/share/hamma_bot/hook/cmake_prefix_path.sh'
[0.964s] Level 1:colcon.colcon_core.environment:checking '/home/naor/Desktop/naor/study/Thesis/install/hamma_bot/lib'
[0.964s] Level 1:colcon.colcon_core.shell:create_environment_hook('hamma_bot', 'ld_library_path_lib')
[0.964s] INFO:colcon.colcon_core.shell:Creating environment hook '/home/naor/Desktop/naor/study/Thesis/install/hamma_bot/share/hamma_bot/hook/ld_library_path_lib.ps1'
[0.964s] INFO:colcon.colcon_core.shell:Creating environment descriptor '/home/naor/Desktop/naor/study/Thesis/install/hamma_bot/share/hamma_bot/hook/ld_library_path_lib.dsv'
[0.964s] INFO:colcon.colcon_core.shell:Creating environment hook '/home/naor/Desktop/naor/study/Thesis/install/hamma_bot/share/hamma_bot/hook/ld_library_path_lib.sh'
[0.965s] Level 1:colcon.colcon_core.environment:checking '/home/naor/Desktop/naor/study/Thesis/install/hamma_bot/bin'
[0.965s] Level 1:colcon.colcon_core.environment:checking '/home/naor/Desktop/naor/study/Thesis/install/hamma_bot/lib/pkgconfig/hamma_bot.pc'
[0.965s] Level 1:colcon.colcon_core.environment:checking '/home/naor/Desktop/naor/study/Thesis/install/hamma_bot/lib/python3.10/site-packages'
[0.965s] Level 1:colcon.colcon_core.environment:checking '/home/naor/Desktop/naor/study/Thesis/install/hamma_bot/bin'
[0.965s] INFO:colcon.colcon_core.shell:Creating package script '/home/naor/Desktop/naor/study/Thesis/install/hamma_bot/share/hamma_bot/package.ps1'
[0.966s] INFO:colcon.colcon_core.shell:Creating package descriptor '/home/naor/Desktop/naor/study/Thesis/install/hamma_bot/share/hamma_bot/package.dsv'
[0.966s] INFO:colcon.colcon_core.shell:Creating package script '/home/naor/Desktop/naor/study/Thesis/install/hamma_bot/share/hamma_bot/package.sh'
[0.966s] INFO:colcon.colcon_core.shell:Creating package script '/home/naor/Desktop/naor/study/Thesis/install/hamma_bot/share/hamma_bot/package.bash'
[0.966s] INFO:colcon.colcon_core.shell:Creating package script '/home/naor/Desktop/naor/study/Thesis/install/hamma_bot/share/hamma_bot/package.zsh'
[0.967s] Level 1:colcon.colcon_core.environment:create_file_with_runtime_dependencies(/home/naor/Desktop/naor/study/Thesis/install/hamma_bot/share/colcon-core/packages/hamma_bot)
[1.112s] DEBUG:colcon.colcon_core.event_handler.log_command:Invoking command in '/home/naor/Desktop/naor/study/Thesis/src/controller': PYTHONPATH=/home/naor/Desktop/naor/study/Thesis/build/controller/prefix_override:/usr/lib/python3/dist-packages/colcon_core/task/python/colcon_distutils_commands:/home/naor/Desktop/naor/study/Thesis/install/controller/lib/python3.10/site-packages:${PYTHONPATH} /usr/bin/python3 -W ignore:setup.py install is deprecated -W ignore:easy_install command is deprecated setup.py egg_info --egg-base ../../build/controller build --build-base /home/naor/Desktop/naor/study/Thesis/build/controller/build install --record /home/naor/Desktop/naor/study/Thesis/build/controller/install.log --single-version-externally-managed install_data
[1.139s] DEBUG:colcon.colcon_core.event_handler.log_command:Invoked command in '/home/naor/Desktop/naor/study/Thesis/build/ground_bot' returned '0': AMENT_PREFIX_PATH=/home/naor/Desktop/naor/study/Thesis/install/pointcloud_to_laserscan:${AMENT_PREFIX_PATH} CMAKE_PREFIX_PATH=/home/naor/Desktop/naor/study/Thesis/install/pointcloud_to_laserscan:/home/naor/Desktop/naor/work/capsule_repo/install/teensy_ers:/home/naor/Desktop/naor/work/capsule_repo/install/elers_bridge:/opt/ros/humble LD_LIBRARY_PATH=/home/naor/Desktop/naor/study/Thesis/install/pointcloud_to_laserscan/lib:${LD_LIBRARY_PATH} /usr/bin/cmake --build /home/naor/Desktop/naor/study/Thesis/build/ground_bot -- -j16 -l16
[1.140s] DEBUG:colcon.colcon_core.event_handler.log_command:Invoking command in '/home/naor/Desktop/naor/study/Thesis/build/ground_bot': AMENT_PREFIX_PATH=/home/naor/Desktop/naor/study/Thesis/install/pointcloud_to_laserscan:${AMENT_PREFIX_PATH} CMAKE_PREFIX_PATH=/home/naor/Desktop/naor/study/Thesis/install/pointcloud_to_laserscan:/home/naor/Desktop/naor/work/capsule_repo/install/teensy_ers:/home/naor/Desktop/naor/work/capsule_repo/install/elers_bridge:/opt/ros/humble LD_LIBRARY_PATH=/home/naor/Desktop/naor/study/Thesis/install/pointcloud_to_laserscan/lib:${LD_LIBRARY_PATH} /usr/bin/cmake --install /home/naor/Desktop/naor/study/Thesis/build/ground_bot
[1.192s] Level 1:colcon.colcon_core.environment:create_environment_scripts_only(ground_bot)
[1.192s] DEBUG:colcon.colcon_core.event_handler.log_command:Invoked command in '/home/naor/Desktop/naor/study/Thesis/build/ground_bot' returned '0': AMENT_PREFIX_PATH=/home/naor/Desktop/naor/study/Thesis/install/pointcloud_to_laserscan:${AMENT_PREFIX_PATH} CMAKE_PREFIX_PATH=/home/naor/Desktop/naor/study/Thesis/install/pointcloud_to_laserscan:/home/naor/Desktop/naor/work/capsule_repo/install/teensy_ers:/home/naor/Desktop/naor/work/capsule_repo/install/elers_bridge:/opt/ros/humble LD_LIBRARY_PATH=/home/naor/Desktop/naor/study/Thesis/install/pointcloud_to_laserscan/lib:${LD_LIBRARY_PATH} /usr/bin/cmake --install /home/naor/Desktop/naor/study/Thesis/build/ground_bot
[1.192s] Level 1:colcon.colcon_core.environment:checking '/home/naor/Desktop/naor/study/Thesis/install/ground_bot' for CMake module files
[1.193s] Level 1:colcon.colcon_core.environment:checking '/home/naor/Desktop/naor/study/Thesis/install/ground_bot' for CMake config files
[1.193s] Level 1:colcon.colcon_core.shell:create_environment_hook('ground_bot', 'cmake_prefix_path')
[1.193s] INFO:colcon.colcon_core.shell:Creating environment hook '/home/naor/Desktop/naor/study/Thesis/install/ground_bot/share/ground_bot/hook/cmake_prefix_path.ps1'
[1.193s] INFO:colcon.colcon_core.shell:Creating environment descriptor '/home/naor/Desktop/naor/study/Thesis/install/ground_bot/share/ground_bot/hook/cmake_prefix_path.dsv'
[1.194s] INFO:colcon.colcon_core.shell:Creating environment hook '/home/naor/Desktop/naor/study/Thesis/install/ground_bot/share/ground_bot/hook/cmake_prefix_path.sh'
[1.194s] Level 1:colcon.colcon_core.environment:checking '/home/naor/Desktop/naor/study/Thesis/install/ground_bot/lib'
[1.194s] Level 1:colcon.colcon_core.shell:create_environment_hook('ground_bot', 'ld_library_path_lib')
[1.194s] INFO:colcon.colcon_core.shell:Creating environment hook '/home/naor/Desktop/naor/study/Thesis/install/ground_bot/share/ground_bot/hook/ld_library_path_lib.ps1'
[1.194s] INFO:colcon.colcon_core.shell:Creating environment descriptor '/home/naor/Desktop/naor/study/Thesis/install/ground_bot/share/ground_bot/hook/ld_library_path_lib.dsv'
[1.195s] INFO:colcon.colcon_core.shell:Creating environment hook '/home/naor/Desktop/naor/study/Thesis/install/ground_bot/share/ground_bot/hook/ld_library_path_lib.sh'
[1.195s] Level 1:colcon.colcon_core.environment:checking '/home/naor/Desktop/naor/study/Thesis/install/ground_bot/bin'
[1.195s] Level 1:colcon.colcon_core.environment:checking '/home/naor/Desktop/naor/study/Thesis/install/ground_bot/lib/pkgconfig/ground_bot.pc'
[1.195s] Level 1:colcon.colcon_core.environment:checking '/home/naor/Desktop/naor/study/Thesis/install/ground_bot/lib/python3.10/site-packages'
[1.195s] Level 1:colcon.colcon_core.environment:checking '/home/naor/Desktop/naor/study/Thesis/install/ground_bot/bin'
[1.195s] INFO:colcon.colcon_core.shell:Creating package script '/home/naor/Desktop/naor/study/Thesis/install/ground_bot/share/ground_bot/package.ps1'
[1.196s] INFO:colcon.colcon_core.shell:Creating package descriptor '/home/naor/Desktop/naor/study/Thesis/install/ground_bot/share/ground_bot/package.dsv'
[1.196s] INFO:colcon.colcon_core.shell:Creating package script '/home/naor/Desktop/naor/study/Thesis/install/ground_bot/share/ground_bot/package.sh'
[1.196s] INFO:colcon.colcon_core.shell:Creating package script '/home/naor/Desktop/naor/study/Thesis/install/ground_bot/share/ground_bot/package.bash'
[1.196s] INFO:colcon.colcon_core.shell:Creating package script '/home/naor/Desktop/naor/study/Thesis/install/ground_bot/share/ground_bot/package.zsh'
[1.197s] Level 1:colcon.colcon_core.environment:create_file_with_runtime_dependencies(/home/naor/Desktop/naor/study/Thesis/install/ground_bot/share/colcon-core/packages/ground_bot)
[1.197s] Level 1:colcon.colcon_core.environment:create_environment_scripts_only(ground_bot)
[1.197s] Level 1:colcon.colcon_core.environment:checking '/home/naor/Desktop/naor/study/Thesis/install/ground_bot' for CMake module files
[1.198s] Level 1:colcon.colcon_core.environment:checking '/home/naor/Desktop/naor/study/Thesis/install/ground_bot' for CMake config files
[1.198s] Level 1:colcon.colcon_core.shell:create_environment_hook('ground_bot', 'cmake_prefix_path')
[1.198s] INFO:colcon.colcon_core.shell:Creating environment hook '/home/naor/Desktop/naor/study/Thesis/install/ground_bot/share/ground_bot/hook/cmake_prefix_path.ps1'
[1.198s] INFO:colcon.colcon_core.shell:Creating environment descriptor '/home/naor/Desktop/naor/study/Thesis/install/ground_bot/share/ground_bot/hook/cmake_prefix_path.dsv'
[1.199s] INFO:colcon.colcon_core.shell:Creating environment hook '/home/naor/Desktop/naor/study/Thesis/install/ground_bot/share/ground_bot/hook/cmake_prefix_path.sh'
[1.199s] Level 1:colcon.colcon_core.environment:checking '/home/naor/Desktop/naor/study/Thesis/install/ground_bot/lib'
[1.199s] Level 1:colcon.colcon_core.shell:create_environment_hook('ground_bot', 'ld_library_path_lib')
[1.199s] INFO:colcon.colcon_core.shell:Creating environment hook '/home/naor/Desktop/naor/study/Thesis/install/ground_bot/share/ground_bot/hook/ld_library_path_lib.ps1'
[1.199s] INFO:colcon.colcon_core.shell:Creating environment descriptor '/home/naor/Desktop/naor/study/Thesis/install/ground_bot/share/ground_bot/hook/ld_library_path_lib.dsv'
[1.199s] INFO:colcon.colcon_core.shell:Creating environment hook '/home/naor/Desktop/naor/study/Thesis/install/ground_bot/share/ground_bot/hook/ld_library_path_lib.sh'
[1.200s] Level 1:colcon.colcon_core.environment:checking '/home/naor/Desktop/naor/study/Thesis/install/ground_bot/bin'
[1.200s] Level 1:colcon.colcon_core.environment:checking '/home/naor/Desktop/naor/study/Thesis/install/ground_bot/lib/pkgconfig/ground_bot.pc'
[1.200s] Level 1:colcon.colcon_core.environment:checking '/home/naor/Desktop/naor/study/Thesis/install/ground_bot/lib/python3.10/site-packages'
[1.200s] Level 1:colcon.colcon_core.environment:checking '/home/naor/Desktop/naor/study/Thesis/install/ground_bot/bin'
[1.200s] INFO:colcon.colcon_core.shell:Creating package script '/home/naor/Desktop/naor/study/Thesis/install/ground_bot/share/ground_bot/package.ps1'
[1.201s] INFO:colcon.colcon_core.shell:Creating package descriptor '/home/naor/Desktop/naor/study/Thesis/install/ground_bot/share/ground_bot/package.dsv'
[1.201s] INFO:colcon.colcon_core.shell:Creating package script '/home/naor/Desktop/naor/study/Thesis/install/ground_bot/share/ground_bot/package.sh'
[1.201s] INFO:colcon.colcon_core.shell:Creating package script '/home/naor/Desktop/naor/study/Thesis/install/ground_bot/share/ground_bot/package.bash'
[1.201s] INFO:colcon.colcon_core.shell:Creating package script '/home/naor/Desktop/naor/study/Thesis/install/ground_bot/share/ground_bot/package.zsh'
[1.202s] Level 1:colcon.colcon_core.environment:create_file_with_runtime_dependencies(/home/naor/Desktop/naor/study/Thesis/install/ground_bot/share/colcon-core/packages/ground_bot)
[1.231s] DEBUG:colcon.colcon_core.event_handler.log_command:Invoking command in '/home/naor/Desktop/naor/study/Thesis/src/camera_nav': AMENT_PREFIX_PATH=/home/naor/Desktop/naor/study/Thesis/install/pointcloud_to_laserscan:${AMENT_PREFIX_PATH} CMAKE_PREFIX_PATH=/home/naor/Desktop/naor/study/Thesis/install/pointcloud_to_laserscan LD_LIBRARY_PATH=/home/naor/Desktop/naor/study/Thesis/install/pointcloud_to_laserscan/lib:${LD_LIBRARY_PATH} PYTHONPATH=/home/naor/Desktop/naor/study/Thesis/build/camera_nav/prefix_override:/usr/lib/python3/dist-packages/colcon_core/task/python/colcon_distutils_commands:/home/naor/Desktop/naor/study/Thesis/install/camera_nav/lib/python3.10/site-packages:${PYTHONPATH} /usr/bin/python3 -W ignore:setup.py install is deprecated -W ignore:easy_install command is deprecated setup.py egg_info --egg-base ../../build/camera_nav build --build-base /home/naor/Desktop/naor/study/Thesis/build/camera_nav/build install --record /home/naor/Desktop/naor/study/Thesis/build/camera_nav/install.log --single-version-externally-managed install_data
[1.489s] Level 1:colcon.colcon_core.environment:checking '/home/naor/Desktop/naor/study/Thesis/install/controller' for CMake module files
[1.489s] DEBUG:colcon.colcon_core.event_handler.log_command:Invoked command in '/home/naor/Desktop/naor/study/Thesis/src/controller' returned '0': PYTHONPATH=/home/naor/Desktop/naor/study/Thesis/build/controller/prefix_override:/usr/lib/python3/dist-packages/colcon_core/task/python/colcon_distutils_commands:/home/naor/Desktop/naor/study/Thesis/install/controller/lib/python3.10/site-packages:${PYTHONPATH} /usr/bin/python3 -W ignore:setup.py install is deprecated -W ignore:easy_install command is deprecated setup.py egg_info --egg-base ../../build/controller build --build-base /home/naor/Desktop/naor/study/Thesis/build/controller/build install --record /home/naor/Desktop/naor/study/Thesis/build/controller/install.log --single-version-externally-managed install_data
[1.490s] Level 1:colcon.colcon_core.environment:checking '/home/naor/Desktop/naor/study/Thesis/install/controller' for CMake config files
[1.490s] Level 1:colcon.colcon_core.environment:checking '/home/naor/Desktop/naor/study/Thesis/install/controller/lib'
[1.490s] Level 1:colcon.colcon_core.environment:checking '/home/naor/Desktop/naor/study/Thesis/install/controller/bin'
[1.490s] Level 1:colcon.colcon_core.environment:checking '/home/naor/Desktop/naor/study/Thesis/install/controller/lib/pkgconfig/controller.pc'
[1.491s] Level 1:colcon.colcon_core.environment:checking '/home/naor/Desktop/naor/study/Thesis/install/controller/lib/python3.10/site-packages'
[1.491s] Level 1:colcon.colcon_core.shell:create_environment_hook('controller', 'pythonpath')
[1.491s] INFO:colcon.colcon_core.shell:Creating environment hook '/home/naor/Desktop/naor/study/Thesis/install/controller/share/controller/hook/pythonpath.ps1'
[1.491s] INFO:colcon.colcon_core.shell:Creating environment descriptor '/home/naor/Desktop/naor/study/Thesis/install/controller/share/controller/hook/pythonpath.dsv'
[1.491s] INFO:colcon.colcon_core.shell:Creating environment hook '/home/naor/Desktop/naor/study/Thesis/install/controller/share/controller/hook/pythonpath.sh'
[1.492s] Level 1:colcon.colcon_core.environment:checking '/home/naor/Desktop/naor/study/Thesis/install/controller/bin'
[1.492s] Level 1:colcon.colcon_core.environment:create_environment_scripts_only(controller)
[1.492s] INFO:colcon.colcon_core.shell:Creating package script '/home/naor/Desktop/naor/study/Thesis/install/controller/share/controller/package.ps1'
[1.492s] INFO:colcon.colcon_core.shell:Creating package descriptor '/home/naor/Desktop/naor/study/Thesis/install/controller/share/controller/package.dsv'
[1.492s] INFO:colcon.colcon_core.shell:Creating package script '/home/naor/Desktop/naor/study/Thesis/install/controller/share/controller/package.sh'
[1.493s] INFO:colcon.colcon_core.shell:Creating package script '/home/naor/Desktop/naor/study/Thesis/install/controller/share/controller/package.bash'
[1.493s] INFO:colcon.colcon_core.shell:Creating package script '/home/naor/Desktop/naor/study/Thesis/install/controller/share/controller/package.zsh'
[1.493s] Level 1:colcon.colcon_core.environment:create_file_with_runtime_dependencies(/home/naor/Desktop/naor/study/Thesis/install/controller/share/colcon-core/packages/controller)
[1.602s] Level 1:colcon.colcon_core.environment:checking '/home/naor/Desktop/naor/study/Thesis/install/camera_nav' for CMake module files
[1.603s] DEBUG:colcon.colcon_core.event_handler.log_command:Invoked command in '/home/naor/Desktop/naor/study/Thesis/src/camera_nav' returned '0': AMENT_PREFIX_PATH=/home/naor/Desktop/naor/study/Thesis/install/pointcloud_to_laserscan:${AMENT_PREFIX_PATH} CMAKE_PREFIX_PATH=/home/naor/Desktop/naor/study/Thesis/install/pointcloud_to_laserscan LD_LIBRARY_PATH=/home/naor/Desktop/naor/study/Thesis/install/pointcloud_to_laserscan/lib:${LD_LIBRARY_PATH} PYTHONPATH=/home/naor/Desktop/naor/study/Thesis/build/camera_nav/prefix_override:/usr/lib/python3/dist-packages/colcon_core/task/python/colcon_distutils_commands:/home/naor/Desktop/naor/study/Thesis/install/camera_nav/lib/python3.10/site-packages:${PYTHONPATH} /usr/bin/python3 -W ignore:setup.py install is deprecated -W ignore:easy_install command is deprecated setup.py egg_info --egg-base ../../build/camera_nav build --build-base /home/naor/Desktop/naor/study/Thesis/build/camera_nav/build install --record /home/naor/Desktop/naor/study/Thesis/build/camera_nav/install.log --single-version-externally-managed install_data
[1.603s] Level 1:colcon.colcon_core.environment:checking '/home/naor/Desktop/naor/study/Thesis/install/camera_nav' for CMake config files
[1.603s] Level 1:colcon.colcon_core.environment:checking '/home/naor/Desktop/naor/study/Thesis/install/camera_nav/lib'
[1.603s] Level 1:colcon.colcon_core.environment:checking '/home/naor/Desktop/naor/study/Thesis/install/camera_nav/bin'
[1.604s] Level 1:colcon.colcon_core.environment:checking '/home/naor/Desktop/naor/study/Thesis/install/camera_nav/lib/pkgconfig/camera_nav.pc'
[1.604s] Level 1:colcon.colcon_core.environment:checking '/home/naor/Desktop/naor/study/Thesis/install/camera_nav/lib/python3.10/site-packages'
[1.604s] Level 1:colcon.colcon_core.shell:create_environment_hook('camera_nav', 'pythonpath')
[1.604s] INFO:colcon.colcon_core.shell:Creating environment hook '/home/naor/Desktop/naor/study/Thesis/install/camera_nav/share/camera_nav/hook/pythonpath.ps1'
[1.604s] INFO:colcon.colcon_core.shell:Creating environment descriptor '/home/naor/Desktop/naor/study/Thesis/install/camera_nav/share/camera_nav/hook/pythonpath.dsv'
[1.604s] INFO:colcon.colcon_core.shell:Creating environment hook '/home/naor/Desktop/naor/study/Thesis/install/camera_nav/share/camera_nav/hook/pythonpath.sh'
[1.605s] Level 1:colcon.colcon_core.environment:checking '/home/naor/Desktop/naor/study/Thesis/install/camera_nav/bin'
[1.605s] Level 1:colcon.colcon_core.environment:create_environment_scripts_only(camera_nav)
[1.605s] INFO:colcon.colcon_core.shell:Creating package script '/home/naor/Desktop/naor/study/Thesis/install/camera_nav/share/camera_nav/package.ps1'
[1.605s] INFO:colcon.colcon_core.shell:Creating package descriptor '/home/naor/Desktop/naor/study/Thesis/install/camera_nav/share/camera_nav/package.dsv'
[1.606s] INFO:colcon.colcon_core.shell:Creating package script '/home/naor/Desktop/naor/study/Thesis/install/camera_nav/share/camera_nav/package.sh'
[1.606s] INFO:colcon.colcon_core.shell:Creating package script '/home/naor/Desktop/naor/study/Thesis/install/camera_nav/share/camera_nav/package.bash'
[1.606s] INFO:colcon.colcon_core.shell:Creating package script '/home/naor/Desktop/naor/study/Thesis/install/camera_nav/share/camera_nav/package.zsh'
[1.606s] Level 1:colcon.colcon_core.environment:create_file_with_runtime_dependencies(/home/naor/Desktop/naor/study/Thesis/install/camera_nav/share/colcon-core/packages/camera_nav)
[1.606s] DEBUG:colcon.colcon_parallel_executor.executor.parallel:closing loop
[1.607s] DEBUG:colcon.colcon_parallel_executor.executor.parallel:loop closed
[1.607s] DEBUG:colcon.colcon_parallel_executor.executor.parallel:run_until_complete finished with '0'
[1.607s] DEBUG:colcon.colcon_core.event_reactor:joining thread
[1.611s] INFO:colcon.colcon_core.plugin_system:Skipping extension 'colcon_notification.desktop_notification.terminal_notifier': Not used on non-Darwin systems
[1.611s] INFO:colcon.colcon_core.plugin_system:Skipping extension 'colcon_notification.desktop_notification.win32': Not used on non-Windows systems
[1.611s] INFO:colcon.colcon_notification.desktop_notification:Sending desktop notification using 'notify2'
[1.624s] DEBUG:colcon.colcon_core.event_reactor:joined thread
[1.624s] INFO:colcon.colcon_core.shell:Creating prefix script '/home/naor/Desktop/naor/study/Thesis/install/local_setup.ps1'
[1.625s] INFO:colcon.colcon_core.shell:Creating prefix util module '/home/naor/Desktop/naor/study/Thesis/install/_local_setup_util_ps1.py'
[1.626s] INFO:colcon.colcon_core.shell:Creating prefix chain script '/home/naor/Desktop/naor/study/Thesis/install/setup.ps1'
[1.627s] INFO:colcon.colcon_core.shell:Creating prefix script '/home/naor/Desktop/naor/study/Thesis/install/local_setup.sh'
[1.627s] INFO:colcon.colcon_core.shell:Creating prefix util module '/home/naor/Desktop/naor/study/Thesis/install/_local_setup_util_sh.py'
[1.628s] INFO:colcon.colcon_core.shell:Creating prefix chain script '/home/naor/Desktop/naor/study/Thesis/install/setup.sh'
[1.628s] INFO:colcon.colcon_core.shell:Creating prefix script '/home/naor/Desktop/naor/study/Thesis/install/local_setup.bash'
[1.629s] INFO:colcon.colcon_core.shell:Creating prefix chain script '/home/naor/Desktop/naor/study/Thesis/install/setup.bash'
[1.630s] INFO:colcon.colcon_core.shell:Creating prefix script '/home/naor/Desktop/naor/study/Thesis/install/local_setup.zsh'
[1.630s] INFO:colcon.colcon_core.shell:Creating prefix chain script '/home/naor/Desktop/naor/study/Thesis/install/setup.zsh'
