[0.173s] Invoking command in '/home/naor/Desktop/naor/study/Thesis/build/hamma_bot': CMAKE_PREFIX_PATH=${CMAKE_PREFIX_PATH}:/home/naor/Desktop/naor/study/Thesis/install/camera_nav:/home/naor/Desktop/naor/study/Thesis/install/controller:/home/naor/Desktop/naor/work/capsule_repo/install/teensy_ers:/home/naor/Desktop/naor/work/capsule_repo/install/elers_bridge:/opt/ros/humble /usr/bin/cmake --build /home/naor/Desktop/naor/study/Thesis/build/hamma_bot -- -j16 -l16
[0.212s] [  2%] Built target hamma_bot__cpp
[0.215s] [  6%] Built target joy_twist_node
[0.216s] [ 16%] Built target hamma_bot__rosidl_generator_c
[0.222s] [ 16%] Built target ament_cmake_python_copy_hamma_bot
[0.222s] [ 20%] Built target twist_to_twiststamped_node
[0.233s] [ 30%] Built target hamma_bot__rosidl_typesupport_cpp
[0.235s] [ 39%] Built target hamma_bot__rosidl_typesupport_fastrtps_cpp
[0.235s] [ 48%] Built target hamma_bot__rosidl_typesupport_introspection_cpp
[0.241s] [ 58%] Built target hamma_bot__rosidl_typesupport_fastrtps_c
[0.241s] [ 67%] Built target hamma_bot__rosidl_typesupport_introspection_c
[0.241s] [ 76%] Built target hamma_bot__rosidl_typesupport_c
[0.257s] [ 76%] Built target hamma_bot
[0.272s] [ 79%] Built target hamma_bot__py
[0.297s] [ 86%] Built target hamma_bot__rosidl_generator_py
[0.314s] [ 95%] Built target hamma_bot__rosidl_typesupport_introspection_c__pyext
[0.314s] [ 95%] Built target hamma_bot__rosidl_typesupport_fastrtps_c__pyext
[0.316s] [100%] Built target hamma_bot__rosidl_typesupport_c__pyext
[0.408s] running egg_info
[0.420s] writing hamma_bot.egg-info/PKG-INFO
[0.420s] writing dependency_links to hamma_bot.egg-info/dependency_links.txt
[0.421s] writing top-level names to hamma_bot.egg-info/top_level.txt
[0.478s] reading manifest file 'hamma_bot.egg-info/SOURCES.txt'
[0.479s] writing manifest file 'hamma_bot.egg-info/SOURCES.txt'
[0.508s] [100%] Built target ament_cmake_python_build_hamma_bot_egg
[0.516s] Invoked command in '/home/naor/Desktop/naor/study/Thesis/build/hamma_bot' returned '0': CMAKE_PREFIX_PATH=${CMAKE_PREFIX_PATH}:/home/naor/Desktop/naor/study/Thesis/install/camera_nav:/home/naor/Desktop/naor/study/Thesis/install/controller:/home/naor/Desktop/naor/work/capsule_repo/install/teensy_ers:/home/naor/Desktop/naor/work/capsule_repo/install/elers_bridge:/opt/ros/humble /usr/bin/cmake --build /home/naor/Desktop/naor/study/Thesis/build/hamma_bot -- -j16 -l16
[0.518s] Invoking command in '/home/naor/Desktop/naor/study/Thesis/build/hamma_bot': CMAKE_PREFIX_PATH=${CMAKE_PREFIX_PATH}:/home/naor/Desktop/naor/study/Thesis/install/camera_nav:/home/naor/Desktop/naor/study/Thesis/install/controller:/home/naor/Desktop/naor/work/capsule_repo/install/teensy_ers:/home/naor/Desktop/naor/work/capsule_repo/install/elers_bridge:/opt/ros/humble /usr/bin/cmake --install /home/naor/Desktop/naor/study/Thesis/build/hamma_bot
[0.524s] -- Install configuration: ""
[0.525s] -- Up-to-date: /home/naor/Desktop/naor/study/Thesis/install/hamma_bot/share/ament_index/resource_index/rosidl_interfaces/hamma_bot
[0.525s] -- Up-to-date: /home/naor/Desktop/naor/study/Thesis/install/hamma_bot/include/hamma_bot/hamma_bot
[0.525s] -- Up-to-date: /home/naor/Desktop/naor/study/Thesis/install/hamma_bot/include/hamma_bot/hamma_bot/msg
[0.525s] -- Up-to-date: /home/naor/Desktop/naor/study/Thesis/install/hamma_bot/include/hamma_bot/hamma_bot/msg/motor_data.h
[0.525s] -- Up-to-date: /home/naor/Desktop/naor/study/Thesis/install/hamma_bot/include/hamma_bot/hamma_bot/msg/pwm.h
[0.525s] -- Up-to-date: /home/naor/Desktop/naor/study/Thesis/install/hamma_bot/include/hamma_bot/hamma_bot/msg/rosidl_generator_c__visibility_control.h
[0.525s] -- Up-to-date: /home/naor/Desktop/naor/study/Thesis/install/hamma_bot/include/hamma_bot/hamma_bot/msg/detail
[0.525s] -- Up-to-date: /home/naor/Desktop/naor/study/Thesis/install/hamma_bot/include/hamma_bot/hamma_bot/msg/detail/pwm__functions.c
[0.525s] -- Up-to-date: /home/naor/Desktop/naor/study/Thesis/install/hamma_bot/include/hamma_bot/hamma_bot/msg/detail/pwm__type_support.h
[0.526s] -- Up-to-date: /home/naor/Desktop/naor/study/Thesis/install/hamma_bot/include/hamma_bot/hamma_bot/msg/detail/motor_data__functions.c
[0.526s] -- Up-to-date: /home/naor/Desktop/naor/study/Thesis/install/hamma_bot/include/hamma_bot/hamma_bot/msg/detail/motor_data__type_support.h
[0.526s] -- Up-to-date: /home/naor/Desktop/naor/study/Thesis/install/hamma_bot/include/hamma_bot/hamma_bot/msg/detail/pwm__functions.h
[0.526s] -- Up-to-date: /home/naor/Desktop/naor/study/Thesis/install/hamma_bot/include/hamma_bot/hamma_bot/msg/detail/motor_data__struct.h
[0.526s] -- Up-to-date: /home/naor/Desktop/naor/study/Thesis/install/hamma_bot/include/hamma_bot/hamma_bot/msg/detail/motor_data__functions.h
[0.526s] -- Up-to-date: /home/naor/Desktop/naor/study/Thesis/install/hamma_bot/include/hamma_bot/hamma_bot/msg/detail/pwm__struct.h
[0.526s] -- Up-to-date: /home/naor/Desktop/naor/study/Thesis/install/hamma_bot/share/hamma_bot/environment/library_path.sh
[0.526s] -- Up-to-date: /home/naor/Desktop/naor/study/Thesis/install/hamma_bot/share/hamma_bot/environment/library_path.dsv
[0.526s] -- Up-to-date: /home/naor/Desktop/naor/study/Thesis/install/hamma_bot/lib/libhamma_bot__rosidl_generator_c.so
[0.526s] -- Up-to-date: /home/naor/Desktop/naor/study/Thesis/install/hamma_bot/include/hamma_bot/hamma_bot
[0.526s] -- Up-to-date: /home/naor/Desktop/naor/study/Thesis/install/hamma_bot/include/hamma_bot/hamma_bot/msg
[0.526s] -- Up-to-date: /home/naor/Desktop/naor/study/Thesis/install/hamma_bot/include/hamma_bot/hamma_bot/msg/rosidl_typesupport_fastrtps_c__visibility_control.h
[0.526s] -- Up-to-date: /home/naor/Desktop/naor/study/Thesis/install/hamma_bot/include/hamma_bot/hamma_bot/msg/detail
[0.526s] -- Up-to-date: /home/naor/Desktop/naor/study/Thesis/install/hamma_bot/include/hamma_bot/hamma_bot/msg/detail/motor_data__rosidl_typesupport_fastrtps_c.h
[0.527s] -- Up-to-date: /home/naor/Desktop/naor/study/Thesis/install/hamma_bot/include/hamma_bot/hamma_bot/msg/detail/pwm__rosidl_typesupport_fastrtps_c.h
[0.527s] -- Up-to-date: /home/naor/Desktop/naor/study/Thesis/install/hamma_bot/lib/libhamma_bot__rosidl_typesupport_fastrtps_c.so
[0.527s] -- Up-to-date: /home/naor/Desktop/naor/study/Thesis/install/hamma_bot/include/hamma_bot/hamma_bot
[0.527s] -- Up-to-date: /home/naor/Desktop/naor/study/Thesis/install/hamma_bot/include/hamma_bot/hamma_bot/msg
[0.527s] -- Up-to-date: /home/naor/Desktop/naor/study/Thesis/install/hamma_bot/include/hamma_bot/hamma_bot/msg/rosidl_generator_cpp__visibility_control.hpp
[0.527s] -- Up-to-date: /home/naor/Desktop/naor/study/Thesis/install/hamma_bot/include/hamma_bot/hamma_bot/msg/motor_data.hpp
[0.527s] -- Up-to-date: /home/naor/Desktop/naor/study/Thesis/install/hamma_bot/include/hamma_bot/hamma_bot/msg/pwm.hpp
[0.527s] -- Up-to-date: /home/naor/Desktop/naor/study/Thesis/install/hamma_bot/include/hamma_bot/hamma_bot/msg/detail
[0.527s] -- Up-to-date: /home/naor/Desktop/naor/study/Thesis/install/hamma_bot/include/hamma_bot/hamma_bot/msg/detail/motor_data__builder.hpp
[0.527s] -- Up-to-date: /home/naor/Desktop/naor/study/Thesis/install/hamma_bot/include/hamma_bot/hamma_bot/msg/detail/motor_data__struct.hpp
[0.527s] -- Up-to-date: /home/naor/Desktop/naor/study/Thesis/install/hamma_bot/include/hamma_bot/hamma_bot/msg/detail/pwm__builder.hpp
[0.527s] -- Up-to-date: /home/naor/Desktop/naor/study/Thesis/install/hamma_bot/include/hamma_bot/hamma_bot/msg/detail/pwm__struct.hpp
[0.527s] -- Up-to-date: /home/naor/Desktop/naor/study/Thesis/install/hamma_bot/include/hamma_bot/hamma_bot/msg/detail/motor_data__traits.hpp
[0.527s] -- Up-to-date: /home/naor/Desktop/naor/study/Thesis/install/hamma_bot/include/hamma_bot/hamma_bot/msg/detail/pwm__traits.hpp
[0.527s] -- Up-to-date: /home/naor/Desktop/naor/study/Thesis/install/hamma_bot/include/hamma_bot/hamma_bot/msg/detail/pwm__type_support.hpp
[0.527s] -- Up-to-date: /home/naor/Desktop/naor/study/Thesis/install/hamma_bot/include/hamma_bot/hamma_bot/msg/detail/motor_data__type_support.hpp
[0.527s] -- Up-to-date: /home/naor/Desktop/naor/study/Thesis/install/hamma_bot/include/hamma_bot/hamma_bot
[0.527s] -- Up-to-date: /home/naor/Desktop/naor/study/Thesis/install/hamma_bot/include/hamma_bot/hamma_bot/msg
[0.527s] -- Up-to-date: /home/naor/Desktop/naor/study/Thesis/install/hamma_bot/include/hamma_bot/hamma_bot/msg/rosidl_typesupport_fastrtps_cpp__visibility_control.h
[0.528s] -- Up-to-date: /home/naor/Desktop/naor/study/Thesis/install/hamma_bot/include/hamma_bot/hamma_bot/msg/detail
[0.528s] -- Up-to-date: /home/naor/Desktop/naor/study/Thesis/install/hamma_bot/include/hamma_bot/hamma_bot/msg/detail/pwm__rosidl_typesupport_fastrtps_cpp.hpp
[0.528s] -- Up-to-date: /home/naor/Desktop/naor/study/Thesis/install/hamma_bot/include/hamma_bot/hamma_bot/msg/detail/dds_fastrtps
[0.528s] -- Up-to-date: /home/naor/Desktop/naor/study/Thesis/install/hamma_bot/include/hamma_bot/hamma_bot/msg/detail/motor_data__rosidl_typesupport_fastrtps_cpp.hpp
[0.528s] -- Up-to-date: /home/naor/Desktop/naor/study/Thesis/install/hamma_bot/lib/libhamma_bot__rosidl_typesupport_fastrtps_cpp.so
[0.528s] -- Up-to-date: /home/naor/Desktop/naor/study/Thesis/install/hamma_bot/include/hamma_bot/hamma_bot
[0.528s] -- Up-to-date: /home/naor/Desktop/naor/study/Thesis/install/hamma_bot/include/hamma_bot/hamma_bot/msg
[0.528s] -- Up-to-date: /home/naor/Desktop/naor/study/Thesis/install/hamma_bot/include/hamma_bot/hamma_bot/msg/rosidl_typesupport_introspection_c__visibility_control.h
[0.528s] -- Up-to-date: /home/naor/Desktop/naor/study/Thesis/install/hamma_bot/include/hamma_bot/hamma_bot/msg/detail
[0.528s] -- Up-to-date: /home/naor/Desktop/naor/study/Thesis/install/hamma_bot/include/hamma_bot/hamma_bot/msg/detail/motor_data__type_support.c
[0.528s] -- Up-to-date: /home/naor/Desktop/naor/study/Thesis/install/hamma_bot/include/hamma_bot/hamma_bot/msg/detail/motor_data__rosidl_typesupport_introspection_c.h
[0.528s] -- Up-to-date: /home/naor/Desktop/naor/study/Thesis/install/hamma_bot/include/hamma_bot/hamma_bot/msg/detail/pwm__rosidl_typesupport_introspection_c.h
[0.528s] -- Up-to-date: /home/naor/Desktop/naor/study/Thesis/install/hamma_bot/include/hamma_bot/hamma_bot/msg/detail/pwm__type_support.c
[0.529s] -- Up-to-date: /home/naor/Desktop/naor/study/Thesis/install/hamma_bot/lib/libhamma_bot__rosidl_typesupport_introspection_c.so
[0.529s] -- Up-to-date: /home/naor/Desktop/naor/study/Thesis/install/hamma_bot/lib/libhamma_bot__rosidl_typesupport_c.so
[0.529s] -- Up-to-date: /home/naor/Desktop/naor/study/Thesis/install/hamma_bot/include/hamma_bot/hamma_bot
[0.529s] -- Up-to-date: /home/naor/Desktop/naor/study/Thesis/install/hamma_bot/include/hamma_bot/hamma_bot/msg
[0.529s] -- Up-to-date: /home/naor/Desktop/naor/study/Thesis/install/hamma_bot/include/hamma_bot/hamma_bot/msg/detail
[0.529s] -- Up-to-date: /home/naor/Desktop/naor/study/Thesis/install/hamma_bot/include/hamma_bot/hamma_bot/msg/detail/pwm__rosidl_typesupport_introspection_cpp.hpp
[0.529s] -- Up-to-date: /home/naor/Desktop/naor/study/Thesis/install/hamma_bot/include/hamma_bot/hamma_bot/msg/detail/motor_data__rosidl_typesupport_introspection_cpp.hpp
[0.529s] -- Up-to-date: /home/naor/Desktop/naor/study/Thesis/install/hamma_bot/include/hamma_bot/hamma_bot/msg/detail/pwm__type_support.cpp
[0.529s] -- Up-to-date: /home/naor/Desktop/naor/study/Thesis/install/hamma_bot/include/hamma_bot/hamma_bot/msg/detail/motor_data__type_support.cpp
[0.529s] -- Up-to-date: /home/naor/Desktop/naor/study/Thesis/install/hamma_bot/lib/libhamma_bot__rosidl_typesupport_introspection_cpp.so
[0.529s] -- Up-to-date: /home/naor/Desktop/naor/study/Thesis/install/hamma_bot/lib/libhamma_bot__rosidl_typesupport_cpp.so
[0.529s] -- Up-to-date: /home/naor/Desktop/naor/study/Thesis/install/hamma_bot/share/hamma_bot/environment/pythonpath.sh
[0.529s] -- Up-to-date: /home/naor/Desktop/naor/study/Thesis/install/hamma_bot/share/hamma_bot/environment/pythonpath.dsv
[0.530s] -- Up-to-date: /home/naor/Desktop/naor/study/Thesis/install/hamma_bot/local/lib/python3.10/dist-packages/hamma_bot-0.0.1-py3.10.egg-info
[0.530s] -- Installing: /home/naor/Desktop/naor/study/Thesis/install/hamma_bot/local/lib/python3.10/dist-packages/hamma_bot-0.0.1-py3.10.egg-info/SOURCES.txt
[0.530s] -- Installing: /home/naor/Desktop/naor/study/Thesis/install/hamma_bot/local/lib/python3.10/dist-packages/hamma_bot-0.0.1-py3.10.egg-info/PKG-INFO
[0.530s] -- Installing: /home/naor/Desktop/naor/study/Thesis/install/hamma_bot/local/lib/python3.10/dist-packages/hamma_bot-0.0.1-py3.10.egg-info/dependency_links.txt
[0.530s] -- Installing: /home/naor/Desktop/naor/study/Thesis/install/hamma_bot/local/lib/python3.10/dist-packages/hamma_bot-0.0.1-py3.10.egg-info/top_level.txt
[0.530s] -- Up-to-date: /home/naor/Desktop/naor/study/Thesis/install/hamma_bot/local/lib/python3.10/dist-packages/hamma_bot
[0.530s] -- Up-to-date: /home/naor/Desktop/naor/study/Thesis/install/hamma_bot/local/lib/python3.10/dist-packages/hamma_bot/__init__.py
[0.530s] -- Up-to-date: /home/naor/Desktop/naor/study/Thesis/install/hamma_bot/local/lib/python3.10/dist-packages/hamma_bot/msg
[0.530s] -- Up-to-date: /home/naor/Desktop/naor/study/Thesis/install/hamma_bot/local/lib/python3.10/dist-packages/hamma_bot/msg/__init__.py
[0.530s] -- Up-to-date: /home/naor/Desktop/naor/study/Thesis/install/hamma_bot/local/lib/python3.10/dist-packages/hamma_bot/msg/_motor_data_s.c
[0.530s] -- Up-to-date: /home/naor/Desktop/naor/study/Thesis/install/hamma_bot/local/lib/python3.10/dist-packages/hamma_bot/msg/_pwm_s.c
[0.530s] -- Up-to-date: /home/naor/Desktop/naor/study/Thesis/install/hamma_bot/local/lib/python3.10/dist-packages/hamma_bot/msg/_pwm.py
[0.530s] -- Up-to-date: /home/naor/Desktop/naor/study/Thesis/install/hamma_bot/local/lib/python3.10/dist-packages/hamma_bot/msg/_motor_data.py
[0.530s] -- Up-to-date: /home/naor/Desktop/naor/study/Thesis/install/hamma_bot/local/lib/python3.10/dist-packages/hamma_bot/hamma_bot_s__rosidl_typesupport_fastrtps_c.cpython-310-x86_64-linux-gnu.so
[0.530s] -- Up-to-date: /home/naor/Desktop/naor/study/Thesis/install/hamma_bot/local/lib/python3.10/dist-packages/hamma_bot/_hamma_bot_s.ep.rosidl_typesupport_fastrtps_c.c
[0.530s] -- Up-to-date: /home/naor/Desktop/naor/study/Thesis/install/hamma_bot/local/lib/python3.10/dist-packages/hamma_bot/_hamma_bot_s.ep.rosidl_typesupport_c.c
[0.530s] -- Up-to-date: /home/naor/Desktop/naor/study/Thesis/install/hamma_bot/local/lib/python3.10/dist-packages/hamma_bot/_hamma_bot_s.ep.rosidl_typesupport_introspection_c.c
[0.530s] -- Up-to-date: /home/naor/Desktop/naor/study/Thesis/install/hamma_bot/local/lib/python3.10/dist-packages/hamma_bot/hamma_bot_s__rosidl_typesupport_introspection_c.cpython-310-x86_64-linux-gnu.so
[0.530s] -- Up-to-date: /home/naor/Desktop/naor/study/Thesis/install/hamma_bot/local/lib/python3.10/dist-packages/hamma_bot/libhamma_bot__rosidl_generator_py.so
[0.530s] -- Up-to-date: /home/naor/Desktop/naor/study/Thesis/install/hamma_bot/local/lib/python3.10/dist-packages/hamma_bot/hamma_bot_s__rosidl_typesupport_c.cpython-310-x86_64-linux-gnu.so
[0.563s] Listing '/home/naor/Desktop/naor/study/Thesis/install/hamma_bot/local/lib/python3.10/dist-packages/hamma_bot'...
[0.563s] Listing '/home/naor/Desktop/naor/study/Thesis/install/hamma_bot/local/lib/python3.10/dist-packages/hamma_bot/msg'...
[0.566s] -- Up-to-date: /home/naor/Desktop/naor/study/Thesis/install/hamma_bot/local/lib/python3.10/dist-packages/hamma_bot/hamma_bot_s__rosidl_typesupport_fastrtps_c.cpython-310-x86_64-linux-gnu.so
[0.566s] -- Up-to-date: /home/naor/Desktop/naor/study/Thesis/install/hamma_bot/local/lib/python3.10/dist-packages/hamma_bot/hamma_bot_s__rosidl_typesupport_introspection_c.cpython-310-x86_64-linux-gnu.so
[0.566s] -- Up-to-date: /home/naor/Desktop/naor/study/Thesis/install/hamma_bot/local/lib/python3.10/dist-packages/hamma_bot/hamma_bot_s__rosidl_typesupport_c.cpython-310-x86_64-linux-gnu.so
[0.567s] -- Up-to-date: /home/naor/Desktop/naor/study/Thesis/install/hamma_bot/lib/libhamma_bot__rosidl_generator_py.so
[0.567s] -- Up-to-date: /home/naor/Desktop/naor/study/Thesis/install/hamma_bot/share/hamma_bot/msg/Pwm.idl
[0.567s] -- Up-to-date: /home/naor/Desktop/naor/study/Thesis/install/hamma_bot/share/hamma_bot/msg/MotorData.idl
[0.567s] -- Up-to-date: /home/naor/Desktop/naor/study/Thesis/install/hamma_bot/share/hamma_bot/msg/Pwm.msg
[0.567s] -- Up-to-date: /home/naor/Desktop/naor/study/Thesis/install/hamma_bot/share/hamma_bot/msg/MotorData.msg
[0.567s] -- Up-to-date: /home/naor/Desktop/naor/study/Thesis/install/hamma_bot/lib/hamma_bot/twist_to_twiststamped_node
[0.567s] -- Up-to-date: /home/naor/Desktop/naor/study/Thesis/install/hamma_bot/lib/hamma_bot/joy_twist_node
[0.567s] -- Up-to-date: /home/naor/Desktop/naor/study/Thesis/install/hamma_bot/share/hamma_bot/launch
[0.568s] -- Up-to-date: /home/naor/Desktop/naor/study/Thesis/install/hamma_bot/share/hamma_bot/launch/simple_joy_control.launch.py
[0.568s] -- Up-to-date: /home/naor/Desktop/naor/study/Thesis/install/hamma_bot/share/hamma_bot/launch/navigation_launch.launch.py
[0.568s] -- Up-to-date: /home/naor/Desktop/naor/study/Thesis/install/hamma_bot/share/hamma_bot/launch/ackermann_drive_example.launch.py
[0.568s] -- Up-to-date: /home/naor/Desktop/naor/study/Thesis/install/hamma_bot/share/hamma_bot/launch/hamma_bot.launch.py
[0.568s] -- Up-to-date: /home/naor/Desktop/naor/study/Thesis/install/hamma_bot/share/hamma_bot/config
[0.568s] -- Up-to-date: /home/naor/Desktop/naor/study/Thesis/install/hamma_bot/share/hamma_bot/config/costmap_params.yaml
[0.568s] -- Up-to-date: /home/naor/Desktop/naor/study/Thesis/install/hamma_bot/share/hamma_bot/config/ackermann_controller.yaml
[0.568s] -- Up-to-date: /home/naor/Desktop/naor/study/Thesis/install/hamma_bot/share/hamma_bot/config/mapper_params_online_async.yaml
[0.568s] -- Up-to-date: /home/naor/Desktop/naor/study/Thesis/install/hamma_bot/share/hamma_bot/config/slam_toolbox_params.yaml
[0.568s] -- Up-to-date: /home/naor/Desktop/naor/study/Thesis/install/hamma_bot/share/hamma_bot/config/nav2_params.yaml
[0.569s] -- Up-to-date: /home/naor/Desktop/naor/study/Thesis/install/hamma_bot/share/hamma_bot/config/ekf.yaml
[0.569s] -- Up-to-date: /home/naor/Desktop/naor/study/Thesis/install/hamma_bot/share/hamma_bot/urdf
[0.569s] -- Up-to-date: /home/naor/Desktop/naor/study/Thesis/install/hamma_bot/share/hamma_bot/urdf/robot_description.urdf
[0.569s] -- Up-to-date: /home/naor/Desktop/naor/study/Thesis/install/hamma_bot/share/hamma_bot/worlds
[0.569s] -- Up-to-date: /home/naor/Desktop/naor/study/Thesis/install/hamma_bot/share/hamma_bot/worlds/empty.sdf
[0.569s] -- Up-to-date: /home/naor/Desktop/naor/study/Thesis/install/hamma_bot/share/hamma_bot/worlds/bookstore.sdf
[0.569s] -- Up-to-date: /home/naor/Desktop/naor/study/Thesis/install/hamma_bot/share/hamma_bot/rviz
[0.569s] -- Up-to-date: /home/naor/Desktop/naor/study/Thesis/install/hamma_bot/share/hamma_bot/rviz/urdf_config.rviz
[0.569s] -- Up-to-date: /home/naor/Desktop/naor/study/Thesis/install/hamma_bot/share/hamma_bot/rviz/navigation_config.rviz
[0.569s] -- Up-to-date: /home/naor/Desktop/naor/study/Thesis/install/hamma_bot/lib/hamma_bot/hamma_bot_rtcom.py
[0.569s] -- Up-to-date: /home/naor/Desktop/naor/study/Thesis/install/hamma_bot/share/ament_index/resource_index/package_run_dependencies/hamma_bot
[0.569s] -- Up-to-date: /home/naor/Desktop/naor/study/Thesis/install/hamma_bot/share/ament_index/resource_index/parent_prefix_path/hamma_bot
[0.569s] -- Up-to-date: /home/naor/Desktop/naor/study/Thesis/install/hamma_bot/share/hamma_bot/environment/ament_prefix_path.sh
[0.570s] -- Up-to-date: /home/naor/Desktop/naor/study/Thesis/install/hamma_bot/share/hamma_bot/environment/ament_prefix_path.dsv
[0.570s] -- Up-to-date: /home/naor/Desktop/naor/study/Thesis/install/hamma_bot/share/hamma_bot/environment/path.sh
[0.570s] -- Up-to-date: /home/naor/Desktop/naor/study/Thesis/install/hamma_bot/share/hamma_bot/environment/path.dsv
[0.570s] -- Up-to-date: /home/naor/Desktop/naor/study/Thesis/install/hamma_bot/share/hamma_bot/local_setup.bash
[0.570s] -- Up-to-date: /home/naor/Desktop/naor/study/Thesis/install/hamma_bot/share/hamma_bot/local_setup.sh
[0.570s] -- Up-to-date: /home/naor/Desktop/naor/study/Thesis/install/hamma_bot/share/hamma_bot/local_setup.zsh
[0.570s] -- Up-to-date: /home/naor/Desktop/naor/study/Thesis/install/hamma_bot/share/hamma_bot/local_setup.dsv
[0.570s] -- Installing: /home/naor/Desktop/naor/study/Thesis/install/hamma_bot/share/hamma_bot/package.dsv
[0.570s] -- Up-to-date: /home/naor/Desktop/naor/study/Thesis/install/hamma_bot/share/ament_index/resource_index/packages/hamma_bot
[0.570s] -- Up-to-date: /home/naor/Desktop/naor/study/Thesis/install/hamma_bot/share/hamma_bot/cmake/export_hamma_bot__rosidl_generator_cExport.cmake
[0.571s] -- Up-to-date: /home/naor/Desktop/naor/study/Thesis/install/hamma_bot/share/hamma_bot/cmake/export_hamma_bot__rosidl_generator_cExport-noconfig.cmake
[0.571s] -- Up-to-date: /home/naor/Desktop/naor/study/Thesis/install/hamma_bot/share/hamma_bot/cmake/export_hamma_bot__rosidl_typesupport_fastrtps_cExport.cmake
[0.571s] -- Up-to-date: /home/naor/Desktop/naor/study/Thesis/install/hamma_bot/share/hamma_bot/cmake/export_hamma_bot__rosidl_typesupport_fastrtps_cExport-noconfig.cmake
[0.571s] -- Up-to-date: /home/naor/Desktop/naor/study/Thesis/install/hamma_bot/share/hamma_bot/cmake/export_hamma_bot__rosidl_generator_cppExport.cmake
[0.571s] -- Up-to-date: /home/naor/Desktop/naor/study/Thesis/install/hamma_bot/share/hamma_bot/cmake/export_hamma_bot__rosidl_typesupport_fastrtps_cppExport.cmake
[0.571s] -- Up-to-date: /home/naor/Desktop/naor/study/Thesis/install/hamma_bot/share/hamma_bot/cmake/export_hamma_bot__rosidl_typesupport_fastrtps_cppExport-noconfig.cmake
[0.571s] -- Up-to-date: /home/naor/Desktop/naor/study/Thesis/install/hamma_bot/share/hamma_bot/cmake/hamma_bot__rosidl_typesupport_introspection_cExport.cmake
[0.571s] -- Up-to-date: /home/naor/Desktop/naor/study/Thesis/install/hamma_bot/share/hamma_bot/cmake/hamma_bot__rosidl_typesupport_introspection_cExport-noconfig.cmake
[0.572s] -- Up-to-date: /home/naor/Desktop/naor/study/Thesis/install/hamma_bot/share/hamma_bot/cmake/hamma_bot__rosidl_typesupport_cExport.cmake
[0.572s] -- Up-to-date: /home/naor/Desktop/naor/study/Thesis/install/hamma_bot/share/hamma_bot/cmake/hamma_bot__rosidl_typesupport_cExport-noconfig.cmake
[0.572s] -- Up-to-date: /home/naor/Desktop/naor/study/Thesis/install/hamma_bot/share/hamma_bot/cmake/hamma_bot__rosidl_typesupport_introspection_cppExport.cmake
[0.572s] -- Up-to-date: /home/naor/Desktop/naor/study/Thesis/install/hamma_bot/share/hamma_bot/cmake/hamma_bot__rosidl_typesupport_introspection_cppExport-noconfig.cmake
[0.572s] -- Up-to-date: /home/naor/Desktop/naor/study/Thesis/install/hamma_bot/share/hamma_bot/cmake/hamma_bot__rosidl_typesupport_cppExport.cmake
[0.572s] -- Up-to-date: /home/naor/Desktop/naor/study/Thesis/install/hamma_bot/share/hamma_bot/cmake/hamma_bot__rosidl_typesupport_cppExport-noconfig.cmake
[0.572s] -- Up-to-date: /home/naor/Desktop/naor/study/Thesis/install/hamma_bot/share/hamma_bot/cmake/export_hamma_bot__rosidl_generator_pyExport.cmake
[0.572s] -- Up-to-date: /home/naor/Desktop/naor/study/Thesis/install/hamma_bot/share/hamma_bot/cmake/export_hamma_bot__rosidl_generator_pyExport-noconfig.cmake
[0.572s] -- Up-to-date: /home/naor/Desktop/naor/study/Thesis/install/hamma_bot/share/hamma_bot/cmake/rosidl_cmake-extras.cmake
[0.572s] -- Up-to-date: /home/naor/Desktop/naor/study/Thesis/install/hamma_bot/share/hamma_bot/cmake/ament_cmake_export_dependencies-extras.cmake
[0.572s] -- Up-to-date: /home/naor/Desktop/naor/study/Thesis/install/hamma_bot/share/hamma_bot/cmake/ament_cmake_export_include_directories-extras.cmake
[0.572s] -- Up-to-date: /home/naor/Desktop/naor/study/Thesis/install/hamma_bot/share/hamma_bot/cmake/ament_cmake_export_libraries-extras.cmake
[0.572s] -- Up-to-date: /home/naor/Desktop/naor/study/Thesis/install/hamma_bot/share/hamma_bot/cmake/ament_cmake_export_targets-extras.cmake
[0.572s] -- Up-to-date: /home/naor/Desktop/naor/study/Thesis/install/hamma_bot/share/hamma_bot/cmake/rosidl_cmake_export_typesupport_targets-extras.cmake
[0.572s] -- Up-to-date: /home/naor/Desktop/naor/study/Thesis/install/hamma_bot/share/hamma_bot/cmake/rosidl_cmake_export_typesupport_libraries-extras.cmake
[0.572s] -- Up-to-date: /home/naor/Desktop/naor/study/Thesis/install/hamma_bot/share/hamma_bot/cmake/hamma_botConfig.cmake
[0.572s] -- Up-to-date: /home/naor/Desktop/naor/study/Thesis/install/hamma_bot/share/hamma_bot/cmake/hamma_botConfig-version.cmake
[0.572s] -- Up-to-date: /home/naor/Desktop/naor/study/Thesis/install/hamma_bot/share/hamma_bot/package.xml
[0.573s] Invoked command in '/home/naor/Desktop/naor/study/Thesis/build/hamma_bot' returned '0': CMAKE_PREFIX_PATH=${CMAKE_PREFIX_PATH}:/home/naor/Desktop/naor/study/Thesis/install/camera_nav:/home/naor/Desktop/naor/study/Thesis/install/controller:/home/naor/Desktop/naor/work/capsule_repo/install/teensy_ers:/home/naor/Desktop/naor/work/capsule_repo/install/elers_bridge:/opt/ros/humble /usr/bin/cmake --install /home/naor/Desktop/naor/study/Thesis/build/hamma_bot
